INFO - 2024-01-24 05:31:29 --> Session: Class initialized using 'CodeIgniter\Session\Handlers\FileHandler' driver.
INFO - 2024-01-24 05:31:33 --> Session: Class initialized using 'CodeIgniter\Session\Handlers\FileHandler' driver.
INFO - 2024-01-24 05:32:03 --> Session: Class initialized using 'CodeIgniter\Session\Handlers\FileHandler' driver.
INFO - 2024-01-24 06:00:56 --> Session: Class initialized using 'CodeIgniter\Session\Handlers\FileHandler' driver.
INFO - 2024-01-24 06:01:15 --> Session: Class initialized using 'CodeIgniter\Session\Handlers\FileHandler' driver.
INFO - 2024-01-24 06:05:04 --> Session: Class initialized using 'CodeIgniter\Session\Handlers\FileHandler' driver.
INFO - 2024-01-24 06:07:46 --> Session: Class initialized using 'CodeIgniter\Session\Handlers\FileHandler' driver.
INFO - 2024-01-24 06:08:57 --> Session: Class initialized using 'CodeIgniter\Session\Handlers\FileHandler' driver.
INFO - 2024-01-24 06:10:13 --> Session: Class initialized using 'CodeIgniter\Session\Handlers\FileHandler' driver.
INFO - 2024-01-24 06:11:15 --> Session: Class initialized using 'CodeIgniter\Session\Handlers\FileHandler' driver.
ERROR - 2024-01-24 06:11:18 --> mysqli_sql_exception: Column 'appointmentType' cannot be null in C:\xampp\htdocs\login_ci4\system\Database\MySQLi\Connection.php:306
Stack trace:
#0 C:\xampp\htdocs\login_ci4\system\Database\MySQLi\Connection.php(306): mysqli->query('INSERT INTO `ap...', 0)
#1 C:\xampp\htdocs\login_ci4\system\Database\BaseConnection.php(693): CodeIgniter\Database\MySQLi\Connection->execute('INSERT INTO `ap...')
#2 C:\xampp\htdocs\login_ci4\system\Database\BaseConnection.php(607): CodeIgniter\Database\BaseConnection->simpleQuery('INSERT INTO `ap...')
#3 C:\xampp\htdocs\login_ci4\system\Database\BaseBuilder.php(2308): CodeIgniter\Database\BaseConnection->query('INSERT INTO `ap...', Array, false)
#4 C:\xampp\htdocs\login_ci4\system\Model.php(319): CodeIgniter\Database\BaseBuilder->insert()
#5 C:\xampp\htdocs\login_ci4\system\BaseModel.php(788): CodeIgniter\Model->doInsert(Array)
#6 C:\xampp\htdocs\login_ci4\system\Model.php(715): CodeIgniter\BaseModel->insert(Array, true)
#7 C:\xampp\htdocs\login_ci4\app\Models\AppointmentModel.php(15): CodeIgniter\Model->insert(Array)
#8 C:\xampp\htdocs\login_ci4\app\Controllers\AppointmentController.php(23): App\Models\AppointmentModel->saveAppointment(Array)
#9 C:\xampp\htdocs\login_ci4\system\CodeIgniter.php(942): App\Controllers\AppointmentController->saveAppointment()
#10 C:\xampp\htdocs\login_ci4\system\CodeIgniter.php(502): CodeIgniter\CodeIgniter->runController(Object(App\Controllers\AppointmentController))
#11 C:\xampp\htdocs\login_ci4\system\CodeIgniter.php(361): CodeIgniter\CodeIgniter->handleRequest(NULL, Object(Config\Cache), false)
#12 C:\xampp\htdocs\login_ci4\index.php(79): CodeIgniter\CodeIgniter->run()
#13 {main}
CRITICAL - 2024-01-24 06:11:19 --> Column 'appointmentType' cannot be null
in SYSTEMPATH\Database\BaseConnection.php on line 647.
 1 SYSTEMPATH\Database\BaseBuilder.php(2308): CodeIgniter\Database\BaseConnection->query('INSERT INTO `appointment` (`clientID`, `doctorID`, `appointmentDate`, `appointmentTime`, `appointmentType`, `appointmentFee`) VALUES (:clientID:, :doctorID:, :appointmentDate:, :appointmentTime:, :appointmentType:, :appointmentFee:)', [...], false)
 2 SYSTEMPATH\Model.php(319): CodeIgniter\Database\BaseBuilder->insert()
 3 SYSTEMPATH\BaseModel.php(788): CodeIgniter\Model->doInsert([...])
 4 SYSTEMPATH\Model.php(715): CodeIgniter\BaseModel->insert([...], true)
 5 APPPATH\Models\AppointmentModel.php(15): CodeIgniter\Model->insert([...])
 6 APPPATH\Controllers\AppointmentController.php(23): App\Models\AppointmentModel->saveAppointment([...])
 7 SYSTEMPATH\CodeIgniter.php(942): App\Controllers\AppointmentController->saveAppointment()
 8 SYSTEMPATH\CodeIgniter.php(502): CodeIgniter\CodeIgniter->runController(Object(App\Controllers\AppointmentController))
 9 SYSTEMPATH\CodeIgniter.php(361): CodeIgniter\CodeIgniter->handleRequest(null, Object(Config\Cache), false)
10 FCPATH\index.php(79): CodeIgniter\CodeIgniter->run()
ERROR - 2024-01-24 06:11:20 --> mysqli_sql_exception: Column 'appointmentType' cannot be null in C:\xampp\htdocs\login_ci4\system\Database\MySQLi\Connection.php:306
Stack trace:
#0 C:\xampp\htdocs\login_ci4\system\Database\MySQLi\Connection.php(306): mysqli->query('INSERT INTO `ap...', 0)
#1 C:\xampp\htdocs\login_ci4\system\Database\BaseConnection.php(693): CodeIgniter\Database\MySQLi\Connection->execute('INSERT INTO `ap...')
#2 C:\xampp\htdocs\login_ci4\system\Database\BaseConnection.php(607): CodeIgniter\Database\BaseConnection->simpleQuery('INSERT INTO `ap...')
#3 C:\xampp\htdocs\login_ci4\system\Database\BaseBuilder.php(2308): CodeIgniter\Database\BaseConnection->query('INSERT INTO `ap...', Array, false)
#4 C:\xampp\htdocs\login_ci4\system\Model.php(319): CodeIgniter\Database\BaseBuilder->insert()
#5 C:\xampp\htdocs\login_ci4\system\BaseModel.php(788): CodeIgniter\Model->doInsert(Array)
#6 C:\xampp\htdocs\login_ci4\system\Model.php(715): CodeIgniter\BaseModel->insert(Array, true)
#7 C:\xampp\htdocs\login_ci4\app\Models\AppointmentModel.php(15): CodeIgniter\Model->insert(Array)
#8 C:\xampp\htdocs\login_ci4\app\Controllers\AppointmentController.php(23): App\Models\AppointmentModel->saveAppointment(Array)
#9 C:\xampp\htdocs\login_ci4\system\CodeIgniter.php(942): App\Controllers\AppointmentController->saveAppointment()
#10 C:\xampp\htdocs\login_ci4\system\CodeIgniter.php(502): CodeIgniter\CodeIgniter->runController(Object(App\Controllers\AppointmentController))
#11 C:\xampp\htdocs\login_ci4\system\CodeIgniter.php(361): CodeIgniter\CodeIgniter->handleRequest(NULL, Object(Config\Cache), false)
#12 C:\xampp\htdocs\login_ci4\index.php(79): CodeIgniter\CodeIgniter->run()
#13 {main}
CRITICAL - 2024-01-24 06:11:20 --> Column 'appointmentType' cannot be null
in SYSTEMPATH\Database\BaseConnection.php on line 647.
 1 SYSTEMPATH\Database\BaseBuilder.php(2308): CodeIgniter\Database\BaseConnection->query('INSERT INTO `appointment` (`clientID`, `doctorID`, `appointmentDate`, `appointmentTime`, `appointmentType`, `appointmentFee`) VALUES (:clientID:, :doctorID:, :appointmentDate:, :appointmentTime:, :appointmentType:, :appointmentFee:)', [...], false)
 2 SYSTEMPATH\Model.php(319): CodeIgniter\Database\BaseBuilder->insert()
 3 SYSTEMPATH\BaseModel.php(788): CodeIgniter\Model->doInsert([...])
 4 SYSTEMPATH\Model.php(715): CodeIgniter\BaseModel->insert([...], true)
 5 APPPATH\Models\AppointmentModel.php(15): CodeIgniter\Model->insert([...])
 6 APPPATH\Controllers\AppointmentController.php(23): App\Models\AppointmentModel->saveAppointment([...])
 7 SYSTEMPATH\CodeIgniter.php(942): App\Controllers\AppointmentController->saveAppointment()
 8 SYSTEMPATH\CodeIgniter.php(502): CodeIgniter\CodeIgniter->runController(Object(App\Controllers\AppointmentController))
 9 SYSTEMPATH\CodeIgniter.php(361): CodeIgniter\CodeIgniter->handleRequest(null, Object(Config\Cache), false)
10 FCPATH\index.php(79): CodeIgniter\CodeIgniter->run()
INFO - 2024-01-24 06:11:32 --> Session: Class initialized using 'CodeIgniter\Session\Handlers\FileHandler' driver.
ERROR - 2024-01-24 06:11:39 --> mysqli_sql_exception: Column 'appointmentType' cannot be null in C:\xampp\htdocs\login_ci4\system\Database\MySQLi\Connection.php:306
Stack trace:
#0 C:\xampp\htdocs\login_ci4\system\Database\MySQLi\Connection.php(306): mysqli->query('INSERT INTO `ap...', 0)
#1 C:\xampp\htdocs\login_ci4\system\Database\BaseConnection.php(693): CodeIgniter\Database\MySQLi\Connection->execute('INSERT INTO `ap...')
#2 C:\xampp\htdocs\login_ci4\system\Database\BaseConnection.php(607): CodeIgniter\Database\BaseConnection->simpleQuery('INSERT INTO `ap...')
#3 C:\xampp\htdocs\login_ci4\system\Database\BaseBuilder.php(2308): CodeIgniter\Database\BaseConnection->query('INSERT INTO `ap...', Array, false)
#4 C:\xampp\htdocs\login_ci4\system\Model.php(319): CodeIgniter\Database\BaseBuilder->insert()
#5 C:\xampp\htdocs\login_ci4\system\BaseModel.php(788): CodeIgniter\Model->doInsert(Array)
#6 C:\xampp\htdocs\login_ci4\system\Model.php(715): CodeIgniter\BaseModel->insert(Array, true)
#7 C:\xampp\htdocs\login_ci4\app\Models\AppointmentModel.php(15): CodeIgniter\Model->insert(Array)
#8 C:\xampp\htdocs\login_ci4\app\Controllers\AppointmentController.php(23): App\Models\AppointmentModel->saveAppointment(Array)
#9 C:\xampp\htdocs\login_ci4\system\CodeIgniter.php(942): App\Controllers\AppointmentController->saveAppointment()
#10 C:\xampp\htdocs\login_ci4\system\CodeIgniter.php(502): CodeIgniter\CodeIgniter->runController(Object(App\Controllers\AppointmentController))
#11 C:\xampp\htdocs\login_ci4\system\CodeIgniter.php(361): CodeIgniter\CodeIgniter->handleRequest(NULL, Object(Config\Cache), false)
#12 C:\xampp\htdocs\login_ci4\index.php(79): CodeIgniter\CodeIgniter->run()
#13 {main}
CRITICAL - 2024-01-24 06:11:39 --> Column 'appointmentType' cannot be null
in SYSTEMPATH\Database\BaseConnection.php on line 647.
 1 SYSTEMPATH\Database\BaseBuilder.php(2308): CodeIgniter\Database\BaseConnection->query('INSERT INTO `appointment` (`clientID`, `doctorID`, `appointmentDate`, `appointmentTime`, `appointmentType`, `appointmentFee`) VALUES (:clientID:, :doctorID:, :appointmentDate:, :appointmentTime:, :appointmentType:, :appointmentFee:)', [...], false)
 2 SYSTEMPATH\Model.php(319): CodeIgniter\Database\BaseBuilder->insert()
 3 SYSTEMPATH\BaseModel.php(788): CodeIgniter\Model->doInsert([...])
 4 SYSTEMPATH\Model.php(715): CodeIgniter\BaseModel->insert([...], true)
 5 APPPATH\Models\AppointmentModel.php(15): CodeIgniter\Model->insert([...])
 6 APPPATH\Controllers\AppointmentController.php(23): App\Models\AppointmentModel->saveAppointment([...])
 7 SYSTEMPATH\CodeIgniter.php(942): App\Controllers\AppointmentController->saveAppointment()
 8 SYSTEMPATH\CodeIgniter.php(502): CodeIgniter\CodeIgniter->runController(Object(App\Controllers\AppointmentController))
 9 SYSTEMPATH\CodeIgniter.php(361): CodeIgniter\CodeIgniter->handleRequest(null, Object(Config\Cache), false)
10 FCPATH\index.php(79): CodeIgniter\CodeIgniter->run()
INFO - 2024-01-24 06:11:43 --> Session: Class initialized using 'CodeIgniter\Session\Handlers\FileHandler' driver.
INFO - 2024-01-24 06:13:10 --> Session: Class initialized using 'CodeIgniter\Session\Handlers\FileHandler' driver.
INFO - 2024-01-24 06:16:49 --> Session: Class initialized using 'CodeIgniter\Session\Handlers\FileHandler' driver.
INFO - 2024-01-24 06:20:46 --> Session: Class initialized using 'CodeIgniter\Session\Handlers\FileHandler' driver.
INFO - 2024-01-24 06:23:49 --> Session: Class initialized using 'CodeIgniter\Session\Handlers\FileHandler' driver.
INFO - 2024-01-24 06:26:30 --> Session: Class initialized using 'CodeIgniter\Session\Handlers\FileHandler' driver.
INFO - 2024-01-24 06:28:07 --> Session: Class initialized using 'CodeIgniter\Session\Handlers\FileHandler' driver.
INFO - 2024-01-24 06:29:03 --> Session: Class initialized using 'CodeIgniter\Session\Handlers\FileHandler' driver.
INFO - 2024-01-24 06:29:08 --> Session: Class initialized using 'CodeIgniter\Session\Handlers\FileHandler' driver.
INFO - 2024-01-24 06:29:15 --> Session: Class initialized using 'CodeIgniter\Session\Handlers\FileHandler' driver.
INFO - 2024-01-24 06:30:01 --> Session: Class initialized using 'CodeIgniter\Session\Handlers\FileHandler' driver.
INFO - 2024-01-24 06:30:06 --> Session: Class initialized using 'CodeIgniter\Session\Handlers\FileHandler' driver.
INFO - 2024-01-24 06:30:11 --> Session: Class initialized using 'CodeIgniter\Session\Handlers\FileHandler' driver.
INFO - 2024-01-24 06:31:27 --> Session: Class initialized using 'CodeIgniter\Session\Handlers\FileHandler' driver.
INFO - 2024-01-24 06:34:07 --> Session: Class initialized using 'CodeIgniter\Session\Handlers\FileHandler' driver.
INFO - 2024-01-24 06:34:38 --> Session: Class initialized using 'CodeIgniter\Session\Handlers\FileHandler' driver.
CRITICAL - 2024-01-24 06:45:06 --> Class "App\Controllers\ClientModel" not found
in APPPATH\Controllers\DoctorController.php on line 77.
 1 SYSTEMPATH\CodeIgniter.php(942): App\Controllers\DoctorController->appointments_form()
 2 SYSTEMPATH\CodeIgniter.php(502): CodeIgniter\CodeIgniter->runController(Object(App\Controllers\DoctorController))
 3 SYSTEMPATH\CodeIgniter.php(361): CodeIgniter\CodeIgniter->handleRequest(null, Object(Config\Cache), false)
 4 FCPATH\index.php(79): CodeIgniter\CodeIgniter->run()
INFO - 2024-01-24 06:45:59 --> Session: Class initialized using 'CodeIgniter\Session\Handlers\FileHandler' driver.
INFO - 2024-01-24 06:49:22 --> Session: Class initialized using 'CodeIgniter\Session\Handlers\FileHandler' driver.
INFO - 2024-01-24 06:51:42 --> Session: Class initialized using 'CodeIgniter\Session\Handlers\FileHandler' driver.
INFO - 2024-01-24 06:54:43 --> Session: Class initialized using 'CodeIgniter\Session\Handlers\FileHandler' driver.
INFO - 2024-01-24 06:55:55 --> Session: Class initialized using 'CodeIgniter\Session\Handlers\FileHandler' driver.
INFO - 2024-01-24 07:00:42 --> Session: Class initialized using 'CodeIgniter\Session\Handlers\FileHandler' driver.
INFO - 2024-01-24 07:01:42 --> Session: Class initialized using 'CodeIgniter\Session\Handlers\FileHandler' driver.
INFO - 2024-01-24 07:02:04 --> Session: Class initialized using 'CodeIgniter\Session\Handlers\FileHandler' driver.
INFO - 2024-01-24 07:10:21 --> Session: Class initialized using 'CodeIgniter\Session\Handlers\FileHandler' driver.
INFO - 2024-01-24 07:18:43 --> Session: Class initialized using 'CodeIgniter\Session\Handlers\FileHandler' driver.
INFO - 2024-01-24 07:20:58 --> Session: Class initialized using 'CodeIgniter\Session\Handlers\FileHandler' driver.
INFO - 2024-01-24 07:23:00 --> Session: Class initialized using 'CodeIgniter\Session\Handlers\FileHandler' driver.
INFO - 2024-01-24 07:34:01 --> Session: Class initialized using 'CodeIgniter\Session\Handlers\FileHandler' driver.
INFO - 2024-01-24 07:37:53 --> Session: Class initialized using 'CodeIgniter\Session\Handlers\FileHandler' driver.
ERROR - 2024-01-24 07:38:27 --> mysqli_sql_exception: Column 'appointmentType' cannot be null in C:\xampp\htdocs\login_ci4\system\Database\MySQLi\Connection.php:306
Stack trace:
#0 C:\xampp\htdocs\login_ci4\system\Database\MySQLi\Connection.php(306): mysqli->query('INSERT INTO `ap...', 0)
#1 C:\xampp\htdocs\login_ci4\system\Database\BaseConnection.php(693): CodeIgniter\Database\MySQLi\Connection->execute('INSERT INTO `ap...')
#2 C:\xampp\htdocs\login_ci4\system\Database\BaseConnection.php(607): CodeIgniter\Database\BaseConnection->simpleQuery('INSERT INTO `ap...')
#3 C:\xampp\htdocs\login_ci4\system\Database\BaseBuilder.php(2308): CodeIgniter\Database\BaseConnection->query('INSERT INTO `ap...', Array, false)
#4 C:\xampp\htdocs\login_ci4\system\Model.php(319): CodeIgniter\Database\BaseBuilder->insert()
#5 C:\xampp\htdocs\login_ci4\system\BaseModel.php(788): CodeIgniter\Model->doInsert(Array)
#6 C:\xampp\htdocs\login_ci4\system\Model.php(715): CodeIgniter\BaseModel->insert(Array, true)
#7 C:\xampp\htdocs\login_ci4\app\Models\AppointmentModel.php(15): CodeIgniter\Model->insert(Array)
#8 C:\xampp\htdocs\login_ci4\app\Controllers\AppointmentController.php(32): App\Models\AppointmentModel->saveAppointment(Array)
#9 C:\xampp\htdocs\login_ci4\system\CodeIgniter.php(942): App\Controllers\AppointmentController->saveAppointment()
#10 C:\xampp\htdocs\login_ci4\system\CodeIgniter.php(502): CodeIgniter\CodeIgniter->runController(Object(App\Controllers\AppointmentController))
#11 C:\xampp\htdocs\login_ci4\system\CodeIgniter.php(361): CodeIgniter\CodeIgniter->handleRequest(NULL, Object(Config\Cache), false)
#12 C:\xampp\htdocs\login_ci4\index.php(79): CodeIgniter\CodeIgniter->run()
#13 {main}
CRITICAL - 2024-01-24 07:38:27 --> Column 'appointmentType' cannot be null
in SYSTEMPATH\Database\BaseConnection.php on line 647.
 1 SYSTEMPATH\Database\BaseBuilder.php(2308): CodeIgniter\Database\BaseConnection->query('INSERT INTO `appointment` (`clientID`, `doctorID`, `appointmentDate`, `appointmentTime`, `appointmentType`, `appointmentFee`) VALUES (:clientID:, :doctorID:, :appointmentDate:, :appointmentTime:, :appointmentType:, :appointmentFee:)', [...], false)
 2 SYSTEMPATH\Model.php(319): CodeIgniter\Database\BaseBuilder->insert()
 3 SYSTEMPATH\BaseModel.php(788): CodeIgniter\Model->doInsert([...])
 4 SYSTEMPATH\Model.php(715): CodeIgniter\BaseModel->insert([...], true)
 5 APPPATH\Models\AppointmentModel.php(15): CodeIgniter\Model->insert([...])
 6 APPPATH\Controllers\AppointmentController.php(32): App\Models\AppointmentModel->saveAppointment([...])
 7 SYSTEMPATH\CodeIgniter.php(942): App\Controllers\AppointmentController->saveAppointment()
 8 SYSTEMPATH\CodeIgniter.php(502): CodeIgniter\CodeIgniter->runController(Object(App\Controllers\AppointmentController))
 9 SYSTEMPATH\CodeIgniter.php(361): CodeIgniter\CodeIgniter->handleRequest(null, Object(Config\Cache), false)
10 FCPATH\index.php(79): CodeIgniter\CodeIgniter->run()
INFO - 2024-01-24 07:39:41 --> Session: Class initialized using 'CodeIgniter\Session\Handlers\FileHandler' driver.
ERROR - 2024-01-24 07:41:31 --> mysqli_sql_exception: Column 'appointmentType' cannot be null in C:\xampp\htdocs\login_ci4\system\Database\MySQLi\Connection.php:306
Stack trace:
#0 C:\xampp\htdocs\login_ci4\system\Database\MySQLi\Connection.php(306): mysqli->query('INSERT INTO `ap...', 0)
#1 C:\xampp\htdocs\login_ci4\system\Database\BaseConnection.php(693): CodeIgniter\Database\MySQLi\Connection->execute('INSERT INTO `ap...')
#2 C:\xampp\htdocs\login_ci4\system\Database\BaseConnection.php(607): CodeIgniter\Database\BaseConnection->simpleQuery('INSERT INTO `ap...')
#3 C:\xampp\htdocs\login_ci4\system\Database\BaseBuilder.php(2308): CodeIgniter\Database\BaseConnection->query('INSERT INTO `ap...', Array, false)
#4 C:\xampp\htdocs\login_ci4\system\Model.php(319): CodeIgniter\Database\BaseBuilder->insert()
#5 C:\xampp\htdocs\login_ci4\system\BaseModel.php(788): CodeIgniter\Model->doInsert(Array)
#6 C:\xampp\htdocs\login_ci4\system\Model.php(715): CodeIgniter\BaseModel->insert(Array, true)
#7 C:\xampp\htdocs\login_ci4\app\Models\AppointmentModel.php(15): CodeIgniter\Model->insert(Array)
#8 C:\xampp\htdocs\login_ci4\app\Controllers\AppointmentController.php(32): App\Models\AppointmentModel->saveAppointment(Array)
#9 C:\xampp\htdocs\login_ci4\system\CodeIgniter.php(942): App\Controllers\AppointmentController->saveAppointment()
#10 C:\xampp\htdocs\login_ci4\system\CodeIgniter.php(502): CodeIgniter\CodeIgniter->runController(Object(App\Controllers\AppointmentController))
#11 C:\xampp\htdocs\login_ci4\system\CodeIgniter.php(361): CodeIgniter\CodeIgniter->handleRequest(NULL, Object(Config\Cache), false)
#12 C:\xampp\htdocs\login_ci4\index.php(79): CodeIgniter\CodeIgniter->run()
#13 {main}
CRITICAL - 2024-01-24 07:41:31 --> Column 'appointmentType' cannot be null
in SYSTEMPATH\Database\BaseConnection.php on line 647.
 1 SYSTEMPATH\Database\BaseBuilder.php(2308): CodeIgniter\Database\BaseConnection->query('INSERT INTO `appointment` (`clientID`, `doctorID`, `appointmentDate`, `appointmentTime`, `appointmentType`, `appointmentFee`) VALUES (:clientID:, :doctorID:, :appointmentDate:, :appointmentTime:, :appointmentType:, :appointmentFee:)', [...], false)
 2 SYSTEMPATH\Model.php(319): CodeIgniter\Database\BaseBuilder->insert()
 3 SYSTEMPATH\BaseModel.php(788): CodeIgniter\Model->doInsert([...])
 4 SYSTEMPATH\Model.php(715): CodeIgniter\BaseModel->insert([...], true)
 5 APPPATH\Models\AppointmentModel.php(15): CodeIgniter\Model->insert([...])
 6 APPPATH\Controllers\AppointmentController.php(32): App\Models\AppointmentModel->saveAppointment([...])
 7 SYSTEMPATH\CodeIgniter.php(942): App\Controllers\AppointmentController->saveAppointment()
 8 SYSTEMPATH\CodeIgniter.php(502): CodeIgniter\CodeIgniter->runController(Object(App\Controllers\AppointmentController))
 9 SYSTEMPATH\CodeIgniter.php(361): CodeIgniter\CodeIgniter->handleRequest(null, Object(Config\Cache), false)
10 FCPATH\index.php(79): CodeIgniter\CodeIgniter->run()
INFO - 2024-01-24 07:41:45 --> Session: Class initialized using 'CodeIgniter\Session\Handlers\FileHandler' driver.
INFO - 2024-01-24 07:41:49 --> Session: Class initialized using 'CodeIgniter\Session\Handlers\FileHandler' driver.
INFO - 2024-01-24 07:41:54 --> Session: Class initialized using 'CodeIgniter\Session\Handlers\FileHandler' driver.
INFO - 2024-01-24 07:43:12 --> Session: Class initialized using 'CodeIgniter\Session\Handlers\FileHandler' driver.
INFO - 2024-01-24 07:43:52 --> Session: Class initialized using 'CodeIgniter\Session\Handlers\FileHandler' driver.
INFO - 2024-01-24 07:45:56 --> Session: Class initialized using 'CodeIgniter\Session\Handlers\FileHandler' driver.
INFO - 2024-01-24 07:46:09 --> Session: Class initialized using 'CodeIgniter\Session\Handlers\FileHandler' driver.
INFO - 2024-01-24 07:48:21 --> Session: Class initialized using 'CodeIgniter\Session\Handlers\FileHandler' driver.
INFO - 2024-01-24 07:53:25 --> Session: Class initialized using 'CodeIgniter\Session\Handlers\FileHandler' driver.
INFO - 2024-01-24 08:00:51 --> Session: Class initialized using 'CodeIgniter\Session\Handlers\FileHandler' driver.
INFO - 2024-01-24 08:02:23 --> Session: Class initialized using 'CodeIgniter\Session\Handlers\FileHandler' driver.
CRITICAL - 2024-01-24 08:02:23 --> Undefined variable $doctorDetails
in APPPATH\Views\appointments_table.php on line 241.
 1 APPPATH\Views\appointments_table.php(241): CodeIgniter\Debug\Exceptions->errorHandler(2, 'Undefined variable $doctorDetails', 'C:\\xampp\\htdocs\\login_ci4\\app\\Views\\appointments_table.php', 241)
 2 SYSTEMPATH\View\View.php(228): include('C:\\xampp\\htdocs\\login_ci4\\app\\Views\\appointments_table.php')
 3 SYSTEMPATH\View\View.php(231): CodeIgniter\View\View->CodeIgniter\View\{closure}()
 4 SYSTEMPATH\Common.php(1190): CodeIgniter\View\View->render('appointments_table.php', [], true)
 5 APPPATH\Controllers\AppointmentController.php(17): view('appointments_table.php', [...])
 6 SYSTEMPATH\CodeIgniter.php(942): App\Controllers\AppointmentController->appointments_table()
 7 SYSTEMPATH\CodeIgniter.php(502): CodeIgniter\CodeIgniter->runController(Object(App\Controllers\AppointmentController))
 8 SYSTEMPATH\CodeIgniter.php(361): CodeIgniter\CodeIgniter->handleRequest(null, Object(Config\Cache), false)
 9 FCPATH\index.php(79): CodeIgniter\CodeIgniter->run()
INFO - 2024-01-24 08:08:30 --> Session: Class initialized using 'CodeIgniter\Session\Handlers\FileHandler' driver.
INFO - 2024-01-24 08:08:36 --> Session: Class initialized using 'CodeIgniter\Session\Handlers\FileHandler' driver.
CRITICAL - 2024-01-24 08:08:36 --> Undefined array key "clientID"
in APPPATH\Views\appointments_table.php on line 244.
 1 APPPATH\Views\appointments_table.php(244): CodeIgniter\Debug\Exceptions->errorHandler(2, 'Undefined array key "clientID"', 'C:\\xampp\\htdocs\\login_ci4\\app\\Views\\appointments_table.php', 244)
 2 SYSTEMPATH\View\View.php(228): include('C:\\xampp\\htdocs\\login_ci4\\app\\Views\\appointments_table.php')
 3 SYSTEMPATH\View\View.php(231): CodeIgniter\View\View->CodeIgniter\View\{closure}()
 4 SYSTEMPATH\Common.php(1190): CodeIgniter\View\View->render('appointments_table.php', [], true)
 5 APPPATH\Controllers\AppointmentController.php(17): view('appointments_table.php', [...])
 6 SYSTEMPATH\CodeIgniter.php(942): App\Controllers\AppointmentController->appointments_table()
 7 SYSTEMPATH\CodeIgniter.php(502): CodeIgniter\CodeIgniter->runController(Object(App\Controllers\AppointmentController))
 8 SYSTEMPATH\CodeIgniter.php(361): CodeIgniter\CodeIgniter->handleRequest(null, Object(Config\Cache), false)
 9 FCPATH\index.php(79): CodeIgniter\CodeIgniter->run()
INFO - 2024-01-24 08:08:41 --> Session: Class initialized using 'CodeIgniter\Session\Handlers\FileHandler' driver.
INFO - 2024-01-24 08:08:46 --> Session: Class initialized using 'CodeIgniter\Session\Handlers\FileHandler' driver.
INFO - 2024-01-24 08:09:33 --> Session: Class initialized using 'CodeIgniter\Session\Handlers\FileHandler' driver.
INFO - 2024-01-24 08:09:43 --> Session: Class initialized using 'CodeIgniter\Session\Handlers\FileHandler' driver.
INFO - 2024-01-24 08:17:53 --> Session: Class initialized using 'CodeIgniter\Session\Handlers\FileHandler' driver.
INFO - 2024-01-24 09:23:28 --> Session: Class initialized using 'CodeIgniter\Session\Handlers\FileHandler' driver.
CRITICAL - 2024-01-24 09:23:28 --> Undefined array key "clientID"
in APPPATH\Views\appointments_table.php on line 244.
 1 APPPATH\Views\appointments_table.php(244): CodeIgniter\Debug\Exceptions->errorHandler(2, 'Undefined array key "clientID"', 'C:\\xampp\\htdocs\\login_ci4\\app\\Views\\appointments_table.php', 244)
 2 SYSTEMPATH\View\View.php(228): include('C:\\xampp\\htdocs\\login_ci4\\app\\Views\\appointments_table.php')
 3 SYSTEMPATH\View\View.php(231): CodeIgniter\View\View->CodeIgniter\View\{closure}()
 4 SYSTEMPATH\Common.php(1190): CodeIgniter\View\View->render('appointments_table.php', [], true)
 5 APPPATH\Controllers\AppointmentController.php(17): view('appointments_table.php', [...])
 6 SYSTEMPATH\CodeIgniter.php(942): App\Controllers\AppointmentController->appointments_table()
 7 SYSTEMPATH\CodeIgniter.php(502): CodeIgniter\CodeIgniter->runController(Object(App\Controllers\AppointmentController))
 8 SYSTEMPATH\CodeIgniter.php(361): CodeIgniter\CodeIgniter->handleRequest(null, Object(Config\Cache), false)
 9 FCPATH\index.php(79): CodeIgniter\CodeIgniter->run()
INFO - 2024-01-24 09:24:10 --> Session: Class initialized using 'CodeIgniter\Session\Handlers\FileHandler' driver.
CRITICAL - 2024-01-24 09:24:10 --> Undefined array key "clientID"
in APPPATH\Views\appointments_table.php on line 244.
 1 APPPATH\Views\appointments_table.php(244): CodeIgniter\Debug\Exceptions->errorHandler(2, 'Undefined array key "clientID"', 'C:\\xampp\\htdocs\\login_ci4\\app\\Views\\appointments_table.php', 244)
 2 SYSTEMPATH\View\View.php(228): include('C:\\xampp\\htdocs\\login_ci4\\app\\Views\\appointments_table.php')
 3 SYSTEMPATH\View\View.php(231): CodeIgniter\View\View->CodeIgniter\View\{closure}()
 4 SYSTEMPATH\Common.php(1190): CodeIgniter\View\View->render('appointments_table.php', [], true)
 5 APPPATH\Controllers\AppointmentController.php(17): view('appointments_table.php', [...])
 6 SYSTEMPATH\CodeIgniter.php(942): App\Controllers\AppointmentController->appointments_table()
 7 SYSTEMPATH\CodeIgniter.php(502): CodeIgniter\CodeIgniter->runController(Object(App\Controllers\AppointmentController))
 8 SYSTEMPATH\CodeIgniter.php(361): CodeIgniter\CodeIgniter->handleRequest(null, Object(Config\Cache), false)
 9 FCPATH\index.php(79): CodeIgniter\CodeIgniter->run()
INFO - 2024-01-24 09:25:10 --> Session: Class initialized using 'CodeIgniter\Session\Handlers\FileHandler' driver.
CRITICAL - 2024-01-24 09:25:10 --> Undefined array key "clientID"
in APPPATH\Views\appointments_table.php on line 244.
 1 APPPATH\Views\appointments_table.php(244): CodeIgniter\Debug\Exceptions->errorHandler(2, 'Undefined array key "clientID"', 'C:\\xampp\\htdocs\\login_ci4\\app\\Views\\appointments_table.php', 244)
 2 SYSTEMPATH\View\View.php(228): include('C:\\xampp\\htdocs\\login_ci4\\app\\Views\\appointments_table.php')
 3 SYSTEMPATH\View\View.php(231): CodeIgniter\View\View->CodeIgniter\View\{closure}()
 4 SYSTEMPATH\Common.php(1190): CodeIgniter\View\View->render('appointments_table.php', [], true)
 5 APPPATH\Controllers\AppointmentController.php(17): view('appointments_table.php', [...])
 6 SYSTEMPATH\CodeIgniter.php(942): App\Controllers\AppointmentController->appointments_table()
 7 SYSTEMPATH\CodeIgniter.php(502): CodeIgniter\CodeIgniter->runController(Object(App\Controllers\AppointmentController))
 8 SYSTEMPATH\CodeIgniter.php(361): CodeIgniter\CodeIgniter->handleRequest(null, Object(Config\Cache), false)
 9 FCPATH\index.php(79): CodeIgniter\CodeIgniter->run()
INFO - 2024-01-24 09:25:22 --> Session: Class initialized using 'CodeIgniter\Session\Handlers\FileHandler' driver.
CRITICAL - 2024-01-24 09:25:22 --> Undefined array key "doctorID"
in APPPATH\Views\appointments_table.php on line 245.
 1 APPPATH\Views\appointments_table.php(245): CodeIgniter\Debug\Exceptions->errorHandler(2, 'Undefined array key "doctorID"', 'C:\\xampp\\htdocs\\login_ci4\\app\\Views\\appointments_table.php', 245)
 2 SYSTEMPATH\View\View.php(228): include('C:\\xampp\\htdocs\\login_ci4\\app\\Views\\appointments_table.php')
 3 SYSTEMPATH\View\View.php(231): CodeIgniter\View\View->CodeIgniter\View\{closure}()
 4 SYSTEMPATH\Common.php(1190): CodeIgniter\View\View->render('appointments_table.php', [], true)
 5 APPPATH\Controllers\AppointmentController.php(17): view('appointments_table.php', [...])
 6 SYSTEMPATH\CodeIgniter.php(942): App\Controllers\AppointmentController->appointments_table()
 7 SYSTEMPATH\CodeIgniter.php(502): CodeIgniter\CodeIgniter->runController(Object(App\Controllers\AppointmentController))
 8 SYSTEMPATH\CodeIgniter.php(361): CodeIgniter\CodeIgniter->handleRequest(null, Object(Config\Cache), false)
 9 FCPATH\index.php(79): CodeIgniter\CodeIgniter->run()
INFO - 2024-01-24 09:31:32 --> Session: Class initialized using 'CodeIgniter\Session\Handlers\FileHandler' driver.
ERROR - 2024-01-24 09:37:08 --> mysqli_sql_exception: Table 'dashboard.appointment_type' doesn't exist in C:\xampp\htdocs\login_ci4\system\Database\MySQLi\Connection.php:306
Stack trace:
#0 C:\xampp\htdocs\login_ci4\system\Database\MySQLi\Connection.php(306): mysqli->query('SELECT `appoint...', 0)
#1 C:\xampp\htdocs\login_ci4\system\Database\BaseConnection.php(693): CodeIgniter\Database\MySQLi\Connection->execute('SELECT `appoint...')
#2 C:\xampp\htdocs\login_ci4\system\Database\BaseConnection.php(607): CodeIgniter\Database\BaseConnection->simpleQuery('SELECT `appoint...')
#3 C:\xampp\htdocs\login_ci4\system\Database\BaseBuilder.php(1615): CodeIgniter\Database\BaseConnection->query('SELECT `appoint...', Array, false)
#4 C:\xampp\htdocs\login_ci4\app\Models\AppointmentModel.php(25): CodeIgniter\Database\BaseBuilder->get()
#5 C:\xampp\htdocs\login_ci4\app\Controllers\AppointmentController.php(16): App\Models\AppointmentModel->getAppointments()
#6 C:\xampp\htdocs\login_ci4\system\CodeIgniter.php(942): App\Controllers\AppointmentController->appointments_table()
#7 C:\xampp\htdocs\login_ci4\system\CodeIgniter.php(502): CodeIgniter\CodeIgniter->runController(Object(App\Controllers\AppointmentController))
#8 C:\xampp\htdocs\login_ci4\system\CodeIgniter.php(361): CodeIgniter\CodeIgniter->handleRequest(NULL, Object(Config\Cache), false)
#9 C:\xampp\htdocs\login_ci4\index.php(79): CodeIgniter\CodeIgniter->run()
#10 {main}
CRITICAL - 2024-01-24 09:37:08 --> Table 'dashboard.appointment_type' doesn't exist
in SYSTEMPATH\Database\BaseConnection.php on line 647.
 1 SYSTEMPATH\Database\BaseBuilder.php(1615): CodeIgniter\Database\BaseConnection->query('SELECT `appointment`.*, `client`.`client` as `clientName`, `doctorprofile`.`FirstName` as `doctorFirstName`, `doctorprofile`.`LastName` as `doctorLastName`, `appointment_type`.`name` as `appointmentTypeName`
FROM `appointment`
JOIN `client` ON `client`.`idClient` = `appointment`.`clientID`
JOIN `doctorprofile` ON `doctorprofile`.`DoctorID` = `appointment`.`doctorID`
JOIN `appointment_type` ON `appointment_type`.`id` = `appointment`.`appointmentType`', [], false)
 2 APPPATH\Models\AppointmentModel.php(25): CodeIgniter\Database\BaseBuilder->get()
 3 APPPATH\Controllers\AppointmentController.php(16): App\Models\AppointmentModel->getAppointments()
 4 SYSTEMPATH\CodeIgniter.php(942): App\Controllers\AppointmentController->appointments_table()
 5 SYSTEMPATH\CodeIgniter.php(502): CodeIgniter\CodeIgniter->runController(Object(App\Controllers\AppointmentController))
 6 SYSTEMPATH\CodeIgniter.php(361): CodeIgniter\CodeIgniter->handleRequest(null, Object(Config\Cache), false)
 7 FCPATH\index.php(79): CodeIgniter\CodeIgniter->run()
INFO - 2024-01-24 09:41:17 --> Session: Class initialized using 'CodeIgniter\Session\Handlers\FileHandler' driver.
INFO - 2024-01-24 09:41:23 --> Session: Class initialized using 'CodeIgniter\Session\Handlers\FileHandler' driver.
INFO - 2024-01-24 09:42:26 --> Session: Class initialized using 'CodeIgniter\Session\Handlers\FileHandler' driver.
INFO - 2024-01-24 09:47:40 --> Session: Class initialized using 'CodeIgniter\Session\Handlers\FileHandler' driver.
INFO - 2024-01-24 09:48:57 --> Session: Class initialized using 'CodeIgniter\Session\Handlers\FileHandler' driver.
INFO - 2024-01-24 09:51:23 --> Session: Class initialized using 'CodeIgniter\Session\Handlers\FileHandler' driver.
INFO - 2024-01-24 09:52:28 --> Session: Class initialized using 'CodeIgniter\Session\Handlers\FileHandler' driver.
INFO - 2024-01-24 09:55:10 --> Session: Class initialized using 'CodeIgniter\Session\Handlers\FileHandler' driver.
INFO - 2024-01-24 09:55:16 --> Session: Class initialized using 'CodeIgniter\Session\Handlers\FileHandler' driver.
INFO - 2024-01-24 10:10:20 --> Session: Class initialized using 'CodeIgniter\Session\Handlers\FileHandler' driver.
INFO - 2024-01-24 10:10:44 --> Session: Class initialized using 'CodeIgniter\Session\Handlers\FileHandler' driver.
INFO - 2024-01-24 10:10:54 --> Session: Class initialized using 'CodeIgniter\Session\Handlers\FileHandler' driver.
INFO - 2024-01-24 10:11:07 --> Session: Class initialized using 'CodeIgniter\Session\Handlers\FileHandler' driver.
INFO - 2024-01-24 10:11:08 --> Session: Class initialized using 'CodeIgniter\Session\Handlers\FileHandler' driver.
INFO - 2024-01-24 10:11:19 --> Session: Class initialized using 'CodeIgniter\Session\Handlers\FileHandler' driver.
INFO - 2024-01-24 10:11:46 --> Session: Class initialized using 'CodeIgniter\Session\Handlers\FileHandler' driver.
CRITICAL - 2024-01-24 10:11:46 --> Undefined variable $businessModel
in APPPATH\Controllers\AppointmentController.php on line 44.
 1 APPPATH\Controllers\AppointmentController.php(44): CodeIgniter\Debug\Exceptions->errorHandler(2, 'Undefined variable $businessModel', 'C:\\xampp\\htdocs\\login_ci4\\app\\Controllers\\AppointmentController.php', 44)
 2 SYSTEMPATH\CodeIgniter.php(942): App\Controllers\AppointmentController->saveAppointment()
 3 SYSTEMPATH\CodeIgniter.php(502): CodeIgniter\CodeIgniter->runController(Object(App\Controllers\AppointmentController))
 4 SYSTEMPATH\CodeIgniter.php(361): CodeIgniter\CodeIgniter->handleRequest(null, Object(Config\Cache), false)
 5 FCPATH\index.php(79): CodeIgniter\CodeIgniter->run()
INFO - 2024-01-24 10:12:48 --> Session: Class initialized using 'CodeIgniter\Session\Handlers\FileHandler' driver.
CRITICAL - 2024-01-24 10:12:54 --> Class "CodeIgniter\LoginModel" not found
in APPPATH\Controllers\AppointmentController.php on line 34.
 1 SYSTEMPATH\CodeIgniter.php(942): App\Controllers\AppointmentController->saveAppointment()
 2 SYSTEMPATH\CodeIgniter.php(502): CodeIgniter\CodeIgniter->runController(Object(App\Controllers\AppointmentController))
 3 SYSTEMPATH\CodeIgniter.php(361): CodeIgniter\CodeIgniter->handleRequest(null, Object(Config\Cache), false)
 4 FCPATH\index.php(79): CodeIgniter\CodeIgniter->run()
INFO - 2024-01-24 10:13:37 --> Session: Class initialized using 'CodeIgniter\Session\Handlers\FileHandler' driver.
CRITICAL - 2024-01-24 10:13:43 --> Class "CodeIgniter\LoginModel" not found
in APPPATH\Controllers\AppointmentController.php on line 34.
 1 SYSTEMPATH\CodeIgniter.php(942): App\Controllers\AppointmentController->saveAppointment()
 2 SYSTEMPATH\CodeIgniter.php(502): CodeIgniter\CodeIgniter->runController(Object(App\Controllers\AppointmentController))
 3 SYSTEMPATH\CodeIgniter.php(361): CodeIgniter\CodeIgniter->handleRequest(null, Object(Config\Cache), false)
 4 FCPATH\index.php(79): CodeIgniter\CodeIgniter->run()
INFO - 2024-01-24 10:15:08 --> Session: Class initialized using 'CodeIgniter\Session\Handlers\FileHandler' driver.
CRITICAL - 2024-01-24 10:15:12 --> Too few arguments to function App\Models\LoginModel::__construct(), 0 passed in C:\xampp\htdocs\login_ci4\app\Controllers\AppointmentController.php on line 36 and exactly 1 expected
in APPPATH\Models\LoginModel.php on line 12.
 1 APPPATH\Controllers\AppointmentController.php(36): App\Models\LoginModel->__construct()
 2 SYSTEMPATH\CodeIgniter.php(942): App\Controllers\AppointmentController->saveAppointment()
 3 SYSTEMPATH\CodeIgniter.php(502): CodeIgniter\CodeIgniter->runController(Object(App\Controllers\AppointmentController))
 4 SYSTEMPATH\CodeIgniter.php(361): CodeIgniter\CodeIgniter->handleRequest(null, Object(Config\Cache), false)
 5 FCPATH\index.php(79): CodeIgniter\CodeIgniter->run()
INFO - 2024-01-24 10:17:33 --> Session: Class initialized using 'CodeIgniter\Session\Handlers\FileHandler' driver.
INFO - 2024-01-24 10:17:38 --> Session: Class initialized using 'CodeIgniter\Session\Handlers\FileHandler' driver.
ERROR - 2024-01-24 10:17:38 --> mysqli_sql_exception: Unknown column 'businessID' in 'where clause' in C:\xampp\htdocs\login_ci4\system\Database\MySQLi\Connection.php:306
Stack trace:
#0 C:\xampp\htdocs\login_ci4\system\Database\MySQLi\Connection.php(306): mysqli->query('SELECT `charges...', 0)
#1 C:\xampp\htdocs\login_ci4\system\Database\BaseConnection.php(693): CodeIgniter\Database\MySQLi\Connection->execute('SELECT `charges...')
#2 C:\xampp\htdocs\login_ci4\system\Database\BaseConnection.php(607): CodeIgniter\Database\BaseConnection->simpleQuery('SELECT `charges...')
#3 C:\xampp\htdocs\login_ci4\system\Database\BaseBuilder.php(1615): CodeIgniter\Database\BaseConnection->query('SELECT `charges...', Array, false)
#4 C:\xampp\htdocs\login_ci4\app\Models\LoginModel.php(138): CodeIgniter\Database\BaseBuilder->get()
#5 C:\xampp\htdocs\login_ci4\app\Controllers\AppointmentController.php(47): App\Models\LoginModel->getBusinessCharges('36')
#6 C:\xampp\htdocs\login_ci4\system\CodeIgniter.php(942): App\Controllers\AppointmentController->saveAppointment()
#7 C:\xampp\htdocs\login_ci4\system\CodeIgniter.php(502): CodeIgniter\CodeIgniter->runController(Object(App\Controllers\AppointmentController))
#8 C:\xampp\htdocs\login_ci4\system\CodeIgniter.php(361): CodeIgniter\CodeIgniter->handleRequest(NULL, Object(Config\Cache), false)
#9 C:\xampp\htdocs\login_ci4\index.php(79): CodeIgniter\CodeIgniter->run()
#10 {main}
CRITICAL - 2024-01-24 10:17:38 --> Unknown column 'businessID' in 'where clause'
in SYSTEMPATH\Database\BaseConnection.php on line 647.
 1 SYSTEMPATH\Database\BaseBuilder.php(1615): CodeIgniter\Database\BaseConnection->query('SELECT `charges`
FROM `business`
WHERE `businessID` = :businessID:', [...], false)
 2 APPPATH\Models\LoginModel.php(138): CodeIgniter\Database\BaseBuilder->get()
 3 APPPATH\Controllers\AppointmentController.php(47): App\Models\LoginModel->getBusinessCharges('36')
 4 SYSTEMPATH\CodeIgniter.php(942): App\Controllers\AppointmentController->saveAppointment()
 5 SYSTEMPATH\CodeIgniter.php(502): CodeIgniter\CodeIgniter->runController(Object(App\Controllers\AppointmentController))
 6 SYSTEMPATH\CodeIgniter.php(361): CodeIgniter\CodeIgniter->handleRequest(null, Object(Config\Cache), false)
 7 FCPATH\index.php(79): CodeIgniter\CodeIgniter->run()
INFO - 2024-01-24 10:18:41 --> Session: Class initialized using 'CodeIgniter\Session\Handlers\FileHandler' driver.
INFO - 2024-01-24 10:18:45 --> Session: Class initialized using 'CodeIgniter\Session\Handlers\FileHandler' driver.
INFO - 2024-01-24 10:20:49 --> Session: Class initialized using 'CodeIgniter\Session\Handlers\FileHandler' driver.
INFO - 2024-01-24 10:20:54 --> Session: Class initialized using 'CodeIgniter\Session\Handlers\FileHandler' driver.
INFO - 2024-01-24 10:20:54 --> Session: Class initialized using 'CodeIgniter\Session\Handlers\FileHandler' driver.
INFO - 2024-01-24 10:21:50 --> Session: Class initialized using 'CodeIgniter\Session\Handlers\FileHandler' driver.
INFO - 2024-01-24 10:28:34 --> Session: Class initialized using 'CodeIgniter\Session\Handlers\FileHandler' driver.
INFO - 2024-01-24 10:28:58 --> Session: Class initialized using 'CodeIgniter\Session\Handlers\FileHandler' driver.
CRITICAL - 2024-01-24 10:28:58 --> Undefined variable $Appointments
in APPPATH\Views\appointments_table.php on line 230.
 1 APPPATH\Views\appointments_table.php(230): CodeIgniter\Debug\Exceptions->errorHandler(2, 'Undefined variable $Appointments', 'C:\\xampp\\htdocs\\login_ci4\\app\\Views\\appointments_table.php', 230)
 2 SYSTEMPATH\View\View.php(228): include('C:\\xampp\\htdocs\\login_ci4\\app\\Views\\appointments_table.php')
 3 SYSTEMPATH\View\View.php(231): CodeIgniter\View\View->CodeIgniter\View\{closure}()
 4 SYSTEMPATH\Common.php(1190): CodeIgniter\View\View->render('appointments_table.php', [], true)
 5 APPPATH\Controllers\AppointmentController.php(64): view('appointments_table.php', [...])
 6 SYSTEMPATH\CodeIgniter.php(942): App\Controllers\AppointmentController->saveAppointment()
 7 SYSTEMPATH\CodeIgniter.php(502): CodeIgniter\CodeIgniter->runController(Object(App\Controllers\AppointmentController))
 8 SYSTEMPATH\CodeIgniter.php(361): CodeIgniter\CodeIgniter->handleRequest(null, Object(Config\Cache), false)
 9 FCPATH\index.php(79): CodeIgniter\CodeIgniter->run()
INFO - 2024-01-24 10:30:22 --> Session: Class initialized using 'CodeIgniter\Session\Handlers\FileHandler' driver.
INFO - 2024-01-24 10:30:26 --> Session: Class initialized using 'CodeIgniter\Session\Handlers\FileHandler' driver.
INFO - 2024-01-24 10:30:27 --> Session: Class initialized using 'CodeIgniter\Session\Handlers\FileHandler' driver.
INFO - 2024-01-24 10:31:14 --> Session: Class initialized using 'CodeIgniter\Session\Handlers\FileHandler' driver.
INFO - 2024-01-24 10:31:18 --> Session: Class initialized using 'CodeIgniter\Session\Handlers\FileHandler' driver.
CRITICAL - 2024-01-24 10:31:18 --> Undefined variable $Appointments
in APPPATH\Views\appointments_table.php on line 230.
 1 APPPATH\Views\appointments_table.php(230): CodeIgniter\Debug\Exceptions->errorHandler(2, 'Undefined variable $Appointments', 'C:\\xampp\\htdocs\\login_ci4\\app\\Views\\appointments_table.php', 230)
 2 SYSTEMPATH\View\View.php(228): include('C:\\xampp\\htdocs\\login_ci4\\app\\Views\\appointments_table.php')
 3 SYSTEMPATH\View\View.php(231): CodeIgniter\View\View->CodeIgniter\View\{closure}()
 4 SYSTEMPATH\Common.php(1190): CodeIgniter\View\View->render('appointments_table.php', [], true)
 5 APPPATH\Controllers\AppointmentController.php(67): view('appointments_table.php', [...])
 6 SYSTEMPATH\CodeIgniter.php(942): App\Controllers\AppointmentController->saveAppointment()
 7 SYSTEMPATH\CodeIgniter.php(502): CodeIgniter\CodeIgniter->runController(Object(App\Controllers\AppointmentController))
 8 SYSTEMPATH\CodeIgniter.php(361): CodeIgniter\CodeIgniter->handleRequest(null, Object(Config\Cache), false)
 9 FCPATH\index.php(79): CodeIgniter\CodeIgniter->run()
INFO - 2024-01-24 10:35:30 --> Session: Class initialized using 'CodeIgniter\Session\Handlers\FileHandler' driver.
INFO - 2024-01-24 10:35:37 --> Session: Class initialized using 'CodeIgniter\Session\Handlers\FileHandler' driver.
INFO - 2024-01-24 10:35:42 --> Session: Class initialized using 'CodeIgniter\Session\Handlers\FileHandler' driver.
INFO - 2024-01-24 10:37:05 --> Session: Class initialized using 'CodeIgniter\Session\Handlers\FileHandler' driver.
CRITICAL - 2024-01-24 10:37:05 --> Undefined variable $Appointments
in APPPATH\Views\appointments_table.php on line 229.
 1 APPPATH\Views\appointments_table.php(229): CodeIgniter\Debug\Exceptions->errorHandler(2, 'Undefined variable $Appointments', 'C:\\xampp\\htdocs\\login_ci4\\app\\Views\\appointments_table.php', 229)
 2 SYSTEMPATH\View\View.php(228): include('C:\\xampp\\htdocs\\login_ci4\\app\\Views\\appointments_table.php')
 3 SYSTEMPATH\View\View.php(231): CodeIgniter\View\View->CodeIgniter\View\{closure}()
 4 SYSTEMPATH\Common.php(1190): CodeIgniter\View\View->render('appointments_table.php', [], true)
 5 APPPATH\Controllers\AppointmentController.php(67): view('appointments_table.php', [...])
 6 SYSTEMPATH\CodeIgniter.php(942): App\Controllers\AppointmentController->saveAppointment()
 7 SYSTEMPATH\CodeIgniter.php(502): CodeIgniter\CodeIgniter->runController(Object(App\Controllers\AppointmentController))
 8 SYSTEMPATH\CodeIgniter.php(361): CodeIgniter\CodeIgniter->handleRequest(null, Object(Config\Cache), false)
 9 FCPATH\index.php(79): CodeIgniter\CodeIgniter->run()
INFO - 2024-01-24 10:37:31 --> Session: Class initialized using 'CodeIgniter\Session\Handlers\FileHandler' driver.
INFO - 2024-01-24 10:37:32 --> Session: Class initialized using 'CodeIgniter\Session\Handlers\FileHandler' driver.
INFO - 2024-01-24 10:37:51 --> Session: Class initialized using 'CodeIgniter\Session\Handlers\FileHandler' driver.
INFO - 2024-01-24 10:40:32 --> Session: Class initialized using 'CodeIgniter\Session\Handlers\FileHandler' driver.
INFO - 2024-01-24 10:42:57 --> Session: Class initialized using 'CodeIgniter\Session\Handlers\FileHandler' driver.
INFO - 2024-01-24 10:43:19 --> Session: Class initialized using 'CodeIgniter\Session\Handlers\FileHandler' driver.
INFO - 2024-01-24 10:43:20 --> Session: Class initialized using 'CodeIgniter\Session\Handlers\FileHandler' driver.
INFO - 2024-01-24 10:48:37 --> Session: Class initialized using 'CodeIgniter\Session\Handlers\FileHandler' driver.
INFO - 2024-01-24 10:52:36 --> Session: Class initialized using 'CodeIgniter\Session\Handlers\FileHandler' driver.
INFO - 2024-01-24 10:52:45 --> Session: Class initialized using 'CodeIgniter\Session\Handlers\FileHandler' driver.
INFO - 2024-01-24 10:53:21 --> Session: Class initialized using 'CodeIgniter\Session\Handlers\FileHandler' driver.
INFO - 2024-01-24 10:53:28 --> Session: Class initialized using 'CodeIgniter\Session\Handlers\FileHandler' driver.
ERROR - 2024-01-24 10:53:36 --> mysqli_sql_exception: Cannot delete or update a parent row: a foreign key constraint fails (`dashboard`.`appointment`, CONSTRAINT `fk_client` FOREIGN KEY (`clientID`) REFERENCES `client` (`idClient`)) in C:\xampp\htdocs\login_ci4\system\Database\MySQLi\Connection.php:306
Stack trace:
#0 C:\xampp\htdocs\login_ci4\system\Database\MySQLi\Connection.php(306): mysqli->query('DELETE FROM `cl...', 0)
#1 C:\xampp\htdocs\login_ci4\system\Database\BaseConnection.php(693): CodeIgniter\Database\MySQLi\Connection->execute('DELETE FROM `cl...')
#2 C:\xampp\htdocs\login_ci4\system\Database\BaseConnection.php(607): CodeIgniter\Database\BaseConnection->simpleQuery('DELETE FROM `cl...')
#3 C:\xampp\htdocs\login_ci4\system\Database\BaseBuilder.php(2790): CodeIgniter\Database\BaseConnection->query('DELETE FROM `cl...', Array, false)
#4 C:\xampp\htdocs\login_ci4\system\Model.php(445): CodeIgniter\Database\BaseBuilder->delete()
#5 C:\xampp\htdocs\login_ci4\system\BaseModel.php(1080): CodeIgniter\Model->doDelete(NULL, false)
#6 C:\xampp\htdocs\login_ci4\app\Models\ClientModel.php(29): CodeIgniter\BaseModel->delete()
#7 C:\xampp\htdocs\login_ci4\app\Controllers\ClientController.php(37): App\Models\ClientModel->deleteClient('10')
#8 C:\xampp\htdocs\login_ci4\system\CodeIgniter.php(942): App\Controllers\ClientController->deleteClient('10')
#9 C:\xampp\htdocs\login_ci4\system\CodeIgniter.php(502): CodeIgniter\CodeIgniter->runController(Object(App\Controllers\ClientController))
#10 C:\xampp\htdocs\login_ci4\system\CodeIgniter.php(361): CodeIgniter\CodeIgniter->handleRequest(NULL, Object(Config\Cache), false)
#11 C:\xampp\htdocs\login_ci4\index.php(79): CodeIgniter\CodeIgniter->run()
#12 {main}
CRITICAL - 2024-01-24 10:53:36 --> Cannot delete or update a parent row: a foreign key constraint fails (`dashboard`.`appointment`, CONSTRAINT `fk_client` FOREIGN KEY (`clientID`) REFERENCES `client` (`idClient`))
in SYSTEMPATH\Database\BaseConnection.php on line 647.
 1 SYSTEMPATH\Database\BaseBuilder.php(2790): CodeIgniter\Database\BaseConnection->query('DELETE FROM `client`
WHERE `idClient` = :idClient:', [...], false)
 2 SYSTEMPATH\Model.php(445): CodeIgniter\Database\BaseBuilder->delete()
 3 SYSTEMPATH\BaseModel.php(1080): CodeIgniter\Model->doDelete(null, false)
 4 APPPATH\Models\ClientModel.php(29): CodeIgniter\BaseModel->delete()
 5 APPPATH\Controllers\ClientController.php(37): App\Models\ClientModel->deleteClient('10')
 6 SYSTEMPATH\CodeIgniter.php(942): App\Controllers\ClientController->deleteClient('10')
 7 SYSTEMPATH\CodeIgniter.php(502): CodeIgniter\CodeIgniter->runController(Object(App\Controllers\ClientController))
 8 SYSTEMPATH\CodeIgniter.php(361): CodeIgniter\CodeIgniter->handleRequest(null, Object(Config\Cache), false)
 9 FCPATH\index.php(79): CodeIgniter\CodeIgniter->run()
INFO - 2024-01-24 10:54:08 --> Session: Class initialized using 'CodeIgniter\Session\Handlers\FileHandler' driver.
INFO - 2024-01-24 10:54:35 --> Session: Class initialized using 'CodeIgniter\Session\Handlers\FileHandler' driver.
INFO - 2024-01-24 10:55:00 --> Session: Class initialized using 'CodeIgniter\Session\Handlers\FileHandler' driver.
INFO - 2024-01-24 11:07:49 --> Session: Class initialized using 'CodeIgniter\Session\Handlers\FileHandler' driver.
INFO - 2024-01-24 11:07:56 --> Session: Class initialized using 'CodeIgniter\Session\Handlers\FileHandler' driver.
INFO - 2024-01-24 11:08:59 --> Session: Class initialized using 'CodeIgniter\Session\Handlers\FileHandler' driver.
CRITICAL - 2024-01-24 11:08:59 --> Undefined variable $doctor
in APPPATH\Views\appointments_table.php on line 240.
 1 APPPATH\Views\appointments_table.php(240): CodeIgniter\Debug\Exceptions->errorHandler(2, 'Undefined variable $doctor', 'C:\\xampp\\htdocs\\login_ci4\\app\\Views\\appointments_table.php', 240)
 2 SYSTEMPATH\View\View.php(228): include('C:\\xampp\\htdocs\\login_ci4\\app\\Views\\appointments_table.php')
 3 SYSTEMPATH\View\View.php(231): CodeIgniter\View\View->CodeIgniter\View\{closure}()
 4 SYSTEMPATH\Common.php(1190): CodeIgniter\View\View->render('appointments_table.php', [], true)
 5 APPPATH\Controllers\AppointmentController.php(20): view('appointments_table.php', [...])
 6 SYSTEMPATH\CodeIgniter.php(942): App\Controllers\AppointmentController->appointments_table()
 7 SYSTEMPATH\CodeIgniter.php(502): CodeIgniter\CodeIgniter->runController(Object(App\Controllers\AppointmentController))
 8 SYSTEMPATH\CodeIgniter.php(361): CodeIgniter\CodeIgniter->handleRequest(null, Object(Config\Cache), false)
 9 FCPATH\index.php(79): CodeIgniter\CodeIgniter->run()
INFO - 2024-01-24 11:10:57 --> Session: Class initialized using 'CodeIgniter\Session\Handlers\FileHandler' driver.
INFO - 2024-01-24 11:11:40 --> Session: Class initialized using 'CodeIgniter\Session\Handlers\FileHandler' driver.
INFO - 2024-01-24 11:11:46 --> Session: Class initialized using 'CodeIgniter\Session\Handlers\FileHandler' driver.
INFO - 2024-01-24 11:11:53 --> Session: Class initialized using 'CodeIgniter\Session\Handlers\FileHandler' driver.
INFO - 2024-01-24 11:12:01 --> Session: Class initialized using 'CodeIgniter\Session\Handlers\FileHandler' driver.
INFO - 2024-01-24 11:16:15 --> Session: Class initialized using 'CodeIgniter\Session\Handlers\FileHandler' driver.
INFO - 2024-01-24 11:17:02 --> Session: Class initialized using 'CodeIgniter\Session\Handlers\FileHandler' driver.
INFO - 2024-01-24 11:18:29 --> Session: Class initialized using 'CodeIgniter\Session\Handlers\FileHandler' driver.
INFO - 2024-01-24 11:18:35 --> Session: Class initialized using 'CodeIgniter\Session\Handlers\FileHandler' driver.
ERROR - 2024-01-24 11:18:43 --> mysqli_sql_exception: Cannot delete or update a parent row: a foreign key constraint fails (`dashboard`.`appointment`, CONSTRAINT `fk_client` FOREIGN KEY (`clientID`) REFERENCES `client` (`idClient`)) in C:\xampp\htdocs\login_ci4\system\Database\MySQLi\Connection.php:306
Stack trace:
#0 C:\xampp\htdocs\login_ci4\system\Database\MySQLi\Connection.php(306): mysqli->query('DELETE FROM `cl...', 0)
#1 C:\xampp\htdocs\login_ci4\system\Database\BaseConnection.php(693): CodeIgniter\Database\MySQLi\Connection->execute('DELETE FROM `cl...')
#2 C:\xampp\htdocs\login_ci4\system\Database\BaseConnection.php(607): CodeIgniter\Database\BaseConnection->simpleQuery('DELETE FROM `cl...')
#3 C:\xampp\htdocs\login_ci4\system\Database\BaseBuilder.php(2790): CodeIgniter\Database\BaseConnection->query('DELETE FROM `cl...', Array, false)
#4 C:\xampp\htdocs\login_ci4\system\Model.php(445): CodeIgniter\Database\BaseBuilder->delete()
#5 C:\xampp\htdocs\login_ci4\system\BaseModel.php(1080): CodeIgniter\Model->doDelete(NULL, false)
#6 C:\xampp\htdocs\login_ci4\app\Models\ClientModel.php(29): CodeIgniter\BaseModel->delete()
#7 C:\xampp\htdocs\login_ci4\app\Controllers\ClientController.php(37): App\Models\ClientModel->deleteClient('10')
#8 C:\xampp\htdocs\login_ci4\system\CodeIgniter.php(942): App\Controllers\ClientController->deleteClient('10')
#9 C:\xampp\htdocs\login_ci4\system\CodeIgniter.php(502): CodeIgniter\CodeIgniter->runController(Object(App\Controllers\ClientController))
#10 C:\xampp\htdocs\login_ci4\system\CodeIgniter.php(361): CodeIgniter\CodeIgniter->handleRequest(NULL, Object(Config\Cache), false)
#11 C:\xampp\htdocs\login_ci4\index.php(79): CodeIgniter\CodeIgniter->run()
#12 {main}
CRITICAL - 2024-01-24 11:18:43 --> Cannot delete or update a parent row: a foreign key constraint fails (`dashboard`.`appointment`, CONSTRAINT `fk_client` FOREIGN KEY (`clientID`) REFERENCES `client` (`idClient`))
in SYSTEMPATH\Database\BaseConnection.php on line 647.
 1 SYSTEMPATH\Database\BaseBuilder.php(2790): CodeIgniter\Database\BaseConnection->query('DELETE FROM `client`
WHERE `idClient` = :idClient:', [...], false)
 2 SYSTEMPATH\Model.php(445): CodeIgniter\Database\BaseBuilder->delete()
 3 SYSTEMPATH\BaseModel.php(1080): CodeIgniter\Model->doDelete(null, false)
 4 APPPATH\Models\ClientModel.php(29): CodeIgniter\BaseModel->delete()
 5 APPPATH\Controllers\ClientController.php(37): App\Models\ClientModel->deleteClient('10')
 6 SYSTEMPATH\CodeIgniter.php(942): App\Controllers\ClientController->deleteClient('10')
 7 SYSTEMPATH\CodeIgniter.php(502): CodeIgniter\CodeIgniter->runController(Object(App\Controllers\ClientController))
 8 SYSTEMPATH\CodeIgniter.php(361): CodeIgniter\CodeIgniter->handleRequest(null, Object(Config\Cache), false)
 9 FCPATH\index.php(79): CodeIgniter\CodeIgniter->run()
INFO - 2024-01-24 11:19:02 --> Session: Class initialized using 'CodeIgniter\Session\Handlers\FileHandler' driver.
INFO - 2024-01-24 11:26:08 --> Session: Class initialized using 'CodeIgniter\Session\Handlers\FileHandler' driver.
INFO - 2024-01-24 11:26:15 --> Session: Class initialized using 'CodeIgniter\Session\Handlers\FileHandler' driver.
INFO - 2024-01-24 11:26:31 --> Session: Class initialized using 'CodeIgniter\Session\Handlers\FileHandler' driver.
INFO - 2024-01-24 11:26:35 --> Session: Class initialized using 'CodeIgniter\Session\Handlers\FileHandler' driver.
INFO - 2024-01-24 11:26:41 --> Session: Class initialized using 'CodeIgniter\Session\Handlers\FileHandler' driver.
INFO - 2024-01-24 11:27:25 --> Session: Class initialized using 'CodeIgniter\Session\Handlers\FileHandler' driver.
INFO - 2024-01-24 11:27:30 --> Session: Class initialized using 'CodeIgniter\Session\Handlers\FileHandler' driver.
INFO - 2024-01-24 11:27:31 --> Session: Class initialized using 'CodeIgniter\Session\Handlers\FileHandler' driver.
INFO - 2024-01-24 11:37:51 --> Session: Class initialized using 'CodeIgniter\Session\Handlers\FileHandler' driver.
INFO - 2024-01-24 11:38:26 --> Session: Class initialized using 'CodeIgniter\Session\Handlers\FileHandler' driver.
INFO - 2024-01-24 11:38:38 --> Session: Class initialized using 'CodeIgniter\Session\Handlers\FileHandler' driver.
INFO - 2024-01-24 11:42:45 --> Session: Class initialized using 'CodeIgniter\Session\Handlers\FileHandler' driver.
INFO - 2024-01-24 11:43:03 --> Session: Class initialized using 'CodeIgniter\Session\Handlers\FileHandler' driver.
INFO - 2024-01-24 11:43:04 --> Session: Class initialized using 'CodeIgniter\Session\Handlers\FileHandler' driver.
INFO - 2024-01-24 11:43:28 --> Session: Class initialized using 'CodeIgniter\Session\Handlers\FileHandler' driver.
CRITICAL - 2024-01-24 11:43:32 --> The original file is not a valid file.
in SYSTEMPATH\HTTP\Files\UploadedFile.php on line 146.
 1 SYSTEMPATH\HTTP\Files\UploadedFile.php(146): CodeIgniter\HTTP\Exceptions\HTTPException::forInvalidFile()
 2 APPPATH\Controllers\DoctorController.php(109): CodeIgniter\HTTP\Files\UploadedFile->move('C:\\xampp\\htdocs\\login_ci4\\login_ci4/uploads/', '')
 3 SYSTEMPATH\CodeIgniter.php(942): App\Controllers\DoctorController->saveDoctorProfile()
 4 SYSTEMPATH\CodeIgniter.php(502): CodeIgniter\CodeIgniter->runController(Object(App\Controllers\DoctorController))
 5 SYSTEMPATH\CodeIgniter.php(361): CodeIgniter\CodeIgniter->handleRequest(null, Object(Config\Cache), false)
 6 FCPATH\index.php(79): CodeIgniter\CodeIgniter->run()
INFO - 2024-01-24 11:43:47 --> Session: Class initialized using 'CodeIgniter\Session\Handlers\FileHandler' driver.
INFO - 2024-01-24 11:44:58 --> Session: Class initialized using 'CodeIgniter\Session\Handlers\FileHandler' driver.
INFO - 2024-01-24 11:48:34 --> Session: Class initialized using 'CodeIgniter\Session\Handlers\FileHandler' driver.
INFO - 2024-01-24 11:50:15 --> Session: Class initialized using 'CodeIgniter\Session\Handlers\FileHandler' driver.
INFO - 2024-01-24 11:50:15 --> Session: Class initialized using 'CodeIgniter\Session\Handlers\FileHandler' driver.
INFO - 2024-01-24 11:55:28 --> Session: Class initialized using 'CodeIgniter\Session\Handlers\FileHandler' driver.
INFO - 2024-01-24 11:55:47 --> Session: Class initialized using 'CodeIgniter\Session\Handlers\FileHandler' driver.
INFO - 2024-01-24 12:03:28 --> Session: Class initialized using 'CodeIgniter\Session\Handlers\FileHandler' driver.
INFO - 2024-01-24 12:05:42 --> Session: Class initialized using 'CodeIgniter\Session\Handlers\FileHandler' driver.
INFO - 2024-01-24 12:05:55 --> Session: Class initialized using 'CodeIgniter\Session\Handlers\FileHandler' driver.
INFO - 2024-01-24 12:06:11 --> Session: Class initialized using 'CodeIgniter\Session\Handlers\FileHandler' driver.
INFO - 2024-01-24 12:06:32 --> Session: Class initialized using 'CodeIgniter\Session\Handlers\FileHandler' driver.
CRITICAL - 2024-01-24 12:07:27 --> Undefined variable $session
in APPPATH\Controllers\ClientController.php on line 83.
 1 APPPATH\Controllers\ClientController.php(83): CodeIgniter\Debug\Exceptions->errorHandler(2, 'Undefined variable $session', 'C:\\xampp\\htdocs\\login_ci4\\app\\Controllers\\ClientController.php', 83)
 2 SYSTEMPATH\CodeIgniter.php(942): App\Controllers\ClientController->saveClientProfile()
 3 SYSTEMPATH\CodeIgniter.php(502): CodeIgniter\CodeIgniter->runController(Object(App\Controllers\ClientController))
 4 SYSTEMPATH\CodeIgniter.php(361): CodeIgniter\CodeIgniter->handleRequest(null, Object(Config\Cache), false)
 5 FCPATH\index.php(79): CodeIgniter\CodeIgniter->run()
INFO - 2024-01-24 12:10:41 --> Session: Class initialized using 'CodeIgniter\Session\Handlers\FileHandler' driver.
INFO - 2024-01-24 12:10:46 --> Session: Class initialized using 'CodeIgniter\Session\Handlers\FileHandler' driver.
INFO - 2024-01-24 12:10:55 --> Session: Class initialized using 'CodeIgniter\Session\Handlers\FileHandler' driver.
INFO - 2024-01-24 12:11:01 --> Session: Class initialized using 'CodeIgniter\Session\Handlers\FileHandler' driver.
INFO - 2024-01-24 12:11:09 --> Session: Class initialized using 'CodeIgniter\Session\Handlers\FileHandler' driver.
INFO - 2024-01-24 12:11:22 --> Session: Class initialized using 'CodeIgniter\Session\Handlers\FileHandler' driver.
INFO - 2024-01-24 12:11:27 --> Session: Class initialized using 'CodeIgniter\Session\Handlers\FileHandler' driver.
INFO - 2024-01-24 12:13:13 --> Session: Class initialized using 'CodeIgniter\Session\Handlers\FileHandler' driver.
INFO - 2024-01-24 12:14:13 --> Session: Class initialized using 'CodeIgniter\Session\Handlers\FileHandler' driver.
INFO - 2024-01-24 12:14:14 --> Session: Class initialized using 'CodeIgniter\Session\Handlers\FileHandler' driver.
INFO - 2024-01-24 12:15:21 --> Session: Class initialized using 'CodeIgniter\Session\Handlers\FileHandler' driver.
INFO - 2024-01-24 12:15:31 --> Session: Class initialized using 'CodeIgniter\Session\Handlers\FileHandler' driver.
INFO - 2024-01-24 12:23:07 --> Session: Class initialized using 'CodeIgniter\Session\Handlers\FileHandler' driver.
INFO - 2024-01-24 12:31:07 --> Session: Class initialized using 'CodeIgniter\Session\Handlers\FileHandler' driver.
INFO - 2024-01-24 12:31:08 --> Session: Class initialized using 'CodeIgniter\Session\Handlers\FileHandler' driver.
INFO - 2024-01-24 12:31:19 --> Session: Class initialized using 'CodeIgniter\Session\Handlers\FileHandler' driver.
INFO - 2024-01-24 12:31:19 --> Session: Class initialized using 'CodeIgniter\Session\Handlers\FileHandler' driver.
