CRITICAL - 2024-02-12 08:37:06 --> Class "Locale" not found
in SYSTEMPATH\CodeIgniter.php on line 218.
 1 FCPATH\index.php(67): CodeIgniter\CodeIgniter->initialize()
CRITICAL - 2024-02-12 08:37:08 --> Uncaught Error: Class "Locale" not found in C:\xampp\htdocs\HMS_RegexByte\system\Helpers\number_helper.php:136
Stack trace:
#0 C:\xampp\htdocs\HMS_RegexByte\system\Helpers\number_helper.php(55): format_number(14.0, 2, NULL, Array)
#1 C:\xampp\htdocs\HMS_RegexByte\system\Debug\BaseExceptionHandler.php(145): number_to_size(14.0, 2)
#2 C:\xampp\htdocs\HMS_RegexByte\app\Views\errors\html\error_exception.php(361): CodeIgniter\Debug\BaseExceptionHandler::describeMemory(14680064)
#3 C:\xampp\htdocs\HMS_RegexByte\system\Debug\BaseExceptionHandler.php(241): include('C:\\xampp\\htdocs...')
#4 C:\xampp\htdocs\HMS_RegexByte\system\Debug\BaseExceptionHandler.php(244): CodeIgniter\Debug\BaseExceptionHandler->CodeIgniter\Debug\{closure}()
#5 C:\xampp\htdocs\HMS_RegexByte\system\Debug\ExceptionHandler.php(112): CodeIgniter\Debug\BaseExceptionHandler->render(Object(Error), 500, 'C:\\xampp\\htdocs...')
#6 C:\xampp\htdocs\HMS_RegexByte\system\Debug\Exceptions.php(148): CodeIgniter\Debug\ExceptionHandler->handle(Object(Error), Object(CodeIgniter\HTTP\IncomingRequest), Object(CodeIgniter\HTTP\Response), 500, 1)
#7 [internal function]: CodeIgniter\Debug\Exceptions->exceptionHandler(Object(Error))
#8 {main}
  thrown
【Previous Exception】
Error
Class "Locale" not found
#0 C:\xampp\htdocs\HMS_RegexByte\index.php(67): CodeIgniter\CodeIgniter->initialize()
#1 {main}
in SYSTEMPATH\Helpers\number_helper.php on line 136.
 1 [internal function]: CodeIgniter\Debug\Exceptions->shutdownHandler()
CRITICAL - 2024-02-12 08:37:36 --> Class "Locale" not found
in SYSTEMPATH\CodeIgniter.php on line 218.
 1 FCPATH\index.php(67): CodeIgniter\CodeIgniter->initialize()
CRITICAL - 2024-02-12 08:37:36 --> Uncaught Error: Class "Locale" not found in C:\xampp\htdocs\HMS_RegexByte\system\Helpers\number_helper.php:136
Stack trace:
#0 C:\xampp\htdocs\HMS_RegexByte\system\Helpers\number_helper.php(55): format_number(14.0, 2, NULL, Array)
#1 C:\xampp\htdocs\HMS_RegexByte\system\Debug\BaseExceptionHandler.php(145): number_to_size(14.0, 2)
#2 C:\xampp\htdocs\HMS_RegexByte\app\Views\errors\html\error_exception.php(361): CodeIgniter\Debug\BaseExceptionHandler::describeMemory(14680064)
#3 C:\xampp\htdocs\HMS_RegexByte\system\Debug\BaseExceptionHandler.php(241): include('C:\\xampp\\htdocs...')
#4 C:\xampp\htdocs\HMS_RegexByte\system\Debug\BaseExceptionHandler.php(244): CodeIgniter\Debug\BaseExceptionHandler->CodeIgniter\Debug\{closure}()
#5 C:\xampp\htdocs\HMS_RegexByte\system\Debug\ExceptionHandler.php(112): CodeIgniter\Debug\BaseExceptionHandler->render(Object(Error), 500, 'C:\\xampp\\htdocs...')
#6 C:\xampp\htdocs\HMS_RegexByte\system\Debug\Exceptions.php(148): CodeIgniter\Debug\ExceptionHandler->handle(Object(Error), Object(CodeIgniter\HTTP\IncomingRequest), Object(CodeIgniter\HTTP\Response), 500, 1)
#7 [internal function]: CodeIgniter\Debug\Exceptions->exceptionHandler(Object(Error))
#8 {main}
  thrown
【Previous Exception】
Error
Class "Locale" not found
#0 C:\xampp\htdocs\HMS_RegexByte\index.php(67): CodeIgniter\CodeIgniter->initialize()
#1 {main}
in SYSTEMPATH\Helpers\number_helper.php on line 136.
 1 [internal function]: CodeIgniter\Debug\Exceptions->shutdownHandler()
INFO - 2024-02-12 07:40:17 --> Session: Class initialized using 'CodeIgniter\Session\Handlers\FileHandler' driver.
INFO - 2024-02-12 07:40:32 --> Session: Class initialized using 'CodeIgniter\Session\Handlers\FileHandler' driver.
INFO - 2024-02-12 07:40:34 --> Session: Class initialized using 'CodeIgniter\Session\Handlers\FileHandler' driver.
INFO - 2024-02-12 07:41:02 --> Session: Class initialized using 'CodeIgniter\Session\Handlers\FileHandler' driver.
INFO - 2024-02-12 07:41:08 --> Session: Class initialized using 'CodeIgniter\Session\Handlers\FileHandler' driver.
INFO - 2024-02-12 07:41:13 --> Session: Class initialized using 'CodeIgniter\Session\Handlers\FileHandler' driver.
INFO - 2024-02-12 07:46:47 --> Session: Class initialized using 'CodeIgniter\Session\Handlers\FileHandler' driver.
INFO - 2024-02-12 08:00:13 --> Session: Class initialized using 'CodeIgniter\Session\Handlers\FileHandler' driver.
INFO - 2024-02-12 08:01:59 --> Session: Class initialized using 'CodeIgniter\Session\Handlers\FileHandler' driver.
INFO - 2024-02-12 08:02:06 --> Session: Class initialized using 'CodeIgniter\Session\Handlers\FileHandler' driver.
CRITICAL - 2024-02-12 08:02:06 --> Undefined variable $appointment
in APPPATH\Views\Services_table.php on line 260.
 1 APPPATH\Views\Services_table.php(260): CodeIgniter\Debug\Exceptions->errorHandler(2, 'Undefined variable $appointment', 'C:\\xampp\\htdocs\\HMS_RegexByte\\app\\Views\\Services_table.php', 260)
 2 SYSTEMPATH\View\View.php(228): include('C:\\xampp\\htdocs\\HMS_RegexByte\\app\\Views\\Services_table.php')
 3 SYSTEMPATH\View\View.php(231): CodeIgniter\View\View->CodeIgniter\View\{closure}()
 4 SYSTEMPATH\Common.php(1190): CodeIgniter\View\View->render('Services_table.php', [], true)
 5 APPPATH\Controllers\ServiceController.php(38): view('Services_table.php', [...])
 6 SYSTEMPATH\CodeIgniter.php(942): App\Controllers\ServiceController->Services_table()
 7 SYSTEMPATH\CodeIgniter.php(502): CodeIgniter\CodeIgniter->runController(Object(App\Controllers\ServiceController))
 8 SYSTEMPATH\CodeIgniter.php(361): CodeIgniter\CodeIgniter->handleRequest(null, Object(Config\Cache), false)
 9 FCPATH\index.php(79): CodeIgniter\CodeIgniter->run()
INFO - 2024-02-12 08:05:22 --> Session: Class initialized using 'CodeIgniter\Session\Handlers\FileHandler' driver.
INFO - 2024-02-12 08:05:27 --> Session: Class initialized using 'CodeIgniter\Session\Handlers\FileHandler' driver.
CRITICAL - 2024-02-12 08:05:27 --> Undefined array key "idArtMenu"
in APPPATH\Views\Services_table.php on line 260.
 1 APPPATH\Views\Services_table.php(260): CodeIgniter\Debug\Exceptions->errorHandler(2, 'Undefined array key "idArtMenu"', 'C:\\xampp\\htdocs\\HMS_RegexByte\\app\\Views\\Services_table.php', 260)
 2 SYSTEMPATH\View\View.php(228): include('C:\\xampp\\htdocs\\HMS_RegexByte\\app\\Views\\Services_table.php')
 3 SYSTEMPATH\View\View.php(231): CodeIgniter\View\View->CodeIgniter\View\{closure}()
 4 SYSTEMPATH\Common.php(1190): CodeIgniter\View\View->render('Services_table.php', [], true)
 5 APPPATH\Controllers\ServiceController.php(38): view('Services_table.php', [...])
 6 SYSTEMPATH\CodeIgniter.php(942): App\Controllers\ServiceController->Services_table()
 7 SYSTEMPATH\CodeIgniter.php(502): CodeIgniter\CodeIgniter->runController(Object(App\Controllers\ServiceController))
 8 SYSTEMPATH\CodeIgniter.php(361): CodeIgniter\CodeIgniter->handleRequest(null, Object(Config\Cache), false)
 9 FCPATH\index.php(79): CodeIgniter\CodeIgniter->run()
INFO - 2024-02-12 08:06:41 --> Session: Class initialized using 'CodeIgniter\Session\Handlers\FileHandler' driver.
INFO - 2024-02-12 08:06:48 --> Session: Class initialized using 'CodeIgniter\Session\Handlers\FileHandler' driver.
INFO - 2024-02-12 08:11:26 --> Session: Class initialized using 'CodeIgniter\Session\Handlers\FileHandler' driver.
CRITICAL - 2024-02-12 08:11:26 --> Undefined array key "idArtMenu"
in APPPATH\Views\Services_table.php on line 260.
 1 APPPATH\Views\Services_table.php(260): CodeIgniter\Debug\Exceptions->errorHandler(2, 'Undefined array key "idArtMenu"', 'C:\\xampp\\htdocs\\HMS_RegexByte\\app\\Views\\Services_table.php', 260)
 2 SYSTEMPATH\View\View.php(228): include('C:\\xampp\\htdocs\\HMS_RegexByte\\app\\Views\\Services_table.php')
 3 SYSTEMPATH\View\View.php(231): CodeIgniter\View\View->CodeIgniter\View\{closure}()
 4 SYSTEMPATH\Common.php(1190): CodeIgniter\View\View->render('Services_table.php', [], true)
 5 APPPATH\Controllers\ServiceController.php(38): view('Services_table.php', [...])
 6 SYSTEMPATH\CodeIgniter.php(942): App\Controllers\ServiceController->Services_table()
 7 SYSTEMPATH\CodeIgniter.php(502): CodeIgniter\CodeIgniter->runController(Object(App\Controllers\ServiceController))
 8 SYSTEMPATH\CodeIgniter.php(361): CodeIgniter\CodeIgniter->handleRequest(null, Object(Config\Cache), false)
 9 FCPATH\index.php(79): CodeIgniter\CodeIgniter->run()
INFO - 2024-02-12 08:12:56 --> Session: Class initialized using 'CodeIgniter\Session\Handlers\FileHandler' driver.
INFO - 2024-02-12 08:13:03 --> Session: Class initialized using 'CodeIgniter\Session\Handlers\FileHandler' driver.
INFO - 2024-02-12 08:14:28 --> Session: Class initialized using 'CodeIgniter\Session\Handlers\FileHandler' driver.
ERROR - 2024-02-12 08:14:33 --> mysqli_sql_exception: Cannot delete or update a parent row: a foreign key constraint fails (`dashboard`.`invoicedetail`, CONSTRAINT `fk_ArtMenu` FOREIGN KEY (`idArtMenu`) REFERENCES `artmenu` (`idArtMenu`)) in C:\xampp\htdocs\HMS_RegexByte\system\Database\MySQLi\Connection.php:306
Stack trace:
#0 C:\xampp\htdocs\HMS_RegexByte\system\Database\MySQLi\Connection.php(306): mysqli->query('DELETE FROM `ar...', 0)
#1 C:\xampp\htdocs\HMS_RegexByte\system\Database\BaseConnection.php(693): CodeIgniter\Database\MySQLi\Connection->execute('DELETE FROM `ar...')
#2 C:\xampp\htdocs\HMS_RegexByte\system\Database\BaseConnection.php(607): CodeIgniter\Database\BaseConnection->simpleQuery('DELETE FROM `ar...')
#3 C:\xampp\htdocs\HMS_RegexByte\system\Database\BaseBuilder.php(2790): CodeIgniter\Database\BaseConnection->query('DELETE FROM `ar...', Array, false)
#4 C:\xampp\htdocs\HMS_RegexByte\system\Model.php(445): CodeIgniter\Database\BaseBuilder->delete()
#5 C:\xampp\htdocs\HMS_RegexByte\system\BaseModel.php(1080): CodeIgniter\Model->doDelete(NULL, false)
#6 C:\xampp\htdocs\HMS_RegexByte\app\Models\ServicesModel.php(67): CodeIgniter\BaseModel->delete()
#7 C:\xampp\htdocs\HMS_RegexByte\app\Controllers\ServiceController.php(97): App\Models\ServicesModel->deleteService('11')
#8 C:\xampp\htdocs\HMS_RegexByte\system\CodeIgniter.php(942): App\Controllers\ServiceController->deleteService('11')
#9 C:\xampp\htdocs\HMS_RegexByte\system\CodeIgniter.php(502): CodeIgniter\CodeIgniter->runController(Object(App\Controllers\ServiceController))
#10 C:\xampp\htdocs\HMS_RegexByte\system\CodeIgniter.php(361): CodeIgniter\CodeIgniter->handleRequest(NULL, Object(Config\Cache), false)
#11 C:\xampp\htdocs\HMS_RegexByte\index.php(79): CodeIgniter\CodeIgniter->run()
#12 {main}
CRITICAL - 2024-02-12 08:14:33 --> Cannot delete or update a parent row: a foreign key constraint fails (`dashboard`.`invoicedetail`, CONSTRAINT `fk_ArtMenu` FOREIGN KEY (`idArtMenu`) REFERENCES `artmenu` (`idArtMenu`))
in SYSTEMPATH\Database\BaseConnection.php on line 647.
 1 SYSTEMPATH\Database\BaseBuilder.php(2790): CodeIgniter\Database\BaseConnection->query('DELETE FROM `artmenu`
WHERE `idArtMenu` = :idArtMenu:', [...], false)
 2 SYSTEMPATH\Model.php(445): CodeIgniter\Database\BaseBuilder->delete()
 3 SYSTEMPATH\BaseModel.php(1080): CodeIgniter\Model->doDelete(null, false)
 4 APPPATH\Models\ServicesModel.php(67): CodeIgniter\BaseModel->delete()
 5 APPPATH\Controllers\ServiceController.php(97): App\Models\ServicesModel->deleteService('11')
 6 SYSTEMPATH\CodeIgniter.php(942): App\Controllers\ServiceController->deleteService('11')
 7 SYSTEMPATH\CodeIgniter.php(502): CodeIgniter\CodeIgniter->runController(Object(App\Controllers\ServiceController))
 8 SYSTEMPATH\CodeIgniter.php(361): CodeIgniter\CodeIgniter->handleRequest(null, Object(Config\Cache), false)
 9 FCPATH\index.php(79): CodeIgniter\CodeIgniter->run()
INFO - 2024-02-12 08:15:04 --> Session: Class initialized using 'CodeIgniter\Session\Handlers\FileHandler' driver.
INFO - 2024-02-12 08:15:09 --> Session: Class initialized using 'CodeIgniter\Session\Handlers\FileHandler' driver.
INFO - 2024-02-12 09:17:23 --> Session: Class initialized using 'CodeIgniter\Session\Handlers\FileHandler' driver.
INFO - 2024-02-12 09:28:45 --> Session: Class initialized using 'CodeIgniter\Session\Handlers\FileHandler' driver.
ERROR - 2024-02-12 09:33:24 --> mysqli_sql_exception: Cannot delete or update a parent row: a foreign key constraint fails (`dashboard`.`invoicedetail`, CONSTRAINT `fk_ArtMenu` FOREIGN KEY (`idArtMenu`) REFERENCES `artmenu` (`idArtMenu`)) in C:\xampp\htdocs\HMS_RegexByte\system\Database\MySQLi\Connection.php:306
Stack trace:
#0 C:\xampp\htdocs\HMS_RegexByte\system\Database\MySQLi\Connection.php(306): mysqli->query('DELETE FROM `ar...', 0)
#1 C:\xampp\htdocs\HMS_RegexByte\system\Database\BaseConnection.php(693): CodeIgniter\Database\MySQLi\Connection->execute('DELETE FROM `ar...')
#2 C:\xampp\htdocs\HMS_RegexByte\system\Database\BaseConnection.php(607): CodeIgniter\Database\BaseConnection->simpleQuery('DELETE FROM `ar...')
#3 C:\xampp\htdocs\HMS_RegexByte\system\Database\BaseBuilder.php(2790): CodeIgniter\Database\BaseConnection->query('DELETE FROM `ar...', Array, false)
#4 C:\xampp\htdocs\HMS_RegexByte\system\Model.php(445): CodeIgniter\Database\BaseBuilder->delete()
#5 C:\xampp\htdocs\HMS_RegexByte\system\BaseModel.php(1080): CodeIgniter\Model->doDelete(NULL, false)
#6 C:\xampp\htdocs\HMS_RegexByte\app\Models\ServicesModel.php(77): CodeIgniter\BaseModel->delete()
#7 C:\xampp\htdocs\HMS_RegexByte\app\Controllers\ServiceController.php(99): App\Models\ServicesModel->deleteService('10')
#8 C:\xampp\htdocs\HMS_RegexByte\system\CodeIgniter.php(942): App\Controllers\ServiceController->deleteService('10')
#9 C:\xampp\htdocs\HMS_RegexByte\system\CodeIgniter.php(502): CodeIgniter\CodeIgniter->runController(Object(App\Controllers\ServiceController))
#10 C:\xampp\htdocs\HMS_RegexByte\system\CodeIgniter.php(361): CodeIgniter\CodeIgniter->handleRequest(NULL, Object(Config\Cache), false)
#11 C:\xampp\htdocs\HMS_RegexByte\index.php(79): CodeIgniter\CodeIgniter->run()
#12 {main}
CRITICAL - 2024-02-12 09:33:24 --> Cannot delete or update a parent row: a foreign key constraint fails (`dashboard`.`invoicedetail`, CONSTRAINT `fk_ArtMenu` FOREIGN KEY (`idArtMenu`) REFERENCES `artmenu` (`idArtMenu`))
in SYSTEMPATH\Database\BaseConnection.php on line 647.
 1 SYSTEMPATH\Database\BaseBuilder.php(2790): CodeIgniter\Database\BaseConnection->query('DELETE FROM `artmenu`
WHERE `idArtMenu` = :idArtMenu:', [...], false)
 2 SYSTEMPATH\Model.php(445): CodeIgniter\Database\BaseBuilder->delete()
 3 SYSTEMPATH\BaseModel.php(1080): CodeIgniter\Model->doDelete(null, false)
 4 APPPATH\Models\ServicesModel.php(77): CodeIgniter\BaseModel->delete()
 5 APPPATH\Controllers\ServiceController.php(99): App\Models\ServicesModel->deleteService('10')
 6 SYSTEMPATH\CodeIgniter.php(942): App\Controllers\ServiceController->deleteService('10')
 7 SYSTEMPATH\CodeIgniter.php(502): CodeIgniter\CodeIgniter->runController(Object(App\Controllers\ServiceController))
 8 SYSTEMPATH\CodeIgniter.php(361): CodeIgniter\CodeIgniter->handleRequest(null, Object(Config\Cache), false)
 9 FCPATH\index.php(79): CodeIgniter\CodeIgniter->run()
INFO - 2024-02-12 09:37:29 --> Session: Class initialized using 'CodeIgniter\Session\Handlers\FileHandler' driver.
INFO - 2024-02-12 09:37:37 --> Session: Class initialized using 'CodeIgniter\Session\Handlers\FileHandler' driver.
INFO - 2024-02-12 09:37:41 --> Session: Class initialized using 'CodeIgniter\Session\Handlers\FileHandler' driver.
INFO - 2024-02-12 09:38:53 --> Session: Class initialized using 'CodeIgniter\Session\Handlers\FileHandler' driver.
ERROR - 2024-02-12 09:38:58 --> mysqli_sql_exception: Cannot delete or update a parent row: a foreign key constraint fails (`dashboard`.`invoicedetail`, CONSTRAINT `fk_ArtMenu` FOREIGN KEY (`idArtMenu`) REFERENCES `artmenu` (`idArtMenu`)) in C:\xampp\htdocs\HMS_RegexByte\system\Database\MySQLi\Connection.php:306
Stack trace:
#0 C:\xampp\htdocs\HMS_RegexByte\system\Database\MySQLi\Connection.php(306): mysqli->query('DELETE FROM `ar...', 0)
#1 C:\xampp\htdocs\HMS_RegexByte\system\Database\BaseConnection.php(693): CodeIgniter\Database\MySQLi\Connection->execute('DELETE FROM `ar...')
#2 C:\xampp\htdocs\HMS_RegexByte\system\Database\BaseConnection.php(607): CodeIgniter\Database\BaseConnection->simpleQuery('DELETE FROM `ar...')
#3 C:\xampp\htdocs\HMS_RegexByte\system\Database\BaseBuilder.php(2790): CodeIgniter\Database\BaseConnection->query('DELETE FROM `ar...', Array, false)
#4 C:\xampp\htdocs\HMS_RegexByte\system\Model.php(445): CodeIgniter\Database\BaseBuilder->delete()
#5 C:\xampp\htdocs\HMS_RegexByte\system\BaseModel.php(1080): CodeIgniter\Model->doDelete(NULL, false)
#6 C:\xampp\htdocs\HMS_RegexByte\app\Models\ServicesModel.php(77): CodeIgniter\BaseModel->delete()
#7 C:\xampp\htdocs\HMS_RegexByte\app\Controllers\ServiceController.php(115): App\Models\ServicesModel->deleteService('10')
#8 C:\xampp\htdocs\HMS_RegexByte\system\CodeIgniter.php(942): App\Controllers\ServiceController->deleteService('10')
#9 C:\xampp\htdocs\HMS_RegexByte\system\CodeIgniter.php(502): CodeIgniter\CodeIgniter->runController(Object(App\Controllers\ServiceController))
#10 C:\xampp\htdocs\HMS_RegexByte\system\CodeIgniter.php(361): CodeIgniter\CodeIgniter->handleRequest(NULL, Object(Config\Cache), false)
#11 C:\xampp\htdocs\HMS_RegexByte\index.php(79): CodeIgniter\CodeIgniter->run()
#12 {main}
CRITICAL - 2024-02-12 09:38:58 --> Cannot delete or update a parent row: a foreign key constraint fails (`dashboard`.`invoicedetail`, CONSTRAINT `fk_ArtMenu` FOREIGN KEY (`idArtMenu`) REFERENCES `artmenu` (`idArtMenu`))
in SYSTEMPATH\Database\BaseConnection.php on line 647.
 1 SYSTEMPATH\Database\BaseBuilder.php(2790): CodeIgniter\Database\BaseConnection->query('DELETE FROM `artmenu`
WHERE `idArtMenu` = :idArtMenu:', [...], false)
 2 SYSTEMPATH\Model.php(445): CodeIgniter\Database\BaseBuilder->delete()
 3 SYSTEMPATH\BaseModel.php(1080): CodeIgniter\Model->doDelete(null, false)
 4 APPPATH\Models\ServicesModel.php(77): CodeIgniter\BaseModel->delete()
 5 APPPATH\Controllers\ServiceController.php(115): App\Models\ServicesModel->deleteService('10')
 6 SYSTEMPATH\CodeIgniter.php(942): App\Controllers\ServiceController->deleteService('10')
 7 SYSTEMPATH\CodeIgniter.php(502): CodeIgniter\CodeIgniter->runController(Object(App\Controllers\ServiceController))
 8 SYSTEMPATH\CodeIgniter.php(361): CodeIgniter\CodeIgniter->handleRequest(null, Object(Config\Cache), false)
 9 FCPATH\index.php(79): CodeIgniter\CodeIgniter->run()
INFO - 2024-02-12 09:39:01 --> Session: Class initialized using 'CodeIgniter\Session\Handlers\FileHandler' driver.
ERROR - 2024-02-12 09:39:06 --> mysqli_sql_exception: Cannot delete or update a parent row: a foreign key constraint fails (`dashboard`.`invoicedetail`, CONSTRAINT `fk_ArtMenu` FOREIGN KEY (`idArtMenu`) REFERENCES `artmenu` (`idArtMenu`)) in C:\xampp\htdocs\HMS_RegexByte\system\Database\MySQLi\Connection.php:306
Stack trace:
#0 C:\xampp\htdocs\HMS_RegexByte\system\Database\MySQLi\Connection.php(306): mysqli->query('DELETE FROM `ar...', 0)
#1 C:\xampp\htdocs\HMS_RegexByte\system\Database\BaseConnection.php(693): CodeIgniter\Database\MySQLi\Connection->execute('DELETE FROM `ar...')
#2 C:\xampp\htdocs\HMS_RegexByte\system\Database\BaseConnection.php(607): CodeIgniter\Database\BaseConnection->simpleQuery('DELETE FROM `ar...')
#3 C:\xampp\htdocs\HMS_RegexByte\system\Database\BaseBuilder.php(2790): CodeIgniter\Database\BaseConnection->query('DELETE FROM `ar...', Array, false)
#4 C:\xampp\htdocs\HMS_RegexByte\system\Model.php(445): CodeIgniter\Database\BaseBuilder->delete()
#5 C:\xampp\htdocs\HMS_RegexByte\system\BaseModel.php(1080): CodeIgniter\Model->doDelete(NULL, false)
#6 C:\xampp\htdocs\HMS_RegexByte\app\Models\ServicesModel.php(77): CodeIgniter\BaseModel->delete()
#7 C:\xampp\htdocs\HMS_RegexByte\app\Controllers\ServiceController.php(115): App\Models\ServicesModel->deleteService('10')
#8 C:\xampp\htdocs\HMS_RegexByte\system\CodeIgniter.php(942): App\Controllers\ServiceController->deleteService('10')
#9 C:\xampp\htdocs\HMS_RegexByte\system\CodeIgniter.php(502): CodeIgniter\CodeIgniter->runController(Object(App\Controllers\ServiceController))
#10 C:\xampp\htdocs\HMS_RegexByte\system\CodeIgniter.php(361): CodeIgniter\CodeIgniter->handleRequest(NULL, Object(Config\Cache), false)
#11 C:\xampp\htdocs\HMS_RegexByte\index.php(79): CodeIgniter\CodeIgniter->run()
#12 {main}
CRITICAL - 2024-02-12 09:39:06 --> Cannot delete or update a parent row: a foreign key constraint fails (`dashboard`.`invoicedetail`, CONSTRAINT `fk_ArtMenu` FOREIGN KEY (`idArtMenu`) REFERENCES `artmenu` (`idArtMenu`))
in SYSTEMPATH\Database\BaseConnection.php on line 647.
 1 SYSTEMPATH\Database\BaseBuilder.php(2790): CodeIgniter\Database\BaseConnection->query('DELETE FROM `artmenu`
WHERE `idArtMenu` = :idArtMenu:', [...], false)
 2 SYSTEMPATH\Model.php(445): CodeIgniter\Database\BaseBuilder->delete()
 3 SYSTEMPATH\BaseModel.php(1080): CodeIgniter\Model->doDelete(null, false)
 4 APPPATH\Models\ServicesModel.php(77): CodeIgniter\BaseModel->delete()
 5 APPPATH\Controllers\ServiceController.php(115): App\Models\ServicesModel->deleteService('10')
 6 SYSTEMPATH\CodeIgniter.php(942): App\Controllers\ServiceController->deleteService('10')
 7 SYSTEMPATH\CodeIgniter.php(502): CodeIgniter\CodeIgniter->runController(Object(App\Controllers\ServiceController))
 8 SYSTEMPATH\CodeIgniter.php(361): CodeIgniter\CodeIgniter->handleRequest(null, Object(Config\Cache), false)
 9 FCPATH\index.php(79): CodeIgniter\CodeIgniter->run()
INFO - 2024-02-12 09:39:09 --> Session: Class initialized using 'CodeIgniter\Session\Handlers\FileHandler' driver.
INFO - 2024-02-12 09:39:35 --> Session: Class initialized using 'CodeIgniter\Session\Handlers\FileHandler' driver.
ERROR - 2024-02-12 09:39:39 --> mysqli_sql_exception: Cannot delete or update a parent row: a foreign key constraint fails (`dashboard`.`invoicedetail`, CONSTRAINT `fk_ArtMenu` FOREIGN KEY (`idArtMenu`) REFERENCES `artmenu` (`idArtMenu`)) in C:\xampp\htdocs\HMS_RegexByte\system\Database\MySQLi\Connection.php:306
Stack trace:
#0 C:\xampp\htdocs\HMS_RegexByte\system\Database\MySQLi\Connection.php(306): mysqli->query('DELETE FROM `ar...', 0)
#1 C:\xampp\htdocs\HMS_RegexByte\system\Database\BaseConnection.php(693): CodeIgniter\Database\MySQLi\Connection->execute('DELETE FROM `ar...')
#2 C:\xampp\htdocs\HMS_RegexByte\system\Database\BaseConnection.php(607): CodeIgniter\Database\BaseConnection->simpleQuery('DELETE FROM `ar...')
#3 C:\xampp\htdocs\HMS_RegexByte\system\Database\BaseBuilder.php(2790): CodeIgniter\Database\BaseConnection->query('DELETE FROM `ar...', Array, false)
#4 C:\xampp\htdocs\HMS_RegexByte\system\Model.php(445): CodeIgniter\Database\BaseBuilder->delete()
#5 C:\xampp\htdocs\HMS_RegexByte\system\BaseModel.php(1080): CodeIgniter\Model->doDelete(NULL, false)
#6 C:\xampp\htdocs\HMS_RegexByte\app\Models\ServicesModel.php(77): CodeIgniter\BaseModel->delete()
#7 C:\xampp\htdocs\HMS_RegexByte\app\Controllers\ServiceController.php(115): App\Models\ServicesModel->deleteService('10')
#8 C:\xampp\htdocs\HMS_RegexByte\system\CodeIgniter.php(942): App\Controllers\ServiceController->deleteService('10')
#9 C:\xampp\htdocs\HMS_RegexByte\system\CodeIgniter.php(502): CodeIgniter\CodeIgniter->runController(Object(App\Controllers\ServiceController))
#10 C:\xampp\htdocs\HMS_RegexByte\system\CodeIgniter.php(361): CodeIgniter\CodeIgniter->handleRequest(NULL, Object(Config\Cache), false)
#11 C:\xampp\htdocs\HMS_RegexByte\index.php(79): CodeIgniter\CodeIgniter->run()
#12 {main}
CRITICAL - 2024-02-12 09:39:39 --> Cannot delete or update a parent row: a foreign key constraint fails (`dashboard`.`invoicedetail`, CONSTRAINT `fk_ArtMenu` FOREIGN KEY (`idArtMenu`) REFERENCES `artmenu` (`idArtMenu`))
in SYSTEMPATH\Database\BaseConnection.php on line 647.
 1 SYSTEMPATH\Database\BaseBuilder.php(2790): CodeIgniter\Database\BaseConnection->query('DELETE FROM `artmenu`
WHERE `idArtMenu` = :idArtMenu:', [...], false)
 2 SYSTEMPATH\Model.php(445): CodeIgniter\Database\BaseBuilder->delete()
 3 SYSTEMPATH\BaseModel.php(1080): CodeIgniter\Model->doDelete(null, false)
 4 APPPATH\Models\ServicesModel.php(77): CodeIgniter\BaseModel->delete()
 5 APPPATH\Controllers\ServiceController.php(115): App\Models\ServicesModel->deleteService('10')
 6 SYSTEMPATH\CodeIgniter.php(942): App\Controllers\ServiceController->deleteService('10')
 7 SYSTEMPATH\CodeIgniter.php(502): CodeIgniter\CodeIgniter->runController(Object(App\Controllers\ServiceController))
 8 SYSTEMPATH\CodeIgniter.php(361): CodeIgniter\CodeIgniter->handleRequest(null, Object(Config\Cache), false)
 9 FCPATH\index.php(79): CodeIgniter\CodeIgniter->run()
INFO - 2024-02-12 09:39:46 --> Session: Class initialized using 'CodeIgniter\Session\Handlers\FileHandler' driver.
INFO - 2024-02-12 09:39:59 --> Session: Class initialized using 'CodeIgniter\Session\Handlers\FileHandler' driver.
INFO - 2024-02-12 09:58:40 --> Session: Class initialized using 'CodeIgniter\Session\Handlers\FileHandler' driver.
INFO - 2024-02-12 09:58:49 --> Session: Class initialized using 'CodeIgniter\Session\Handlers\FileHandler' driver.
INFO - 2024-02-12 09:59:27 --> Session: Class initialized using 'CodeIgniter\Session\Handlers\FileHandler' driver.
INFO - 2024-02-12 09:59:38 --> Session: Class initialized using 'CodeIgniter\Session\Handlers\FileHandler' driver.
INFO - 2024-02-12 09:59:51 --> Session: Class initialized using 'CodeIgniter\Session\Handlers\FileHandler' driver.
INFO - 2024-02-12 10:00:07 --> Session: Class initialized using 'CodeIgniter\Session\Handlers\FileHandler' driver.
INFO - 2024-02-12 10:07:22 --> Session: Class initialized using 'CodeIgniter\Session\Handlers\FileHandler' driver.
INFO - 2024-02-12 10:07:34 --> Session: Class initialized using 'CodeIgniter\Session\Handlers\FileHandler' driver.
INFO - 2024-02-12 10:07:45 --> Session: Class initialized using 'CodeIgniter\Session\Handlers\FileHandler' driver.
INFO - 2024-02-12 10:13:34 --> Session: Class initialized using 'CodeIgniter\Session\Handlers\FileHandler' driver.
INFO - 2024-02-12 10:13:48 --> Session: Class initialized using 'CodeIgniter\Session\Handlers\FileHandler' driver.
INFO - 2024-02-12 10:13:53 --> Session: Class initialized using 'CodeIgniter\Session\Handlers\FileHandler' driver.
INFO - 2024-02-12 10:13:55 --> Client ID: 2
INFO - 2024-02-12 10:14:00 --> Client ID: 3
INFO - 2024-02-12 10:14:10 --> Client ID: 4
INFO - 2024-02-12 10:14:15 --> Client ID: 2
INFO - 2024-02-12 10:20:36 --> Session: Class initialized using 'CodeIgniter\Session\Handlers\FileHandler' driver.
INFO - 2024-02-12 10:20:39 --> Client ID: 2
INFO - 2024-02-12 10:20:43 --> Client ID: 3
INFO - 2024-02-12 10:20:45 --> Client ID: 4
INFO - 2024-02-12 10:20:47 --> Client ID: 5
INFO - 2024-02-12 10:20:54 --> Client ID: 4
INFO - 2024-02-12 10:20:56 --> Client ID: 2
INFO - 2024-02-12 10:21:45 --> Client ID: 3
INFO - 2024-02-12 10:21:48 --> Client ID: 4
INFO - 2024-02-12 10:26:34 --> Session: Class initialized using 'CodeIgniter\Session\Handlers\FileHandler' driver.
INFO - 2024-02-12 10:26:37 --> Client ID: 2
INFO - 2024-02-12 10:26:40 --> Client ID: 3
INFO - 2024-02-12 10:26:43 --> Client ID: 5
INFO - 2024-02-12 10:26:46 --> Client ID: 4
INFO - 2024-02-12 10:26:48 --> Client ID: 3
INFO - 2024-02-12 10:26:50 --> Client ID: 2
INFO - 2024-02-12 10:26:51 --> Client ID: 5
INFO - 2024-02-12 10:28:40 --> Session: Class initialized using 'CodeIgniter\Session\Handlers\FileHandler' driver.
INFO - 2024-02-12 10:28:42 --> Client ID: 2
INFO - 2024-02-12 10:29:59 --> Client ID: 5
INFO - 2024-02-12 10:30:01 --> Client ID: 3
INFO - 2024-02-12 10:31:23 --> Session: Class initialized using 'CodeIgniter\Session\Handlers\FileHandler' driver.
INFO - 2024-02-12 10:31:26 --> Client ID: 2
INFO - 2024-02-12 10:31:28 --> Client ID: 3
INFO - 2024-02-12 10:31:31 --> Client ID: 5
INFO - 2024-02-12 10:32:29 --> Client ID: 3
INFO - 2024-02-12 10:32:33 --> Session: Class initialized using 'CodeIgniter\Session\Handlers\FileHandler' driver.
INFO - 2024-02-12 10:34:24 --> Session: Class initialized using 'CodeIgniter\Session\Handlers\FileHandler' driver.
INFO - 2024-02-12 10:34:26 --> Client ID: 2
INFO - 2024-02-12 10:43:27 --> Client ID: 2
INFO - 2024-02-12 10:43:29 --> Client ID: 3
INFO - 2024-02-12 10:43:33 --> Client ID: 4
INFO - 2024-02-12 10:43:37 --> Client ID: 5
INFO - 2024-02-12 10:43:40 --> Client ID: 4
INFO - 2024-02-12 10:43:42 --> Client ID: 3
INFO - 2024-02-12 10:43:44 --> Client ID: 2
INFO - 2024-02-12 10:43:46 --> Client ID: 3
INFO - 2024-02-12 11:07:06 --> Session: Class initialized using 'CodeIgniter\Session\Handlers\FileHandler' driver.
INFO - 2024-02-12 11:07:09 --> Client ID: 2
INFO - 2024-02-12 11:07:16 --> Session: Class initialized using 'CodeIgniter\Session\Handlers\FileHandler' driver.
CRITICAL - 2024-02-12 11:07:16 --> Undefined array key "invOrdNum"
in APPPATH\Views\Sales_table.php on line 251.
 1 APPPATH\Views\Sales_table.php(251): CodeIgniter\Debug\Exceptions->errorHandler(2, 'Undefined array key "invOrdNum"', 'C:\\xampp\\htdocs\\HMS_RegexByte\\app\\Views\\Sales_table.php', 251)
 2 SYSTEMPATH\View\View.php(228): include('C:\\xampp\\htdocs\\HMS_RegexByte\\app\\Views\\Sales_table.php')
 3 SYSTEMPATH\View\View.php(231): CodeIgniter\View\View->CodeIgniter\View\{closure}()
 4 SYSTEMPATH\Common.php(1190): CodeIgniter\View\View->render('Sales_table.php', [], true)
 5 APPPATH\Controllers\SalesController.php(40): view('Sales_table.php', [...])
 6 SYSTEMPATH\CodeIgniter.php(942): App\Controllers\SalesController->Sales_table()
 7 SYSTEMPATH\CodeIgniter.php(502): CodeIgniter\CodeIgniter->runController(Object(App\Controllers\SalesController))
 8 SYSTEMPATH\CodeIgniter.php(361): CodeIgniter\CodeIgniter->handleRequest(null, Object(Config\Cache), false)
 9 FCPATH\index.php(79): CodeIgniter\CodeIgniter->run()
INFO - 2024-02-12 11:08:18 --> Session: Class initialized using 'CodeIgniter\Session\Handlers\FileHandler' driver.
INFO - 2024-02-12 11:08:20 --> Client ID: 2
INFO - 2024-02-12 11:08:26 --> Session: Class initialized using 'CodeIgniter\Session\Handlers\FileHandler' driver.
CRITICAL - 2024-02-12 11:08:26 --> Undefined array key "client"
in APPPATH\Views\Sales_table.php on line 254.
 1 APPPATH\Views\Sales_table.php(254): CodeIgniter\Debug\Exceptions->errorHandler(2, 'Undefined array key "client"', 'C:\\xampp\\htdocs\\HMS_RegexByte\\app\\Views\\Sales_table.php', 254)
 2 SYSTEMPATH\View\View.php(228): include('C:\\xampp\\htdocs\\HMS_RegexByte\\app\\Views\\Sales_table.php')
 3 SYSTEMPATH\View\View.php(231): CodeIgniter\View\View->CodeIgniter\View\{closure}()
 4 SYSTEMPATH\Common.php(1190): CodeIgniter\View\View->render('Sales_table.php', [], true)
 5 APPPATH\Controllers\SalesController.php(40): view('Sales_table.php', [...])
 6 SYSTEMPATH\CodeIgniter.php(942): App\Controllers\SalesController->Sales_table()
 7 SYSTEMPATH\CodeIgniter.php(502): CodeIgniter\CodeIgniter->runController(Object(App\Controllers\SalesController))
 8 SYSTEMPATH\CodeIgniter.php(361): CodeIgniter\CodeIgniter->handleRequest(null, Object(Config\Cache), false)
 9 FCPATH\index.php(79): CodeIgniter\CodeIgniter->run()
INFO - 2024-02-12 11:09:21 --> Session: Class initialized using 'CodeIgniter\Session\Handlers\FileHandler' driver.
INFO - 2024-02-12 11:09:23 --> Client ID: 2
INFO - 2024-02-12 11:09:27 --> Session: Class initialized using 'CodeIgniter\Session\Handlers\FileHandler' driver.
INFO - 2024-02-12 11:10:02 --> Session: Class initialized using 'CodeIgniter\Session\Handlers\FileHandler' driver.
INFO - 2024-02-12 11:10:03 --> Session: Class initialized using 'CodeIgniter\Session\Handlers\FileHandler' driver.
INFO - 2024-02-12 11:14:24 --> Session: Class initialized using 'CodeIgniter\Session\Handlers\FileHandler' driver.
INFO - 2024-02-12 11:14:29 --> Session: Class initialized using 'CodeIgniter\Session\Handlers\FileHandler' driver.
INFO - 2024-02-12 11:14:34 --> Session: Class initialized using 'CodeIgniter\Session\Handlers\FileHandler' driver.
INFO - 2024-02-12 11:14:34 --> Session: Class initialized using 'CodeIgniter\Session\Handlers\FileHandler' driver.
INFO - 2024-02-12 11:15:35 --> Session: Class initialized using 'CodeIgniter\Session\Handlers\FileHandler' driver.
INFO - 2024-02-12 11:15:41 --> Session: Class initialized using 'CodeIgniter\Session\Handlers\FileHandler' driver.
INFO - 2024-02-12 11:15:41 --> Session: Class initialized using 'CodeIgniter\Session\Handlers\FileHandler' driver.
INFO - 2024-02-12 11:15:48 --> Session: Class initialized using 'CodeIgniter\Session\Handlers\FileHandler' driver.
INFO - 2024-02-12 11:16:24 --> Session: Class initialized using 'CodeIgniter\Session\Handlers\FileHandler' driver.
ERROR - 2024-02-12 11:16:29 --> mysqli_sql_exception: Unknown column 'idReceipts' in 'where clause' in C:\xampp\htdocs\HMS_RegexByte\system\Database\MySQLi\Connection.php:306
Stack trace:
#0 C:\xampp\htdocs\HMS_RegexByte\system\Database\MySQLi\Connection.php(306): mysqli->query('DELETE FROM `ar...', 0)
#1 C:\xampp\htdocs\HMS_RegexByte\system\Database\BaseConnection.php(693): CodeIgniter\Database\MySQLi\Connection->execute('DELETE FROM `ar...')
#2 C:\xampp\htdocs\HMS_RegexByte\system\Database\BaseConnection.php(607): CodeIgniter\Database\BaseConnection->simpleQuery('DELETE FROM `ar...')
#3 C:\xampp\htdocs\HMS_RegexByte\system\Database\BaseBuilder.php(2790): CodeIgniter\Database\BaseConnection->query('DELETE FROM `ar...', Array, false)
#4 C:\xampp\htdocs\HMS_RegexByte\system\Model.php(445): CodeIgniter\Database\BaseBuilder->delete()
#5 C:\xampp\htdocs\HMS_RegexByte\system\BaseModel.php(1080): CodeIgniter\Model->doDelete(NULL, false)
#6 C:\xampp\htdocs\HMS_RegexByte\app\Models\salesModel.php(97): CodeIgniter\BaseModel->delete()
#7 C:\xampp\htdocs\HMS_RegexByte\app\Controllers\SalesController.php(174): App\Models\salesModel->deleteSales('54')
#8 C:\xampp\htdocs\HMS_RegexByte\system\CodeIgniter.php(942): App\Controllers\SalesController->deleteSales('54')
#9 C:\xampp\htdocs\HMS_RegexByte\system\CodeIgniter.php(502): CodeIgniter\CodeIgniter->runController(Object(App\Controllers\SalesController))
#10 C:\xampp\htdocs\HMS_RegexByte\system\CodeIgniter.php(361): CodeIgniter\CodeIgniter->handleRequest(NULL, Object(Config\Cache), false)
#11 C:\xampp\htdocs\HMS_RegexByte\index.php(79): CodeIgniter\CodeIgniter->run()
#12 {main}
CRITICAL - 2024-02-12 11:16:29 --> Unknown column 'idReceipts' in 'where clause'
in SYSTEMPATH\Database\BaseConnection.php on line 647.
 1 SYSTEMPATH\Database\BaseBuilder.php(2790): CodeIgniter\Database\BaseConnection->query('DELETE FROM `artmenu`
WHERE `idReceipts` = :idReceipts:', [...], false)
 2 SYSTEMPATH\Model.php(445): CodeIgniter\Database\BaseBuilder->delete()
 3 SYSTEMPATH\BaseModel.php(1080): CodeIgniter\Model->doDelete(null, false)
 4 APPPATH\Models\salesModel.php(97): CodeIgniter\BaseModel->delete()
 5 APPPATH\Controllers\SalesController.php(174): App\Models\salesModel->deleteSales('54')
 6 SYSTEMPATH\CodeIgniter.php(942): App\Controllers\SalesController->deleteSales('54')
 7 SYSTEMPATH\CodeIgniter.php(502): CodeIgniter\CodeIgniter->runController(Object(App\Controllers\SalesController))
 8 SYSTEMPATH\CodeIgniter.php(361): CodeIgniter\CodeIgniter->handleRequest(null, Object(Config\Cache), false)
 9 FCPATH\index.php(79): CodeIgniter\CodeIgniter->run()
INFO - 2024-02-12 11:17:34 --> Session: Class initialized using 'CodeIgniter\Session\Handlers\FileHandler' driver.
ERROR - 2024-02-12 11:17:38 --> mysqli_sql_exception: Cannot delete or update a parent row: a foreign key constraint fails (`dashboard`.`invoicepayment`, CONSTRAINT `fk_receipt` FOREIGN KEY (`idReceipt`) REFERENCES `invoices` (`idReceipts`)) in C:\xampp\htdocs\HMS_RegexByte\system\Database\MySQLi\Connection.php:306
Stack trace:
#0 C:\xampp\htdocs\HMS_RegexByte\system\Database\MySQLi\Connection.php(306): mysqli->query('DELETE FROM `in...', 0)
#1 C:\xampp\htdocs\HMS_RegexByte\system\Database\BaseConnection.php(693): CodeIgniter\Database\MySQLi\Connection->execute('DELETE FROM `in...')
#2 C:\xampp\htdocs\HMS_RegexByte\system\Database\BaseConnection.php(607): CodeIgniter\Database\BaseConnection->simpleQuery('DELETE FROM `in...')
#3 C:\xampp\htdocs\HMS_RegexByte\system\Database\BaseBuilder.php(2790): CodeIgniter\Database\BaseConnection->query('DELETE FROM `in...', Array, false)
#4 C:\xampp\htdocs\HMS_RegexByte\app\Models\salesModel.php(98): CodeIgniter\Database\BaseBuilder->delete()
#5 C:\xampp\htdocs\HMS_RegexByte\app\Controllers\SalesController.php(174): App\Models\salesModel->deleteSales('54')
#6 C:\xampp\htdocs\HMS_RegexByte\system\CodeIgniter.php(942): App\Controllers\SalesController->deleteSales('54')
#7 C:\xampp\htdocs\HMS_RegexByte\system\CodeIgniter.php(502): CodeIgniter\CodeIgniter->runController(Object(App\Controllers\SalesController))
#8 C:\xampp\htdocs\HMS_RegexByte\system\CodeIgniter.php(361): CodeIgniter\CodeIgniter->handleRequest(NULL, Object(Config\Cache), false)
#9 C:\xampp\htdocs\HMS_RegexByte\index.php(79): CodeIgniter\CodeIgniter->run()
#10 {main}
CRITICAL - 2024-02-12 11:17:38 --> Cannot delete or update a parent row: a foreign key constraint fails (`dashboard`.`invoicepayment`, CONSTRAINT `fk_receipt` FOREIGN KEY (`idReceipt`) REFERENCES `invoices` (`idReceipts`))
in SYSTEMPATH\Database\BaseConnection.php on line 647.
 1 SYSTEMPATH\Database\BaseBuilder.php(2790): CodeIgniter\Database\BaseConnection->query('DELETE FROM `invoices`
WHERE `idReceipts` = :idReceipts:', [...], false)
 2 APPPATH\Models\salesModel.php(98): CodeIgniter\Database\BaseBuilder->delete()
 3 APPPATH\Controllers\SalesController.php(174): App\Models\salesModel->deleteSales('54')
 4 SYSTEMPATH\CodeIgniter.php(942): App\Controllers\SalesController->deleteSales('54')
 5 SYSTEMPATH\CodeIgniter.php(502): CodeIgniter\CodeIgniter->runController(Object(App\Controllers\SalesController))
 6 SYSTEMPATH\CodeIgniter.php(361): CodeIgniter\CodeIgniter->handleRequest(null, Object(Config\Cache), false)
 7 FCPATH\index.php(79): CodeIgniter\CodeIgniter->run()
INFO - 2024-02-12 11:17:42 --> Session: Class initialized using 'CodeIgniter\Session\Handlers\FileHandler' driver.
INFO - 2024-02-12 11:17:51 --> Session: Class initialized using 'CodeIgniter\Session\Handlers\FileHandler' driver.
INFO - 2024-02-12 11:17:53 --> Client ID: 2
INFO - 2024-02-12 11:17:57 --> Session: Class initialized using 'CodeIgniter\Session\Handlers\FileHandler' driver.
INFO - 2024-02-12 11:23:46 --> Session: Class initialized using 'CodeIgniter\Session\Handlers\FileHandler' driver.
CRITICAL - 2024-02-12 11:23:46 --> Undefined variable $test
in APPPATH\Views\Sales_table.php on line 269.
 1 APPPATH\Views\Sales_table.php(269): CodeIgniter\Debug\Exceptions->errorHandler(2, 'Undefined variable $test', 'C:\\xampp\\htdocs\\HMS_RegexByte\\app\\Views\\Sales_table.php', 269)
 2 SYSTEMPATH\View\View.php(228): include('C:\\xampp\\htdocs\\HMS_RegexByte\\app\\Views\\Sales_table.php')
 3 SYSTEMPATH\View\View.php(231): CodeIgniter\View\View->CodeIgniter\View\{closure}()
 4 SYSTEMPATH\Common.php(1190): CodeIgniter\View\View->render('Sales_table.php', [], true)
 5 APPPATH\Controllers\SalesController.php(40): view('Sales_table.php', [...])
 6 SYSTEMPATH\CodeIgniter.php(942): App\Controllers\SalesController->Sales_table()
 7 SYSTEMPATH\CodeIgniter.php(502): CodeIgniter\CodeIgniter->runController(Object(App\Controllers\SalesController))
 8 SYSTEMPATH\CodeIgniter.php(361): CodeIgniter\CodeIgniter->handleRequest(null, Object(Config\Cache), false)
 9 FCPATH\index.php(79): CodeIgniter\CodeIgniter->run()
INFO - 2024-02-12 11:25:31 --> Session: Class initialized using 'CodeIgniter\Session\Handlers\FileHandler' driver.
INFO - 2024-02-12 11:25:40 --> Session: Class initialized using 'CodeIgniter\Session\Handlers\FileHandler' driver.
CRITICAL - 2024-02-12 11:25:40 --> Undefined array key "idReceipts"
in APPPATH\Views\Sales_table.php on line 269.
 1 APPPATH\Views\Sales_table.php(269): CodeIgniter\Debug\Exceptions->errorHandler(2, 'Undefined array key "idReceipts"', 'C:\\xampp\\htdocs\\HMS_RegexByte\\app\\Views\\Sales_table.php', 269)
 2 SYSTEMPATH\View\View.php(228): include('C:\\xampp\\htdocs\\HMS_RegexByte\\app\\Views\\Sales_table.php')
 3 SYSTEMPATH\View\View.php(231): CodeIgniter\View\View->CodeIgniter\View\{closure}()
 4 SYSTEMPATH\Common.php(1190): CodeIgniter\View\View->render('Sales_table.php', [], true)
 5 APPPATH\Controllers\SalesController.php(40): view('Sales_table.php', [...])
 6 SYSTEMPATH\CodeIgniter.php(942): App\Controllers\SalesController->Sales_table()
 7 SYSTEMPATH\CodeIgniter.php(502): CodeIgniter\CodeIgniter->runController(Object(App\Controllers\SalesController))
 8 SYSTEMPATH\CodeIgniter.php(361): CodeIgniter\CodeIgniter->handleRequest(null, Object(Config\Cache), false)
 9 FCPATH\index.php(79): CodeIgniter\CodeIgniter->run()
INFO - 2024-02-12 11:25:56 --> Session: Class initialized using 'CodeIgniter\Session\Handlers\FileHandler' driver.
INFO - 2024-02-12 11:26:59 --> Session: Class initialized using 'CodeIgniter\Session\Handlers\FileHandler' driver.
INFO - 2024-02-12 11:27:32 --> Session: Class initialized using 'CodeIgniter\Session\Handlers\FileHandler' driver.
INFO - 2024-02-12 11:27:35 --> Session: Class initialized using 'CodeIgniter\Session\Handlers\FileHandler' driver.
INFO - 2024-02-12 11:36:36 --> Session: Class initialized using 'CodeIgniter\Session\Handlers\FileHandler' driver.
INFO - 2024-02-12 11:36:43 --> Session: Class initialized using 'CodeIgniter\Session\Handlers\FileHandler' driver.
INFO - 2024-02-12 11:36:55 --> Session: Class initialized using 'CodeIgniter\Session\Handlers\FileHandler' driver.
INFO - 2024-02-12 11:38:10 --> Session: Class initialized using 'CodeIgniter\Session\Handlers\FileHandler' driver.
CRITICAL - 2024-02-12 11:38:10 --> Undefined variable $Sales
in APPPATH\Views\Sales_table.php on line 246.
 1 APPPATH\Views\Sales_table.php(246): CodeIgniter\Debug\Exceptions->errorHandler(2, 'Undefined variable $Sales', 'C:\\xampp\\htdocs\\HMS_RegexByte\\app\\Views\\Sales_table.php', 246)
 2 SYSTEMPATH\View\View.php(228): include('C:\\xampp\\htdocs\\HMS_RegexByte\\app\\Views\\Sales_table.php')
 3 SYSTEMPATH\View\View.php(231): CodeIgniter\View\View->CodeIgniter\View\{closure}()
 4 SYSTEMPATH\Common.php(1190): CodeIgniter\View\View->render('Sales_table', [], true)
 5 APPPATH\Controllers\SalesController.php(190): view('Sales_table', [...])
 6 SYSTEMPATH\CodeIgniter.php(942): App\Controllers\SalesController->viewServiceDetails('51')
 7 SYSTEMPATH\CodeIgniter.php(502): CodeIgniter\CodeIgniter->runController(Object(App\Controllers\SalesController))
 8 SYSTEMPATH\CodeIgniter.php(361): CodeIgniter\CodeIgniter->handleRequest(null, Object(Config\Cache), false)
 9 FCPATH\index.php(79): CodeIgniter\CodeIgniter->run()
INFO - 2024-02-12 11:47:15 --> Session: Class initialized using 'CodeIgniter\Session\Handlers\FileHandler' driver.
INFO - 2024-02-12 11:47:34 --> Session: Class initialized using 'CodeIgniter\Session\Handlers\FileHandler' driver.
INFO - 2024-02-12 11:48:12 --> Session: Class initialized using 'CodeIgniter\Session\Handlers\FileHandler' driver.
INFO - 2024-02-12 11:48:43 --> Session: Class initialized using 'CodeIgniter\Session\Handlers\FileHandler' driver.
INFO - 2024-02-12 11:48:50 --> Session: Class initialized using 'CodeIgniter\Session\Handlers\FileHandler' driver.
INFO - 2024-02-12 11:49:03 --> Session: Class initialized using 'CodeIgniter\Session\Handlers\FileHandler' driver.
INFO - 2024-02-12 11:49:09 --> Session: Class initialized using 'CodeIgniter\Session\Handlers\FileHandler' driver.
INFO - 2024-02-12 11:49:15 --> Session: Class initialized using 'CodeIgniter\Session\Handlers\FileHandler' driver.
INFO - 2024-02-12 11:49:18 --> Session: Class initialized using 'CodeIgniter\Session\Handlers\FileHandler' driver.
INFO - 2024-02-12 11:49:26 --> Session: Class initialized using 'CodeIgniter\Session\Handlers\FileHandler' driver.
INFO - 2024-02-12 11:49:30 --> Session: Class initialized using 'CodeIgniter\Session\Handlers\FileHandler' driver.
INFO - 2024-02-12 11:49:40 --> Session: Class initialized using 'CodeIgniter\Session\Handlers\FileHandler' driver.
INFO - 2024-02-12 11:59:23 --> Session: Class initialized using 'CodeIgniter\Session\Handlers\FileHandler' driver.
INFO - 2024-02-12 12:00:20 --> Session: Class initialized using 'CodeIgniter\Session\Handlers\FileHandler' driver.
INFO - 2024-02-12 12:10:10 --> Session: Class initialized using 'CodeIgniter\Session\Handlers\FileHandler' driver.
INFO - 2024-02-12 12:11:04 --> Session: Class initialized using 'CodeIgniter\Session\Handlers\FileHandler' driver.
INFO - 2024-02-12 12:11:23 --> Session: Class initialized using 'CodeIgniter\Session\Handlers\FileHandler' driver.
INFO - 2024-02-12 12:11:34 --> Session: Class initialized using 'CodeIgniter\Session\Handlers\FileHandler' driver.
INFO - 2024-02-12 12:11:40 --> Session: Class initialized using 'CodeIgniter\Session\Handlers\FileHandler' driver.
INFO - 2024-02-12 12:12:07 --> Session: Class initialized using 'CodeIgniter\Session\Handlers\FileHandler' driver.
INFO - 2024-02-12 12:19:24 --> Session: Class initialized using 'CodeIgniter\Session\Handlers\FileHandler' driver.
INFO - 2024-02-12 12:19:29 --> Session: Class initialized using 'CodeIgniter\Session\Handlers\FileHandler' driver.
INFO - 2024-02-12 12:19:40 --> Session: Class initialized using 'CodeIgniter\Session\Handlers\FileHandler' driver.
INFO - 2024-02-12 12:19:45 --> Session: Class initialized using 'CodeIgniter\Session\Handlers\FileHandler' driver.
INFO - 2024-02-12 12:19:49 --> Session: Class initialized using 'CodeIgniter\Session\Handlers\FileHandler' driver.
INFO - 2024-02-12 12:19:57 --> Session: Class initialized using 'CodeIgniter\Session\Handlers\FileHandler' driver.
INFO - 2024-02-12 12:20:01 --> Session: Class initialized using 'CodeIgniter\Session\Handlers\FileHandler' driver.
INFO - 2024-02-12 12:20:27 --> Session: Class initialized using 'CodeIgniter\Session\Handlers\FileHandler' driver.
INFO - 2024-02-12 12:22:00 --> Session: Class initialized using 'CodeIgniter\Session\Handlers\FileHandler' driver.
INFO - 2024-02-12 12:22:17 --> Session: Class initialized using 'CodeIgniter\Session\Handlers\FileHandler' driver.
INFO - 2024-02-12 12:22:28 --> Session: Class initialized using 'CodeIgniter\Session\Handlers\FileHandler' driver.
INFO - 2024-02-12 12:23:16 --> Session: Class initialized using 'CodeIgniter\Session\Handlers\FileHandler' driver.
INFO - 2024-02-12 12:23:37 --> Session: Class initialized using 'CodeIgniter\Session\Handlers\FileHandler' driver.
