ERROR - 2024-01-18 03:17:21 --> mysqli_sql_exception: Table 'dashboard.users' doesn't exist in C:\xampp\htdocs\login_ci4\system\Database\MySQLi\Connection.php:306
Stack trace:
#0 C:\xampp\htdocs\login_ci4\system\Database\MySQLi\Connection.php(306): mysqli->query('SELECT *\nFROM `...', 0)
#1 C:\xampp\htdocs\login_ci4\system\Database\BaseConnection.php(693): CodeIgniter\Database\MySQLi\Connection->execute('SELECT *\nFROM `...')
#2 C:\xampp\htdocs\login_ci4\system\Database\BaseConnection.php(607): CodeIgniter\Database\BaseConnection->simpleQuery('SELECT *\nFROM `...')
#3 C:\xampp\htdocs\login_ci4\system\Database\BaseBuilder.php(1615): CodeIgniter\Database\BaseConnection->query('SELECT *\nFROM `...', Array, false)
#4 C:\xampp\htdocs\login_ci4\system\Model.php(264): CodeIgniter\Database\BaseBuilder->get()
#5 C:\xampp\htdocs\login_ci4\system\BaseModel.php(662): CodeIgniter\Model->doFirst()
#6 C:\xampp\htdocs\login_ci4\app\Models\LoginModel.php(14): CodeIgniter\BaseModel->first()
#7 C:\xampp\htdocs\login_ci4\app\Controllers\LoginController.php(42): App\Models\LoginModel->getUserByEmail('hamad@gmail.com')
#8 C:\xampp\htdocs\login_ci4\system\CodeIgniter.php(942): App\Controllers\LoginController->loginSave()
#9 C:\xampp\htdocs\login_ci4\system\CodeIgniter.php(502): CodeIgniter\CodeIgniter->runController(Object(App\Controllers\LoginController))
#10 C:\xampp\htdocs\login_ci4\system\CodeIgniter.php(361): CodeIgniter\CodeIgniter->handleRequest(NULL, Object(Config\Cache), false)
#11 C:\xampp\htdocs\login_ci4\index.php(79): CodeIgniter\CodeIgniter->run()
#12 {main}
CRITICAL - 2024-01-18 03:17:21 --> Table 'dashboard.users' doesn't exist
in SYSTEMPATH\Database\BaseConnection.php on line 647.
 1 SYSTEMPATH\Database\BaseBuilder.php(1615): CodeIgniter\Database\BaseConnection->query('SELECT *
FROM `users`
WHERE `email` = :email:
 LIMIT 1', [...], false)
 2 SYSTEMPATH\Model.php(264): CodeIgniter\Database\BaseBuilder->get()
 3 SYSTEMPATH\BaseModel.php(662): CodeIgniter\Model->doFirst()
 4 APPPATH\Models\LoginModel.php(14): CodeIgniter\BaseModel->first()
 5 APPPATH\Controllers\LoginController.php(42): App\Models\LoginModel->getUserByEmail('hamad@gmail.com')
 6 SYSTEMPATH\CodeIgniter.php(942): App\Controllers\LoginController->loginSave()
 7 SYSTEMPATH\CodeIgniter.php(502): CodeIgniter\CodeIgniter->runController(Object(App\Controllers\LoginController))
 8 SYSTEMPATH\CodeIgniter.php(361): CodeIgniter\CodeIgniter->handleRequest(null, Object(Config\Cache), false)
 9 FCPATH\index.php(79): CodeIgniter\CodeIgniter->run()
CRITICAL - 2024-01-18 06:05:26 --> Undefined array key "Password"
in APPPATH\Controllers\LoginController.php on line 45.
 1 APPPATH\Controllers\LoginController.php(45): CodeIgniter\Debug\Exceptions->errorHandler(2, 'Undefined array key "Password"', 'C:\\xampp\\htdocs\\login_ci4\\app\\Controllers\\LoginController.php', 45)
 2 SYSTEMPATH\CodeIgniter.php(942): App\Controllers\LoginController->loginSave()
 3 SYSTEMPATH\CodeIgniter.php(502): CodeIgniter\CodeIgniter->runController(Object(App\Controllers\LoginController))
 4 SYSTEMPATH\CodeIgniter.php(361): CodeIgniter\CodeIgniter->handleRequest(null, Object(Config\Cache), false)
 5 FCPATH\index.php(79): CodeIgniter\CodeIgniter->run()
CRITICAL - 2024-01-18 10:28:25 --> Call to a member function getRandomName() on null
in APPPATH\Controllers\LoginController.php on line 78.
 1 SYSTEMPATH\CodeIgniter.php(942): App\Controllers\LoginController->store()
 2 SYSTEMPATH\CodeIgniter.php(502): CodeIgniter\CodeIgniter->runController(Object(App\Controllers\LoginController))
 3 SYSTEMPATH\CodeIgniter.php(361): CodeIgniter\CodeIgniter->handleRequest(null, Object(Config\Cache), false)
 4 FCPATH\index.php(79): CodeIgniter\CodeIgniter->run()
CRITICAL - 2024-01-18 10:31:40 --> Call to a member function getRandomName() on null
in APPPATH\Controllers\LoginController.php on line 78.
 1 SYSTEMPATH\CodeIgniter.php(942): App\Controllers\LoginController->store()
 2 SYSTEMPATH\CodeIgniter.php(502): CodeIgniter\CodeIgniter->runController(Object(App\Controllers\LoginController))
 3 SYSTEMPATH\CodeIgniter.php(361): CodeIgniter\CodeIgniter->handleRequest(null, Object(Config\Cache), false)
 4 FCPATH\index.php(79): CodeIgniter\CodeIgniter->run()
CRITICAL - 2024-01-18 10:38:01 --> Call to a member function getRandomName() on null
in APPPATH\Controllers\LoginController.php on line 79.
 1 SYSTEMPATH\CodeIgniter.php(942): App\Controllers\LoginController->store()
 2 SYSTEMPATH\CodeIgniter.php(502): CodeIgniter\CodeIgniter->runController(Object(App\Controllers\LoginController))
 3 SYSTEMPATH\CodeIgniter.php(361): CodeIgniter\CodeIgniter->handleRequest(null, Object(Config\Cache), false)
 4 FCPATH\index.php(79): CodeIgniter\CodeIgniter->run()
CRITICAL - 2024-01-18 10:38:09 --> Call to a member function getRandomName() on null
in APPPATH\Controllers\LoginController.php on line 79.
 1 SYSTEMPATH\CodeIgniter.php(942): App\Controllers\LoginController->store()
 2 SYSTEMPATH\CodeIgniter.php(502): CodeIgniter\CodeIgniter->runController(Object(App\Controllers\LoginController))
 3 SYSTEMPATH\CodeIgniter.php(361): CodeIgniter\CodeIgniter->handleRequest(null, Object(Config\Cache), false)
 4 FCPATH\index.php(79): CodeIgniter\CodeIgniter->run()
CRITICAL - 2024-01-18 10:39:03 --> Call to a member function getRandomName() on null
in APPPATH\Controllers\LoginController.php on line 79.
 1 SYSTEMPATH\CodeIgniter.php(942): App\Controllers\LoginController->store()
 2 SYSTEMPATH\CodeIgniter.php(502): CodeIgniter\CodeIgniter->runController(Object(App\Controllers\LoginController))
 3 SYSTEMPATH\CodeIgniter.php(361): CodeIgniter\CodeIgniter->handleRequest(null, Object(Config\Cache), false)
 4 FCPATH\index.php(79): CodeIgniter\CodeIgniter->run()
CRITICAL - 2024-01-18 10:43:33 --> Call to a member function getRandomName() on null
in APPPATH\Controllers\LoginController.php on line 79.
 1 SYSTEMPATH\CodeIgniter.php(942): App\Controllers\LoginController->store()
 2 SYSTEMPATH\CodeIgniter.php(502): CodeIgniter\CodeIgniter->runController(Object(App\Controllers\LoginController))
 3 SYSTEMPATH\CodeIgniter.php(361): CodeIgniter\CodeIgniter->handleRequest(null, Object(Config\Cache), false)
 4 FCPATH\index.php(79): CodeIgniter\CodeIgniter->run()
CRITICAL - 2024-01-18 10:44:16 --> Call to a member function getRandomName() on null
in APPPATH\Controllers\LoginController.php on line 79.
 1 SYSTEMPATH\CodeIgniter.php(942): App\Controllers\LoginController->store()
 2 SYSTEMPATH\CodeIgniter.php(502): CodeIgniter\CodeIgniter->runController(Object(App\Controllers\LoginController))
 3 SYSTEMPATH\CodeIgniter.php(361): CodeIgniter\CodeIgniter->handleRequest(null, Object(Config\Cache), false)
 4 FCPATH\index.php(79): CodeIgniter\CodeIgniter->run()
CRITICAL - 2024-01-18 10:44:56 --> Call to a member function getRandomName() on null
in APPPATH\Controllers\LoginController.php on line 79.
 1 SYSTEMPATH\CodeIgniter.php(942): App\Controllers\LoginController->store()
 2 SYSTEMPATH\CodeIgniter.php(502): CodeIgniter\CodeIgniter->runController(Object(App\Controllers\LoginController))
 3 SYSTEMPATH\CodeIgniter.php(361): CodeIgniter\CodeIgniter->handleRequest(null, Object(Config\Cache), false)
 4 FCPATH\index.php(79): CodeIgniter\CodeIgniter->run()
CRITICAL - 2024-01-18 11:00:06 --> Call to a member function getRandomName() on null
in APPPATH\Controllers\LoginController.php on line 81.
 1 SYSTEMPATH\CodeIgniter.php(942): App\Controllers\LoginController->store()
 2 SYSTEMPATH\CodeIgniter.php(502): CodeIgniter\CodeIgniter->runController(Object(App\Controllers\LoginController))
 3 SYSTEMPATH\CodeIgniter.php(361): CodeIgniter\CodeIgniter->handleRequest(null, Object(Config\Cache), false)
 4 FCPATH\index.php(79): CodeIgniter\CodeIgniter->run()
CRITICAL - 2024-01-18 11:01:01 --> Call to undefined method App\Models\LoginModel::saveBusiness
in SYSTEMPATH\Model.php on line 873.
 1 APPPATH\Controllers\LoginController.php(95): CodeIgniter\Model->__call('saveBusiness', [...])
 2 SYSTEMPATH\CodeIgniter.php(942): App\Controllers\LoginController->store()
 3 SYSTEMPATH\CodeIgniter.php(502): CodeIgniter\CodeIgniter->runController(Object(App\Controllers\LoginController))
 4 SYSTEMPATH\CodeIgniter.php(361): CodeIgniter\CodeIgniter->handleRequest(null, Object(Config\Cache), false)
 5 FCPATH\index.php(79): CodeIgniter\CodeIgniter->run()
ERROR - 2024-01-18 11:01:29 --> mysqli_sql_exception: Column 'businessName' cannot be null in C:\xampp\htdocs\login_ci4\system\Database\MySQLi\Connection.php:306
Stack trace:
#0 C:\xampp\htdocs\login_ci4\system\Database\MySQLi\Connection.php(306): mysqli->query('INSERT INTO `bu...', 0)
#1 C:\xampp\htdocs\login_ci4\system\Database\BaseConnection.php(693): CodeIgniter\Database\MySQLi\Connection->execute('INSERT INTO `bu...')
#2 C:\xampp\htdocs\login_ci4\system\Database\BaseConnection.php(607): CodeIgniter\Database\BaseConnection->simpleQuery('INSERT INTO `bu...')
#3 C:\xampp\htdocs\login_ci4\system\Database\BaseBuilder.php(2308): CodeIgniter\Database\BaseConnection->query('INSERT INTO `bu...', Array, false)
#4 C:\xampp\htdocs\login_ci4\app\Models\LoginModel.php(23): CodeIgniter\Database\BaseBuilder->insert(Array)
#5 C:\xampp\htdocs\login_ci4\app\Controllers\LoginController.php(95): App\Models\LoginModel->saveBusiness(Array)
#6 C:\xampp\htdocs\login_ci4\system\CodeIgniter.php(942): App\Controllers\LoginController->store()
#7 C:\xampp\htdocs\login_ci4\system\CodeIgniter.php(502): CodeIgniter\CodeIgniter->runController(Object(App\Controllers\LoginController))
#8 C:\xampp\htdocs\login_ci4\system\CodeIgniter.php(361): CodeIgniter\CodeIgniter->handleRequest(NULL, Object(Config\Cache), false)
#9 C:\xampp\htdocs\login_ci4\index.php(79): CodeIgniter\CodeIgniter->run()
#10 {main}
CRITICAL - 2024-01-18 11:01:29 --> Column 'businessName' cannot be null
in SYSTEMPATH\Database\BaseConnection.php on line 647.
 1 SYSTEMPATH\Database\BaseBuilder.php(2308): CodeIgniter\Database\BaseConnection->query('INSERT INTO `business` (`businessName`, `regName`, `businessType`, `address`, `phone`, `email`) VALUES (:businessName:, :regName:, :businessType:, :address:, :phone:, :email:)', [...], false)
 2 APPPATH\Models\LoginModel.php(23): CodeIgniter\Database\BaseBuilder->insert([...])
 3 APPPATH\Controllers\LoginController.php(95): App\Models\LoginModel->saveBusiness([...])
 4 SYSTEMPATH\CodeIgniter.php(942): App\Controllers\LoginController->store()
 5 SYSTEMPATH\CodeIgniter.php(502): CodeIgniter\CodeIgniter->runController(Object(App\Controllers\LoginController))
 6 SYSTEMPATH\CodeIgniter.php(361): CodeIgniter\CodeIgniter->handleRequest(null, Object(Config\Cache), false)
 7 FCPATH\index.php(79): CodeIgniter\CodeIgniter->run()
ERROR - 2024-01-18 11:02:11 --> mysqli_sql_exception: Column 'businessName' cannot be null in C:\xampp\htdocs\login_ci4\system\Database\MySQLi\Connection.php:306
Stack trace:
#0 C:\xampp\htdocs\login_ci4\system\Database\MySQLi\Connection.php(306): mysqli->query('INSERT INTO `bu...', 0)
#1 C:\xampp\htdocs\login_ci4\system\Database\BaseConnection.php(693): CodeIgniter\Database\MySQLi\Connection->execute('INSERT INTO `bu...')
#2 C:\xampp\htdocs\login_ci4\system\Database\BaseConnection.php(607): CodeIgniter\Database\BaseConnection->simpleQuery('INSERT INTO `bu...')
#3 C:\xampp\htdocs\login_ci4\system\Database\BaseBuilder.php(2308): CodeIgniter\Database\BaseConnection->query('INSERT INTO `bu...', Array, false)
#4 C:\xampp\htdocs\login_ci4\app\Models\LoginModel.php(23): CodeIgniter\Database\BaseBuilder->insert(Array)
#5 C:\xampp\htdocs\login_ci4\app\Controllers\LoginController.php(95): App\Models\LoginModel->saveBusiness(Array)
#6 C:\xampp\htdocs\login_ci4\system\CodeIgniter.php(942): App\Controllers\LoginController->store()
#7 C:\xampp\htdocs\login_ci4\system\CodeIgniter.php(502): CodeIgniter\CodeIgniter->runController(Object(App\Controllers\LoginController))
#8 C:\xampp\htdocs\login_ci4\system\CodeIgniter.php(361): CodeIgniter\CodeIgniter->handleRequest(NULL, Object(Config\Cache), false)
#9 C:\xampp\htdocs\login_ci4\index.php(79): CodeIgniter\CodeIgniter->run()
#10 {main}
CRITICAL - 2024-01-18 11:02:11 --> Column 'businessName' cannot be null
in SYSTEMPATH\Database\BaseConnection.php on line 647.
 1 SYSTEMPATH\Database\BaseBuilder.php(2308): CodeIgniter\Database\BaseConnection->query('INSERT INTO `business` (`businessName`, `regName`, `businessType`, `address`, `phone`, `email`) VALUES (:businessName:, :regName:, :businessType:, :address:, :phone:, :email:)', [...], false)
 2 APPPATH\Models\LoginModel.php(23): CodeIgniter\Database\BaseBuilder->insert([...])
 3 APPPATH\Controllers\LoginController.php(95): App\Models\LoginModel->saveBusiness([...])
 4 SYSTEMPATH\CodeIgniter.php(942): App\Controllers\LoginController->store()
 5 SYSTEMPATH\CodeIgniter.php(502): CodeIgniter\CodeIgniter->runController(Object(App\Controllers\LoginController))
 6 SYSTEMPATH\CodeIgniter.php(361): CodeIgniter\CodeIgniter->handleRequest(null, Object(Config\Cache), false)
 7 FCPATH\index.php(79): CodeIgniter\CodeIgniter->run()
ERROR - 2024-01-18 11:03:51 --> mysqli_sql_exception: Column 'businessName' cannot be null in C:\xampp\htdocs\login_ci4\system\Database\MySQLi\Connection.php:306
Stack trace:
#0 C:\xampp\htdocs\login_ci4\system\Database\MySQLi\Connection.php(306): mysqli->query('INSERT INTO `bu...', 0)
#1 C:\xampp\htdocs\login_ci4\system\Database\BaseConnection.php(693): CodeIgniter\Database\MySQLi\Connection->execute('INSERT INTO `bu...')
#2 C:\xampp\htdocs\login_ci4\system\Database\BaseConnection.php(607): CodeIgniter\Database\BaseConnection->simpleQuery('INSERT INTO `bu...')
#3 C:\xampp\htdocs\login_ci4\system\Database\BaseBuilder.php(2308): CodeIgniter\Database\BaseConnection->query('INSERT INTO `bu...', Array, false)
#4 C:\xampp\htdocs\login_ci4\app\Models\LoginModel.php(23): CodeIgniter\Database\BaseBuilder->insert(Array)
#5 C:\xampp\htdocs\login_ci4\app\Controllers\LoginController.php(95): App\Models\LoginModel->saveBusiness(Array)
#6 C:\xampp\htdocs\login_ci4\system\CodeIgniter.php(942): App\Controllers\LoginController->store()
#7 C:\xampp\htdocs\login_ci4\system\CodeIgniter.php(502): CodeIgniter\CodeIgniter->runController(Object(App\Controllers\LoginController))
#8 C:\xampp\htdocs\login_ci4\system\CodeIgniter.php(361): CodeIgniter\CodeIgniter->handleRequest(NULL, Object(Config\Cache), false)
#9 C:\xampp\htdocs\login_ci4\index.php(79): CodeIgniter\CodeIgniter->run()
#10 {main}
CRITICAL - 2024-01-18 11:03:51 --> Column 'businessName' cannot be null
in SYSTEMPATH\Database\BaseConnection.php on line 647.
 1 SYSTEMPATH\Database\BaseBuilder.php(2308): CodeIgniter\Database\BaseConnection->query('INSERT INTO `business` (`businessName`, `regName`, `businessType`, `address`, `phone`, `email`) VALUES (:businessName:, :regName:, :businessType:, :address:, :phone:, :email:)', [...], false)
 2 APPPATH\Models\LoginModel.php(23): CodeIgniter\Database\BaseBuilder->insert([...])
 3 APPPATH\Controllers\LoginController.php(95): App\Models\LoginModel->saveBusiness([...])
 4 SYSTEMPATH\CodeIgniter.php(942): App\Controllers\LoginController->store()
 5 SYSTEMPATH\CodeIgniter.php(502): CodeIgniter\CodeIgniter->runController(Object(App\Controllers\LoginController))
 6 SYSTEMPATH\CodeIgniter.php(361): CodeIgniter\CodeIgniter->handleRequest(null, Object(Config\Cache), false)
 7 FCPATH\index.php(79): CodeIgniter\CodeIgniter->run()
ERROR - 2024-01-18 11:16:49 --> mysqli_sql_exception: Column 'businessName' cannot be null in C:\xampp\htdocs\login_ci4\system\Database\MySQLi\Connection.php:306
Stack trace:
#0 C:\xampp\htdocs\login_ci4\system\Database\MySQLi\Connection.php(306): mysqli->query('INSERT INTO `bu...', 0)
#1 C:\xampp\htdocs\login_ci4\system\Database\BaseConnection.php(693): CodeIgniter\Database\MySQLi\Connection->execute('INSERT INTO `bu...')
#2 C:\xampp\htdocs\login_ci4\system\Database\BaseConnection.php(607): CodeIgniter\Database\BaseConnection->simpleQuery('INSERT INTO `bu...')
#3 C:\xampp\htdocs\login_ci4\system\Database\BaseBuilder.php(2308): CodeIgniter\Database\BaseConnection->query('INSERT INTO `bu...', Array, false)
#4 C:\xampp\htdocs\login_ci4\app\Models\LoginModel.php(23): CodeIgniter\Database\BaseBuilder->insert(Array)
#5 C:\xampp\htdocs\login_ci4\app\Controllers\LoginController.php(96): App\Models\LoginModel->saveBusiness(Array)
#6 C:\xampp\htdocs\login_ci4\system\CodeIgniter.php(942): App\Controllers\LoginController->store()
#7 C:\xampp\htdocs\login_ci4\system\CodeIgniter.php(502): CodeIgniter\CodeIgniter->runController(Object(App\Controllers\LoginController))
#8 C:\xampp\htdocs\login_ci4\system\CodeIgniter.php(361): CodeIgniter\CodeIgniter->handleRequest(NULL, Object(Config\Cache), false)
#9 C:\xampp\htdocs\login_ci4\index.php(79): CodeIgniter\CodeIgniter->run()
#10 {main}
CRITICAL - 2024-01-18 11:16:49 --> Column 'businessName' cannot be null
in SYSTEMPATH\Database\BaseConnection.php on line 647.
 1 SYSTEMPATH\Database\BaseBuilder.php(2308): CodeIgniter\Database\BaseConnection->query('INSERT INTO `business` (`businessName`, `regName`, `address`, `phone`, `email`) VALUES (:businessName:, :regName:, :address:, :phone:, :email:)', [...], false)
 2 APPPATH\Models\LoginModel.php(23): CodeIgniter\Database\BaseBuilder->insert([...])
 3 APPPATH\Controllers\LoginController.php(96): App\Models\LoginModel->saveBusiness([...])
 4 SYSTEMPATH\CodeIgniter.php(942): App\Controllers\LoginController->store()
 5 SYSTEMPATH\CodeIgniter.php(502): CodeIgniter\CodeIgniter->runController(Object(App\Controllers\LoginController))
 6 SYSTEMPATH\CodeIgniter.php(361): CodeIgniter\CodeIgniter->handleRequest(null, Object(Config\Cache), false)
 7 FCPATH\index.php(79): CodeIgniter\CodeIgniter->run()
ERROR - 2024-01-18 11:17:26 --> mysqli_sql_exception: Column 'businessName' cannot be null in C:\xampp\htdocs\login_ci4\system\Database\MySQLi\Connection.php:306
Stack trace:
#0 C:\xampp\htdocs\login_ci4\system\Database\MySQLi\Connection.php(306): mysqli->query('INSERT INTO `bu...', 0)
#1 C:\xampp\htdocs\login_ci4\system\Database\BaseConnection.php(693): CodeIgniter\Database\MySQLi\Connection->execute('INSERT INTO `bu...')
#2 C:\xampp\htdocs\login_ci4\system\Database\BaseConnection.php(607): CodeIgniter\Database\BaseConnection->simpleQuery('INSERT INTO `bu...')
#3 C:\xampp\htdocs\login_ci4\system\Database\BaseBuilder.php(2308): CodeIgniter\Database\BaseConnection->query('INSERT INTO `bu...', Array, false)
#4 C:\xampp\htdocs\login_ci4\app\Models\LoginModel.php(23): CodeIgniter\Database\BaseBuilder->insert(Array)
#5 C:\xampp\htdocs\login_ci4\app\Controllers\LoginController.php(96): App\Models\LoginModel->saveBusiness(Array)
#6 C:\xampp\htdocs\login_ci4\system\CodeIgniter.php(942): App\Controllers\LoginController->store()
#7 C:\xampp\htdocs\login_ci4\system\CodeIgniter.php(502): CodeIgniter\CodeIgniter->runController(Object(App\Controllers\LoginController))
#8 C:\xampp\htdocs\login_ci4\system\CodeIgniter.php(361): CodeIgniter\CodeIgniter->handleRequest(NULL, Object(Config\Cache), false)
#9 C:\xampp\htdocs\login_ci4\index.php(79): CodeIgniter\CodeIgniter->run()
#10 {main}
CRITICAL - 2024-01-18 11:17:26 --> Column 'businessName' cannot be null
in SYSTEMPATH\Database\BaseConnection.php on line 647.
 1 SYSTEMPATH\Database\BaseBuilder.php(2308): CodeIgniter\Database\BaseConnection->query('INSERT INTO `business` (`businessName`, `regName`, `address`, `phone`, `email`) VALUES (:businessName:, :regName:, :address:, :phone:, :email:)', [...], false)
 2 APPPATH\Models\LoginModel.php(23): CodeIgniter\Database\BaseBuilder->insert([...])
 3 APPPATH\Controllers\LoginController.php(96): App\Models\LoginModel->saveBusiness([...])
 4 SYSTEMPATH\CodeIgniter.php(942): App\Controllers\LoginController->store()
 5 SYSTEMPATH\CodeIgniter.php(502): CodeIgniter\CodeIgniter->runController(Object(App\Controllers\LoginController))
 6 SYSTEMPATH\CodeIgniter.php(361): CodeIgniter\CodeIgniter->handleRequest(null, Object(Config\Cache), false)
 7 FCPATH\index.php(79): CodeIgniter\CodeIgniter->run()
ERROR - 2024-01-18 11:22:05 --> mysqli_sql_exception: Duplicate entry 'hamad@gmail.com' for key 'email' in C:\xampp\htdocs\login_ci4\system\Database\MySQLi\Connection.php:306
Stack trace:
#0 C:\xampp\htdocs\login_ci4\system\Database\MySQLi\Connection.php(306): mysqli->query('INSERT INTO `bu...', 0)
#1 C:\xampp\htdocs\login_ci4\system\Database\BaseConnection.php(693): CodeIgniter\Database\MySQLi\Connection->execute('INSERT INTO `bu...')
#2 C:\xampp\htdocs\login_ci4\system\Database\BaseConnection.php(607): CodeIgniter\Database\BaseConnection->simpleQuery('INSERT INTO `bu...')
#3 C:\xampp\htdocs\login_ci4\system\Database\BaseBuilder.php(2308): CodeIgniter\Database\BaseConnection->query('INSERT INTO `bu...', Array, false)
#4 C:\xampp\htdocs\login_ci4\app\Models\LoginModel.php(23): CodeIgniter\Database\BaseBuilder->insert(Array)
#5 C:\xampp\htdocs\login_ci4\app\Controllers\LoginController.php(96): App\Models\LoginModel->saveBusiness(Array)
#6 C:\xampp\htdocs\login_ci4\system\CodeIgniter.php(942): App\Controllers\LoginController->store()
#7 C:\xampp\htdocs\login_ci4\system\CodeIgniter.php(502): CodeIgniter\CodeIgniter->runController(Object(App\Controllers\LoginController))
#8 C:\xampp\htdocs\login_ci4\system\CodeIgniter.php(361): CodeIgniter\CodeIgniter->handleRequest(NULL, Object(Config\Cache), false)
#9 C:\xampp\htdocs\login_ci4\index.php(79): CodeIgniter\CodeIgniter->run()
#10 {main}
CRITICAL - 2024-01-18 11:22:05 --> Duplicate entry 'hamad@gmail.com' for key 'email'
in SYSTEMPATH\Database\BaseConnection.php on line 647.
 1 SYSTEMPATH\Database\BaseBuilder.php(2308): CodeIgniter\Database\BaseConnection->query('INSERT INTO `business` (`businessName`, `regName`, `address`, `phone`, `email`) VALUES (:businessName:, :regName:, :address:, :phone:, :email:)', [...], false)
 2 APPPATH\Models\LoginModel.php(23): CodeIgniter\Database\BaseBuilder->insert([...])
 3 APPPATH\Controllers\LoginController.php(96): App\Models\LoginModel->saveBusiness([...])
 4 SYSTEMPATH\CodeIgniter.php(942): App\Controllers\LoginController->store()
 5 SYSTEMPATH\CodeIgniter.php(502): CodeIgniter\CodeIgniter->runController(Object(App\Controllers\LoginController))
 6 SYSTEMPATH\CodeIgniter.php(361): CodeIgniter\CodeIgniter->handleRequest(null, Object(Config\Cache), false)
 7 FCPATH\index.php(79): CodeIgniter\CodeIgniter->run()
ERROR - 2024-01-18 11:49:03 --> mysqli_sql_exception: Duplicate entry 'hamaddd@gmail.com' for key 'email' in C:\xampp\htdocs\login_ci4\system\Database\MySQLi\Connection.php:306
Stack trace:
#0 C:\xampp\htdocs\login_ci4\system\Database\MySQLi\Connection.php(306): mysqli->query('INSERT INTO `bu...', 0)
#1 C:\xampp\htdocs\login_ci4\system\Database\BaseConnection.php(693): CodeIgniter\Database\MySQLi\Connection->execute('INSERT INTO `bu...')
#2 C:\xampp\htdocs\login_ci4\system\Database\BaseConnection.php(607): CodeIgniter\Database\BaseConnection->simpleQuery('INSERT INTO `bu...')
#3 C:\xampp\htdocs\login_ci4\system\Database\BaseBuilder.php(2308): CodeIgniter\Database\BaseConnection->query('INSERT INTO `bu...', Array, false)
#4 C:\xampp\htdocs\login_ci4\app\Models\LoginModel.php(23): CodeIgniter\Database\BaseBuilder->insert(Array)
#5 C:\xampp\htdocs\login_ci4\app\Controllers\LoginController.php(96): App\Models\LoginModel->saveBusiness(Array)
#6 C:\xampp\htdocs\login_ci4\system\CodeIgniter.php(942): App\Controllers\LoginController->store()
#7 C:\xampp\htdocs\login_ci4\system\CodeIgniter.php(502): CodeIgniter\CodeIgniter->runController(Object(App\Controllers\LoginController))
#8 C:\xampp\htdocs\login_ci4\system\CodeIgniter.php(361): CodeIgniter\CodeIgniter->handleRequest(NULL, Object(Config\Cache), false)
#9 C:\xampp\htdocs\login_ci4\index.php(79): CodeIgniter\CodeIgniter->run()
#10 {main}
CRITICAL - 2024-01-18 11:49:03 --> Duplicate entry 'hamaddd@gmail.com' for key 'email'
in SYSTEMPATH\Database\BaseConnection.php on line 647.
 1 SYSTEMPATH\Database\BaseBuilder.php(2308): CodeIgniter\Database\BaseConnection->query('INSERT INTO `business` (`businessName`, `regName`, `address`, `phone`, `email`) VALUES (:businessName:, :regName:, :address:, :phone:, :email:)', [...], false)
 2 APPPATH\Models\LoginModel.php(23): CodeIgniter\Database\BaseBuilder->insert([...])
 3 APPPATH\Controllers\LoginController.php(96): App\Models\LoginModel->saveBusiness([...])
 4 SYSTEMPATH\CodeIgniter.php(942): App\Controllers\LoginController->store()
 5 SYSTEMPATH\CodeIgniter.php(502): CodeIgniter\CodeIgniter->runController(Object(App\Controllers\LoginController))
 6 SYSTEMPATH\CodeIgniter.php(361): CodeIgniter\CodeIgniter->handleRequest(null, Object(Config\Cache), false)
 7 FCPATH\index.php(79): CodeIgniter\CodeIgniter->run()
CRITICAL - 2024-01-18 11:49:16 --> Trying to access array offset on value of type bool
in APPPATH\Controllers\LoginController.php on line 97.
 1 APPPATH\Controllers\LoginController.php(97): CodeIgniter\Debug\Exceptions->errorHandler(2, 'Trying to access array offset on value of type bool', 'C:\\xampp\\htdocs\\login_ci4\\app\\Controllers\\LoginController.php', 97)
 2 SYSTEMPATH\CodeIgniter.php(942): App\Controllers\LoginController->store()
 3 SYSTEMPATH\CodeIgniter.php(502): CodeIgniter\CodeIgniter->runController(Object(App\Controllers\LoginController))
 4 SYSTEMPATH\CodeIgniter.php(361): CodeIgniter\CodeIgniter->handleRequest(null, Object(Config\Cache), false)
 5 FCPATH\index.php(79): CodeIgniter\CodeIgniter->run()
CRITICAL - 2024-01-18 14:05:25 --> Undefined array key "password"
in APPPATH\Controllers\LoginController.php on line 46.
 1 APPPATH\Controllers\LoginController.php(46): CodeIgniter\Debug\Exceptions->errorHandler(2, 'Undefined array key "password"', 'C:\\xampp\\htdocs\\login_ci4\\app\\Controllers\\LoginController.php', 46)
 2 SYSTEMPATH\CodeIgniter.php(942): App\Controllers\LoginController->loginSave()
 3 SYSTEMPATH\CodeIgniter.php(502): CodeIgniter\CodeIgniter->runController(Object(App\Controllers\LoginController))
 4 SYSTEMPATH\CodeIgniter.php(361): CodeIgniter\CodeIgniter->handleRequest(null, Object(Config\Cache), false)
 5 FCPATH\index.php(79): CodeIgniter\CodeIgniter->run()
CRITICAL - 2024-01-18 14:06:07 --> Cannot redeclare App\Models\LoginModel::$table
in APPPATH\Models\LoginModel.php on line 10.
 1 [internal function]: CodeIgniter\Debug\Exceptions->shutdownHandler()
CRITICAL - 2024-01-18 14:40:54 --> Undefined variable $businessTypes
in APPPATH\Views\add_business.php on line 258.
 1 APPPATH\Views\add_business.php(258): CodeIgniter\Debug\Exceptions->errorHandler(2, 'Undefined variable $businessTypes', 'C:\\xampp\\htdocs\\login_ci4\\app\\Views\\add_business.php', 258)
 2 SYSTEMPATH\View\View.php(228): include('C:\\xampp\\htdocs\\login_ci4\\app\\Views\\add_business.php')
 3 SYSTEMPATH\View\View.php(231): CodeIgniter\View\View->CodeIgniter\View\{closure}()
 4 SYSTEMPATH\Common.php(1190): CodeIgniter\View\View->render('add_business.php', [], true)
 5 APPPATH\Controllers\LoginController.php(26): view('add_business.php')
 6 SYSTEMPATH\CodeIgniter.php(942): App\Controllers\LoginController->user_form()
 7 SYSTEMPATH\CodeIgniter.php(502): CodeIgniter\CodeIgniter->runController(Object(App\Controllers\LoginController))
 8 SYSTEMPATH\CodeIgniter.php(361): CodeIgniter\CodeIgniter->handleRequest(null, Object(Config\Cache), false)
 9 FCPATH\index.php(79): CodeIgniter\CodeIgniter->run()
CRITICAL - 2024-01-18 14:45:00 --> Undefined variable $businessTypes
in APPPATH\Views\add_business.php on line 258.
 1 APPPATH\Views\add_business.php(258): CodeIgniter\Debug\Exceptions->errorHandler(2, 'Undefined variable $businessTypes', 'C:\\xampp\\htdocs\\login_ci4\\app\\Views\\add_business.php', 258)
 2 SYSTEMPATH\View\View.php(228): include('C:\\xampp\\htdocs\\login_ci4\\app\\Views\\add_business.php')
 3 SYSTEMPATH\View\View.php(231): CodeIgniter\View\View->CodeIgniter\View\{closure}()
 4 SYSTEMPATH\Common.php(1190): CodeIgniter\View\View->render('add_business.php', [], true)
 5 APPPATH\Controllers\LoginController.php(26): view('add_business.php')
 6 SYSTEMPATH\CodeIgniter.php(942): App\Controllers\LoginController->user_form()
 7 SYSTEMPATH\CodeIgniter.php(502): CodeIgniter\CodeIgniter->runController(Object(App\Controllers\LoginController))
 8 SYSTEMPATH\CodeIgniter.php(361): CodeIgniter\CodeIgniter->handleRequest(null, Object(Config\Cache), false)
 9 FCPATH\index.php(79): CodeIgniter\CodeIgniter->run()
CRITICAL - 2024-01-18 14:45:02 --> Undefined variable $businessTypes
in APPPATH\Views\add_business.php on line 258.
 1 APPPATH\Views\add_business.php(258): CodeIgniter\Debug\Exceptions->errorHandler(2, 'Undefined variable $businessTypes', 'C:\\xampp\\htdocs\\login_ci4\\app\\Views\\add_business.php', 258)
 2 SYSTEMPATH\View\View.php(228): include('C:\\xampp\\htdocs\\login_ci4\\app\\Views\\add_business.php')
 3 SYSTEMPATH\View\View.php(231): CodeIgniter\View\View->CodeIgniter\View\{closure}()
 4 SYSTEMPATH\Common.php(1190): CodeIgniter\View\View->render('add_business.php', [], true)
 5 APPPATH\Controllers\LoginController.php(26): view('add_business.php')
 6 SYSTEMPATH\CodeIgniter.php(942): App\Controllers\LoginController->user_form()
 7 SYSTEMPATH\CodeIgniter.php(502): CodeIgniter\CodeIgniter->runController(Object(App\Controllers\LoginController))
 8 SYSTEMPATH\CodeIgniter.php(361): CodeIgniter\CodeIgniter->handleRequest(null, Object(Config\Cache), false)
 9 FCPATH\index.php(79): CodeIgniter\CodeIgniter->run()
CRITICAL - 2024-01-18 14:45:03 --> Undefined variable $businessTypes
in APPPATH\Views\add_business.php on line 258.
 1 APPPATH\Views\add_business.php(258): CodeIgniter\Debug\Exceptions->errorHandler(2, 'Undefined variable $businessTypes', 'C:\\xampp\\htdocs\\login_ci4\\app\\Views\\add_business.php', 258)
 2 SYSTEMPATH\View\View.php(228): include('C:\\xampp\\htdocs\\login_ci4\\app\\Views\\add_business.php')
 3 SYSTEMPATH\View\View.php(231): CodeIgniter\View\View->CodeIgniter\View\{closure}()
 4 SYSTEMPATH\Common.php(1190): CodeIgniter\View\View->render('add_business.php', [], true)
 5 APPPATH\Controllers\LoginController.php(26): view('add_business.php')
 6 SYSTEMPATH\CodeIgniter.php(942): App\Controllers\LoginController->user_form()
 7 SYSTEMPATH\CodeIgniter.php(502): CodeIgniter\CodeIgniter->runController(Object(App\Controllers\LoginController))
 8 SYSTEMPATH\CodeIgniter.php(361): CodeIgniter\CodeIgniter->handleRequest(null, Object(Config\Cache), false)
 9 FCPATH\index.php(79): CodeIgniter\CodeIgniter->run()
CRITICAL - 2024-01-18 14:45:05 --> Undefined variable $businessTypes
in APPPATH\Views\add_business.php on line 258.
 1 APPPATH\Views\add_business.php(258): CodeIgniter\Debug\Exceptions->errorHandler(2, 'Undefined variable $businessTypes', 'C:\\xampp\\htdocs\\login_ci4\\app\\Views\\add_business.php', 258)
 2 SYSTEMPATH\View\View.php(228): include('C:\\xampp\\htdocs\\login_ci4\\app\\Views\\add_business.php')
 3 SYSTEMPATH\View\View.php(231): CodeIgniter\View\View->CodeIgniter\View\{closure}()
 4 SYSTEMPATH\Common.php(1190): CodeIgniter\View\View->render('add_business.php', [], true)
 5 APPPATH\Controllers\LoginController.php(26): view('add_business.php')
 6 SYSTEMPATH\CodeIgniter.php(942): App\Controllers\LoginController->user_form()
 7 SYSTEMPATH\CodeIgniter.php(502): CodeIgniter\CodeIgniter->runController(Object(App\Controllers\LoginController))
 8 SYSTEMPATH\CodeIgniter.php(361): CodeIgniter\CodeIgniter->handleRequest(null, Object(Config\Cache), false)
 9 FCPATH\index.php(79): CodeIgniter\CodeIgniter->run()
CRITICAL - 2024-01-18 14:46:54 --> Undefined variable $businessType
in APPPATH\Views\add_business.php on line 258.
 1 APPPATH\Views\add_business.php(258): CodeIgniter\Debug\Exceptions->errorHandler(2, 'Undefined variable $businessType', 'C:\\xampp\\htdocs\\login_ci4\\app\\Views\\add_business.php', 258)
 2 SYSTEMPATH\View\View.php(228): include('C:\\xampp\\htdocs\\login_ci4\\app\\Views\\add_business.php')
 3 SYSTEMPATH\View\View.php(231): CodeIgniter\View\View->CodeIgniter\View\{closure}()
 4 SYSTEMPATH\Common.php(1190): CodeIgniter\View\View->render('add_business.php', [], true)
 5 APPPATH\Controllers\LoginController.php(26): view('add_business.php')
 6 SYSTEMPATH\CodeIgniter.php(942): App\Controllers\LoginController->user_form()
 7 SYSTEMPATH\CodeIgniter.php(502): CodeIgniter\CodeIgniter->runController(Object(App\Controllers\LoginController))
 8 SYSTEMPATH\CodeIgniter.php(361): CodeIgniter\CodeIgniter->handleRequest(null, Object(Config\Cache), false)
 9 FCPATH\index.php(79): CodeIgniter\CodeIgniter->run()
CRITICAL - 2024-01-18 14:46:57 --> Undefined variable $businessType
in APPPATH\Views\add_business.php on line 258.
 1 APPPATH\Views\add_business.php(258): CodeIgniter\Debug\Exceptions->errorHandler(2, 'Undefined variable $businessType', 'C:\\xampp\\htdocs\\login_ci4\\app\\Views\\add_business.php', 258)
 2 SYSTEMPATH\View\View.php(228): include('C:\\xampp\\htdocs\\login_ci4\\app\\Views\\add_business.php')
 3 SYSTEMPATH\View\View.php(231): CodeIgniter\View\View->CodeIgniter\View\{closure}()
 4 SYSTEMPATH\Common.php(1190): CodeIgniter\View\View->render('add_business.php', [], true)
 5 APPPATH\Controllers\LoginController.php(26): view('add_business.php')
 6 SYSTEMPATH\CodeIgniter.php(942): App\Controllers\LoginController->user_form()
 7 SYSTEMPATH\CodeIgniter.php(502): CodeIgniter\CodeIgniter->runController(Object(App\Controllers\LoginController))
 8 SYSTEMPATH\CodeIgniter.php(361): CodeIgniter\CodeIgniter->handleRequest(null, Object(Config\Cache), false)
 9 FCPATH\index.php(79): CodeIgniter\CodeIgniter->run()
CRITICAL - 2024-01-18 14:55:47 --> Undefined variable $businessTypes
in APPPATH\Views\add_business.php on line 258.
 1 APPPATH\Views\add_business.php(258): CodeIgniter\Debug\Exceptions->errorHandler(2, 'Undefined variable $businessTypes', 'C:\\xampp\\htdocs\\login_ci4\\app\\Views\\add_business.php', 258)
 2 SYSTEMPATH\View\View.php(228): include('C:\\xampp\\htdocs\\login_ci4\\app\\Views\\add_business.php')
 3 SYSTEMPATH\View\View.php(231): CodeIgniter\View\View->CodeIgniter\View\{closure}()
 4 SYSTEMPATH\Common.php(1190): CodeIgniter\View\View->render('add_business.php', [], true)
 5 APPPATH\Controllers\LoginController.php(26): view('add_business.php')
 6 SYSTEMPATH\CodeIgniter.php(942): App\Controllers\LoginController->user_form()
 7 SYSTEMPATH\CodeIgniter.php(502): CodeIgniter\CodeIgniter->runController(Object(App\Controllers\LoginController))
 8 SYSTEMPATH\CodeIgniter.php(361): CodeIgniter\CodeIgniter->handleRequest(null, Object(Config\Cache), false)
 9 FCPATH\index.php(79): CodeIgniter\CodeIgniter->run()
CRITICAL - 2024-01-18 14:55:48 --> Undefined variable $businessTypes
in APPPATH\Views\add_business.php on line 258.
 1 APPPATH\Views\add_business.php(258): CodeIgniter\Debug\Exceptions->errorHandler(2, 'Undefined variable $businessTypes', 'C:\\xampp\\htdocs\\login_ci4\\app\\Views\\add_business.php', 258)
 2 SYSTEMPATH\View\View.php(228): include('C:\\xampp\\htdocs\\login_ci4\\app\\Views\\add_business.php')
 3 SYSTEMPATH\View\View.php(231): CodeIgniter\View\View->CodeIgniter\View\{closure}()
 4 SYSTEMPATH\Common.php(1190): CodeIgniter\View\View->render('add_business.php', [], true)
 5 APPPATH\Controllers\LoginController.php(26): view('add_business.php')
 6 SYSTEMPATH\CodeIgniter.php(942): App\Controllers\LoginController->user_form()
 7 SYSTEMPATH\CodeIgniter.php(502): CodeIgniter\CodeIgniter->runController(Object(App\Controllers\LoginController))
 8 SYSTEMPATH\CodeIgniter.php(361): CodeIgniter\CodeIgniter->handleRequest(null, Object(Config\Cache), false)
 9 FCPATH\index.php(79): CodeIgniter\CodeIgniter->run()
CRITICAL - 2024-01-18 14:55:49 --> Undefined variable $businessTypes
in APPPATH\Views\add_business.php on line 258.
 1 APPPATH\Views\add_business.php(258): CodeIgniter\Debug\Exceptions->errorHandler(2, 'Undefined variable $businessTypes', 'C:\\xampp\\htdocs\\login_ci4\\app\\Views\\add_business.php', 258)
 2 SYSTEMPATH\View\View.php(228): include('C:\\xampp\\htdocs\\login_ci4\\app\\Views\\add_business.php')
 3 SYSTEMPATH\View\View.php(231): CodeIgniter\View\View->CodeIgniter\View\{closure}()
 4 SYSTEMPATH\Common.php(1190): CodeIgniter\View\View->render('add_business.php', [], true)
 5 APPPATH\Controllers\LoginController.php(26): view('add_business.php')
 6 SYSTEMPATH\CodeIgniter.php(942): App\Controllers\LoginController->user_form()
 7 SYSTEMPATH\CodeIgniter.php(502): CodeIgniter\CodeIgniter->runController(Object(App\Controllers\LoginController))
 8 SYSTEMPATH\CodeIgniter.php(361): CodeIgniter\CodeIgniter->handleRequest(null, Object(Config\Cache), false)
 9 FCPATH\index.php(79): CodeIgniter\CodeIgniter->run()
CRITICAL - 2024-01-18 14:56:40 --> Undefined variable $businessTypes
in APPPATH\Views\add_business.php on line 258.
 1 APPPATH\Views\add_business.php(258): CodeIgniter\Debug\Exceptions->errorHandler(2, 'Undefined variable $businessTypes', 'C:\\xampp\\htdocs\\login_ci4\\app\\Views\\add_business.php', 258)
 2 SYSTEMPATH\View\View.php(228): include('C:\\xampp\\htdocs\\login_ci4\\app\\Views\\add_business.php')
 3 SYSTEMPATH\View\View.php(231): CodeIgniter\View\View->CodeIgniter\View\{closure}()
 4 SYSTEMPATH\Common.php(1190): CodeIgniter\View\View->render('add_business.php', [], true)
 5 APPPATH\Controllers\LoginController.php(26): view('add_business.php')
 6 SYSTEMPATH\CodeIgniter.php(942): App\Controllers\LoginController->user_form()
 7 SYSTEMPATH\CodeIgniter.php(502): CodeIgniter\CodeIgniter->runController(Object(App\Controllers\LoginController))
 8 SYSTEMPATH\CodeIgniter.php(361): CodeIgniter\CodeIgniter->handleRequest(null, Object(Config\Cache), false)
 9 FCPATH\index.php(79): CodeIgniter\CodeIgniter->run()
CRITICAL - 2024-01-18 15:01:00 --> Undefined variable $businessTypes
in APPPATH\Views\add_business.php on line 258.
 1 APPPATH\Views\add_business.php(258): CodeIgniter\Debug\Exceptions->errorHandler(2, 'Undefined variable $businessTypes', 'C:\\xampp\\htdocs\\login_ci4\\app\\Views\\add_business.php', 258)
 2 SYSTEMPATH\View\View.php(228): include('C:\\xampp\\htdocs\\login_ci4\\app\\Views\\add_business.php')
 3 SYSTEMPATH\View\View.php(231): CodeIgniter\View\View->CodeIgniter\View\{closure}()
 4 SYSTEMPATH\Common.php(1190): CodeIgniter\View\View->render('add_business.php', [], true)
 5 APPPATH\Controllers\LoginController.php(26): view('add_business.php')
 6 SYSTEMPATH\CodeIgniter.php(942): App\Controllers\LoginController->user_form()
 7 SYSTEMPATH\CodeIgniter.php(502): CodeIgniter\CodeIgniter->runController(Object(App\Controllers\LoginController))
 8 SYSTEMPATH\CodeIgniter.php(361): CodeIgniter\CodeIgniter->handleRequest(null, Object(Config\Cache), false)
 9 FCPATH\index.php(79): CodeIgniter\CodeIgniter->run()
CRITICAL - 2024-01-18 15:01:01 --> Undefined variable $businessTypes
in APPPATH\Views\add_business.php on line 258.
 1 APPPATH\Views\add_business.php(258): CodeIgniter\Debug\Exceptions->errorHandler(2, 'Undefined variable $businessTypes', 'C:\\xampp\\htdocs\\login_ci4\\app\\Views\\add_business.php', 258)
 2 SYSTEMPATH\View\View.php(228): include('C:\\xampp\\htdocs\\login_ci4\\app\\Views\\add_business.php')
 3 SYSTEMPATH\View\View.php(231): CodeIgniter\View\View->CodeIgniter\View\{closure}()
 4 SYSTEMPATH\Common.php(1190): CodeIgniter\View\View->render('add_business.php', [], true)
 5 APPPATH\Controllers\LoginController.php(26): view('add_business.php')
 6 SYSTEMPATH\CodeIgniter.php(942): App\Controllers\LoginController->user_form()
 7 SYSTEMPATH\CodeIgniter.php(502): CodeIgniter\CodeIgniter->runController(Object(App\Controllers\LoginController))
 8 SYSTEMPATH\CodeIgniter.php(361): CodeIgniter\CodeIgniter->handleRequest(null, Object(Config\Cache), false)
 9 FCPATH\index.php(79): CodeIgniter\CodeIgniter->run()
CRITICAL - 2024-01-18 15:01:02 --> Undefined variable $businessTypes
in APPPATH\Views\add_business.php on line 258.
 1 APPPATH\Views\add_business.php(258): CodeIgniter\Debug\Exceptions->errorHandler(2, 'Undefined variable $businessTypes', 'C:\\xampp\\htdocs\\login_ci4\\app\\Views\\add_business.php', 258)
 2 SYSTEMPATH\View\View.php(228): include('C:\\xampp\\htdocs\\login_ci4\\app\\Views\\add_business.php')
 3 SYSTEMPATH\View\View.php(231): CodeIgniter\View\View->CodeIgniter\View\{closure}()
 4 SYSTEMPATH\Common.php(1190): CodeIgniter\View\View->render('add_business.php', [], true)
 5 APPPATH\Controllers\LoginController.php(26): view('add_business.php')
 6 SYSTEMPATH\CodeIgniter.php(942): App\Controllers\LoginController->user_form()
 7 SYSTEMPATH\CodeIgniter.php(502): CodeIgniter\CodeIgniter->runController(Object(App\Controllers\LoginController))
 8 SYSTEMPATH\CodeIgniter.php(361): CodeIgniter\CodeIgniter->handleRequest(null, Object(Config\Cache), false)
 9 FCPATH\index.php(79): CodeIgniter\CodeIgniter->run()
CRITICAL - 2024-01-18 15:01:03 --> Undefined variable $businessTypes
in APPPATH\Views\add_business.php on line 258.
 1 APPPATH\Views\add_business.php(258): CodeIgniter\Debug\Exceptions->errorHandler(2, 'Undefined variable $businessTypes', 'C:\\xampp\\htdocs\\login_ci4\\app\\Views\\add_business.php', 258)
 2 SYSTEMPATH\View\View.php(228): include('C:\\xampp\\htdocs\\login_ci4\\app\\Views\\add_business.php')
 3 SYSTEMPATH\View\View.php(231): CodeIgniter\View\View->CodeIgniter\View\{closure}()
 4 SYSTEMPATH\Common.php(1190): CodeIgniter\View\View->render('add_business.php', [], true)
 5 APPPATH\Controllers\LoginController.php(26): view('add_business.php')
 6 SYSTEMPATH\CodeIgniter.php(942): App\Controllers\LoginController->user_form()
 7 SYSTEMPATH\CodeIgniter.php(502): CodeIgniter\CodeIgniter->runController(Object(App\Controllers\LoginController))
 8 SYSTEMPATH\CodeIgniter.php(361): CodeIgniter\CodeIgniter->handleRequest(null, Object(Config\Cache), false)
 9 FCPATH\index.php(79): CodeIgniter\CodeIgniter->run()
CRITICAL - 2024-01-18 15:01:03 --> Undefined variable $businessTypes
in APPPATH\Views\add_business.php on line 258.
 1 APPPATH\Views\add_business.php(258): CodeIgniter\Debug\Exceptions->errorHandler(2, 'Undefined variable $businessTypes', 'C:\\xampp\\htdocs\\login_ci4\\app\\Views\\add_business.php', 258)
 2 SYSTEMPATH\View\View.php(228): include('C:\\xampp\\htdocs\\login_ci4\\app\\Views\\add_business.php')
 3 SYSTEMPATH\View\View.php(231): CodeIgniter\View\View->CodeIgniter\View\{closure}()
 4 SYSTEMPATH\Common.php(1190): CodeIgniter\View\View->render('add_business.php', [], true)
 5 APPPATH\Controllers\LoginController.php(26): view('add_business.php')
 6 SYSTEMPATH\CodeIgniter.php(942): App\Controllers\LoginController->user_form()
 7 SYSTEMPATH\CodeIgniter.php(502): CodeIgniter\CodeIgniter->runController(Object(App\Controllers\LoginController))
 8 SYSTEMPATH\CodeIgniter.php(361): CodeIgniter\CodeIgniter->handleRequest(null, Object(Config\Cache), false)
 9 FCPATH\index.php(79): CodeIgniter\CodeIgniter->run()
CRITICAL - 2024-01-18 15:01:04 --> Undefined variable $businessTypes
in APPPATH\Views\add_business.php on line 258.
 1 APPPATH\Views\add_business.php(258): CodeIgniter\Debug\Exceptions->errorHandler(2, 'Undefined variable $businessTypes', 'C:\\xampp\\htdocs\\login_ci4\\app\\Views\\add_business.php', 258)
 2 SYSTEMPATH\View\View.php(228): include('C:\\xampp\\htdocs\\login_ci4\\app\\Views\\add_business.php')
 3 SYSTEMPATH\View\View.php(231): CodeIgniter\View\View->CodeIgniter\View\{closure}()
 4 SYSTEMPATH\Common.php(1190): CodeIgniter\View\View->render('add_business.php', [], true)
 5 APPPATH\Controllers\LoginController.php(26): view('add_business.php')
 6 SYSTEMPATH\CodeIgniter.php(942): App\Controllers\LoginController->user_form()
 7 SYSTEMPATH\CodeIgniter.php(502): CodeIgniter\CodeIgniter->runController(Object(App\Controllers\LoginController))
 8 SYSTEMPATH\CodeIgniter.php(361): CodeIgniter\CodeIgniter->handleRequest(null, Object(Config\Cache), false)
 9 FCPATH\index.php(79): CodeIgniter\CodeIgniter->run()
CRITICAL - 2024-01-18 15:01:11 --> Undefined variable $businessTypes
in APPPATH\Views\add_business.php on line 258.
 1 APPPATH\Views\add_business.php(258): CodeIgniter\Debug\Exceptions->errorHandler(2, 'Undefined variable $businessTypes', 'C:\\xampp\\htdocs\\login_ci4\\app\\Views\\add_business.php', 258)
 2 SYSTEMPATH\View\View.php(228): include('C:\\xampp\\htdocs\\login_ci4\\app\\Views\\add_business.php')
 3 SYSTEMPATH\View\View.php(231): CodeIgniter\View\View->CodeIgniter\View\{closure}()
 4 SYSTEMPATH\Common.php(1190): CodeIgniter\View\View->render('add_business.php', [], true)
 5 APPPATH\Controllers\LoginController.php(26): view('add_business.php')
 6 SYSTEMPATH\CodeIgniter.php(942): App\Controllers\LoginController->user_form()
 7 SYSTEMPATH\CodeIgniter.php(502): CodeIgniter\CodeIgniter->runController(Object(App\Controllers\LoginController))
 8 SYSTEMPATH\CodeIgniter.php(361): CodeIgniter\CodeIgniter->handleRequest(null, Object(Config\Cache), false)
 9 FCPATH\index.php(79): CodeIgniter\CodeIgniter->run()
CRITICAL - 2024-01-18 15:03:52 --> Undefined variable $businessTypes
in APPPATH\Views\add_business.php on line 258.
 1 APPPATH\Views\add_business.php(258): CodeIgniter\Debug\Exceptions->errorHandler(2, 'Undefined variable $businessTypes', 'C:\\xampp\\htdocs\\login_ci4\\app\\Views\\add_business.php', 258)
 2 SYSTEMPATH\View\View.php(228): include('C:\\xampp\\htdocs\\login_ci4\\app\\Views\\add_business.php')
 3 SYSTEMPATH\View\View.php(231): CodeIgniter\View\View->CodeIgniter\View\{closure}()
 4 SYSTEMPATH\Common.php(1190): CodeIgniter\View\View->render('add_business.php', [], true)
 5 APPPATH\Controllers\LoginController.php(26): view('add_business.php')
 6 SYSTEMPATH\CodeIgniter.php(942): App\Controllers\LoginController->user_form()
 7 SYSTEMPATH\CodeIgniter.php(502): CodeIgniter\CodeIgniter->runController(Object(App\Controllers\LoginController))
 8 SYSTEMPATH\CodeIgniter.php(361): CodeIgniter\CodeIgniter->handleRequest(null, Object(Config\Cache), false)
 9 FCPATH\index.php(79): CodeIgniter\CodeIgniter->run()
CRITICAL - 2024-01-18 15:03:54 --> Undefined variable $businessTypes
in APPPATH\Views\add_business.php on line 258.
 1 APPPATH\Views\add_business.php(258): CodeIgniter\Debug\Exceptions->errorHandler(2, 'Undefined variable $businessTypes', 'C:\\xampp\\htdocs\\login_ci4\\app\\Views\\add_business.php', 258)
 2 SYSTEMPATH\View\View.php(228): include('C:\\xampp\\htdocs\\login_ci4\\app\\Views\\add_business.php')
 3 SYSTEMPATH\View\View.php(231): CodeIgniter\View\View->CodeIgniter\View\{closure}()
 4 SYSTEMPATH\Common.php(1190): CodeIgniter\View\View->render('add_business.php', [], true)
 5 APPPATH\Controllers\LoginController.php(26): view('add_business.php')
 6 SYSTEMPATH\CodeIgniter.php(942): App\Controllers\LoginController->user_form()
 7 SYSTEMPATH\CodeIgniter.php(502): CodeIgniter\CodeIgniter->runController(Object(App\Controllers\LoginController))
 8 SYSTEMPATH\CodeIgniter.php(361): CodeIgniter\CodeIgniter->handleRequest(null, Object(Config\Cache), false)
 9 FCPATH\index.php(79): CodeIgniter\CodeIgniter->run()
CRITICAL - 2024-01-18 15:03:55 --> Undefined variable $businessTypes
in APPPATH\Views\add_business.php on line 258.
 1 APPPATH\Views\add_business.php(258): CodeIgniter\Debug\Exceptions->errorHandler(2, 'Undefined variable $businessTypes', 'C:\\xampp\\htdocs\\login_ci4\\app\\Views\\add_business.php', 258)
 2 SYSTEMPATH\View\View.php(228): include('C:\\xampp\\htdocs\\login_ci4\\app\\Views\\add_business.php')
 3 SYSTEMPATH\View\View.php(231): CodeIgniter\View\View->CodeIgniter\View\{closure}()
 4 SYSTEMPATH\Common.php(1190): CodeIgniter\View\View->render('add_business.php', [], true)
 5 APPPATH\Controllers\LoginController.php(26): view('add_business.php')
 6 SYSTEMPATH\CodeIgniter.php(942): App\Controllers\LoginController->user_form()
 7 SYSTEMPATH\CodeIgniter.php(502): CodeIgniter\CodeIgniter->runController(Object(App\Controllers\LoginController))
 8 SYSTEMPATH\CodeIgniter.php(361): CodeIgniter\CodeIgniter->handleRequest(null, Object(Config\Cache), false)
 9 FCPATH\index.php(79): CodeIgniter\CodeIgniter->run()
CRITICAL - 2024-01-18 15:04:03 --> Undefined variable $businessTypes
in APPPATH\Views\add_business.php on line 258.
 1 APPPATH\Views\add_business.php(258): CodeIgniter\Debug\Exceptions->errorHandler(2, 'Undefined variable $businessTypes', 'C:\\xampp\\htdocs\\login_ci4\\app\\Views\\add_business.php', 258)
 2 SYSTEMPATH\View\View.php(228): include('C:\\xampp\\htdocs\\login_ci4\\app\\Views\\add_business.php')
 3 SYSTEMPATH\View\View.php(231): CodeIgniter\View\View->CodeIgniter\View\{closure}()
 4 SYSTEMPATH\Common.php(1190): CodeIgniter\View\View->render('add_business.php', [], true)
 5 APPPATH\Controllers\LoginController.php(26): view('add_business.php')
 6 SYSTEMPATH\CodeIgniter.php(942): App\Controllers\LoginController->user_form()
 7 SYSTEMPATH\CodeIgniter.php(502): CodeIgniter\CodeIgniter->runController(Object(App\Controllers\LoginController))
 8 SYSTEMPATH\CodeIgniter.php(361): CodeIgniter\CodeIgniter->handleRequest(null, Object(Config\Cache), false)
 9 FCPATH\index.php(79): CodeIgniter\CodeIgniter->run()
CRITICAL - 2024-01-18 15:21:31 --> Undefined variable $businessTypes
in APPPATH\Views\add_business.php on line 258.
 1 APPPATH\Views\add_business.php(258): CodeIgniter\Debug\Exceptions->errorHandler(2, 'Undefined variable $businessTypes', 'C:\\xampp\\htdocs\\login_ci4\\app\\Views\\add_business.php', 258)
 2 SYSTEMPATH\View\View.php(228): include('C:\\xampp\\htdocs\\login_ci4\\app\\Views\\add_business.php')
 3 SYSTEMPATH\View\View.php(231): CodeIgniter\View\View->CodeIgniter\View\{closure}()
 4 SYSTEMPATH\Common.php(1190): CodeIgniter\View\View->render('add_business.php', [], true)
 5 APPPATH\Controllers\LoginController.php(26): view('add_business.php')
 6 SYSTEMPATH\CodeIgniter.php(942): App\Controllers\LoginController->user_form()
 7 SYSTEMPATH\CodeIgniter.php(502): CodeIgniter\CodeIgniter->runController(Object(App\Controllers\LoginController))
 8 SYSTEMPATH\CodeIgniter.php(361): CodeIgniter\CodeIgniter->handleRequest(null, Object(Config\Cache), false)
 9 FCPATH\index.php(79): CodeIgniter\CodeIgniter->run()
CRITICAL - 2024-01-18 15:23:46 --> Undefined variable $businessTypes
in APPPATH\Views\add_business.php on line 258.
 1 APPPATH\Views\add_business.php(258): CodeIgniter\Debug\Exceptions->errorHandler(2, 'Undefined variable $businessTypes', 'C:\\xampp\\htdocs\\login_ci4\\app\\Views\\add_business.php', 258)
 2 SYSTEMPATH\View\View.php(228): include('C:\\xampp\\htdocs\\login_ci4\\app\\Views\\add_business.php')
 3 SYSTEMPATH\View\View.php(231): CodeIgniter\View\View->CodeIgniter\View\{closure}()
 4 SYSTEMPATH\Common.php(1190): CodeIgniter\View\View->render('add_business.php', [], true)
 5 APPPATH\Controllers\LoginController.php(26): view('add_business.php')
 6 SYSTEMPATH\CodeIgniter.php(942): App\Controllers\LoginController->user_form()
 7 SYSTEMPATH\CodeIgniter.php(502): CodeIgniter\CodeIgniter->runController(Object(App\Controllers\LoginController))
 8 SYSTEMPATH\CodeIgniter.php(361): CodeIgniter\CodeIgniter->handleRequest(null, Object(Config\Cache), false)
 9 FCPATH\index.php(79): CodeIgniter\CodeIgniter->run()
CRITICAL - 2024-01-18 16:18:27 --> Undefined variable $businessTypes
in APPPATH\Views\add_business.php on line 258.
 1 APPPATH\Views\add_business.php(258): CodeIgniter\Debug\Exceptions->errorHandler(2, 'Undefined variable $businessTypes', 'C:\\xampp\\htdocs\\login_ci4\\app\\Views\\add_business.php', 258)
 2 SYSTEMPATH\View\View.php(228): include('C:\\xampp\\htdocs\\login_ci4\\app\\Views\\add_business.php')
 3 SYSTEMPATH\View\View.php(231): CodeIgniter\View\View->CodeIgniter\View\{closure}()
 4 SYSTEMPATH\Common.php(1190): CodeIgniter\View\View->render('add_business.php', [], true)
 5 APPPATH\Controllers\LoginController.php(26): view('add_business.php')
 6 SYSTEMPATH\CodeIgniter.php(942): App\Controllers\LoginController->user_form()
 7 SYSTEMPATH\CodeIgniter.php(502): CodeIgniter\CodeIgniter->runController(Object(App\Controllers\LoginController))
 8 SYSTEMPATH\CodeIgniter.php(361): CodeIgniter\CodeIgniter->handleRequest(null, Object(Config\Cache), false)
 9 FCPATH\index.php(79): CodeIgniter\CodeIgniter->run()
CRITICAL - 2024-01-18 16:24:26 --> Undefined variable $businessTypes
in APPPATH\Views\add_business.php on line 258.
 1 APPPATH\Views\add_business.php(258): CodeIgniter\Debug\Exceptions->errorHandler(2, 'Undefined variable $businessTypes', 'C:\\xampp\\htdocs\\login_ci4\\app\\Views\\add_business.php', 258)
 2 SYSTEMPATH\View\View.php(228): include('C:\\xampp\\htdocs\\login_ci4\\app\\Views\\add_business.php')
 3 SYSTEMPATH\View\View.php(231): CodeIgniter\View\View->CodeIgniter\View\{closure}()
 4 SYSTEMPATH\Common.php(1190): CodeIgniter\View\View->render('add_business.php', [], true)
 5 APPPATH\Controllers\LoginController.php(26): view('add_business.php')
 6 SYSTEMPATH\CodeIgniter.php(942): App\Controllers\LoginController->user_form()
 7 SYSTEMPATH\CodeIgniter.php(502): CodeIgniter\CodeIgniter->runController(Object(App\Controllers\LoginController))
 8 SYSTEMPATH\CodeIgniter.php(361): CodeIgniter\CodeIgniter->handleRequest(null, Object(Config\Cache), false)
 9 FCPATH\index.php(79): CodeIgniter\CodeIgniter->run()
CRITICAL - 2024-01-18 16:42:47 --> Undefined variable $businessTypes
in APPPATH\Views\add_business.php on line 258.
 1 APPPATH\Views\add_business.php(258): CodeIgniter\Debug\Exceptions->errorHandler(2, 'Undefined variable $businessTypes', 'C:\\xampp\\htdocs\\login_ci4\\app\\Views\\add_business.php', 258)
 2 SYSTEMPATH\View\View.php(228): include('C:\\xampp\\htdocs\\login_ci4\\app\\Views\\add_business.php')
 3 SYSTEMPATH\View\View.php(231): CodeIgniter\View\View->CodeIgniter\View\{closure}()
 4 SYSTEMPATH\Common.php(1190): CodeIgniter\View\View->render('add_business.php', [], true)
 5 APPPATH\Controllers\LoginController.php(26): view('add_business.php')
 6 SYSTEMPATH\CodeIgniter.php(942): App\Controllers\LoginController->user_form()
 7 SYSTEMPATH\CodeIgniter.php(502): CodeIgniter\CodeIgniter->runController(Object(App\Controllers\LoginController))
 8 SYSTEMPATH\CodeIgniter.php(361): CodeIgniter\CodeIgniter->handleRequest(null, Object(Config\Cache), false)
 9 FCPATH\index.php(79): CodeIgniter\CodeIgniter->run()
CRITICAL - 2024-01-18 16:42:48 --> Undefined variable $businessTypes
in APPPATH\Views\add_business.php on line 258.
 1 APPPATH\Views\add_business.php(258): CodeIgniter\Debug\Exceptions->errorHandler(2, 'Undefined variable $businessTypes', 'C:\\xampp\\htdocs\\login_ci4\\app\\Views\\add_business.php', 258)
 2 SYSTEMPATH\View\View.php(228): include('C:\\xampp\\htdocs\\login_ci4\\app\\Views\\add_business.php')
 3 SYSTEMPATH\View\View.php(231): CodeIgniter\View\View->CodeIgniter\View\{closure}()
 4 SYSTEMPATH\Common.php(1190): CodeIgniter\View\View->render('add_business.php', [], true)
 5 APPPATH\Controllers\LoginController.php(26): view('add_business.php')
 6 SYSTEMPATH\CodeIgniter.php(942): App\Controllers\LoginController->user_form()
 7 SYSTEMPATH\CodeIgniter.php(502): CodeIgniter\CodeIgniter->runController(Object(App\Controllers\LoginController))
 8 SYSTEMPATH\CodeIgniter.php(361): CodeIgniter\CodeIgniter->handleRequest(null, Object(Config\Cache), false)
 9 FCPATH\index.php(79): CodeIgniter\CodeIgniter->run()
CRITICAL - 2024-01-18 16:42:49 --> Undefined variable $businessTypes
in APPPATH\Views\add_business.php on line 258.
 1 APPPATH\Views\add_business.php(258): CodeIgniter\Debug\Exceptions->errorHandler(2, 'Undefined variable $businessTypes', 'C:\\xampp\\htdocs\\login_ci4\\app\\Views\\add_business.php', 258)
 2 SYSTEMPATH\View\View.php(228): include('C:\\xampp\\htdocs\\login_ci4\\app\\Views\\add_business.php')
 3 SYSTEMPATH\View\View.php(231): CodeIgniter\View\View->CodeIgniter\View\{closure}()
 4 SYSTEMPATH\Common.php(1190): CodeIgniter\View\View->render('add_business.php', [], true)
 5 APPPATH\Controllers\LoginController.php(26): view('add_business.php')
 6 SYSTEMPATH\CodeIgniter.php(942): App\Controllers\LoginController->user_form()
 7 SYSTEMPATH\CodeIgniter.php(502): CodeIgniter\CodeIgniter->runController(Object(App\Controllers\LoginController))
 8 SYSTEMPATH\CodeIgniter.php(361): CodeIgniter\CodeIgniter->handleRequest(null, Object(Config\Cache), false)
 9 FCPATH\index.php(79): CodeIgniter\CodeIgniter->run()
CRITICAL - 2024-01-18 17:05:28 --> Undefined variable $businessTypes
in APPPATH\Views\add_business.php on line 258.
 1 APPPATH\Views\add_business.php(258): CodeIgniter\Debug\Exceptions->errorHandler(2, 'Undefined variable $businessTypes', 'C:\\xampp\\htdocs\\login_ci4\\app\\Views\\add_business.php', 258)
 2 SYSTEMPATH\View\View.php(228): include('C:\\xampp\\htdocs\\login_ci4\\app\\Views\\add_business.php')
 3 SYSTEMPATH\View\View.php(231): CodeIgniter\View\View->CodeIgniter\View\{closure}()
 4 SYSTEMPATH\Common.php(1190): CodeIgniter\View\View->render('add_business.php', [], true)
 5 APPPATH\Controllers\LoginController.php(26): view('add_business.php')
 6 SYSTEMPATH\CodeIgniter.php(942): App\Controllers\LoginController->user_form()
 7 SYSTEMPATH\CodeIgniter.php(502): CodeIgniter\CodeIgniter->runController(Object(App\Controllers\LoginController))
 8 SYSTEMPATH\CodeIgniter.php(361): CodeIgniter\CodeIgniter->handleRequest(null, Object(Config\Cache), false)
 9 FCPATH\index.php(79): CodeIgniter\CodeIgniter->run()
CRITICAL - 2024-01-18 17:05:29 --> Undefined variable $businessTypes
in APPPATH\Views\add_business.php on line 258.
 1 APPPATH\Views\add_business.php(258): CodeIgniter\Debug\Exceptions->errorHandler(2, 'Undefined variable $businessTypes', 'C:\\xampp\\htdocs\\login_ci4\\app\\Views\\add_business.php', 258)
 2 SYSTEMPATH\View\View.php(228): include('C:\\xampp\\htdocs\\login_ci4\\app\\Views\\add_business.php')
 3 SYSTEMPATH\View\View.php(231): CodeIgniter\View\View->CodeIgniter\View\{closure}()
 4 SYSTEMPATH\Common.php(1190): CodeIgniter\View\View->render('add_business.php', [], true)
 5 APPPATH\Controllers\LoginController.php(26): view('add_business.php')
 6 SYSTEMPATH\CodeIgniter.php(942): App\Controllers\LoginController->user_form()
 7 SYSTEMPATH\CodeIgniter.php(502): CodeIgniter\CodeIgniter->runController(Object(App\Controllers\LoginController))
 8 SYSTEMPATH\CodeIgniter.php(361): CodeIgniter\CodeIgniter->handleRequest(null, Object(Config\Cache), false)
 9 FCPATH\index.php(79): CodeIgniter\CodeIgniter->run()
CRITICAL - 2024-01-18 17:05:31 --> Undefined variable $businessTypes
in APPPATH\Views\add_business.php on line 258.
 1 APPPATH\Views\add_business.php(258): CodeIgniter\Debug\Exceptions->errorHandler(2, 'Undefined variable $businessTypes', 'C:\\xampp\\htdocs\\login_ci4\\app\\Views\\add_business.php', 258)
 2 SYSTEMPATH\View\View.php(228): include('C:\\xampp\\htdocs\\login_ci4\\app\\Views\\add_business.php')
 3 SYSTEMPATH\View\View.php(231): CodeIgniter\View\View->CodeIgniter\View\{closure}()
 4 SYSTEMPATH\Common.php(1190): CodeIgniter\View\View->render('add_business.php', [], true)
 5 APPPATH\Controllers\LoginController.php(26): view('add_business.php')
 6 SYSTEMPATH\CodeIgniter.php(942): App\Controllers\LoginController->user_form()
 7 SYSTEMPATH\CodeIgniter.php(502): CodeIgniter\CodeIgniter->runController(Object(App\Controllers\LoginController))
 8 SYSTEMPATH\CodeIgniter.php(361): CodeIgniter\CodeIgniter->handleRequest(null, Object(Config\Cache), false)
 9 FCPATH\index.php(79): CodeIgniter\CodeIgniter->run()
CRITICAL - 2024-01-18 17:05:32 --> Undefined variable $businessTypes
in APPPATH\Views\add_business.php on line 258.
 1 APPPATH\Views\add_business.php(258): CodeIgniter\Debug\Exceptions->errorHandler(2, 'Undefined variable $businessTypes', 'C:\\xampp\\htdocs\\login_ci4\\app\\Views\\add_business.php', 258)
 2 SYSTEMPATH\View\View.php(228): include('C:\\xampp\\htdocs\\login_ci4\\app\\Views\\add_business.php')
 3 SYSTEMPATH\View\View.php(231): CodeIgniter\View\View->CodeIgniter\View\{closure}()
 4 SYSTEMPATH\Common.php(1190): CodeIgniter\View\View->render('add_business.php', [], true)
 5 APPPATH\Controllers\LoginController.php(26): view('add_business.php')
 6 SYSTEMPATH\CodeIgniter.php(942): App\Controllers\LoginController->user_form()
 7 SYSTEMPATH\CodeIgniter.php(502): CodeIgniter\CodeIgniter->runController(Object(App\Controllers\LoginController))
 8 SYSTEMPATH\CodeIgniter.php(361): CodeIgniter\CodeIgniter->handleRequest(null, Object(Config\Cache), false)
 9 FCPATH\index.php(79): CodeIgniter\CodeIgniter->run()
CRITICAL - 2024-01-18 17:05:33 --> Undefined variable $businessTypes
in APPPATH\Views\add_business.php on line 258.
 1 APPPATH\Views\add_business.php(258): CodeIgniter\Debug\Exceptions->errorHandler(2, 'Undefined variable $businessTypes', 'C:\\xampp\\htdocs\\login_ci4\\app\\Views\\add_business.php', 258)
 2 SYSTEMPATH\View\View.php(228): include('C:\\xampp\\htdocs\\login_ci4\\app\\Views\\add_business.php')
 3 SYSTEMPATH\View\View.php(231): CodeIgniter\View\View->CodeIgniter\View\{closure}()
 4 SYSTEMPATH\Common.php(1190): CodeIgniter\View\View->render('add_business.php', [], true)
 5 APPPATH\Controllers\LoginController.php(26): view('add_business.php')
 6 SYSTEMPATH\CodeIgniter.php(942): App\Controllers\LoginController->user_form()
 7 SYSTEMPATH\CodeIgniter.php(502): CodeIgniter\CodeIgniter->runController(Object(App\Controllers\LoginController))
 8 SYSTEMPATH\CodeIgniter.php(361): CodeIgniter\CodeIgniter->handleRequest(null, Object(Config\Cache), false)
 9 FCPATH\index.php(79): CodeIgniter\CodeIgniter->run()
CRITICAL - 2024-01-18 17:05:34 --> Undefined variable $businessTypes
in APPPATH\Views\add_business.php on line 258.
 1 APPPATH\Views\add_business.php(258): CodeIgniter\Debug\Exceptions->errorHandler(2, 'Undefined variable $businessTypes', 'C:\\xampp\\htdocs\\login_ci4\\app\\Views\\add_business.php', 258)
 2 SYSTEMPATH\View\View.php(228): include('C:\\xampp\\htdocs\\login_ci4\\app\\Views\\add_business.php')
 3 SYSTEMPATH\View\View.php(231): CodeIgniter\View\View->CodeIgniter\View\{closure}()
 4 SYSTEMPATH\Common.php(1190): CodeIgniter\View\View->render('add_business.php', [], true)
 5 APPPATH\Controllers\LoginController.php(26): view('add_business.php')
 6 SYSTEMPATH\CodeIgniter.php(942): App\Controllers\LoginController->user_form()
 7 SYSTEMPATH\CodeIgniter.php(502): CodeIgniter\CodeIgniter->runController(Object(App\Controllers\LoginController))
 8 SYSTEMPATH\CodeIgniter.php(361): CodeIgniter\CodeIgniter->handleRequest(null, Object(Config\Cache), false)
 9 FCPATH\index.php(79): CodeIgniter\CodeIgniter->run()
CRITICAL - 2024-01-18 17:05:34 --> Undefined variable $businessTypes
in APPPATH\Views\add_business.php on line 258.
 1 APPPATH\Views\add_business.php(258): CodeIgniter\Debug\Exceptions->errorHandler(2, 'Undefined variable $businessTypes', 'C:\\xampp\\htdocs\\login_ci4\\app\\Views\\add_business.php', 258)
 2 SYSTEMPATH\View\View.php(228): include('C:\\xampp\\htdocs\\login_ci4\\app\\Views\\add_business.php')
 3 SYSTEMPATH\View\View.php(231): CodeIgniter\View\View->CodeIgniter\View\{closure}()
 4 SYSTEMPATH\Common.php(1190): CodeIgniter\View\View->render('add_business.php', [], true)
 5 APPPATH\Controllers\LoginController.php(26): view('add_business.php')
 6 SYSTEMPATH\CodeIgniter.php(942): App\Controllers\LoginController->user_form()
 7 SYSTEMPATH\CodeIgniter.php(502): CodeIgniter\CodeIgniter->runController(Object(App\Controllers\LoginController))
 8 SYSTEMPATH\CodeIgniter.php(361): CodeIgniter\CodeIgniter->handleRequest(null, Object(Config\Cache), false)
 9 FCPATH\index.php(79): CodeIgniter\CodeIgniter->run()
CRITICAL - 2024-01-18 17:05:35 --> Undefined variable $businessTypes
in APPPATH\Views\add_business.php on line 258.
 1 APPPATH\Views\add_business.php(258): CodeIgniter\Debug\Exceptions->errorHandler(2, 'Undefined variable $businessTypes', 'C:\\xampp\\htdocs\\login_ci4\\app\\Views\\add_business.php', 258)
 2 SYSTEMPATH\View\View.php(228): include('C:\\xampp\\htdocs\\login_ci4\\app\\Views\\add_business.php')
 3 SYSTEMPATH\View\View.php(231): CodeIgniter\View\View->CodeIgniter\View\{closure}()
 4 SYSTEMPATH\Common.php(1190): CodeIgniter\View\View->render('add_business.php', [], true)
 5 APPPATH\Controllers\LoginController.php(26): view('add_business.php')
 6 SYSTEMPATH\CodeIgniter.php(942): App\Controllers\LoginController->user_form()
 7 SYSTEMPATH\CodeIgniter.php(502): CodeIgniter\CodeIgniter->runController(Object(App\Controllers\LoginController))
 8 SYSTEMPATH\CodeIgniter.php(361): CodeIgniter\CodeIgniter->handleRequest(null, Object(Config\Cache), false)
 9 FCPATH\index.php(79): CodeIgniter\CodeIgniter->run()
CRITICAL - 2024-01-18 17:05:42 --> Undefined variable $businessTypes
in APPPATH\Views\add_business.php on line 258.
 1 APPPATH\Views\add_business.php(258): CodeIgniter\Debug\Exceptions->errorHandler(2, 'Undefined variable $businessTypes', 'C:\\xampp\\htdocs\\login_ci4\\app\\Views\\add_business.php', 258)
 2 SYSTEMPATH\View\View.php(228): include('C:\\xampp\\htdocs\\login_ci4\\app\\Views\\add_business.php')
 3 SYSTEMPATH\View\View.php(231): CodeIgniter\View\View->CodeIgniter\View\{closure}()
 4 SYSTEMPATH\Common.php(1190): CodeIgniter\View\View->render('add_business.php', [], true)
 5 APPPATH\Controllers\LoginController.php(26): view('add_business.php')
 6 SYSTEMPATH\CodeIgniter.php(942): App\Controllers\LoginController->user_form()
 7 SYSTEMPATH\CodeIgniter.php(502): CodeIgniter\CodeIgniter->runController(Object(App\Controllers\LoginController))
 8 SYSTEMPATH\CodeIgniter.php(361): CodeIgniter\CodeIgniter->handleRequest(null, Object(Config\Cache), false)
 9 FCPATH\index.php(79): CodeIgniter\CodeIgniter->run()
CRITICAL - 2024-01-18 17:06:42 --> Undefined variable $businessTypes
in APPPATH\Views\add_business.php on line 258.
 1 APPPATH\Views\add_business.php(258): CodeIgniter\Debug\Exceptions->errorHandler(2, 'Undefined variable $businessTypes', 'C:\\xampp\\htdocs\\login_ci4\\app\\Views\\add_business.php', 258)
 2 SYSTEMPATH\View\View.php(228): include('C:\\xampp\\htdocs\\login_ci4\\app\\Views\\add_business.php')
 3 SYSTEMPATH\View\View.php(231): CodeIgniter\View\View->CodeIgniter\View\{closure}()
 4 SYSTEMPATH\Common.php(1190): CodeIgniter\View\View->render('add_business.php', [], true)
 5 APPPATH\Controllers\LoginController.php(26): view('add_business.php')
 6 SYSTEMPATH\CodeIgniter.php(942): App\Controllers\LoginController->user_form()
 7 SYSTEMPATH\CodeIgniter.php(502): CodeIgniter\CodeIgniter->runController(Object(App\Controllers\LoginController))
 8 SYSTEMPATH\CodeIgniter.php(361): CodeIgniter\CodeIgniter->handleRequest(null, Object(Config\Cache), false)
 9 FCPATH\index.php(79): CodeIgniter\CodeIgniter->run()
CRITICAL - 2024-01-18 17:07:10 --> Undefined variable $businessTypes
in APPPATH\Views\add_business.php on line 258.
 1 APPPATH\Views\add_business.php(258): CodeIgniter\Debug\Exceptions->errorHandler(2, 'Undefined variable $businessTypes', 'C:\\xampp\\htdocs\\login_ci4\\app\\Views\\add_business.php', 258)
 2 SYSTEMPATH\View\View.php(228): include('C:\\xampp\\htdocs\\login_ci4\\app\\Views\\add_business.php')
 3 SYSTEMPATH\View\View.php(231): CodeIgniter\View\View->CodeIgniter\View\{closure}()
 4 SYSTEMPATH\Common.php(1190): CodeIgniter\View\View->render('add_business.php', [], true)
 5 APPPATH\Controllers\LoginController.php(26): view('add_business.php')
 6 SYSTEMPATH\CodeIgniter.php(942): App\Controllers\LoginController->user_form()
 7 SYSTEMPATH\CodeIgniter.php(502): CodeIgniter\CodeIgniter->runController(Object(App\Controllers\LoginController))
 8 SYSTEMPATH\CodeIgniter.php(361): CodeIgniter\CodeIgniter->handleRequest(null, Object(Config\Cache), false)
 9 FCPATH\index.php(79): CodeIgniter\CodeIgniter->run()
CRITICAL - 2024-01-18 17:07:11 --> Undefined variable $businessTypes
in APPPATH\Views\add_business.php on line 258.
 1 APPPATH\Views\add_business.php(258): CodeIgniter\Debug\Exceptions->errorHandler(2, 'Undefined variable $businessTypes', 'C:\\xampp\\htdocs\\login_ci4\\app\\Views\\add_business.php', 258)
 2 SYSTEMPATH\View\View.php(228): include('C:\\xampp\\htdocs\\login_ci4\\app\\Views\\add_business.php')
 3 SYSTEMPATH\View\View.php(231): CodeIgniter\View\View->CodeIgniter\View\{closure}()
 4 SYSTEMPATH\Common.php(1190): CodeIgniter\View\View->render('add_business.php', [], true)
 5 APPPATH\Controllers\LoginController.php(26): view('add_business.php')
 6 SYSTEMPATH\CodeIgniter.php(942): App\Controllers\LoginController->user_form()
 7 SYSTEMPATH\CodeIgniter.php(502): CodeIgniter\CodeIgniter->runController(Object(App\Controllers\LoginController))
 8 SYSTEMPATH\CodeIgniter.php(361): CodeIgniter\CodeIgniter->handleRequest(null, Object(Config\Cache), false)
 9 FCPATH\index.php(79): CodeIgniter\CodeIgniter->run()
CRITICAL - 2024-01-18 17:07:12 --> Undefined variable $businessTypes
in APPPATH\Views\add_business.php on line 258.
 1 APPPATH\Views\add_business.php(258): CodeIgniter\Debug\Exceptions->errorHandler(2, 'Undefined variable $businessTypes', 'C:\\xampp\\htdocs\\login_ci4\\app\\Views\\add_business.php', 258)
 2 SYSTEMPATH\View\View.php(228): include('C:\\xampp\\htdocs\\login_ci4\\app\\Views\\add_business.php')
 3 SYSTEMPATH\View\View.php(231): CodeIgniter\View\View->CodeIgniter\View\{closure}()
 4 SYSTEMPATH\Common.php(1190): CodeIgniter\View\View->render('add_business.php', [], true)
 5 APPPATH\Controllers\LoginController.php(26): view('add_business.php')
 6 SYSTEMPATH\CodeIgniter.php(942): App\Controllers\LoginController->user_form()
 7 SYSTEMPATH\CodeIgniter.php(502): CodeIgniter\CodeIgniter->runController(Object(App\Controllers\LoginController))
 8 SYSTEMPATH\CodeIgniter.php(361): CodeIgniter\CodeIgniter->handleRequest(null, Object(Config\Cache), false)
 9 FCPATH\index.php(79): CodeIgniter\CodeIgniter->run()
CRITICAL - 2024-01-18 17:07:12 --> Undefined variable $businessTypes
in APPPATH\Views\add_business.php on line 258.
 1 APPPATH\Views\add_business.php(258): CodeIgniter\Debug\Exceptions->errorHandler(2, 'Undefined variable $businessTypes', 'C:\\xampp\\htdocs\\login_ci4\\app\\Views\\add_business.php', 258)
 2 SYSTEMPATH\View\View.php(228): include('C:\\xampp\\htdocs\\login_ci4\\app\\Views\\add_business.php')
 3 SYSTEMPATH\View\View.php(231): CodeIgniter\View\View->CodeIgniter\View\{closure}()
 4 SYSTEMPATH\Common.php(1190): CodeIgniter\View\View->render('add_business.php', [], true)
 5 APPPATH\Controllers\LoginController.php(26): view('add_business.php')
 6 SYSTEMPATH\CodeIgniter.php(942): App\Controllers\LoginController->user_form()
 7 SYSTEMPATH\CodeIgniter.php(502): CodeIgniter\CodeIgniter->runController(Object(App\Controllers\LoginController))
 8 SYSTEMPATH\CodeIgniter.php(361): CodeIgniter\CodeIgniter->handleRequest(null, Object(Config\Cache), false)
 9 FCPATH\index.php(79): CodeIgniter\CodeIgniter->run()
CRITICAL - 2024-01-18 17:09:24 --> Undefined variable $businessTypes
in APPPATH\Views\add_business.php on line 258.
 1 APPPATH\Views\add_business.php(258): CodeIgniter\Debug\Exceptions->errorHandler(2, 'Undefined variable $businessTypes', 'C:\\xampp\\htdocs\\login_ci4\\app\\Views\\add_business.php', 258)
 2 SYSTEMPATH\View\View.php(228): include('C:\\xampp\\htdocs\\login_ci4\\app\\Views\\add_business.php')
 3 SYSTEMPATH\View\View.php(231): CodeIgniter\View\View->CodeIgniter\View\{closure}()
 4 SYSTEMPATH\Common.php(1190): CodeIgniter\View\View->render('add_business.php', [], true)
 5 APPPATH\Controllers\LoginController.php(26): view('add_business.php')
 6 SYSTEMPATH\CodeIgniter.php(942): App\Controllers\LoginController->user_form()
 7 SYSTEMPATH\CodeIgniter.php(502): CodeIgniter\CodeIgniter->runController(Object(App\Controllers\LoginController))
 8 SYSTEMPATH\CodeIgniter.php(361): CodeIgniter\CodeIgniter->handleRequest(null, Object(Config\Cache), false)
 9 FCPATH\index.php(79): CodeIgniter\CodeIgniter->run()
CRITICAL - 2024-01-18 17:09:25 --> Undefined variable $businessTypes
in APPPATH\Views\add_business.php on line 258.
 1 APPPATH\Views\add_business.php(258): CodeIgniter\Debug\Exceptions->errorHandler(2, 'Undefined variable $businessTypes', 'C:\\xampp\\htdocs\\login_ci4\\app\\Views\\add_business.php', 258)
 2 SYSTEMPATH\View\View.php(228): include('C:\\xampp\\htdocs\\login_ci4\\app\\Views\\add_business.php')
 3 SYSTEMPATH\View\View.php(231): CodeIgniter\View\View->CodeIgniter\View\{closure}()
 4 SYSTEMPATH\Common.php(1190): CodeIgniter\View\View->render('add_business.php', [], true)
 5 APPPATH\Controllers\LoginController.php(26): view('add_business.php')
 6 SYSTEMPATH\CodeIgniter.php(942): App\Controllers\LoginController->user_form()
 7 SYSTEMPATH\CodeIgniter.php(502): CodeIgniter\CodeIgniter->runController(Object(App\Controllers\LoginController))
 8 SYSTEMPATH\CodeIgniter.php(361): CodeIgniter\CodeIgniter->handleRequest(null, Object(Config\Cache), false)
 9 FCPATH\index.php(79): CodeIgniter\CodeIgniter->run()
CRITICAL - 2024-01-18 17:09:26 --> Undefined variable $businessTypes
in APPPATH\Views\add_business.php on line 258.
 1 APPPATH\Views\add_business.php(258): CodeIgniter\Debug\Exceptions->errorHandler(2, 'Undefined variable $businessTypes', 'C:\\xampp\\htdocs\\login_ci4\\app\\Views\\add_business.php', 258)
 2 SYSTEMPATH\View\View.php(228): include('C:\\xampp\\htdocs\\login_ci4\\app\\Views\\add_business.php')
 3 SYSTEMPATH\View\View.php(231): CodeIgniter\View\View->CodeIgniter\View\{closure}()
 4 SYSTEMPATH\Common.php(1190): CodeIgniter\View\View->render('add_business.php', [], true)
 5 APPPATH\Controllers\LoginController.php(26): view('add_business.php')
 6 SYSTEMPATH\CodeIgniter.php(942): App\Controllers\LoginController->user_form()
 7 SYSTEMPATH\CodeIgniter.php(502): CodeIgniter\CodeIgniter->runController(Object(App\Controllers\LoginController))
 8 SYSTEMPATH\CodeIgniter.php(361): CodeIgniter\CodeIgniter->handleRequest(null, Object(Config\Cache), false)
 9 FCPATH\index.php(79): CodeIgniter\CodeIgniter->run()
CRITICAL - 2024-01-18 17:09:32 --> Undefined variable $businessTypes
in APPPATH\Views\add_business.php on line 258.
 1 APPPATH\Views\add_business.php(258): CodeIgniter\Debug\Exceptions->errorHandler(2, 'Undefined variable $businessTypes', 'C:\\xampp\\htdocs\\login_ci4\\app\\Views\\add_business.php', 258)
 2 SYSTEMPATH\View\View.php(228): include('C:\\xampp\\htdocs\\login_ci4\\app\\Views\\add_business.php')
 3 SYSTEMPATH\View\View.php(231): CodeIgniter\View\View->CodeIgniter\View\{closure}()
 4 SYSTEMPATH\Common.php(1190): CodeIgniter\View\View->render('add_business.php', [], true)
 5 APPPATH\Controllers\LoginController.php(26): view('add_business.php')
 6 SYSTEMPATH\CodeIgniter.php(942): App\Controllers\LoginController->user_form()
 7 SYSTEMPATH\CodeIgniter.php(502): CodeIgniter\CodeIgniter->runController(Object(App\Controllers\LoginController))
 8 SYSTEMPATH\CodeIgniter.php(361): CodeIgniter\CodeIgniter->handleRequest(null, Object(Config\Cache), false)
 9 FCPATH\index.php(79): CodeIgniter\CodeIgniter->run()
CRITICAL - 2024-01-18 17:22:10 --> Undefined variable $businessTypes
in APPPATH\Views\add_business.php on line 257.
 1 APPPATH\Views\add_business.php(257): CodeIgniter\Debug\Exceptions->errorHandler(2, 'Undefined variable $businessTypes', 'C:\\xampp\\htdocs\\login_ci4\\app\\Views\\add_business.php', 257)
 2 SYSTEMPATH\View\View.php(228): include('C:\\xampp\\htdocs\\login_ci4\\app\\Views\\add_business.php')
 3 SYSTEMPATH\View\View.php(231): CodeIgniter\View\View->CodeIgniter\View\{closure}()
 4 SYSTEMPATH\Common.php(1190): CodeIgniter\View\View->render('add_business.php', [], true)
 5 APPPATH\Controllers\LoginController.php(26): view('add_business.php')
 6 SYSTEMPATH\CodeIgniter.php(942): App\Controllers\LoginController->user_form()
 7 SYSTEMPATH\CodeIgniter.php(502): CodeIgniter\CodeIgniter->runController(Object(App\Controllers\LoginController))
 8 SYSTEMPATH\CodeIgniter.php(361): CodeIgniter\CodeIgniter->handleRequest(null, Object(Config\Cache), false)
 9 FCPATH\index.php(79): CodeIgniter\CodeIgniter->run()
CRITICAL - 2024-01-18 17:22:11 --> Undefined variable $businessTypes
in APPPATH\Views\add_business.php on line 257.
 1 APPPATH\Views\add_business.php(257): CodeIgniter\Debug\Exceptions->errorHandler(2, 'Undefined variable $businessTypes', 'C:\\xampp\\htdocs\\login_ci4\\app\\Views\\add_business.php', 257)
 2 SYSTEMPATH\View\View.php(228): include('C:\\xampp\\htdocs\\login_ci4\\app\\Views\\add_business.php')
 3 SYSTEMPATH\View\View.php(231): CodeIgniter\View\View->CodeIgniter\View\{closure}()
 4 SYSTEMPATH\Common.php(1190): CodeIgniter\View\View->render('add_business.php', [], true)
 5 APPPATH\Controllers\LoginController.php(26): view('add_business.php')
 6 SYSTEMPATH\CodeIgniter.php(942): App\Controllers\LoginController->user_form()
 7 SYSTEMPATH\CodeIgniter.php(502): CodeIgniter\CodeIgniter->runController(Object(App\Controllers\LoginController))
 8 SYSTEMPATH\CodeIgniter.php(361): CodeIgniter\CodeIgniter->handleRequest(null, Object(Config\Cache), false)
 9 FCPATH\index.php(79): CodeIgniter\CodeIgniter->run()
CRITICAL - 2024-01-18 17:22:12 --> Undefined variable $businessTypes
in APPPATH\Views\add_business.php on line 257.
 1 APPPATH\Views\add_business.php(257): CodeIgniter\Debug\Exceptions->errorHandler(2, 'Undefined variable $businessTypes', 'C:\\xampp\\htdocs\\login_ci4\\app\\Views\\add_business.php', 257)
 2 SYSTEMPATH\View\View.php(228): include('C:\\xampp\\htdocs\\login_ci4\\app\\Views\\add_business.php')
 3 SYSTEMPATH\View\View.php(231): CodeIgniter\View\View->CodeIgniter\View\{closure}()
 4 SYSTEMPATH\Common.php(1190): CodeIgniter\View\View->render('add_business.php', [], true)
 5 APPPATH\Controllers\LoginController.php(26): view('add_business.php')
 6 SYSTEMPATH\CodeIgniter.php(942): App\Controllers\LoginController->user_form()
 7 SYSTEMPATH\CodeIgniter.php(502): CodeIgniter\CodeIgniter->runController(Object(App\Controllers\LoginController))
 8 SYSTEMPATH\CodeIgniter.php(361): CodeIgniter\CodeIgniter->handleRequest(null, Object(Config\Cache), false)
 9 FCPATH\index.php(79): CodeIgniter\CodeIgniter->run()
CRITICAL - 2024-01-18 17:22:13 --> Undefined variable $businessTypes
in APPPATH\Views\add_business.php on line 257.
 1 APPPATH\Views\add_business.php(257): CodeIgniter\Debug\Exceptions->errorHandler(2, 'Undefined variable $businessTypes', 'C:\\xampp\\htdocs\\login_ci4\\app\\Views\\add_business.php', 257)
 2 SYSTEMPATH\View\View.php(228): include('C:\\xampp\\htdocs\\login_ci4\\app\\Views\\add_business.php')
 3 SYSTEMPATH\View\View.php(231): CodeIgniter\View\View->CodeIgniter\View\{closure}()
 4 SYSTEMPATH\Common.php(1190): CodeIgniter\View\View->render('add_business.php', [], true)
 5 APPPATH\Controllers\LoginController.php(26): view('add_business.php')
 6 SYSTEMPATH\CodeIgniter.php(942): App\Controllers\LoginController->user_form()
 7 SYSTEMPATH\CodeIgniter.php(502): CodeIgniter\CodeIgniter->runController(Object(App\Controllers\LoginController))
 8 SYSTEMPATH\CodeIgniter.php(361): CodeIgniter\CodeIgniter->handleRequest(null, Object(Config\Cache), false)
 9 FCPATH\index.php(79): CodeIgniter\CodeIgniter->run()
CRITICAL - 2024-01-18 17:22:14 --> Undefined variable $businessTypes
in APPPATH\Views\add_business.php on line 257.
 1 APPPATH\Views\add_business.php(257): CodeIgniter\Debug\Exceptions->errorHandler(2, 'Undefined variable $businessTypes', 'C:\\xampp\\htdocs\\login_ci4\\app\\Views\\add_business.php', 257)
 2 SYSTEMPATH\View\View.php(228): include('C:\\xampp\\htdocs\\login_ci4\\app\\Views\\add_business.php')
 3 SYSTEMPATH\View\View.php(231): CodeIgniter\View\View->CodeIgniter\View\{closure}()
 4 SYSTEMPATH\Common.php(1190): CodeIgniter\View\View->render('add_business.php', [], true)
 5 APPPATH\Controllers\LoginController.php(26): view('add_business.php')
 6 SYSTEMPATH\CodeIgniter.php(942): App\Controllers\LoginController->user_form()
 7 SYSTEMPATH\CodeIgniter.php(502): CodeIgniter\CodeIgniter->runController(Object(App\Controllers\LoginController))
 8 SYSTEMPATH\CodeIgniter.php(361): CodeIgniter\CodeIgniter->handleRequest(null, Object(Config\Cache), false)
 9 FCPATH\index.php(79): CodeIgniter\CodeIgniter->run()
CRITICAL - 2024-01-18 17:26:13 --> Undefined variable $business
in APPPATH\Views\add_business.php on line 257.
 1 APPPATH\Views\add_business.php(257): CodeIgniter\Debug\Exceptions->errorHandler(2, 'Undefined variable $business', 'C:\\xampp\\htdocs\\login_ci4\\app\\Views\\add_business.php', 257)
 2 SYSTEMPATH\View\View.php(228): include('C:\\xampp\\htdocs\\login_ci4\\app\\Views\\add_business.php')
 3 SYSTEMPATH\View\View.php(231): CodeIgniter\View\View->CodeIgniter\View\{closure}()
 4 SYSTEMPATH\Common.php(1190): CodeIgniter\View\View->render('add_business.php', [], true)
 5 APPPATH\Controllers\LoginController.php(26): view('add_business.php')
 6 SYSTEMPATH\CodeIgniter.php(942): App\Controllers\LoginController->user_form()
 7 SYSTEMPATH\CodeIgniter.php(502): CodeIgniter\CodeIgniter->runController(Object(App\Controllers\LoginController))
 8 SYSTEMPATH\CodeIgniter.php(361): CodeIgniter\CodeIgniter->handleRequest(null, Object(Config\Cache), false)
 9 FCPATH\index.php(79): CodeIgniter\CodeIgniter->run()
CRITICAL - 2024-01-18 17:26:15 --> Undefined variable $business
in APPPATH\Views\add_business.php on line 257.
 1 APPPATH\Views\add_business.php(257): CodeIgniter\Debug\Exceptions->errorHandler(2, 'Undefined variable $business', 'C:\\xampp\\htdocs\\login_ci4\\app\\Views\\add_business.php', 257)
 2 SYSTEMPATH\View\View.php(228): include('C:\\xampp\\htdocs\\login_ci4\\app\\Views\\add_business.php')
 3 SYSTEMPATH\View\View.php(231): CodeIgniter\View\View->CodeIgniter\View\{closure}()
 4 SYSTEMPATH\Common.php(1190): CodeIgniter\View\View->render('add_business.php', [], true)
 5 APPPATH\Controllers\LoginController.php(26): view('add_business.php')
 6 SYSTEMPATH\CodeIgniter.php(942): App\Controllers\LoginController->user_form()
 7 SYSTEMPATH\CodeIgniter.php(502): CodeIgniter\CodeIgniter->runController(Object(App\Controllers\LoginController))
 8 SYSTEMPATH\CodeIgniter.php(361): CodeIgniter\CodeIgniter->handleRequest(null, Object(Config\Cache), false)
 9 FCPATH\index.php(79): CodeIgniter\CodeIgniter->run()
CRITICAL - 2024-01-18 17:26:15 --> Undefined variable $business
in APPPATH\Views\add_business.php on line 257.
 1 APPPATH\Views\add_business.php(257): CodeIgniter\Debug\Exceptions->errorHandler(2, 'Undefined variable $business', 'C:\\xampp\\htdocs\\login_ci4\\app\\Views\\add_business.php', 257)
 2 SYSTEMPATH\View\View.php(228): include('C:\\xampp\\htdocs\\login_ci4\\app\\Views\\add_business.php')
 3 SYSTEMPATH\View\View.php(231): CodeIgniter\View\View->CodeIgniter\View\{closure}()
 4 SYSTEMPATH\Common.php(1190): CodeIgniter\View\View->render('add_business.php', [], true)
 5 APPPATH\Controllers\LoginController.php(26): view('add_business.php')
 6 SYSTEMPATH\CodeIgniter.php(942): App\Controllers\LoginController->user_form()
 7 SYSTEMPATH\CodeIgniter.php(502): CodeIgniter\CodeIgniter->runController(Object(App\Controllers\LoginController))
 8 SYSTEMPATH\CodeIgniter.php(361): CodeIgniter\CodeIgniter->handleRequest(null, Object(Config\Cache), false)
 9 FCPATH\index.php(79): CodeIgniter\CodeIgniter->run()
CRITICAL - 2024-01-18 17:26:16 --> Undefined variable $business
in APPPATH\Views\add_business.php on line 257.
 1 APPPATH\Views\add_business.php(257): CodeIgniter\Debug\Exceptions->errorHandler(2, 'Undefined variable $business', 'C:\\xampp\\htdocs\\login_ci4\\app\\Views\\add_business.php', 257)
 2 SYSTEMPATH\View\View.php(228): include('C:\\xampp\\htdocs\\login_ci4\\app\\Views\\add_business.php')
 3 SYSTEMPATH\View\View.php(231): CodeIgniter\View\View->CodeIgniter\View\{closure}()
 4 SYSTEMPATH\Common.php(1190): CodeIgniter\View\View->render('add_business.php', [], true)
 5 APPPATH\Controllers\LoginController.php(26): view('add_business.php')
 6 SYSTEMPATH\CodeIgniter.php(942): App\Controllers\LoginController->user_form()
 7 SYSTEMPATH\CodeIgniter.php(502): CodeIgniter\CodeIgniter->runController(Object(App\Controllers\LoginController))
 8 SYSTEMPATH\CodeIgniter.php(361): CodeIgniter\CodeIgniter->handleRequest(null, Object(Config\Cache), false)
 9 FCPATH\index.php(79): CodeIgniter\CodeIgniter->run()
CRITICAL - 2024-01-18 17:26:17 --> Undefined variable $business
in APPPATH\Views\add_business.php on line 257.
 1 APPPATH\Views\add_business.php(257): CodeIgniter\Debug\Exceptions->errorHandler(2, 'Undefined variable $business', 'C:\\xampp\\htdocs\\login_ci4\\app\\Views\\add_business.php', 257)
 2 SYSTEMPATH\View\View.php(228): include('C:\\xampp\\htdocs\\login_ci4\\app\\Views\\add_business.php')
 3 SYSTEMPATH\View\View.php(231): CodeIgniter\View\View->CodeIgniter\View\{closure}()
 4 SYSTEMPATH\Common.php(1190): CodeIgniter\View\View->render('add_business.php', [], true)
 5 APPPATH\Controllers\LoginController.php(26): view('add_business.php')
 6 SYSTEMPATH\CodeIgniter.php(942): App\Controllers\LoginController->user_form()
 7 SYSTEMPATH\CodeIgniter.php(502): CodeIgniter\CodeIgniter->runController(Object(App\Controllers\LoginController))
 8 SYSTEMPATH\CodeIgniter.php(361): CodeIgniter\CodeIgniter->handleRequest(null, Object(Config\Cache), false)
 9 FCPATH\index.php(79): CodeIgniter\CodeIgniter->run()
CRITICAL - 2024-01-18 17:27:53 --> Call to a member function getRandomName() on null
in APPPATH\Controllers\LoginController.php on line 88.
 1 SYSTEMPATH\CodeIgniter.php(942): App\Controllers\LoginController->store()
 2 SYSTEMPATH\CodeIgniter.php(502): CodeIgniter\CodeIgniter->runController(Object(App\Controllers\LoginController))
 3 SYSTEMPATH\CodeIgniter.php(361): CodeIgniter\CodeIgniter->handleRequest(null, Object(Config\Cache), false)
 4 FCPATH\index.php(79): CodeIgniter\CodeIgniter->run()
CRITICAL - 2024-01-18 17:32:07 --> Call to a member function getRandomName() on null
in APPPATH\Controllers\LoginController.php on line 88.
 1 SYSTEMPATH\CodeIgniter.php(942): App\Controllers\LoginController->store()
 2 SYSTEMPATH\CodeIgniter.php(502): CodeIgniter\CodeIgniter->runController(Object(App\Controllers\LoginController))
 3 SYSTEMPATH\CodeIgniter.php(361): CodeIgniter\CodeIgniter->handleRequest(null, Object(Config\Cache), false)
 4 FCPATH\index.php(79): CodeIgniter\CodeIgniter->run()
CRITICAL - 2024-01-18 18:06:24 --> Undefined variable $business
in APPPATH\Views\add_business.php on line 257.
 1 APPPATH\Views\add_business.php(257): CodeIgniter\Debug\Exceptions->errorHandler(2, 'Undefined variable $business', 'C:\\xampp\\htdocs\\login_ci4\\app\\Views\\add_business.php', 257)
 2 SYSTEMPATH\View\View.php(228): include('C:\\xampp\\htdocs\\login_ci4\\app\\Views\\add_business.php')
 3 SYSTEMPATH\View\View.php(231): CodeIgniter\View\View->CodeIgniter\View\{closure}()
 4 SYSTEMPATH\Common.php(1190): CodeIgniter\View\View->render('add_business.php', [], true)
 5 APPPATH\Controllers\LoginController.php(26): view('add_business.php')
 6 SYSTEMPATH\CodeIgniter.php(942): App\Controllers\LoginController->user_form()
 7 SYSTEMPATH\CodeIgniter.php(502): CodeIgniter\CodeIgniter->runController(Object(App\Controllers\LoginController))
 8 SYSTEMPATH\CodeIgniter.php(361): CodeIgniter\CodeIgniter->handleRequest(null, Object(Config\Cache), false)
 9 FCPATH\index.php(79): CodeIgniter\CodeIgniter->run()
ERROR - 2024-01-18 18:40:15 --> mysqli_sql_exception: Unknown column 'fName' in 'field list' in C:\xampp\htdocs\login_ci4\system\Database\MySQLi\Connection.php:306
Stack trace:
#0 C:\xampp\htdocs\login_ci4\system\Database\MySQLi\Connection.php(306): mysqli->query('INSERT INTO `bu...', 0)
#1 C:\xampp\htdocs\login_ci4\system\Database\BaseConnection.php(693): CodeIgniter\Database\MySQLi\Connection->execute('INSERT INTO `bu...')
#2 C:\xampp\htdocs\login_ci4\system\Database\BaseConnection.php(607): CodeIgniter\Database\BaseConnection->simpleQuery('INSERT INTO `bu...')
#3 C:\xampp\htdocs\login_ci4\system\Database\BaseBuilder.php(2308): CodeIgniter\Database\BaseConnection->query('INSERT INTO `bu...', Array, false)
#4 C:\xampp\htdocs\login_ci4\app\Models\LoginModel.php(49): CodeIgniter\Database\BaseBuilder->insert(Array)
#5 C:\xampp\htdocs\login_ci4\app\Controllers\LoginController.php(129): App\Models\LoginModel->saveUser(Array)
#6 C:\xampp\htdocs\login_ci4\system\CodeIgniter.php(942): App\Controllers\LoginController->store()
#7 C:\xampp\htdocs\login_ci4\system\CodeIgniter.php(502): CodeIgniter\CodeIgniter->runController(Object(App\Controllers\LoginController))
#8 C:\xampp\htdocs\login_ci4\system\CodeIgniter.php(361): CodeIgniter\CodeIgniter->handleRequest(NULL, Object(Config\Cache), false)
#9 C:\xampp\htdocs\login_ci4\index.php(79): CodeIgniter\CodeIgniter->run()
#10 {main}
CRITICAL - 2024-01-18 18:40:15 --> Unknown column 'fName' in 'field list'
in SYSTEMPATH\Database\BaseConnection.php on line 647.
 1 SYSTEMPATH\Database\BaseBuilder.php(2308): CodeIgniter\Database\BaseConnection->query('INSERT INTO `business` (`fName`, `lName`, `email`, `address`, `phone`, `password`, `businessID`, `CNIC`, `CNIC_img`) VALUES (:fName:, :lName:, :email:, :address:, :phone:, :password:, :businessID:, :CNIC:, :CNIC_img:)', [...], false)
 2 APPPATH\Models\LoginModel.php(49): CodeIgniter\Database\BaseBuilder->insert([...])
 3 APPPATH\Controllers\LoginController.php(129): App\Models\LoginModel->saveUser([...])
 4 SYSTEMPATH\CodeIgniter.php(942): App\Controllers\LoginController->store()
 5 SYSTEMPATH\CodeIgniter.php(502): CodeIgniter\CodeIgniter->runController(Object(App\Controllers\LoginController))
 6 SYSTEMPATH\CodeIgniter.php(361): CodeIgniter\CodeIgniter->handleRequest(null, Object(Config\Cache), false)
 7 FCPATH\index.php(79): CodeIgniter\CodeIgniter->run()
