INFO - 2024-01-26 07:14:13 --> Session: Class initialized using 'CodeIgniter\Session\Handlers\FileHandler' driver.
INFO - 2024-01-26 07:14:33 --> Session: Class initialized using 'CodeIgniter\Session\Handlers\FileHandler' driver.
INFO - 2024-01-26 07:14:36 --> Session: Class initialized using 'CodeIgniter\Session\Handlers\FileHandler' driver.
INFO - 2024-01-26 07:14:47 --> Session: Class initialized using 'CodeIgniter\Session\Handlers\FileHandler' driver.
INFO - 2024-01-26 07:14:51 --> Session: Class initialized using 'CodeIgniter\Session\Handlers\FileHandler' driver.
INFO - 2024-01-26 07:15:10 --> Session: Class initialized using 'CodeIgniter\Session\Handlers\FileHandler' driver.
INFO - 2024-01-26 07:15:30 --> Session: Class initialized using 'CodeIgniter\Session\Handlers\FileHandler' driver.
INFO - 2024-01-26 07:15:38 --> Session: Class initialized using 'CodeIgniter\Session\Handlers\FileHandler' driver.
INFO - 2024-01-26 07:15:43 --> Session: Class initialized using 'CodeIgniter\Session\Handlers\FileHandler' driver.
INFO - 2024-01-26 07:15:53 --> Session: Class initialized using 'CodeIgniter\Session\Handlers\FileHandler' driver.
INFO - 2024-01-26 07:15:58 --> Session: Class initialized using 'CodeIgniter\Session\Handlers\FileHandler' driver.
INFO - 2024-01-26 07:17:32 --> Session: Class initialized using 'CodeIgniter\Session\Handlers\FileHandler' driver.
INFO - 2024-01-26 07:17:33 --> Session: Class initialized using 'CodeIgniter\Session\Handlers\FileHandler' driver.
INFO - 2024-01-26 07:17:39 --> Session: Class initialized using 'CodeIgniter\Session\Handlers\FileHandler' driver.
INFO - 2024-01-26 07:17:51 --> Session: Class initialized using 'CodeIgniter\Session\Handlers\FileHandler' driver.
INFO - 2024-01-26 07:18:11 --> Session: Class initialized using 'CodeIgniter\Session\Handlers\FileHandler' driver.
INFO - 2024-01-26 07:19:22 --> Session: Class initialized using 'CodeIgniter\Session\Handlers\FileHandler' driver.
INFO - 2024-01-26 07:19:23 --> Session: Class initialized using 'CodeIgniter\Session\Handlers\FileHandler' driver.
INFO - 2024-01-26 07:26:15 --> Session: Class initialized using 'CodeIgniter\Session\Handlers\FileHandler' driver.
INFO - 2024-01-26 07:26:36 --> Session: Class initialized using 'CodeIgniter\Session\Handlers\FileHandler' driver.
INFO - 2024-01-26 07:26:36 --> Session: Class initialized using 'CodeIgniter\Session\Handlers\FileHandler' driver.
INFO - 2024-01-26 07:27:00 --> Session: Class initialized using 'CodeIgniter\Session\Handlers\FileHandler' driver.
INFO - 2024-01-26 07:27:00 --> Session: Class initialized using 'CodeIgniter\Session\Handlers\FileHandler' driver.
INFO - 2024-01-26 07:31:02 --> Session: Class initialized using 'CodeIgniter\Session\Handlers\FileHandler' driver.
INFO - 2024-01-26 07:31:02 --> Session: Class initialized using 'CodeIgniter\Session\Handlers\FileHandler' driver.
INFO - 2024-01-26 07:32:24 --> Session: Class initialized using 'CodeIgniter\Session\Handlers\FileHandler' driver.
INFO - 2024-01-26 07:32:40 --> Session: Class initialized using 'CodeIgniter\Session\Handlers\FileHandler' driver.
INFO - 2024-01-26 07:33:55 --> Session: Class initialized using 'CodeIgniter\Session\Handlers\FileHandler' driver.
INFO - 2024-01-26 07:33:55 --> Session: Class initialized using 'CodeIgniter\Session\Handlers\FileHandler' driver.
INFO - 2024-01-26 07:35:09 --> Session: Class initialized using 'CodeIgniter\Session\Handlers\FileHandler' driver.
INFO - 2024-01-26 07:35:09 --> Session: Class initialized using 'CodeIgniter\Session\Handlers\FileHandler' driver.
INFO - 2024-01-26 07:35:17 --> Session: Class initialized using 'CodeIgniter\Session\Handlers\FileHandler' driver.
INFO - 2024-01-26 07:35:41 --> Session: Class initialized using 'CodeIgniter\Session\Handlers\FileHandler' driver.
ERROR - 2024-01-26 07:35:41 --> mysqli_sql_exception: Cannot add or update a child row: a foreign key constraint fails (`dashboard`.`appointment`, CONSTRAINT `fk_client` FOREIGN KEY (`clientID`) REFERENCES `client` (`idClient`)) in C:\xampp\htdocs\HMS_RegexByte\system\Database\MySQLi\Connection.php:306
Stack trace:
#0 C:\xampp\htdocs\HMS_RegexByte\system\Database\MySQLi\Connection.php(306): mysqli->query('INSERT INTO `ap...', 0)
#1 C:\xampp\htdocs\HMS_RegexByte\system\Database\BaseConnection.php(693): CodeIgniter\Database\MySQLi\Connection->execute('INSERT INTO `ap...')
#2 C:\xampp\htdocs\HMS_RegexByte\system\Database\BaseConnection.php(607): CodeIgniter\Database\BaseConnection->simpleQuery('INSERT INTO `ap...')
#3 C:\xampp\htdocs\HMS_RegexByte\system\Database\BaseBuilder.php(2308): CodeIgniter\Database\BaseConnection->query('INSERT INTO `ap...', Array, false)
#4 C:\xampp\htdocs\HMS_RegexByte\system\Model.php(319): CodeIgniter\Database\BaseBuilder->insert()
#5 C:\xampp\htdocs\HMS_RegexByte\system\BaseModel.php(788): CodeIgniter\Model->doInsert(Array)
#6 C:\xampp\htdocs\HMS_RegexByte\system\Model.php(715): CodeIgniter\BaseModel->insert(Array, true)
#7 C:\xampp\htdocs\HMS_RegexByte\app\Models\AppointmentModel.php(15): CodeIgniter\Model->insert(Array)
#8 C:\xampp\htdocs\HMS_RegexByte\app\Controllers\AppointmentController.php(70): App\Models\AppointmentModel->saveAppointment(Array)
#9 C:\xampp\htdocs\HMS_RegexByte\system\CodeIgniter.php(942): App\Controllers\AppointmentController->saveAppointment()
#10 C:\xampp\htdocs\HMS_RegexByte\system\CodeIgniter.php(502): CodeIgniter\CodeIgniter->runController(Object(App\Controllers\AppointmentController))
#11 C:\xampp\htdocs\HMS_RegexByte\system\CodeIgniter.php(361): CodeIgniter\CodeIgniter->handleRequest(NULL, Object(Config\Cache), false)
#12 C:\xampp\htdocs\HMS_RegexByte\index.php(79): CodeIgniter\CodeIgniter->run()
#13 {main}
CRITICAL - 2024-01-26 07:35:41 --> Cannot add or update a child row: a foreign key constraint fails (`dashboard`.`appointment`, CONSTRAINT `fk_client` FOREIGN KEY (`clientID`) REFERENCES `client` (`idClient`))
in SYSTEMPATH\Database\BaseConnection.php on line 647.
 1 SYSTEMPATH\Database\BaseBuilder.php(2308): CodeIgniter\Database\BaseConnection->query('INSERT INTO `appointment` (`clientID`, `doctorID`, `appointmentDate`, `appointmentTime`, `appointmentType`, `appointmentFee`) VALUES (:clientID:, :doctorID:, :appointmentDate:, :appointmentTime:, :appointmentType:, :appointmentFee:)', [...], false)
 2 SYSTEMPATH\Model.php(319): CodeIgniter\Database\BaseBuilder->insert()
 3 SYSTEMPATH\BaseModel.php(788): CodeIgniter\Model->doInsert([...])
 4 SYSTEMPATH\Model.php(715): CodeIgniter\BaseModel->insert([...], true)
 5 APPPATH\Models\AppointmentModel.php(15): CodeIgniter\Model->insert([...])
 6 APPPATH\Controllers\AppointmentController.php(70): App\Models\AppointmentModel->saveAppointment([...])
 7 SYSTEMPATH\CodeIgniter.php(942): App\Controllers\AppointmentController->saveAppointment()
 8 SYSTEMPATH\CodeIgniter.php(502): CodeIgniter\CodeIgniter->runController(Object(App\Controllers\AppointmentController))
 9 SYSTEMPATH\CodeIgniter.php(361): CodeIgniter\CodeIgniter->handleRequest(null, Object(Config\Cache), false)
10 FCPATH\index.php(79): CodeIgniter\CodeIgniter->run()
INFO - 2024-01-26 07:48:30 --> Session: Class initialized using 'CodeIgniter\Session\Handlers\FileHandler' driver.
INFO - 2024-01-26 07:48:40 --> Session: Class initialized using 'CodeIgniter\Session\Handlers\FileHandler' driver.
INFO - 2024-01-26 07:49:30 --> Session: Class initialized using 'CodeIgniter\Session\Handlers\FileHandler' driver.
INFO - 2024-01-26 07:49:31 --> Session: Class initialized using 'CodeIgniter\Session\Handlers\FileHandler' driver.
INFO - 2024-01-26 07:49:46 --> Session: Class initialized using 'CodeIgniter\Session\Handlers\FileHandler' driver.
INFO - 2024-01-26 07:50:51 --> Session: Class initialized using 'CodeIgniter\Session\Handlers\FileHandler' driver.
INFO - 2024-01-26 07:50:52 --> Session: Class initialized using 'CodeIgniter\Session\Handlers\FileHandler' driver.
INFO - 2024-01-26 07:50:55 --> Session: Class initialized using 'CodeIgniter\Session\Handlers\FileHandler' driver.
INFO - 2024-01-26 07:51:10 --> Session: Class initialized using 'CodeIgniter\Session\Handlers\FileHandler' driver.
INFO - 2024-01-26 07:51:28 --> Session: Class initialized using 'CodeIgniter\Session\Handlers\FileHandler' driver.
INFO - 2024-01-26 07:51:42 --> Session: Class initialized using 'CodeIgniter\Session\Handlers\FileHandler' driver.
INFO - 2024-01-26 07:52:05 --> Session: Class initialized using 'CodeIgniter\Session\Handlers\FileHandler' driver.
ERROR - 2024-01-26 07:52:05 --> mysqli_sql_exception: Cannot add or update a child row: a foreign key constraint fails (`dashboard`.`appointment`, CONSTRAINT `fk_client` FOREIGN KEY (`clientID`) REFERENCES `client` (`idClient`)) in C:\xampp\htdocs\HMS_RegexByte\system\Database\MySQLi\Connection.php:306
Stack trace:
#0 C:\xampp\htdocs\HMS_RegexByte\system\Database\MySQLi\Connection.php(306): mysqli->query('INSERT INTO `ap...', 0)
#1 C:\xampp\htdocs\HMS_RegexByte\system\Database\BaseConnection.php(693): CodeIgniter\Database\MySQLi\Connection->execute('INSERT INTO `ap...')
#2 C:\xampp\htdocs\HMS_RegexByte\system\Database\BaseConnection.php(607): CodeIgniter\Database\BaseConnection->simpleQuery('INSERT INTO `ap...')
#3 C:\xampp\htdocs\HMS_RegexByte\system\Database\BaseBuilder.php(2308): CodeIgniter\Database\BaseConnection->query('INSERT INTO `ap...', Array, false)
#4 C:\xampp\htdocs\HMS_RegexByte\system\Model.php(319): CodeIgniter\Database\BaseBuilder->insert()
#5 C:\xampp\htdocs\HMS_RegexByte\system\BaseModel.php(788): CodeIgniter\Model->doInsert(Array)
#6 C:\xampp\htdocs\HMS_RegexByte\system\Model.php(715): CodeIgniter\BaseModel->insert(Array, true)
#7 C:\xampp\htdocs\HMS_RegexByte\app\Models\AppointmentModel.php(15): CodeIgniter\Model->insert(Array)
#8 C:\xampp\htdocs\HMS_RegexByte\app\Controllers\AppointmentController.php(70): App\Models\AppointmentModel->saveAppointment(Array)
#9 C:\xampp\htdocs\HMS_RegexByte\system\CodeIgniter.php(942): App\Controllers\AppointmentController->saveAppointment()
#10 C:\xampp\htdocs\HMS_RegexByte\system\CodeIgniter.php(502): CodeIgniter\CodeIgniter->runController(Object(App\Controllers\AppointmentController))
#11 C:\xampp\htdocs\HMS_RegexByte\system\CodeIgniter.php(361): CodeIgniter\CodeIgniter->handleRequest(NULL, Object(Config\Cache), false)
#12 C:\xampp\htdocs\HMS_RegexByte\index.php(79): CodeIgniter\CodeIgniter->run()
#13 {main}
CRITICAL - 2024-01-26 07:52:05 --> Cannot add or update a child row: a foreign key constraint fails (`dashboard`.`appointment`, CONSTRAINT `fk_client` FOREIGN KEY (`clientID`) REFERENCES `client` (`idClient`))
in SYSTEMPATH\Database\BaseConnection.php on line 647.
 1 SYSTEMPATH\Database\BaseBuilder.php(2308): CodeIgniter\Database\BaseConnection->query('INSERT INTO `appointment` (`clientID`, `doctorID`, `appointmentDate`, `appointmentTime`, `appointmentType`, `appointmentFee`) VALUES (:clientID:, :doctorID:, :appointmentDate:, :appointmentTime:, :appointmentType:, :appointmentFee:)', [...], false)
 2 SYSTEMPATH\Model.php(319): CodeIgniter\Database\BaseBuilder->insert()
 3 SYSTEMPATH\BaseModel.php(788): CodeIgniter\Model->doInsert([...])
 4 SYSTEMPATH\Model.php(715): CodeIgniter\BaseModel->insert([...], true)
 5 APPPATH\Models\AppointmentModel.php(15): CodeIgniter\Model->insert([...])
 6 APPPATH\Controllers\AppointmentController.php(70): App\Models\AppointmentModel->saveAppointment([...])
 7 SYSTEMPATH\CodeIgniter.php(942): App\Controllers\AppointmentController->saveAppointment()
 8 SYSTEMPATH\CodeIgniter.php(502): CodeIgniter\CodeIgniter->runController(Object(App\Controllers\AppointmentController))
 9 SYSTEMPATH\CodeIgniter.php(361): CodeIgniter\CodeIgniter->handleRequest(null, Object(Config\Cache), false)
10 FCPATH\index.php(79): CodeIgniter\CodeIgniter->run()
INFO - 2024-01-26 07:57:18 --> Session: Class initialized using 'CodeIgniter\Session\Handlers\FileHandler' driver.
INFO - 2024-01-26 07:57:24 --> Session: Class initialized using 'CodeIgniter\Session\Handlers\FileHandler' driver.
INFO - 2024-01-26 07:57:34 --> Session: Class initialized using 'CodeIgniter\Session\Handlers\FileHandler' driver.
INFO - 2024-01-26 07:57:52 --> Session: Class initialized using 'CodeIgniter\Session\Handlers\FileHandler' driver.
ERROR - 2024-01-26 07:57:52 --> mysqli_sql_exception: Cannot add or update a child row: a foreign key constraint fails (`dashboard`.`appointment`, CONSTRAINT `fk_client` FOREIGN KEY (`clientID`) REFERENCES `client` (`idClient`)) in C:\xampp\htdocs\HMS_RegexByte\system\Database\MySQLi\Connection.php:306
Stack trace:
#0 C:\xampp\htdocs\HMS_RegexByte\system\Database\MySQLi\Connection.php(306): mysqli->query('INSERT INTO `ap...', 0)
#1 C:\xampp\htdocs\HMS_RegexByte\system\Database\BaseConnection.php(693): CodeIgniter\Database\MySQLi\Connection->execute('INSERT INTO `ap...')
#2 C:\xampp\htdocs\HMS_RegexByte\system\Database\BaseConnection.php(607): CodeIgniter\Database\BaseConnection->simpleQuery('INSERT INTO `ap...')
#3 C:\xampp\htdocs\HMS_RegexByte\system\Database\BaseBuilder.php(2308): CodeIgniter\Database\BaseConnection->query('INSERT INTO `ap...', Array, false)
#4 C:\xampp\htdocs\HMS_RegexByte\system\Model.php(319): CodeIgniter\Database\BaseBuilder->insert()
#5 C:\xampp\htdocs\HMS_RegexByte\system\BaseModel.php(788): CodeIgniter\Model->doInsert(Array)
#6 C:\xampp\htdocs\HMS_RegexByte\system\Model.php(715): CodeIgniter\BaseModel->insert(Array, true)
#7 C:\xampp\htdocs\HMS_RegexByte\app\Models\AppointmentModel.php(15): CodeIgniter\Model->insert(Array)
#8 C:\xampp\htdocs\HMS_RegexByte\app\Controllers\AppointmentController.php(70): App\Models\AppointmentModel->saveAppointment(Array)
#9 C:\xampp\htdocs\HMS_RegexByte\system\CodeIgniter.php(942): App\Controllers\AppointmentController->saveAppointment()
#10 C:\xampp\htdocs\HMS_RegexByte\system\CodeIgniter.php(502): CodeIgniter\CodeIgniter->runController(Object(App\Controllers\AppointmentController))
#11 C:\xampp\htdocs\HMS_RegexByte\system\CodeIgniter.php(361): CodeIgniter\CodeIgniter->handleRequest(NULL, Object(Config\Cache), false)
#12 C:\xampp\htdocs\HMS_RegexByte\index.php(79): CodeIgniter\CodeIgniter->run()
#13 {main}
CRITICAL - 2024-01-26 07:57:52 --> Cannot add or update a child row: a foreign key constraint fails (`dashboard`.`appointment`, CONSTRAINT `fk_client` FOREIGN KEY (`clientID`) REFERENCES `client` (`idClient`))
in SYSTEMPATH\Database\BaseConnection.php on line 647.
 1 SYSTEMPATH\Database\BaseBuilder.php(2308): CodeIgniter\Database\BaseConnection->query('INSERT INTO `appointment` (`clientID`, `doctorID`, `appointmentDate`, `appointmentTime`, `appointmentType`, `appointmentFee`) VALUES (:clientID:, :doctorID:, :appointmentDate:, :appointmentTime:, :appointmentType:, :appointmentFee:)', [...], false)
 2 SYSTEMPATH\Model.php(319): CodeIgniter\Database\BaseBuilder->insert()
 3 SYSTEMPATH\BaseModel.php(788): CodeIgniter\Model->doInsert([...])
 4 SYSTEMPATH\Model.php(715): CodeIgniter\BaseModel->insert([...], true)
 5 APPPATH\Models\AppointmentModel.php(15): CodeIgniter\Model->insert([...])
 6 APPPATH\Controllers\AppointmentController.php(70): App\Models\AppointmentModel->saveAppointment([...])
 7 SYSTEMPATH\CodeIgniter.php(942): App\Controllers\AppointmentController->saveAppointment()
 8 SYSTEMPATH\CodeIgniter.php(502): CodeIgniter\CodeIgniter->runController(Object(App\Controllers\AppointmentController))
 9 SYSTEMPATH\CodeIgniter.php(361): CodeIgniter\CodeIgniter->handleRequest(null, Object(Config\Cache), false)
10 FCPATH\index.php(79): CodeIgniter\CodeIgniter->run()
INFO - 2024-01-26 08:01:50 --> Session: Class initialized using 'CodeIgniter\Session\Handlers\FileHandler' driver.
INFO - 2024-01-26 08:28:00 --> Session: Class initialized using 'CodeIgniter\Session\Handlers\FileHandler' driver.
INFO - 2024-01-26 08:29:36 --> Session: Class initialized using 'CodeIgniter\Session\Handlers\FileHandler' driver.
INFO - 2024-01-26 08:29:37 --> Session: Class initialized using 'CodeIgniter\Session\Handlers\FileHandler' driver.
INFO - 2024-01-26 08:29:46 --> Session: Class initialized using 'CodeIgniter\Session\Handlers\FileHandler' driver.
INFO - 2024-01-26 08:29:46 --> Session: Class initialized using 'CodeIgniter\Session\Handlers\FileHandler' driver.
INFO - 2024-01-26 08:29:58 --> Session: Class initialized using 'CodeIgniter\Session\Handlers\FileHandler' driver.
INFO - 2024-01-26 08:29:59 --> Session: Class initialized using 'CodeIgniter\Session\Handlers\FileHandler' driver.
INFO - 2024-01-26 08:31:45 --> Session: Class initialized using 'CodeIgniter\Session\Handlers\FileHandler' driver.
INFO - 2024-01-26 08:31:58 --> Session: Class initialized using 'CodeIgniter\Session\Handlers\FileHandler' driver.
INFO - 2024-01-26 08:31:58 --> Session: Class initialized using 'CodeIgniter\Session\Handlers\FileHandler' driver.
INFO - 2024-01-26 08:32:13 --> Session: Class initialized using 'CodeIgniter\Session\Handlers\FileHandler' driver.
INFO - 2024-01-26 09:17:46 --> Session: Class initialized using 'CodeIgniter\Session\Handlers\FileHandler' driver.
INFO - 2024-01-26 09:17:51 --> Session: Class initialized using 'CodeIgniter\Session\Handlers\FileHandler' driver.
INFO - 2024-01-26 09:18:03 --> Session: Class initialized using 'CodeIgniter\Session\Handlers\FileHandler' driver.
INFO - 2024-01-26 09:19:07 --> Session: Class initialized using 'CodeIgniter\Session\Handlers\FileHandler' driver.
INFO - 2024-01-26 09:19:07 --> Session: Class initialized using 'CodeIgniter\Session\Handlers\FileHandler' driver.
INFO - 2024-01-26 09:19:12 --> Session: Class initialized using 'CodeIgniter\Session\Handlers\FileHandler' driver.
INFO - 2024-01-26 09:19:21 --> Session: Class initialized using 'CodeIgniter\Session\Handlers\FileHandler' driver.
INFO - 2024-01-26 09:19:24 --> Session: Class initialized using 'CodeIgniter\Session\Handlers\FileHandler' driver.
INFO - 2024-01-26 09:19:40 --> Session: Class initialized using 'CodeIgniter\Session\Handlers\FileHandler' driver.
INFO - 2024-01-26 09:19:47 --> Session: Class initialized using 'CodeIgniter\Session\Handlers\FileHandler' driver.
INFO - 2024-01-26 09:19:58 --> Session: Class initialized using 'CodeIgniter\Session\Handlers\FileHandler' driver.
INFO - 2024-01-26 09:20:05 --> Session: Class initialized using 'CodeIgniter\Session\Handlers\FileHandler' driver.
INFO - 2024-01-26 09:20:09 --> Session: Class initialized using 'CodeIgniter\Session\Handlers\FileHandler' driver.
INFO - 2024-01-26 09:20:51 --> Session: Class initialized using 'CodeIgniter\Session\Handlers\FileHandler' driver.
INFO - 2024-01-26 09:21:16 --> Session: Class initialized using 'CodeIgniter\Session\Handlers\FileHandler' driver.
INFO - 2024-01-26 09:21:17 --> Session: Class initialized using 'CodeIgniter\Session\Handlers\FileHandler' driver.
INFO - 2024-01-26 09:22:53 --> Session: Class initialized using 'CodeIgniter\Session\Handlers\FileHandler' driver.
INFO - 2024-01-26 09:22:53 --> Session: Class initialized using 'CodeIgniter\Session\Handlers\FileHandler' driver.
INFO - 2024-01-26 09:23:03 --> Session: Class initialized using 'CodeIgniter\Session\Handlers\FileHandler' driver.
INFO - 2024-01-26 09:23:17 --> Session: Class initialized using 'CodeIgniter\Session\Handlers\FileHandler' driver.
ERROR - 2024-01-26 09:23:17 --> mysqli_sql_exception: Cannot add or update a child row: a foreign key constraint fails (`dashboard`.`appointment`, CONSTRAINT `fk_client` FOREIGN KEY (`clientID`) REFERENCES `client` (`idClient`)) in C:\xampp\htdocs\HMS_RegexByte\system\Database\MySQLi\Connection.php:306
Stack trace:
#0 C:\xampp\htdocs\HMS_RegexByte\system\Database\MySQLi\Connection.php(306): mysqli->query('INSERT INTO `ap...', 0)
#1 C:\xampp\htdocs\HMS_RegexByte\system\Database\BaseConnection.php(693): CodeIgniter\Database\MySQLi\Connection->execute('INSERT INTO `ap...')
#2 C:\xampp\htdocs\HMS_RegexByte\system\Database\BaseConnection.php(607): CodeIgniter\Database\BaseConnection->simpleQuery('INSERT INTO `ap...')
#3 C:\xampp\htdocs\HMS_RegexByte\system\Database\BaseBuilder.php(2308): CodeIgniter\Database\BaseConnection->query('INSERT INTO `ap...', Array, false)
#4 C:\xampp\htdocs\HMS_RegexByte\system\Model.php(319): CodeIgniter\Database\BaseBuilder->insert()
#5 C:\xampp\htdocs\HMS_RegexByte\system\BaseModel.php(788): CodeIgniter\Model->doInsert(Array)
#6 C:\xampp\htdocs\HMS_RegexByte\system\Model.php(715): CodeIgniter\BaseModel->insert(Array, true)
#7 C:\xampp\htdocs\HMS_RegexByte\app\Models\AppointmentModel.php(15): CodeIgniter\Model->insert(Array)
#8 C:\xampp\htdocs\HMS_RegexByte\app\Controllers\AppointmentController.php(70): App\Models\AppointmentModel->saveAppointment(Array)
#9 C:\xampp\htdocs\HMS_RegexByte\system\CodeIgniter.php(942): App\Controllers\AppointmentController->saveAppointment()
#10 C:\xampp\htdocs\HMS_RegexByte\system\CodeIgniter.php(502): CodeIgniter\CodeIgniter->runController(Object(App\Controllers\AppointmentController))
#11 C:\xampp\htdocs\HMS_RegexByte\system\CodeIgniter.php(361): CodeIgniter\CodeIgniter->handleRequest(NULL, Object(Config\Cache), false)
#12 C:\xampp\htdocs\HMS_RegexByte\index.php(79): CodeIgniter\CodeIgniter->run()
#13 {main}
CRITICAL - 2024-01-26 09:23:17 --> Cannot add or update a child row: a foreign key constraint fails (`dashboard`.`appointment`, CONSTRAINT `fk_client` FOREIGN KEY (`clientID`) REFERENCES `client` (`idClient`))
in SYSTEMPATH\Database\BaseConnection.php on line 647.
 1 SYSTEMPATH\Database\BaseBuilder.php(2308): CodeIgniter\Database\BaseConnection->query('INSERT INTO `appointment` (`clientID`, `doctorID`, `appointmentDate`, `appointmentTime`, `appointmentType`, `appointmentFee`) VALUES (:clientID:, :doctorID:, :appointmentDate:, :appointmentTime:, :appointmentType:, :appointmentFee:)', [...], false)
 2 SYSTEMPATH\Model.php(319): CodeIgniter\Database\BaseBuilder->insert()
 3 SYSTEMPATH\BaseModel.php(788): CodeIgniter\Model->doInsert([...])
 4 SYSTEMPATH\Model.php(715): CodeIgniter\BaseModel->insert([...], true)
 5 APPPATH\Models\AppointmentModel.php(15): CodeIgniter\Model->insert([...])
 6 APPPATH\Controllers\AppointmentController.php(70): App\Models\AppointmentModel->saveAppointment([...])
 7 SYSTEMPATH\CodeIgniter.php(942): App\Controllers\AppointmentController->saveAppointment()
 8 SYSTEMPATH\CodeIgniter.php(502): CodeIgniter\CodeIgniter->runController(Object(App\Controllers\AppointmentController))
 9 SYSTEMPATH\CodeIgniter.php(361): CodeIgniter\CodeIgniter->handleRequest(null, Object(Config\Cache), false)
10 FCPATH\index.php(79): CodeIgniter\CodeIgniter->run()
INFO - 2024-01-26 09:23:37 --> Session: Class initialized using 'CodeIgniter\Session\Handlers\FileHandler' driver.
INFO - 2024-01-26 09:31:26 --> Session: Class initialized using 'CodeIgniter\Session\Handlers\FileHandler' driver.
ERROR - 2024-01-26 09:31:26 --> mysqli_sql_exception: Column 'clientID' cannot be null in C:\xampp\htdocs\HMS_RegexByte\system\Database\MySQLi\Connection.php:306
Stack trace:
#0 C:\xampp\htdocs\HMS_RegexByte\system\Database\MySQLi\Connection.php(306): mysqli->query('INSERT INTO `ap...', 0)
#1 C:\xampp\htdocs\HMS_RegexByte\system\Database\BaseConnection.php(693): CodeIgniter\Database\MySQLi\Connection->execute('INSERT INTO `ap...')
#2 C:\xampp\htdocs\HMS_RegexByte\system\Database\BaseConnection.php(607): CodeIgniter\Database\BaseConnection->simpleQuery('INSERT INTO `ap...')
#3 C:\xampp\htdocs\HMS_RegexByte\system\Database\BaseBuilder.php(2308): CodeIgniter\Database\BaseConnection->query('INSERT INTO `ap...', Array, false)
#4 C:\xampp\htdocs\HMS_RegexByte\system\Model.php(319): CodeIgniter\Database\BaseBuilder->insert()
#5 C:\xampp\htdocs\HMS_RegexByte\system\BaseModel.php(788): CodeIgniter\Model->doInsert(Array)
#6 C:\xampp\htdocs\HMS_RegexByte\system\Model.php(715): CodeIgniter\BaseModel->insert(Array, true)
#7 C:\xampp\htdocs\HMS_RegexByte\app\Models\AppointmentModel.php(15): CodeIgniter\Model->insert(Array)
#8 C:\xampp\htdocs\HMS_RegexByte\app\Controllers\AppointmentController.php(70): App\Models\AppointmentModel->saveAppointment(Array)
#9 C:\xampp\htdocs\HMS_RegexByte\system\CodeIgniter.php(942): App\Controllers\AppointmentController->saveAppointment()
#10 C:\xampp\htdocs\HMS_RegexByte\system\CodeIgniter.php(502): CodeIgniter\CodeIgniter->runController(Object(App\Controllers\AppointmentController))
#11 C:\xampp\htdocs\HMS_RegexByte\system\CodeIgniter.php(361): CodeIgniter\CodeIgniter->handleRequest(NULL, Object(Config\Cache), false)
#12 C:\xampp\htdocs\HMS_RegexByte\index.php(79): CodeIgniter\CodeIgniter->run()
#13 {main}
CRITICAL - 2024-01-26 09:31:26 --> Column 'clientID' cannot be null
in SYSTEMPATH\Database\BaseConnection.php on line 647.
 1 SYSTEMPATH\Database\BaseBuilder.php(2308): CodeIgniter\Database\BaseConnection->query('INSERT INTO `appointment` (`clientID`, `doctorID`, `appointmentDate`, `appointmentTime`, `appointmentType`, `appointmentFee`) VALUES (:clientID:, :doctorID:, :appointmentDate:, :appointmentTime:, :appointmentType:, :appointmentFee:)', [...], false)
 2 SYSTEMPATH\Model.php(319): CodeIgniter\Database\BaseBuilder->insert()
 3 SYSTEMPATH\BaseModel.php(788): CodeIgniter\Model->doInsert([...])
 4 SYSTEMPATH\Model.php(715): CodeIgniter\BaseModel->insert([...], true)
 5 APPPATH\Models\AppointmentModel.php(15): CodeIgniter\Model->insert([...])
 6 APPPATH\Controllers\AppointmentController.php(70): App\Models\AppointmentModel->saveAppointment([...])
 7 SYSTEMPATH\CodeIgniter.php(942): App\Controllers\AppointmentController->saveAppointment()
 8 SYSTEMPATH\CodeIgniter.php(502): CodeIgniter\CodeIgniter->runController(Object(App\Controllers\AppointmentController))
 9 SYSTEMPATH\CodeIgniter.php(361): CodeIgniter\CodeIgniter->handleRequest(null, Object(Config\Cache), false)
10 FCPATH\index.php(79): CodeIgniter\CodeIgniter->run()
INFO - 2024-01-26 09:33:39 --> Session: Class initialized using 'CodeIgniter\Session\Handlers\FileHandler' driver.
INFO - 2024-01-26 09:33:40 --> Session: Class initialized using 'CodeIgniter\Session\Handlers\FileHandler' driver.
INFO - 2024-01-26 09:33:51 --> Session: Class initialized using 'CodeIgniter\Session\Handlers\FileHandler' driver.
INFO - 2024-01-26 09:34:05 --> Session: Class initialized using 'CodeIgniter\Session\Handlers\FileHandler' driver.
INFO - 2024-01-26 09:34:06 --> Session: Class initialized using 'CodeIgniter\Session\Handlers\FileHandler' driver.
INFO - 2024-01-26 09:34:12 --> Session: Class initialized using 'CodeIgniter\Session\Handlers\FileHandler' driver.
INFO - 2024-01-26 09:34:28 --> Session: Class initialized using 'CodeIgniter\Session\Handlers\FileHandler' driver.
INFO - 2024-01-26 09:34:29 --> Session: Class initialized using 'CodeIgniter\Session\Handlers\FileHandler' driver.
INFO - 2024-01-26 09:38:57 --> Session: Class initialized using 'CodeIgniter\Session\Handlers\FileHandler' driver.
INFO - 2024-01-26 09:38:58 --> Session: Class initialized using 'CodeIgniter\Session\Handlers\FileHandler' driver.
INFO - 2024-01-26 09:39:03 --> Session: Class initialized using 'CodeIgniter\Session\Handlers\FileHandler' driver.
INFO - 2024-01-26 09:39:04 --> Session: Class initialized using 'CodeIgniter\Session\Handlers\FileHandler' driver.
INFO - 2024-01-26 09:39:07 --> Session: Class initialized using 'CodeIgniter\Session\Handlers\FileHandler' driver.
INFO - 2024-01-26 09:39:31 --> Session: Class initialized using 'CodeIgniter\Session\Handlers\FileHandler' driver.
CRITICAL - 2024-01-26 09:39:31 --> Cannot access offset of type string on string
in APPPATH\Controllers\AppointmentController.php on line 68.
 1 SYSTEMPATH\CodeIgniter.php(942): App\Controllers\AppointmentController->saveAppointment()
 2 SYSTEMPATH\CodeIgniter.php(502): CodeIgniter\CodeIgniter->runController(Object(App\Controllers\AppointmentController))
 3 SYSTEMPATH\CodeIgniter.php(361): CodeIgniter\CodeIgniter->handleRequest(null, Object(Config\Cache), false)
 4 FCPATH\index.php(79): CodeIgniter\CodeIgniter->run()
INFO - 2024-01-26 09:40:09 --> Session: Class initialized using 'CodeIgniter\Session\Handlers\FileHandler' driver.
INFO - 2024-01-26 09:40:16 --> Session: Class initialized using 'CodeIgniter\Session\Handlers\FileHandler' driver.
INFO - 2024-01-26 09:40:17 --> Session: Class initialized using 'CodeIgniter\Session\Handlers\FileHandler' driver.
INFO - 2024-01-26 09:42:28 --> Session: Class initialized using 'CodeIgniter\Session\Handlers\FileHandler' driver.
INFO - 2024-01-26 09:42:32 --> Session: Class initialized using 'CodeIgniter\Session\Handlers\FileHandler' driver.
INFO - 2024-01-26 09:49:53 --> Session: Class initialized using 'CodeIgniter\Session\Handlers\FileHandler' driver.
INFO - 2024-01-26 09:53:31 --> Session: Class initialized using 'CodeIgniter\Session\Handlers\FileHandler' driver.
INFO - 2024-01-26 09:59:59 --> Session: Class initialized using 'CodeIgniter\Session\Handlers\FileHandler' driver.
INFO - 2024-01-26 10:00:46 --> Session: Class initialized using 'CodeIgniter\Session\Handlers\FileHandler' driver.
INFO - 2024-01-26 10:00:47 --> Session: Class initialized using 'CodeIgniter\Session\Handlers\FileHandler' driver.
INFO - 2024-01-26 10:00:57 --> Session: Class initialized using 'CodeIgniter\Session\Handlers\FileHandler' driver.
ERROR - 2024-01-26 10:01:08 --> mysqli_sql_exception: Duplicate entry '0' for key 'PRIMARY' in C:\xampp\htdocs\HMS_RegexByte\system\Database\MySQLi\Connection.php:306
Stack trace:
#0 C:\xampp\htdocs\HMS_RegexByte\system\Database\MySQLi\Connection.php(306): mysqli->query('INSERT INTO `do...', 0)
#1 C:\xampp\htdocs\HMS_RegexByte\system\Database\BaseConnection.php(693): CodeIgniter\Database\MySQLi\Connection->execute('INSERT INTO `do...')
#2 C:\xampp\htdocs\HMS_RegexByte\system\Database\BaseConnection.php(607): CodeIgniter\Database\BaseConnection->simpleQuery('INSERT INTO `do...')
#3 C:\xampp\htdocs\HMS_RegexByte\system\Database\BaseBuilder.php(2308): CodeIgniter\Database\BaseConnection->query('INSERT INTO `do...', Array, false)
#4 C:\xampp\htdocs\HMS_RegexByte\app\Models\DoctorModel.php(69): CodeIgniter\Database\BaseBuilder->insert(Array)
#5 C:\xampp\htdocs\HMS_RegexByte\app\Controllers\DoctorController.php(182): App\Models\DoctorModel->insertDoctorFee(Array)
#6 C:\xampp\htdocs\HMS_RegexByte\system\CodeIgniter.php(942): App\Controllers\DoctorController->Savedoctorsfee()
#7 C:\xampp\htdocs\HMS_RegexByte\system\CodeIgniter.php(502): CodeIgniter\CodeIgniter->runController(Object(App\Controllers\DoctorController))
#8 C:\xampp\htdocs\HMS_RegexByte\system\CodeIgniter.php(361): CodeIgniter\CodeIgniter->handleRequest(NULL, Object(Config\Cache), false)
#9 C:\xampp\htdocs\HMS_RegexByte\index.php(79): CodeIgniter\CodeIgniter->run()
#10 {main}
CRITICAL - 2024-01-26 10:01:08 --> Duplicate entry '0' for key 'PRIMARY'
in SYSTEMPATH\Database\BaseConnection.php on line 647.
 1 SYSTEMPATH\Database\BaseBuilder.php(2308): CodeIgniter\Database\BaseConnection->query('INSERT INTO `doctor_fee` (`Fee`, `FeeTypeId`, `doctorId`) VALUES (:Fee:, :FeeTypeId:, :doctorId:)', [...], false)
 2 APPPATH\Models\DoctorModel.php(69): CodeIgniter\Database\BaseBuilder->insert([...])
 3 APPPATH\Controllers\DoctorController.php(182): App\Models\DoctorModel->insertDoctorFee([...])
 4 SYSTEMPATH\CodeIgniter.php(942): App\Controllers\DoctorController->Savedoctorsfee()
 5 SYSTEMPATH\CodeIgniter.php(502): CodeIgniter\CodeIgniter->runController(Object(App\Controllers\DoctorController))
 6 SYSTEMPATH\CodeIgniter.php(361): CodeIgniter\CodeIgniter->handleRequest(null, Object(Config\Cache), false)
 7 FCPATH\index.php(79): CodeIgniter\CodeIgniter->run()
INFO - 2024-01-26 10:03:58 --> Session: Class initialized using 'CodeIgniter\Session\Handlers\FileHandler' driver.
INFO - 2024-01-26 10:04:03 --> Session: Class initialized using 'CodeIgniter\Session\Handlers\FileHandler' driver.
INFO - 2024-01-26 10:04:15 --> Session: Class initialized using 'CodeIgniter\Session\Handlers\FileHandler' driver.
INFO - 2024-01-26 10:06:13 --> Session: Class initialized using 'CodeIgniter\Session\Handlers\FileHandler' driver.
INFO - 2024-01-26 10:06:58 --> Session: Class initialized using 'CodeIgniter\Session\Handlers\FileHandler' driver.
INFO - 2024-01-26 10:07:04 --> Session: Class initialized using 'CodeIgniter\Session\Handlers\FileHandler' driver.
INFO - 2024-01-26 10:07:12 --> Session: Class initialized using 'CodeIgniter\Session\Handlers\FileHandler' driver.
INFO - 2024-01-26 10:07:50 --> Session: Class initialized using 'CodeIgniter\Session\Handlers\FileHandler' driver.
INFO - 2024-01-26 10:08:01 --> Session: Class initialized using 'CodeIgniter\Session\Handlers\FileHandler' driver.
INFO - 2024-01-26 10:08:08 --> Session: Class initialized using 'CodeIgniter\Session\Handlers\FileHandler' driver.
INFO - 2024-01-26 10:08:26 --> Session: Class initialized using 'CodeIgniter\Session\Handlers\FileHandler' driver.
INFO - 2024-01-26 10:09:11 --> Session: Class initialized using 'CodeIgniter\Session\Handlers\FileHandler' driver.
INFO - 2024-01-26 10:09:28 --> Session: Class initialized using 'CodeIgniter\Session\Handlers\FileHandler' driver.
INFO - 2024-01-26 10:09:28 --> Session: Class initialized using 'CodeIgniter\Session\Handlers\FileHandler' driver.
INFO - 2024-01-26 10:11:46 --> Session: Class initialized using 'CodeIgniter\Session\Handlers\FileHandler' driver.
INFO - 2024-01-26 10:11:51 --> Session: Class initialized using 'CodeIgniter\Session\Handlers\FileHandler' driver.
INFO - 2024-01-26 10:14:50 --> Session: Class initialized using 'CodeIgniter\Session\Handlers\FileHandler' driver.
INFO - 2024-01-26 10:16:05 --> Session: Class initialized using 'CodeIgniter\Session\Handlers\FileHandler' driver.
INFO - 2024-01-26 10:16:12 --> Session: Class initialized using 'CodeIgniter\Session\Handlers\FileHandler' driver.
INFO - 2024-01-26 10:16:15 --> Session: Class initialized using 'CodeIgniter\Session\Handlers\FileHandler' driver.
INFO - 2024-01-26 10:17:09 --> Session: Class initialized using 'CodeIgniter\Session\Handlers\FileHandler' driver.
INFO - 2024-01-26 10:18:57 --> Session: Class initialized using 'CodeIgniter\Session\Handlers\FileHandler' driver.
INFO - 2024-01-26 10:20:44 --> Session: Class initialized using 'CodeIgniter\Session\Handlers\FileHandler' driver.
INFO - 2024-01-26 10:21:14 --> Session: Class initialized using 'CodeIgniter\Session\Handlers\FileHandler' driver.
INFO - 2024-01-26 10:24:31 --> Session: Class initialized using 'CodeIgniter\Session\Handlers\FileHandler' driver.
CRITICAL - 2024-01-26 10:24:47 --> The original file is not a valid file.
in SYSTEMPATH\HTTP\Files\UploadedFile.php on line 146.
 1 SYSTEMPATH\HTTP\Files\UploadedFile.php(146): CodeIgniter\HTTP\Exceptions\HTTPException::forInvalidFile()
 2 APPPATH\Controllers\ConfigureController.php(52): CodeIgniter\HTTP\Files\UploadedFile->move('C:\\xampp\\htdocs\\HMS_RegexByte\\uploads/', '')
 3 SYSTEMPATH\CodeIgniter.php(942): App\Controllers\ConfigureController->update('39')
 4 SYSTEMPATH\CodeIgniter.php(502): CodeIgniter\CodeIgniter->runController(Object(App\Controllers\ConfigureController))
 5 SYSTEMPATH\CodeIgniter.php(361): CodeIgniter\CodeIgniter->handleRequest(null, Object(Config\Cache), false)
 6 FCPATH\index.php(79): CodeIgniter\CodeIgniter->run()
INFO - 2024-01-26 10:24:55 --> Session: Class initialized using 'CodeIgniter\Session\Handlers\FileHandler' driver.
INFO - 2024-01-26 10:25:05 --> Session: Class initialized using 'CodeIgniter\Session\Handlers\FileHandler' driver.
INFO - 2024-01-26 10:25:10 --> Session: Class initialized using 'CodeIgniter\Session\Handlers\FileHandler' driver.
INFO - 2024-01-26 10:25:16 --> Session: Class initialized using 'CodeIgniter\Session\Handlers\FileHandler' driver.
INFO - 2024-01-26 10:25:28 --> Session: Class initialized using 'CodeIgniter\Session\Handlers\FileHandler' driver.
INFO - 2024-01-26 10:25:43 --> Session: Class initialized using 'CodeIgniter\Session\Handlers\FileHandler' driver.
INFO - 2024-01-26 10:25:53 --> Session: Class initialized using 'CodeIgniter\Session\Handlers\FileHandler' driver.
INFO - 2024-01-26 10:25:58 --> Session: Class initialized using 'CodeIgniter\Session\Handlers\FileHandler' driver.
INFO - 2024-01-26 10:26:42 --> Session: Class initialized using 'CodeIgniter\Session\Handlers\FileHandler' driver.
INFO - 2024-01-26 10:26:53 --> Session: Class initialized using 'CodeIgniter\Session\Handlers\FileHandler' driver.
INFO - 2024-01-26 10:27:39 --> Session: Class initialized using 'CodeIgniter\Session\Handlers\FileHandler' driver.
INFO - 2024-01-26 10:28:35 --> Session: Class initialized using 'CodeIgniter\Session\Handlers\FileHandler' driver.
INFO - 2024-01-26 10:28:35 --> Session: Class initialized using 'CodeIgniter\Session\Handlers\FileHandler' driver.
INFO - 2024-01-26 10:31:05 --> Session: Class initialized using 'CodeIgniter\Session\Handlers\FileHandler' driver.
INFO - 2024-01-26 10:31:55 --> Session: Class initialized using 'CodeIgniter\Session\Handlers\FileHandler' driver.
INFO - 2024-01-26 10:31:56 --> Session: Class initialized using 'CodeIgniter\Session\Handlers\FileHandler' driver.
INFO - 2024-01-26 10:33:06 --> Session: Class initialized using 'CodeIgniter\Session\Handlers\FileHandler' driver.
INFO - 2024-01-26 10:33:11 --> Session: Class initialized using 'CodeIgniter\Session\Handlers\FileHandler' driver.
INFO - 2024-01-26 10:34:08 --> Session: Class initialized using 'CodeIgniter\Session\Handlers\FileHandler' driver.
INFO - 2024-01-26 11:24:55 --> Session: Class initialized using 'CodeIgniter\Session\Handlers\FileHandler' driver.
CRITICAL - 2024-01-26 11:24:56 --> foreach() argument must be of type array|object, null given
in APPPATH\Views\include_common\sidebar.php on line 20.
 1 APPPATH\Views\include_common\sidebar.php(20): CodeIgniter\Debug\Exceptions->errorHandler(2, 'foreach() argument must be of type array|object, null given', 'C:\\xampp\\htdocs\\HMS_RegexByte\\app\\Views\\include_common\\sidebar.php', 20)
 2 APPPATH\Views\appointments_form.php(198): include('C:\\xampp\\htdocs\\HMS_RegexByte\\app\\Views\\include_common\\sidebar.php')
 3 SYSTEMPATH\View\View.php(228): include('C:\\xampp\\htdocs\\HMS_RegexByte\\app\\Views\\appointments_form.php')
 4 SYSTEMPATH\View\View.php(231): CodeIgniter\View\View->CodeIgniter\View\{closure}()
 5 SYSTEMPATH\Common.php(1190): CodeIgniter\View\View->render('appointments_form.php', [], true)
 6 APPPATH\Controllers\DoctorController.php(81): view('appointments_form.php', [...])
 7 SYSTEMPATH\CodeIgniter.php(942): App\Controllers\DoctorController->appointments_form()
 8 SYSTEMPATH\CodeIgniter.php(502): CodeIgniter\CodeIgniter->runController(Object(App\Controllers\DoctorController))
 9 SYSTEMPATH\CodeIgniter.php(361): CodeIgniter\CodeIgniter->handleRequest(null, Object(Config\Cache), false)
10 FCPATH\index.php(79): CodeIgniter\CodeIgniter->run()
INFO - 2024-01-26 11:25:15 --> Session: Class initialized using 'CodeIgniter\Session\Handlers\FileHandler' driver.
CRITICAL - 2024-01-26 11:25:15 --> foreach() argument must be of type array|object, null given
in APPPATH\Views\include_common\sidebar.php on line 20.
 1 APPPATH\Views\include_common\sidebar.php(20): CodeIgniter\Debug\Exceptions->errorHandler(2, 'foreach() argument must be of type array|object, null given', 'C:\\xampp\\htdocs\\HMS_RegexByte\\app\\Views\\include_common\\sidebar.php', 20)
 2 APPPATH\Views\doctors_fee.php(192): include('C:\\xampp\\htdocs\\HMS_RegexByte\\app\\Views\\include_common\\sidebar.php')
 3 SYSTEMPATH\View\View.php(228): include('C:\\xampp\\htdocs\\HMS_RegexByte\\app\\Views\\doctors_fee.php')
 4 SYSTEMPATH\View\View.php(231): CodeIgniter\View\View->CodeIgniter\View\{closure}()
 5 SYSTEMPATH\Common.php(1190): CodeIgniter\View\View->render('doctors_fee.php', [], true)
 6 APPPATH\Controllers\DoctorController.php(54): view('doctors_fee.php', [...])
 7 SYSTEMPATH\CodeIgniter.php(942): App\Controllers\DoctorController->doctors_fee()
 8 SYSTEMPATH\CodeIgniter.php(502): CodeIgniter\CodeIgniter->runController(Object(App\Controllers\DoctorController))
 9 SYSTEMPATH\CodeIgniter.php(361): CodeIgniter\CodeIgniter->handleRequest(null, Object(Config\Cache), false)
10 FCPATH\index.php(79): CodeIgniter\CodeIgniter->run()
INFO - 2024-01-26 11:25:18 --> Session: Class initialized using 'CodeIgniter\Session\Handlers\FileHandler' driver.
CRITICAL - 2024-01-26 11:25:18 --> foreach() argument must be of type array|object, null given
in APPPATH\Views\include_common\sidebar.php on line 20.
 1 APPPATH\Views\include_common\sidebar.php(20): CodeIgniter\Debug\Exceptions->errorHandler(2, 'foreach() argument must be of type array|object, null given', 'C:\\xampp\\htdocs\\HMS_RegexByte\\app\\Views\\include_common\\sidebar.php', 20)
 2 APPPATH\Views\doctors_form.php(192): include('C:\\xampp\\htdocs\\HMS_RegexByte\\app\\Views\\include_common\\sidebar.php')
 3 SYSTEMPATH\View\View.php(228): include('C:\\xampp\\htdocs\\HMS_RegexByte\\app\\Views\\doctors_form.php')
 4 SYSTEMPATH\View\View.php(231): CodeIgniter\View\View->CodeIgniter\View\{closure}()
 5 SYSTEMPATH\Common.php(1190): CodeIgniter\View\View->render('doctors_form.php', [], true)
 6 APPPATH\Controllers\DoctorController.php(20): view('doctors_form.php', [...])
 7 SYSTEMPATH\CodeIgniter.php(942): App\Controllers\DoctorController->doctors_form()
 8 SYSTEMPATH\CodeIgniter.php(502): CodeIgniter\CodeIgniter->runController(Object(App\Controllers\DoctorController))
 9 SYSTEMPATH\CodeIgniter.php(361): CodeIgniter\CodeIgniter->handleRequest(null, Object(Config\Cache), false)
10 FCPATH\index.php(79): CodeIgniter\CodeIgniter->run()
INFO - 2024-01-26 11:25:19 --> Session: Class initialized using 'CodeIgniter\Session\Handlers\FileHandler' driver.
CRITICAL - 2024-01-26 11:25:19 --> foreach() argument must be of type array|object, null given
in APPPATH\Views\include_common\sidebar.php on line 20.
 1 APPPATH\Views\include_common\sidebar.php(20): CodeIgniter\Debug\Exceptions->errorHandler(2, 'foreach() argument must be of type array|object, null given', 'C:\\xampp\\htdocs\\HMS_RegexByte\\app\\Views\\include_common\\sidebar.php', 20)
 2 APPPATH\Views\doctors_form.php(192): include('C:\\xampp\\htdocs\\HMS_RegexByte\\app\\Views\\include_common\\sidebar.php')
 3 SYSTEMPATH\View\View.php(228): include('C:\\xampp\\htdocs\\HMS_RegexByte\\app\\Views\\doctors_form.php')
 4 SYSTEMPATH\View\View.php(231): CodeIgniter\View\View->CodeIgniter\View\{closure}()
 5 SYSTEMPATH\Common.php(1190): CodeIgniter\View\View->render('doctors_form.php', [], true)
 6 APPPATH\Controllers\DoctorController.php(20): view('doctors_form.php', [...])
 7 SYSTEMPATH\CodeIgniter.php(942): App\Controllers\DoctorController->doctors_form()
 8 SYSTEMPATH\CodeIgniter.php(502): CodeIgniter\CodeIgniter->runController(Object(App\Controllers\DoctorController))
 9 SYSTEMPATH\CodeIgniter.php(361): CodeIgniter\CodeIgniter->handleRequest(null, Object(Config\Cache), false)
10 FCPATH\index.php(79): CodeIgniter\CodeIgniter->run()
INFO - 2024-01-26 11:25:21 --> Session: Class initialized using 'CodeIgniter\Session\Handlers\FileHandler' driver.
CRITICAL - 2024-01-26 11:25:21 --> foreach() argument must be of type array|object, null given
in APPPATH\Views\include_common\sidebar.php on line 20.
 1 APPPATH\Views\include_common\sidebar.php(20): CodeIgniter\Debug\Exceptions->errorHandler(2, 'foreach() argument must be of type array|object, null given', 'C:\\xampp\\htdocs\\HMS_RegexByte\\app\\Views\\include_common\\sidebar.php', 20)
 2 APPPATH\Views\doctors_form.php(192): include('C:\\xampp\\htdocs\\HMS_RegexByte\\app\\Views\\include_common\\sidebar.php')
 3 SYSTEMPATH\View\View.php(228): include('C:\\xampp\\htdocs\\HMS_RegexByte\\app\\Views\\doctors_form.php')
 4 SYSTEMPATH\View\View.php(231): CodeIgniter\View\View->CodeIgniter\View\{closure}()
 5 SYSTEMPATH\Common.php(1190): CodeIgniter\View\View->render('doctors_form.php', [], true)
 6 APPPATH\Controllers\DoctorController.php(20): view('doctors_form.php', [...])
 7 SYSTEMPATH\CodeIgniter.php(942): App\Controllers\DoctorController->doctors_form()
 8 SYSTEMPATH\CodeIgniter.php(502): CodeIgniter\CodeIgniter->runController(Object(App\Controllers\DoctorController))
 9 SYSTEMPATH\CodeIgniter.php(361): CodeIgniter\CodeIgniter->handleRequest(null, Object(Config\Cache), false)
10 FCPATH\index.php(79): CodeIgniter\CodeIgniter->run()
INFO - 2024-01-26 11:25:23 --> Session: Class initialized using 'CodeIgniter\Session\Handlers\FileHandler' driver.
INFO - 2024-01-26 11:25:25 --> Session: Class initialized using 'CodeIgniter\Session\Handlers\FileHandler' driver.
CRITICAL - 2024-01-26 11:25:25 --> foreach() argument must be of type array|object, null given
in APPPATH\Views\include_common\sidebar.php on line 20.
 1 APPPATH\Views\include_common\sidebar.php(20): CodeIgniter\Debug\Exceptions->errorHandler(2, 'foreach() argument must be of type array|object, null given', 'C:\\xampp\\htdocs\\HMS_RegexByte\\app\\Views\\include_common\\sidebar.php', 20)
 2 APPPATH\Views\edit_fee.php(55): include('C:\\xampp\\htdocs\\HMS_RegexByte\\app\\Views\\include_common\\sidebar.php')
 3 SYSTEMPATH\View\View.php(228): include('C:\\xampp\\htdocs\\HMS_RegexByte\\app\\Views\\edit_fee.php')
 4 SYSTEMPATH\View\View.php(231): CodeIgniter\View\View->CodeIgniter\View\{closure}()
 5 SYSTEMPATH\Common.php(1190): CodeIgniter\View\View->render('edit_fee', [], true)
 6 APPPATH\Controllers\DoctorController.php(64): view('edit_fee', [...])
 7 SYSTEMPATH\CodeIgniter.php(942): App\Controllers\DoctorController->editDoctorFee('3')
 8 SYSTEMPATH\CodeIgniter.php(502): CodeIgniter\CodeIgniter->runController(Object(App\Controllers\DoctorController))
 9 SYSTEMPATH\CodeIgniter.php(361): CodeIgniter\CodeIgniter->handleRequest(null, Object(Config\Cache), false)
10 FCPATH\index.php(79): CodeIgniter\CodeIgniter->run()
INFO - 2024-01-26 11:25:25 --> Session: Class initialized using 'CodeIgniter\Session\Handlers\FileHandler' driver.
CRITICAL - 2024-01-26 11:25:25 --> foreach() argument must be of type array|object, null given
in APPPATH\Views\include_common\sidebar.php on line 20.
 1 APPPATH\Views\include_common\sidebar.php(20): CodeIgniter\Debug\Exceptions->errorHandler(2, 'foreach() argument must be of type array|object, null given', 'C:\\xampp\\htdocs\\HMS_RegexByte\\app\\Views\\include_common\\sidebar.php', 20)
 2 APPPATH\Views\edit_fee.php(55): include('C:\\xampp\\htdocs\\HMS_RegexByte\\app\\Views\\include_common\\sidebar.php')
 3 SYSTEMPATH\View\View.php(228): include('C:\\xampp\\htdocs\\HMS_RegexByte\\app\\Views\\edit_fee.php')
 4 SYSTEMPATH\View\View.php(231): CodeIgniter\View\View->CodeIgniter\View\{closure}()
 5 SYSTEMPATH\Common.php(1190): CodeIgniter\View\View->render('edit_fee', [], true)
 6 APPPATH\Controllers\DoctorController.php(64): view('edit_fee', [...])
 7 SYSTEMPATH\CodeIgniter.php(942): App\Controllers\DoctorController->editDoctorFee('3')
 8 SYSTEMPATH\CodeIgniter.php(502): CodeIgniter\CodeIgniter->runController(Object(App\Controllers\DoctorController))
 9 SYSTEMPATH\CodeIgniter.php(361): CodeIgniter\CodeIgniter->handleRequest(null, Object(Config\Cache), false)
10 FCPATH\index.php(79): CodeIgniter\CodeIgniter->run()
INFO - 2024-01-26 11:25:47 --> Session: Class initialized using 'CodeIgniter\Session\Handlers\FileHandler' driver.
INFO - 2024-01-26 11:26:00 --> Session: Class initialized using 'CodeIgniter\Session\Handlers\FileHandler' driver.
INFO - 2024-01-26 11:26:00 --> Session: Class initialized using 'CodeIgniter\Session\Handlers\FileHandler' driver.
INFO - 2024-01-26 11:26:05 --> Session: Class initialized using 'CodeIgniter\Session\Handlers\FileHandler' driver.
INFO - 2024-01-26 11:28:10 --> Session: Class initialized using 'CodeIgniter\Session\Handlers\FileHandler' driver.
INFO - 2024-01-26 11:33:58 --> Session: Class initialized using 'CodeIgniter\Session\Handlers\FileHandler' driver.
INFO - 2024-01-26 11:38:53 --> Session: Class initialized using 'CodeIgniter\Session\Handlers\FileHandler' driver.
CRITICAL - 2024-01-26 11:41:13 --> syntax error, unexpected single-quoted string ", // Use site_url() here", expecting "," or ";"
in APPPATH\Views\appointments_form.php on line 355.
 1 SYSTEMPATH\View\View.php(231): CodeIgniter\View\View->CodeIgniter\View\{closure}()
 2 SYSTEMPATH\Common.php(1190): CodeIgniter\View\View->render('appointments_form.php', [], true)
 3 APPPATH\Controllers\DoctorController.php(81): view('appointments_form.php', [...])
 4 SYSTEMPATH\CodeIgniter.php(942): App\Controllers\DoctorController->appointments_form()
 5 SYSTEMPATH\CodeIgniter.php(502): CodeIgniter\CodeIgniter->runController(Object(App\Controllers\DoctorController))
 6 SYSTEMPATH\CodeIgniter.php(361): CodeIgniter\CodeIgniter->handleRequest(null, Object(Config\Cache), false)
 7 FCPATH\index.php(79): CodeIgniter\CodeIgniter->run()
INFO - 2024-01-26 11:42:33 --> Session: Class initialized using 'CodeIgniter\Session\Handlers\FileHandler' driver.
INFO - 2024-01-26 11:45:13 --> Session: Class initialized using 'CodeIgniter\Session\Handlers\FileHandler' driver.
INFO - 2024-01-26 11:47:09 --> Session: Class initialized using 'CodeIgniter\Session\Handlers\FileHandler' driver.
INFO - 2024-01-26 11:49:41 --> Session: Class initialized using 'CodeIgniter\Session\Handlers\FileHandler' driver.
INFO - 2024-01-26 11:57:01 --> Session: Class initialized using 'CodeIgniter\Session\Handlers\FileHandler' driver.
INFO - 2024-01-26 11:58:16 --> Session: Class initialized using 'CodeIgniter\Session\Handlers\FileHandler' driver.
INFO - 2024-01-26 12:01:05 --> Session: Class initialized using 'CodeIgniter\Session\Handlers\FileHandler' driver.
INFO - 2024-01-26 12:06:55 --> Session: Class initialized using 'CodeIgniter\Session\Handlers\FileHandler' driver.
CRITICAL - 2024-01-26 12:06:55 --> Undefined variable $appointment_types
in APPPATH\Views\appointments_form.php on line 263.
 1 APPPATH\Views\appointments_form.php(263): CodeIgniter\Debug\Exceptions->errorHandler(2, 'Undefined variable $appointment_types', 'C:\\xampp\\htdocs\\HMS_RegexByte\\app\\Views\\appointments_form.php', 263)
 2 SYSTEMPATH\View\View.php(228): include('C:\\xampp\\htdocs\\HMS_RegexByte\\app\\Views\\appointments_form.php')
 3 SYSTEMPATH\View\View.php(231): CodeIgniter\View\View->CodeIgniter\View\{closure}()
 4 SYSTEMPATH\Common.php(1190): CodeIgniter\View\View->render('appointments_form.php', [], true)
 5 APPPATH\Controllers\DoctorController.php(81): view('appointments_form.php', [...])
 6 SYSTEMPATH\CodeIgniter.php(942): App\Controllers\DoctorController->appointments_form()
 7 SYSTEMPATH\CodeIgniter.php(502): CodeIgniter\CodeIgniter->runController(Object(App\Controllers\DoctorController))
 8 SYSTEMPATH\CodeIgniter.php(361): CodeIgniter\CodeIgniter->handleRequest(null, Object(Config\Cache), false)
 9 FCPATH\index.php(79): CodeIgniter\CodeIgniter->run()
INFO - 2024-01-26 12:07:46 --> Session: Class initialized using 'CodeIgniter\Session\Handlers\FileHandler' driver.
CRITICAL - 2024-01-26 12:07:46 --> Undefined variable $appointment_types
in APPPATH\Views\appointments_form.php on line 263.
 1 APPPATH\Views\appointments_form.php(263): CodeIgniter\Debug\Exceptions->errorHandler(2, 'Undefined variable $appointment_types', 'C:\\xampp\\htdocs\\HMS_RegexByte\\app\\Views\\appointments_form.php', 263)
 2 SYSTEMPATH\View\View.php(228): include('C:\\xampp\\htdocs\\HMS_RegexByte\\app\\Views\\appointments_form.php')
 3 SYSTEMPATH\View\View.php(231): CodeIgniter\View\View->CodeIgniter\View\{closure}()
 4 SYSTEMPATH\Common.php(1190): CodeIgniter\View\View->render('appointments_form.php', [], true)
 5 APPPATH\Controllers\DoctorController.php(81): view('appointments_form.php', [...])
 6 SYSTEMPATH\CodeIgniter.php(942): App\Controllers\DoctorController->appointments_form()
 7 SYSTEMPATH\CodeIgniter.php(502): CodeIgniter\CodeIgniter->runController(Object(App\Controllers\DoctorController))
 8 SYSTEMPATH\CodeIgniter.php(361): CodeIgniter\CodeIgniter->handleRequest(null, Object(Config\Cache), false)
 9 FCPATH\index.php(79): CodeIgniter\CodeIgniter->run()
INFO - 2024-01-26 12:13:00 --> Session: Class initialized using 'CodeIgniter\Session\Handlers\FileHandler' driver.
CRITICAL - 2024-01-26 12:13:01 --> Undefined variable $appointment_types
in APPPATH\Views\appointments_form.php on line 263.
 1 APPPATH\Views\appointments_form.php(263): CodeIgniter\Debug\Exceptions->errorHandler(2, 'Undefined variable $appointment_types', 'C:\\xampp\\htdocs\\HMS_RegexByte\\app\\Views\\appointments_form.php', 263)
 2 SYSTEMPATH\View\View.php(228): include('C:\\xampp\\htdocs\\HMS_RegexByte\\app\\Views\\appointments_form.php')
 3 SYSTEMPATH\View\View.php(231): CodeIgniter\View\View->CodeIgniter\View\{closure}()
 4 SYSTEMPATH\Common.php(1190): CodeIgniter\View\View->render('appointments_form.php', [], true)
 5 APPPATH\Controllers\DoctorController.php(81): view('appointments_form.php', [...])
 6 SYSTEMPATH\CodeIgniter.php(942): App\Controllers\DoctorController->appointments_form()
 7 SYSTEMPATH\CodeIgniter.php(502): CodeIgniter\CodeIgniter->runController(Object(App\Controllers\DoctorController))
 8 SYSTEMPATH\CodeIgniter.php(361): CodeIgniter\CodeIgniter->handleRequest(null, Object(Config\Cache), false)
 9 FCPATH\index.php(79): CodeIgniter\CodeIgniter->run()
CRITICAL - 2024-01-26 12:16:00 --> Call to undefined method App\Models\AppointmentModel::getAppointmentTypes
in SYSTEMPATH\Model.php on line 873.
 1 APPPATH\Controllers\DoctorController.php(79): CodeIgniter\Model->__call('getAppointmentTypes', [])
 2 SYSTEMPATH\CodeIgniter.php(942): App\Controllers\DoctorController->appointments_form()
 3 SYSTEMPATH\CodeIgniter.php(502): CodeIgniter\CodeIgniter->runController(Object(App\Controllers\DoctorController))
 4 SYSTEMPATH\CodeIgniter.php(361): CodeIgniter\CodeIgniter->handleRequest(null, Object(Config\Cache), false)
 5 FCPATH\index.php(79): CodeIgniter\CodeIgniter->run()
INFO - 2024-01-26 12:18:55 --> Session: Class initialized using 'CodeIgniter\Session\Handlers\FileHandler' driver.
CRITICAL - 2024-01-26 12:18:55 --> Undefined array key "f_id"
in APPPATH\Views\appointments_form.php on line 264.
 1 APPPATH\Views\appointments_form.php(264): CodeIgniter\Debug\Exceptions->errorHandler(2, 'Undefined array key "f_id"', 'C:\\xampp\\htdocs\\HMS_RegexByte\\app\\Views\\appointments_form.php', 264)
 2 SYSTEMPATH\View\View.php(228): include('C:\\xampp\\htdocs\\HMS_RegexByte\\app\\Views\\appointments_form.php')
 3 SYSTEMPATH\View\View.php(231): CodeIgniter\View\View->CodeIgniter\View\{closure}()
 4 SYSTEMPATH\Common.php(1190): CodeIgniter\View\View->render('appointments_form.php', [], true)
 5 APPPATH\Controllers\DoctorController.php(85): view('appointments_form.php', [...])
 6 SYSTEMPATH\CodeIgniter.php(942): App\Controllers\DoctorController->appointments_form()
 7 SYSTEMPATH\CodeIgniter.php(502): CodeIgniter\CodeIgniter->runController(Object(App\Controllers\DoctorController))
 8 SYSTEMPATH\CodeIgniter.php(361): CodeIgniter\CodeIgniter->handleRequest(null, Object(Config\Cache), false)
 9 FCPATH\index.php(79): CodeIgniter\CodeIgniter->run()
