INFO - 2024-07-03 04:16:16 --> Session: Class initialized using 'CodeIgniter\Session\Handlers\FileHandler' driver.
INFO - 2024-07-03 04:26:54 --> Session: Class initialized using 'CodeIgniter\Session\Handlers\FileHandler' driver.
INFO - 2024-07-03 04:28:31 --> Session: Class initialized using 'CodeIgniter\Session\Handlers\FileHandler' driver.
INFO - 2024-07-03 04:32:47 --> Session: Class initialized using 'CodeIgniter\Session\Handlers\FileHandler' driver.
INFO - 2024-07-03 04:44:42 --> Session: Class initialized using 'CodeIgniter\Session\Handlers\FileHandler' driver.
INFO - 2024-07-03 04:46:21 --> Session: Class initialized using 'CodeIgniter\Session\Handlers\FileHandler' driver.
INFO - 2024-07-03 04:46:42 --> Session: Class initialized using 'CodeIgniter\Session\Handlers\FileHandler' driver.
INFO - 2024-07-03 04:47:12 --> Session: Class initialized using 'CodeIgniter\Session\Handlers\FileHandler' driver.
INFO - 2024-07-03 04:47:24 --> Session: Class initialized using 'CodeIgniter\Session\Handlers\FileHandler' driver.
INFO - 2024-07-03 04:48:01 --> Session: Class initialized using 'CodeIgniter\Session\Handlers\FileHandler' driver.
INFO - 2024-07-03 04:50:50 --> Session: Class initialized using 'CodeIgniter\Session\Handlers\FileHandler' driver.
INFO - 2024-07-03 04:52:15 --> Session: Class initialized using 'CodeIgniter\Session\Handlers\FileHandler' driver.
INFO - 2024-07-03 04:52:46 --> Session: Class initialized using 'CodeIgniter\Session\Handlers\FileHandler' driver.
INFO - 2024-07-03 04:52:55 --> Session: Class initialized using 'CodeIgniter\Session\Handlers\FileHandler' driver.
INFO - 2024-07-03 04:53:13 --> Session: Class initialized using 'CodeIgniter\Session\Handlers\FileHandler' driver.
INFO - 2024-07-03 04:53:25 --> Session: Class initialized using 'CodeIgniter\Session\Handlers\FileHandler' driver.
INFO - 2024-07-03 04:53:38 --> Session: Class initialized using 'CodeIgniter\Session\Handlers\FileHandler' driver.
INFO - 2024-07-03 05:04:26 --> Session: Class initialized using 'CodeIgniter\Session\Handlers\FileHandler' driver.
INFO - 2024-07-03 05:05:25 --> Session: Class initialized using 'CodeIgniter\Session\Handlers\FileHandler' driver.
INFO - 2024-07-03 05:06:11 --> Session: Class initialized using 'CodeIgniter\Session\Handlers\FileHandler' driver.
INFO - 2024-07-03 05:08:53 --> Session: Class initialized using 'CodeIgniter\Session\Handlers\FileHandler' driver.
INFO - 2024-07-03 05:09:16 --> Session: Class initialized using 'CodeIgniter\Session\Handlers\FileHandler' driver.
INFO - 2024-07-03 05:09:35 --> Session: Class initialized using 'CodeIgniter\Session\Handlers\FileHandler' driver.
INFO - 2024-07-03 05:09:50 --> Session: Class initialized using 'CodeIgniter\Session\Handlers\FileHandler' driver.
INFO - 2024-07-03 05:10:07 --> Session: Class initialized using 'CodeIgniter\Session\Handlers\FileHandler' driver.
INFO - 2024-07-03 05:10:26 --> Session: Class initialized using 'CodeIgniter\Session\Handlers\FileHandler' driver.
INFO - 2024-07-03 05:10:46 --> Session: Class initialized using 'CodeIgniter\Session\Handlers\FileHandler' driver.
INFO - 2024-07-03 05:11:04 --> Session: Class initialized using 'CodeIgniter\Session\Handlers\FileHandler' driver.
INFO - 2024-07-03 05:11:07 --> Session: Class initialized using 'CodeIgniter\Session\Handlers\FileHandler' driver.
INFO - 2024-07-03 05:11:41 --> Session: Class initialized using 'CodeIgniter\Session\Handlers\FileHandler' driver.
INFO - 2024-07-03 05:12:25 --> Session: Class initialized using 'CodeIgniter\Session\Handlers\FileHandler' driver.
INFO - 2024-07-03 05:13:07 --> Session: Class initialized using 'CodeIgniter\Session\Handlers\FileHandler' driver.
INFO - 2024-07-03 05:13:30 --> Session: Class initialized using 'CodeIgniter\Session\Handlers\FileHandler' driver.
INFO - 2024-07-03 05:13:44 --> Session: Class initialized using 'CodeIgniter\Session\Handlers\FileHandler' driver.
INFO - 2024-07-03 05:13:54 --> Session: Class initialized using 'CodeIgniter\Session\Handlers\FileHandler' driver.
INFO - 2024-07-03 05:13:57 --> Session: Class initialized using 'CodeIgniter\Session\Handlers\FileHandler' driver.
INFO - 2024-07-03 05:14:13 --> Session: Class initialized using 'CodeIgniter\Session\Handlers\FileHandler' driver.
INFO - 2024-07-03 05:14:21 --> Session: Class initialized using 'CodeIgniter\Session\Handlers\FileHandler' driver.
INFO - 2024-07-03 05:14:33 --> Session: Class initialized using 'CodeIgniter\Session\Handlers\FileHandler' driver.
INFO - 2024-07-03 05:14:42 --> Session: Class initialized using 'CodeIgniter\Session\Handlers\FileHandler' driver.
INFO - 2024-07-03 05:14:51 --> Session: Class initialized using 'CodeIgniter\Session\Handlers\FileHandler' driver.
INFO - 2024-07-03 05:15:00 --> Session: Class initialized using 'CodeIgniter\Session\Handlers\FileHandler' driver.
INFO - 2024-07-03 05:15:36 --> Session: Class initialized using 'CodeIgniter\Session\Handlers\FileHandler' driver.
INFO - 2024-07-03 05:15:40 --> Session: Class initialized using 'CodeIgniter\Session\Handlers\FileHandler' driver.
INFO - 2024-07-03 05:15:59 --> Session: Class initialized using 'CodeIgniter\Session\Handlers\FileHandler' driver.
INFO - 2024-07-03 05:16:28 --> Session: Class initialized using 'CodeIgniter\Session\Handlers\FileHandler' driver.
INFO - 2024-07-03 05:17:00 --> Session: Class initialized using 'CodeIgniter\Session\Handlers\FileHandler' driver.
INFO - 2024-07-03 05:17:31 --> Session: Class initialized using 'CodeIgniter\Session\Handlers\FileHandler' driver.
INFO - 2024-07-03 05:18:21 --> Session: Class initialized using 'CodeIgniter\Session\Handlers\FileHandler' driver.
INFO - 2024-07-03 05:18:42 --> Session: Class initialized using 'CodeIgniter\Session\Handlers\FileHandler' driver.
INFO - 2024-07-03 05:19:17 --> Session: Class initialized using 'CodeIgniter\Session\Handlers\FileHandler' driver.
INFO - 2024-07-03 05:19:19 --> Session: Class initialized using 'CodeIgniter\Session\Handlers\FileHandler' driver.
INFO - 2024-07-03 05:19:48 --> Session: Class initialized using 'CodeIgniter\Session\Handlers\FileHandler' driver.
INFO - 2024-07-03 05:19:50 --> Session: Class initialized using 'CodeIgniter\Session\Handlers\FileHandler' driver.
INFO - 2024-07-03 05:20:07 --> Session: Class initialized using 'CodeIgniter\Session\Handlers\FileHandler' driver.
INFO - 2024-07-03 05:20:21 --> Session: Class initialized using 'CodeIgniter\Session\Handlers\FileHandler' driver.
INFO - 2024-07-03 05:20:37 --> Session: Class initialized using 'CodeIgniter\Session\Handlers\FileHandler' driver.
INFO - 2024-07-03 05:20:49 --> Session: Class initialized using 'CodeIgniter\Session\Handlers\FileHandler' driver.
INFO - 2024-07-03 05:20:58 --> Session: Class initialized using 'CodeIgniter\Session\Handlers\FileHandler' driver.
INFO - 2024-07-03 05:21:06 --> Session: Class initialized using 'CodeIgniter\Session\Handlers\FileHandler' driver.
INFO - 2024-07-03 05:21:35 --> Session: Class initialized using 'CodeIgniter\Session\Handlers\FileHandler' driver.
INFO - 2024-07-03 05:22:15 --> Session: Class initialized using 'CodeIgniter\Session\Handlers\FileHandler' driver.
INFO - 2024-07-03 05:22:26 --> Session: Class initialized using 'CodeIgniter\Session\Handlers\FileHandler' driver.
INFO - 2024-07-03 05:22:36 --> Session: Class initialized using 'CodeIgniter\Session\Handlers\FileHandler' driver.
INFO - 2024-07-03 05:22:46 --> Session: Class initialized using 'CodeIgniter\Session\Handlers\FileHandler' driver.
INFO - 2024-07-03 05:23:05 --> Session: Class initialized using 'CodeIgniter\Session\Handlers\FileHandler' driver.
INFO - 2024-07-03 05:23:07 --> Session: Class initialized using 'CodeIgniter\Session\Handlers\FileHandler' driver.
INFO - 2024-07-03 05:24:00 --> Session: Class initialized using 'CodeIgniter\Session\Handlers\FileHandler' driver.
INFO - 2024-07-03 05:24:15 --> Session: Class initialized using 'CodeIgniter\Session\Handlers\FileHandler' driver.
INFO - 2024-07-03 05:24:32 --> Session: Class initialized using 'CodeIgniter\Session\Handlers\FileHandler' driver.
INFO - 2024-07-03 05:24:42 --> Session: Class initialized using 'CodeIgniter\Session\Handlers\FileHandler' driver.
INFO - 2024-07-03 05:24:51 --> Session: Class initialized using 'CodeIgniter\Session\Handlers\FileHandler' driver.
INFO - 2024-07-03 05:24:52 --> Session: Class initialized using 'CodeIgniter\Session\Handlers\FileHandler' driver.
INFO - 2024-07-03 05:25:13 --> Session: Class initialized using 'CodeIgniter\Session\Handlers\FileHandler' driver.
INFO - 2024-07-03 05:25:44 --> Session: Class initialized using 'CodeIgniter\Session\Handlers\FileHandler' driver.
INFO - 2024-07-03 05:27:03 --> Session: Class initialized using 'CodeIgniter\Session\Handlers\FileHandler' driver.
INFO - 2024-07-03 05:27:36 --> Session: Class initialized using 'CodeIgniter\Session\Handlers\FileHandler' driver.
INFO - 2024-07-03 05:27:49 --> Session: Class initialized using 'CodeIgniter\Session\Handlers\FileHandler' driver.
INFO - 2024-07-03 05:28:11 --> Session: Class initialized using 'CodeIgniter\Session\Handlers\FileHandler' driver.
INFO - 2024-07-03 05:31:43 --> Session: Class initialized using 'CodeIgniter\Session\Handlers\FileHandler' driver.
INFO - 2024-07-03 05:32:08 --> Session: Class initialized using 'CodeIgniter\Session\Handlers\FileHandler' driver.
INFO - 2024-07-03 05:32:22 --> Session: Class initialized using 'CodeIgniter\Session\Handlers\FileHandler' driver.
INFO - 2024-07-03 05:32:43 --> Session: Class initialized using 'CodeIgniter\Session\Handlers\FileHandler' driver.
INFO - 2024-07-03 05:32:57 --> Session: Class initialized using 'CodeIgniter\Session\Handlers\FileHandler' driver.
INFO - 2024-07-03 05:33:12 --> Session: Class initialized using 'CodeIgniter\Session\Handlers\FileHandler' driver.
INFO - 2024-07-03 05:33:23 --> Session: Class initialized using 'CodeIgniter\Session\Handlers\FileHandler' driver.
INFO - 2024-07-03 05:33:35 --> Session: Class initialized using 'CodeIgniter\Session\Handlers\FileHandler' driver.
INFO - 2024-07-03 05:33:46 --> Session: Class initialized using 'CodeIgniter\Session\Handlers\FileHandler' driver.
INFO - 2024-07-03 05:34:03 --> Session: Class initialized using 'CodeIgniter\Session\Handlers\FileHandler' driver.
INFO - 2024-07-03 05:34:25 --> Session: Class initialized using 'CodeIgniter\Session\Handlers\FileHandler' driver.
INFO - 2024-07-03 05:35:12 --> Session: Class initialized using 'CodeIgniter\Session\Handlers\FileHandler' driver.
INFO - 2024-07-03 05:35:36 --> Session: Class initialized using 'CodeIgniter\Session\Handlers\FileHandler' driver.
INFO - 2024-07-03 05:35:58 --> Session: Class initialized using 'CodeIgniter\Session\Handlers\FileHandler' driver.
INFO - 2024-07-03 05:36:11 --> Session: Class initialized using 'CodeIgniter\Session\Handlers\FileHandler' driver.
INFO - 2024-07-03 05:36:24 --> Session: Class initialized using 'CodeIgniter\Session\Handlers\FileHandler' driver.
INFO - 2024-07-03 05:36:45 --> Session: Class initialized using 'CodeIgniter\Session\Handlers\FileHandler' driver.
INFO - 2024-07-03 05:37:09 --> Session: Class initialized using 'CodeIgniter\Session\Handlers\FileHandler' driver.
INFO - 2024-07-03 05:37:36 --> Session: Class initialized using 'CodeIgniter\Session\Handlers\FileHandler' driver.
INFO - 2024-07-03 05:38:00 --> Session: Class initialized using 'CodeIgniter\Session\Handlers\FileHandler' driver.
INFO - 2024-07-03 05:38:11 --> Session: Class initialized using 'CodeIgniter\Session\Handlers\FileHandler' driver.
INFO - 2024-07-03 05:38:36 --> Session: Class initialized using 'CodeIgniter\Session\Handlers\FileHandler' driver.
INFO - 2024-07-03 05:38:45 --> Session: Class initialized using 'CodeIgniter\Session\Handlers\FileHandler' driver.
INFO - 2024-07-03 05:39:32 --> Session: Class initialized using 'CodeIgniter\Session\Handlers\FileHandler' driver.
INFO - 2024-07-03 05:39:44 --> Session: Class initialized using 'CodeIgniter\Session\Handlers\FileHandler' driver.
INFO - 2024-07-03 05:39:54 --> Session: Class initialized using 'CodeIgniter\Session\Handlers\FileHandler' driver.
INFO - 2024-07-03 05:40:13 --> Session: Class initialized using 'CodeIgniter\Session\Handlers\FileHandler' driver.
INFO - 2024-07-03 05:40:32 --> Session: Class initialized using 'CodeIgniter\Session\Handlers\FileHandler' driver.
INFO - 2024-07-03 05:40:42 --> Session: Class initialized using 'CodeIgniter\Session\Handlers\FileHandler' driver.
INFO - 2024-07-03 05:41:59 --> Session: Class initialized using 'CodeIgniter\Session\Handlers\FileHandler' driver.
INFO - 2024-07-03 05:42:15 --> Session: Class initialized using 'CodeIgniter\Session\Handlers\FileHandler' driver.
INFO - 2024-07-03 05:42:39 --> Session: Class initialized using 'CodeIgniter\Session\Handlers\FileHandler' driver.
INFO - 2024-07-03 05:44:56 --> Session: Class initialized using 'CodeIgniter\Session\Handlers\FileHandler' driver.
INFO - 2024-07-03 05:45:21 --> Session: Class initialized using 'CodeIgniter\Session\Handlers\FileHandler' driver.
INFO - 2024-07-03 05:45:32 --> Session: Class initialized using 'CodeIgniter\Session\Handlers\FileHandler' driver.
INFO - 2024-07-03 05:45:50 --> Session: Class initialized using 'CodeIgniter\Session\Handlers\FileHandler' driver.
INFO - 2024-07-03 05:46:36 --> Session: Class initialized using 'CodeIgniter\Session\Handlers\FileHandler' driver.
INFO - 2024-07-03 05:46:39 --> Session: Class initialized using 'CodeIgniter\Session\Handlers\FileHandler' driver.
INFO - 2024-07-03 05:46:49 --> Session: Class initialized using 'CodeIgniter\Session\Handlers\FileHandler' driver.
INFO - 2024-07-03 05:47:06 --> Session: Class initialized using 'CodeIgniter\Session\Handlers\FileHandler' driver.
INFO - 2024-07-03 05:47:19 --> Session: Class initialized using 'CodeIgniter\Session\Handlers\FileHandler' driver.
INFO - 2024-07-03 05:48:14 --> Session: Class initialized using 'CodeIgniter\Session\Handlers\FileHandler' driver.
INFO - 2024-07-03 05:48:40 --> Session: Class initialized using 'CodeIgniter\Session\Handlers\FileHandler' driver.
INFO - 2024-07-03 05:48:54 --> Session: Class initialized using 'CodeIgniter\Session\Handlers\FileHandler' driver.
INFO - 2024-07-03 05:49:06 --> Session: Class initialized using 'CodeIgniter\Session\Handlers\FileHandler' driver.
INFO - 2024-07-03 05:49:26 --> Session: Class initialized using 'CodeIgniter\Session\Handlers\FileHandler' driver.
INFO - 2024-07-03 05:49:36 --> Session: Class initialized using 'CodeIgniter\Session\Handlers\FileHandler' driver.
INFO - 2024-07-03 05:49:49 --> Session: Class initialized using 'CodeIgniter\Session\Handlers\FileHandler' driver.
INFO - 2024-07-03 05:49:58 --> Session: Class initialized using 'CodeIgniter\Session\Handlers\FileHandler' driver.
INFO - 2024-07-03 05:50:48 --> Session: Class initialized using 'CodeIgniter\Session\Handlers\FileHandler' driver.
INFO - 2024-07-03 05:53:25 --> Session: Class initialized using 'CodeIgniter\Session\Handlers\FileHandler' driver.
INFO - 2024-07-03 05:53:25 --> Session: Class initialized using 'CodeIgniter\Session\Handlers\FileHandler' driver.
INFO - 2024-07-03 05:53:36 --> Session: Class initialized using 'CodeIgniter\Session\Handlers\FileHandler' driver.
INFO - 2024-07-03 05:55:08 --> Session: Class initialized using 'CodeIgniter\Session\Handlers\FileHandler' driver.
INFO - 2024-07-03 05:55:17 --> Session: Class initialized using 'CodeIgniter\Session\Handlers\FileHandler' driver.
INFO - 2024-07-03 05:55:27 --> Session: Class initialized using 'CodeIgniter\Session\Handlers\FileHandler' driver.
INFO - 2024-07-03 05:56:03 --> Session: Class initialized using 'CodeIgniter\Session\Handlers\FileHandler' driver.
INFO - 2024-07-03 05:56:06 --> Session: Class initialized using 'CodeIgniter\Session\Handlers\FileHandler' driver.
INFO - 2024-07-03 05:56:37 --> Session: Class initialized using 'CodeIgniter\Session\Handlers\FileHandler' driver.
INFO - 2024-07-03 05:56:41 --> Session: Class initialized using 'CodeIgniter\Session\Handlers\FileHandler' driver.
INFO - 2024-07-03 05:57:05 --> Session: Class initialized using 'CodeIgniter\Session\Handlers\FileHandler' driver.
INFO - 2024-07-03 05:57:28 --> Session: Class initialized using 'CodeIgniter\Session\Handlers\FileHandler' driver.
INFO - 2024-07-03 05:57:59 --> Session: Class initialized using 'CodeIgniter\Session\Handlers\FileHandler' driver.
INFO - 2024-07-03 05:58:14 --> Session: Class initialized using 'CodeIgniter\Session\Handlers\FileHandler' driver.
INFO - 2024-07-03 05:59:09 --> Session: Class initialized using 'CodeIgniter\Session\Handlers\FileHandler' driver.
INFO - 2024-07-03 06:42:57 --> Session: Class initialized using 'CodeIgniter\Session\Handlers\FileHandler' driver.
INFO - 2024-07-03 06:48:05 --> Session: Class initialized using 'CodeIgniter\Session\Handlers\FileHandler' driver.
INFO - 2024-07-03 06:48:35 --> Session: Class initialized using 'CodeIgniter\Session\Handlers\FileHandler' driver.
INFO - 2024-07-03 06:49:13 --> Session: Class initialized using 'CodeIgniter\Session\Handlers\FileHandler' driver.
INFO - 2024-07-03 06:49:23 --> Session: Class initialized using 'CodeIgniter\Session\Handlers\FileHandler' driver.
INFO - 2024-07-03 06:49:45 --> Session: Class initialized using 'CodeIgniter\Session\Handlers\FileHandler' driver.
INFO - 2024-07-03 06:49:58 --> Session: Class initialized using 'CodeIgniter\Session\Handlers\FileHandler' driver.
INFO - 2024-07-03 06:50:01 --> Session: Class initialized using 'CodeIgniter\Session\Handlers\FileHandler' driver.
INFO - 2024-07-03 06:53:50 --> Session: Class initialized using 'CodeIgniter\Session\Handlers\FileHandler' driver.
INFO - 2024-07-03 06:54:39 --> Session: Class initialized using 'CodeIgniter\Session\Handlers\FileHandler' driver.
INFO - 2024-07-03 06:54:42 --> Session: Class initialized using 'CodeIgniter\Session\Handlers\FileHandler' driver.
INFO - 2024-07-03 06:54:44 --> Session: Class initialized using 'CodeIgniter\Session\Handlers\FileHandler' driver.
INFO - 2024-07-03 08:07:11 --> Session: Class initialized using 'CodeIgniter\Session\Handlers\FileHandler' driver.
INFO - 2024-07-03 08:07:33 --> Session: Class initialized using 'CodeIgniter\Session\Handlers\FileHandler' driver.
CRITICAL - 2024-07-03 08:07:33 --> Undefined variable $request
in APPPATH\Controllers\LoginController.php on line 18.
 1 APPPATH\Controllers\LoginController.php(18): CodeIgniter\Debug\Exceptions->errorHandler(2, 'Undefined variable $request', 'C:\\xampp\\htdocs\\login_php\\app\\Controllers\\LoginController.php', 18)
 2 SYSTEMPATH\CodeIgniter.php(942): App\Controllers\LoginController->saveData()
 3 SYSTEMPATH\CodeIgniter.php(502): CodeIgniter\CodeIgniter->runController(Object(App\Controllers\LoginController))
 4 SYSTEMPATH\CodeIgniter.php(361): CodeIgniter\CodeIgniter->handleRequest(null, Object(Config\Cache), false)
 5 FCPATH\index.php(79): CodeIgniter\CodeIgniter->run()
INFO - 2024-07-03 08:08:30 --> Session: Class initialized using 'CodeIgniter\Session\Handlers\FileHandler' driver.
INFO - 2024-07-03 08:08:36 --> Session: Class initialized using 'CodeIgniter\Session\Handlers\FileHandler' driver.
INFO - 2024-07-03 08:08:43 --> Session: Class initialized using 'CodeIgniter\Session\Handlers\FileHandler' driver.
INFO - 2024-07-03 08:09:30 --> Session: Class initialized using 'CodeIgniter\Session\Handlers\FileHandler' driver.
INFO - 2024-07-03 08:09:33 --> Session: Class initialized using 'CodeIgniter\Session\Handlers\FileHandler' driver.
INFO - 2024-07-03 08:09:38 --> Session: Class initialized using 'CodeIgniter\Session\Handlers\FileHandler' driver.
INFO - 2024-07-03 08:09:50 --> Session: Class initialized using 'CodeIgniter\Session\Handlers\FileHandler' driver.
INFO - 2024-07-03 08:29:41 --> Session: Class initialized using 'CodeIgniter\Session\Handlers\FileHandler' driver.
INFO - 2024-07-03 08:29:44 --> Session: Class initialized using 'CodeIgniter\Session\Handlers\FileHandler' driver.
INFO - 2024-07-03 08:29:58 --> Session: Class initialized using 'CodeIgniter\Session\Handlers\FileHandler' driver.
INFO - 2024-07-03 08:33:07 --> Session: Class initialized using 'CodeIgniter\Session\Handlers\FileHandler' driver.
INFO - 2024-07-03 08:33:10 --> Session: Class initialized using 'CodeIgniter\Session\Handlers\FileHandler' driver.
INFO - 2024-07-03 08:33:24 --> Session: Class initialized using 'CodeIgniter\Session\Handlers\FileHandler' driver.
INFO - 2024-07-03 08:46:18 --> Session: Class initialized using 'CodeIgniter\Session\Handlers\FileHandler' driver.
CRITICAL - 2024-07-03 08:46:18 --> syntax error, unexpected identifier "SignUp", expecting variable
in APPPATH\Controllers\LoginController.php on line 17.
 1 SYSTEMPATH\Autoloader\Autoloader.php(256): CodeIgniter\Autoloader\Autoloader->includeFile('C:\\xampp\\htdocs\\login_php\\vendor\\composer/../../app/Controllers/LoginController.php')
 2 [internal function]: CodeIgniter\Autoloader\Autoloader->loadClassmap('App\\Controllers\\LoginController')
 3 SYSTEMPATH\CodeIgniter.php(900): class_exists('\\App\\Controllers\\LoginController', true)
 4 SYSTEMPATH\CodeIgniter.php(489): CodeIgniter\CodeIgniter->startController()
 5 SYSTEMPATH\CodeIgniter.php(361): CodeIgniter\CodeIgniter->handleRequest(null, Object(Config\Cache), false)
 6 FCPATH\index.php(79): CodeIgniter\CodeIgniter->run()
INFO - 2024-07-03 08:47:21 --> Session: Class initialized using 'CodeIgniter\Session\Handlers\FileHandler' driver.
CRITICAL - 2024-07-03 08:47:21 --> syntax error, unexpected identifier "SignUp", expecting variable
in APPPATH\Controllers\LoginController.php on line 18.
 1 SYSTEMPATH\Autoloader\Autoloader.php(256): CodeIgniter\Autoloader\Autoloader->includeFile('C:\\xampp\\htdocs\\login_php\\vendor\\composer/../../app/Controllers/LoginController.php')
 2 [internal function]: CodeIgniter\Autoloader\Autoloader->loadClassmap('App\\Controllers\\LoginController')
 3 SYSTEMPATH\CodeIgniter.php(900): class_exists('\\App\\Controllers\\LoginController', true)
 4 SYSTEMPATH\CodeIgniter.php(489): CodeIgniter\CodeIgniter->startController()
 5 SYSTEMPATH\CodeIgniter.php(361): CodeIgniter\CodeIgniter->handleRequest(null, Object(Config\Cache), false)
 6 FCPATH\index.php(79): CodeIgniter\CodeIgniter->run()
INFO - 2024-07-03 08:47:22 --> Session: Class initialized using 'CodeIgniter\Session\Handlers\FileHandler' driver.
CRITICAL - 2024-07-03 08:47:22 --> syntax error, unexpected identifier "SignUp", expecting variable
in APPPATH\Controllers\LoginController.php on line 18.
 1 SYSTEMPATH\Autoloader\Autoloader.php(256): CodeIgniter\Autoloader\Autoloader->includeFile('C:\\xampp\\htdocs\\login_php\\vendor\\composer/../../app/Controllers/LoginController.php')
 2 [internal function]: CodeIgniter\Autoloader\Autoloader->loadClassmap('App\\Controllers\\LoginController')
 3 SYSTEMPATH\CodeIgniter.php(900): class_exists('\\App\\Controllers\\LoginController', true)
 4 SYSTEMPATH\CodeIgniter.php(489): CodeIgniter\CodeIgniter->startController()
 5 SYSTEMPATH\CodeIgniter.php(361): CodeIgniter\CodeIgniter->handleRequest(null, Object(Config\Cache), false)
 6 FCPATH\index.php(79): CodeIgniter\CodeIgniter->run()
INFO - 2024-07-03 08:50:59 --> Session: Class initialized using 'CodeIgniter\Session\Handlers\FileHandler' driver.
INFO - 2024-07-03 08:51:49 --> Session: Class initialized using 'CodeIgniter\Session\Handlers\FileHandler' driver.
INFO - 2024-07-03 08:51:58 --> Session: Class initialized using 'CodeIgniter\Session\Handlers\FileHandler' driver.
INFO - 2024-07-03 08:59:02 --> Session: Class initialized using 'CodeIgniter\Session\Handlers\FileHandler' driver.
INFO - 2024-07-03 08:59:55 --> Session: Class initialized using 'CodeIgniter\Session\Handlers\FileHandler' driver.
INFO - 2024-07-03 09:00:38 --> Session: Class initialized using 'CodeIgniter\Session\Handlers\FileHandler' driver.
INFO - 2024-07-03 09:01:00 --> Session: Class initialized using 'CodeIgniter\Session\Handlers\FileHandler' driver.
INFO - 2024-07-03 09:01:18 --> Session: Class initialized using 'CodeIgniter\Session\Handlers\FileHandler' driver.
INFO - 2024-07-03 09:01:58 --> Session: Class initialized using 'CodeIgniter\Session\Handlers\FileHandler' driver.
INFO - 2024-07-03 09:02:10 --> Session: Class initialized using 'CodeIgniter\Session\Handlers\FileHandler' driver.
INFO - 2024-07-03 09:04:25 --> Session: Class initialized using 'CodeIgniter\Session\Handlers\FileHandler' driver.
INFO - 2024-07-03 09:05:13 --> Session: Class initialized using 'CodeIgniter\Session\Handlers\FileHandler' driver.
INFO - 2024-07-03 09:05:24 --> Session: Class initialized using 'CodeIgniter\Session\Handlers\FileHandler' driver.
INFO - 2024-07-03 09:05:39 --> Session: Class initialized using 'CodeIgniter\Session\Handlers\FileHandler' driver.
INFO - 2024-07-03 09:06:07 --> Session: Class initialized using 'CodeIgniter\Session\Handlers\FileHandler' driver.
INFO - 2024-07-03 09:08:47 --> Session: Class initialized using 'CodeIgniter\Session\Handlers\FileHandler' driver.
INFO - 2024-07-03 09:09:04 --> Session: Class initialized using 'CodeIgniter\Session\Handlers\FileHandler' driver.
INFO - 2024-07-03 09:13:40 --> Session: Class initialized using 'CodeIgniter\Session\Handlers\FileHandler' driver.
INFO - 2024-07-03 09:14:03 --> Session: Class initialized using 'CodeIgniter\Session\Handlers\FileHandler' driver.
INFO - 2024-07-03 09:14:24 --> Session: Class initialized using 'CodeIgniter\Session\Handlers\FileHandler' driver.
INFO - 2024-07-03 09:14:50 --> Session: Class initialized using 'CodeIgniter\Session\Handlers\FileHandler' driver.
INFO - 2024-07-03 09:15:09 --> Session: Class initialized using 'CodeIgniter\Session\Handlers\FileHandler' driver.
INFO - 2024-07-03 09:15:41 --> Session: Class initialized using 'CodeIgniter\Session\Handlers\FileHandler' driver.
INFO - 2024-07-03 09:15:56 --> Session: Class initialized using 'CodeIgniter\Session\Handlers\FileHandler' driver.
INFO - 2024-07-03 09:16:07 --> Session: Class initialized using 'CodeIgniter\Session\Handlers\FileHandler' driver.
INFO - 2024-07-03 09:16:23 --> Session: Class initialized using 'CodeIgniter\Session\Handlers\FileHandler' driver.
INFO - 2024-07-03 09:24:06 --> Session: Class initialized using 'CodeIgniter\Session\Handlers\FileHandler' driver.
INFO - 2024-07-03 09:24:10 --> Session: Class initialized using 'CodeIgniter\Session\Handlers\FileHandler' driver.
CRITICAL - 2024-07-03 09:24:10 --> Call to undefined function baseURL()
in APPPATH\Views\SignUp.php on line 59.
 1 SYSTEMPATH\View\View.php(228): include()
 2 SYSTEMPATH\View\View.php(231): CodeIgniter\View\View->CodeIgniter\View\{closure}()
 3 SYSTEMPATH\Common.php(1190): CodeIgniter\View\View->render('SignUp.php', [], true)
 4 APPPATH\Controllers\LoginController.php(20): view('SignUp.php')
 5 SYSTEMPATH\CodeIgniter.php(942): App\Controllers\LoginController->SignUp()
 6 SYSTEMPATH\CodeIgniter.php(502): CodeIgniter\CodeIgniter->runController(Object(App\Controllers\LoginController))
 7 SYSTEMPATH\CodeIgniter.php(361): CodeIgniter\CodeIgniter->handleRequest(null, Object(Config\Cache), false)
 8 FCPATH\index.php(79): CodeIgniter\CodeIgniter->run()
INFO - 2024-07-03 09:24:13 --> Session: Class initialized using 'CodeIgniter\Session\Handlers\FileHandler' driver.
CRITICAL - 2024-07-03 09:24:13 --> Call to undefined function baseURL()
in APPPATH\Views\SignUp.php on line 59.
 1 SYSTEMPATH\View\View.php(228): include()
 2 SYSTEMPATH\View\View.php(231): CodeIgniter\View\View->CodeIgniter\View\{closure}()
 3 SYSTEMPATH\Common.php(1190): CodeIgniter\View\View->render('SignUp.php', [], true)
 4 APPPATH\Controllers\LoginController.php(20): view('SignUp.php')
 5 SYSTEMPATH\CodeIgniter.php(942): App\Controllers\LoginController->SignUp()
 6 SYSTEMPATH\CodeIgniter.php(502): CodeIgniter\CodeIgniter->runController(Object(App\Controllers\LoginController))
 7 SYSTEMPATH\CodeIgniter.php(361): CodeIgniter\CodeIgniter->handleRequest(null, Object(Config\Cache), false)
 8 FCPATH\index.php(79): CodeIgniter\CodeIgniter->run()
INFO - 2024-07-03 09:24:17 --> Session: Class initialized using 'CodeIgniter\Session\Handlers\FileHandler' driver.
CRITICAL - 2024-07-03 09:24:17 --> Call to undefined function baseURL()
in APPPATH\Views\SignUp.php on line 59.
 1 SYSTEMPATH\View\View.php(228): include()
 2 SYSTEMPATH\View\View.php(231): CodeIgniter\View\View->CodeIgniter\View\{closure}()
 3 SYSTEMPATH\Common.php(1190): CodeIgniter\View\View->render('SignUp.php', [], true)
 4 APPPATH\Controllers\LoginController.php(20): view('SignUp.php')
 5 SYSTEMPATH\CodeIgniter.php(942): App\Controllers\LoginController->SignUp()
 6 SYSTEMPATH\CodeIgniter.php(502): CodeIgniter\CodeIgniter->runController(Object(App\Controllers\LoginController))
 7 SYSTEMPATH\CodeIgniter.php(361): CodeIgniter\CodeIgniter->handleRequest(null, Object(Config\Cache), false)
 8 FCPATH\index.php(79): CodeIgniter\CodeIgniter->run()
INFO - 2024-07-03 09:24:19 --> Session: Class initialized using 'CodeIgniter\Session\Handlers\FileHandler' driver.
CRITICAL - 2024-07-03 09:24:19 --> Call to undefined function baseURL()
in APPPATH\Views\SignUp.php on line 59.
 1 SYSTEMPATH\View\View.php(228): include()
 2 SYSTEMPATH\View\View.php(231): CodeIgniter\View\View->CodeIgniter\View\{closure}()
 3 SYSTEMPATH\Common.php(1190): CodeIgniter\View\View->render('SignUp.php', [], true)
 4 APPPATH\Controllers\LoginController.php(20): view('SignUp.php')
 5 SYSTEMPATH\CodeIgniter.php(942): App\Controllers\LoginController->SignUp()
 6 SYSTEMPATH\CodeIgniter.php(502): CodeIgniter\CodeIgniter->runController(Object(App\Controllers\LoginController))
 7 SYSTEMPATH\CodeIgniter.php(361): CodeIgniter\CodeIgniter->handleRequest(null, Object(Config\Cache), false)
 8 FCPATH\index.php(79): CodeIgniter\CodeIgniter->run()
INFO - 2024-07-03 09:25:44 --> Session: Class initialized using 'CodeIgniter\Session\Handlers\FileHandler' driver.
CRITICAL - 2024-07-03 09:25:44 --> Call to undefined function baseURL()
in APPPATH\Views\SignUp.php on line 59.
 1 SYSTEMPATH\View\View.php(228): include()
 2 SYSTEMPATH\View\View.php(231): CodeIgniter\View\View->CodeIgniter\View\{closure}()
 3 SYSTEMPATH\Common.php(1190): CodeIgniter\View\View->render('SignUp.php', [], true)
 4 APPPATH\Controllers\LoginController.php(20): view('SignUp.php')
 5 SYSTEMPATH\CodeIgniter.php(942): App\Controllers\LoginController->SignUp()
 6 SYSTEMPATH\CodeIgniter.php(502): CodeIgniter\CodeIgniter->runController(Object(App\Controllers\LoginController))
 7 SYSTEMPATH\CodeIgniter.php(361): CodeIgniter\CodeIgniter->handleRequest(null, Object(Config\Cache), false)
 8 FCPATH\index.php(79): CodeIgniter\CodeIgniter->run()
INFO - 2024-07-03 09:25:45 --> Session: Class initialized using 'CodeIgniter\Session\Handlers\FileHandler' driver.
CRITICAL - 2024-07-03 09:25:45 --> Call to undefined function baseURL()
in APPPATH\Views\SignUp.php on line 59.
 1 SYSTEMPATH\View\View.php(228): include()
 2 SYSTEMPATH\View\View.php(231): CodeIgniter\View\View->CodeIgniter\View\{closure}()
 3 SYSTEMPATH\Common.php(1190): CodeIgniter\View\View->render('SignUp.php', [], true)
 4 APPPATH\Controllers\LoginController.php(20): view('SignUp.php')
 5 SYSTEMPATH\CodeIgniter.php(942): App\Controllers\LoginController->SignUp()
 6 SYSTEMPATH\CodeIgniter.php(502): CodeIgniter\CodeIgniter->runController(Object(App\Controllers\LoginController))
 7 SYSTEMPATH\CodeIgniter.php(361): CodeIgniter\CodeIgniter->handleRequest(null, Object(Config\Cache), false)
 8 FCPATH\index.php(79): CodeIgniter\CodeIgniter->run()
INFO - 2024-07-03 09:26:31 --> Session: Class initialized using 'CodeIgniter\Session\Handlers\FileHandler' driver.
INFO - 2024-07-03 09:26:37 --> Session: Class initialized using 'CodeIgniter\Session\Handlers\FileHandler' driver.
CRITICAL - 2024-07-03 09:26:37 --> Call to undefined function baseURL()
in APPPATH\Views\SignUp.php on line 59.
 1 SYSTEMPATH\View\View.php(228): include()
 2 SYSTEMPATH\View\View.php(231): CodeIgniter\View\View->CodeIgniter\View\{closure}()
 3 SYSTEMPATH\Common.php(1190): CodeIgniter\View\View->render('SignUp.php', [], true)
 4 APPPATH\Controllers\LoginController.php(20): view('SignUp.php')
 5 SYSTEMPATH\CodeIgniter.php(942): App\Controllers\LoginController->SignUp()
 6 SYSTEMPATH\CodeIgniter.php(502): CodeIgniter\CodeIgniter->runController(Object(App\Controllers\LoginController))
 7 SYSTEMPATH\CodeIgniter.php(361): CodeIgniter\CodeIgniter->handleRequest(null, Object(Config\Cache), false)
 8 FCPATH\index.php(79): CodeIgniter\CodeIgniter->run()
INFO - 2024-07-03 09:26:40 --> Session: Class initialized using 'CodeIgniter\Session\Handlers\FileHandler' driver.
INFO - 2024-07-03 09:27:14 --> Session: Class initialized using 'CodeIgniter\Session\Handlers\FileHandler' driver.
CRITICAL - 2024-07-03 09:27:14 --> Call to undefined function baseURL()
in APPPATH\Views\SignUp.php on line 59.
 1 SYSTEMPATH\View\View.php(228): include()
 2 SYSTEMPATH\View\View.php(231): CodeIgniter\View\View->CodeIgniter\View\{closure}()
 3 SYSTEMPATH\Common.php(1190): CodeIgniter\View\View->render('SignUp.php', [], true)
 4 APPPATH\Controllers\LoginController.php(20): view('SignUp.php')
 5 SYSTEMPATH\CodeIgniter.php(942): App\Controllers\LoginController->SignUp()
 6 SYSTEMPATH\CodeIgniter.php(502): CodeIgniter\CodeIgniter->runController(Object(App\Controllers\LoginController))
 7 SYSTEMPATH\CodeIgniter.php(361): CodeIgniter\CodeIgniter->handleRequest(null, Object(Config\Cache), false)
 8 FCPATH\index.php(79): CodeIgniter\CodeIgniter->run()
INFO - 2024-07-03 09:28:18 --> Session: Class initialized using 'CodeIgniter\Session\Handlers\FileHandler' driver.
CRITICAL - 2024-07-03 09:28:18 --> Call to undefined function baseURL()
in APPPATH\Views\SignUp.php on line 59.
 1 SYSTEMPATH\View\View.php(228): include()
 2 SYSTEMPATH\View\View.php(231): CodeIgniter\View\View->CodeIgniter\View\{closure}()
 3 SYSTEMPATH\Common.php(1190): CodeIgniter\View\View->render('SignUp.php', [], true)
 4 APPPATH\Controllers\LoginController.php(20): view('SignUp.php')
 5 SYSTEMPATH\CodeIgniter.php(942): App\Controllers\LoginController->SignUp()
 6 SYSTEMPATH\CodeIgniter.php(502): CodeIgniter\CodeIgniter->runController(Object(App\Controllers\LoginController))
 7 SYSTEMPATH\CodeIgniter.php(361): CodeIgniter\CodeIgniter->handleRequest(null, Object(Config\Cache), false)
 8 FCPATH\index.php(79): CodeIgniter\CodeIgniter->run()
INFO - 2024-07-03 09:29:53 --> Session: Class initialized using 'CodeIgniter\Session\Handlers\FileHandler' driver.
CRITICAL - 2024-07-03 09:29:53 --> Call to undefined function baseURL()
in APPPATH\Views\SignUp.php on line 59.
 1 SYSTEMPATH\View\View.php(228): include()
 2 SYSTEMPATH\View\View.php(231): CodeIgniter\View\View->CodeIgniter\View\{closure}()
 3 SYSTEMPATH\Common.php(1190): CodeIgniter\View\View->render('SignUp.php', [], true)
 4 APPPATH\Controllers\LoginController.php(20): view('SignUp.php')
 5 SYSTEMPATH\CodeIgniter.php(942): App\Controllers\LoginController->SignUp()
 6 SYSTEMPATH\CodeIgniter.php(502): CodeIgniter\CodeIgniter->runController(Object(App\Controllers\LoginController))
 7 SYSTEMPATH\CodeIgniter.php(361): CodeIgniter\CodeIgniter->handleRequest(null, Object(Config\Cache), false)
 8 FCPATH\index.php(79): CodeIgniter\CodeIgniter->run()
INFO - 2024-07-03 09:30:56 --> Session: Class initialized using 'CodeIgniter\Session\Handlers\FileHandler' driver.
INFO - 2024-07-03 09:31:01 --> Session: Class initialized using 'CodeIgniter\Session\Handlers\FileHandler' driver.
INFO - 2024-07-03 09:31:05 --> Session: Class initialized using 'CodeIgniter\Session\Handlers\FileHandler' driver.
INFO - 2024-07-03 09:31:11 --> Session: Class initialized using 'CodeIgniter\Session\Handlers\FileHandler' driver.
INFO - 2024-07-03 09:31:16 --> Session: Class initialized using 'CodeIgniter\Session\Handlers\FileHandler' driver.
INFO - 2024-07-03 09:32:34 --> Session: Class initialized using 'CodeIgniter\Session\Handlers\FileHandler' driver.
INFO - 2024-07-03 09:32:37 --> Session: Class initialized using 'CodeIgniter\Session\Handlers\FileHandler' driver.
INFO - 2024-07-03 09:32:40 --> Session: Class initialized using 'CodeIgniter\Session\Handlers\FileHandler' driver.
INFO - 2024-07-03 09:32:52 --> Session: Class initialized using 'CodeIgniter\Session\Handlers\FileHandler' driver.
INFO - 2024-07-03 09:33:31 --> Session: Class initialized using 'CodeIgniter\Session\Handlers\FileHandler' driver.
INFO - 2024-07-03 09:33:51 --> Session: Class initialized using 'CodeIgniter\Session\Handlers\FileHandler' driver.
INFO - 2024-07-03 09:34:10 --> Session: Class initialized using 'CodeIgniter\Session\Handlers\FileHandler' driver.
INFO - 2024-07-03 09:34:14 --> Session: Class initialized using 'CodeIgniter\Session\Handlers\FileHandler' driver.
INFO - 2024-07-03 09:34:39 --> Session: Class initialized using 'CodeIgniter\Session\Handlers\FileHandler' driver.
INFO - 2024-07-03 09:35:02 --> Session: Class initialized using 'CodeIgniter\Session\Handlers\FileHandler' driver.
INFO - 2024-07-03 09:35:18 --> Session: Class initialized using 'CodeIgniter\Session\Handlers\FileHandler' driver.
INFO - 2024-07-03 09:35:38 --> Session: Class initialized using 'CodeIgniter\Session\Handlers\FileHandler' driver.
INFO - 2024-07-03 09:35:52 --> Session: Class initialized using 'CodeIgniter\Session\Handlers\FileHandler' driver.
INFO - 2024-07-03 09:35:56 --> Session: Class initialized using 'CodeIgniter\Session\Handlers\FileHandler' driver.
INFO - 2024-07-03 09:36:08 --> Session: Class initialized using 'CodeIgniter\Session\Handlers\FileHandler' driver.
INFO - 2024-07-03 09:36:10 --> Session: Class initialized using 'CodeIgniter\Session\Handlers\FileHandler' driver.
INFO - 2024-07-03 09:36:13 --> Session: Class initialized using 'CodeIgniter\Session\Handlers\FileHandler' driver.
INFO - 2024-07-03 09:36:15 --> Session: Class initialized using 'CodeIgniter\Session\Handlers\FileHandler' driver.
INFO - 2024-07-03 09:36:21 --> Session: Class initialized using 'CodeIgniter\Session\Handlers\FileHandler' driver.
INFO - 2024-07-03 09:38:19 --> Session: Class initialized using 'CodeIgniter\Session\Handlers\FileHandler' driver.
INFO - 2024-07-03 09:38:50 --> Session: Class initialized using 'CodeIgniter\Session\Handlers\FileHandler' driver.
INFO - 2024-07-03 09:39:07 --> Session: Class initialized using 'CodeIgniter\Session\Handlers\FileHandler' driver.
INFO - 2024-07-03 09:39:23 --> Session: Class initialized using 'CodeIgniter\Session\Handlers\FileHandler' driver.
INFO - 2024-07-03 09:40:13 --> Session: Class initialized using 'CodeIgniter\Session\Handlers\FileHandler' driver.
INFO - 2024-07-03 09:41:22 --> Session: Class initialized using 'CodeIgniter\Session\Handlers\FileHandler' driver.
INFO - 2024-07-03 09:41:26 --> Session: Class initialized using 'CodeIgniter\Session\Handlers\FileHandler' driver.
INFO - 2024-07-03 09:41:58 --> Session: Class initialized using 'CodeIgniter\Session\Handlers\FileHandler' driver.
INFO - 2024-07-03 09:42:06 --> Session: Class initialized using 'CodeIgniter\Session\Handlers\FileHandler' driver.
INFO - 2024-07-03 09:42:19 --> Session: Class initialized using 'CodeIgniter\Session\Handlers\FileHandler' driver.
INFO - 2024-07-03 09:42:33 --> Session: Class initialized using 'CodeIgniter\Session\Handlers\FileHandler' driver.
INFO - 2024-07-03 09:42:45 --> Session: Class initialized using 'CodeIgniter\Session\Handlers\FileHandler' driver.
INFO - 2024-07-03 09:43:23 --> Session: Class initialized using 'CodeIgniter\Session\Handlers\FileHandler' driver.
INFO - 2024-07-03 09:43:30 --> Session: Class initialized using 'CodeIgniter\Session\Handlers\FileHandler' driver.
INFO - 2024-07-03 09:44:07 --> Session: Class initialized using 'CodeIgniter\Session\Handlers\FileHandler' driver.
INFO - 2024-07-03 09:45:05 --> Session: Class initialized using 'CodeIgniter\Session\Handlers\FileHandler' driver.
INFO - 2024-07-03 09:45:18 --> Session: Class initialized using 'CodeIgniter\Session\Handlers\FileHandler' driver.
INFO - 2024-07-03 09:46:26 --> Session: Class initialized using 'CodeIgniter\Session\Handlers\FileHandler' driver.
INFO - 2024-07-03 09:46:38 --> Session: Class initialized using 'CodeIgniter\Session\Handlers\FileHandler' driver.
INFO - 2024-07-03 09:47:22 --> Session: Class initialized using 'CodeIgniter\Session\Handlers\FileHandler' driver.
INFO - 2024-07-03 09:47:55 --> Session: Class initialized using 'CodeIgniter\Session\Handlers\FileHandler' driver.
INFO - 2024-07-03 09:48:09 --> Session: Class initialized using 'CodeIgniter\Session\Handlers\FileHandler' driver.
INFO - 2024-07-03 09:48:17 --> Session: Class initialized using 'CodeIgniter\Session\Handlers\FileHandler' driver.
INFO - 2024-07-03 09:48:28 --> Session: Class initialized using 'CodeIgniter\Session\Handlers\FileHandler' driver.
INFO - 2024-07-03 09:48:49 --> Session: Class initialized using 'CodeIgniter\Session\Handlers\FileHandler' driver.
INFO - 2024-07-03 09:50:04 --> Session: Class initialized using 'CodeIgniter\Session\Handlers\FileHandler' driver.
INFO - 2024-07-03 09:50:08 --> Session: Class initialized using 'CodeIgniter\Session\Handlers\FileHandler' driver.
INFO - 2024-07-03 09:50:12 --> Session: Class initialized using 'CodeIgniter\Session\Handlers\FileHandler' driver.
INFO - 2024-07-03 09:50:19 --> Session: Class initialized using 'CodeIgniter\Session\Handlers\FileHandler' driver.
INFO - 2024-07-03 09:51:00 --> Session: Class initialized using 'CodeIgniter\Session\Handlers\FileHandler' driver.
INFO - 2024-07-03 09:51:03 --> Session: Class initialized using 'CodeIgniter\Session\Handlers\FileHandler' driver.
INFO - 2024-07-03 09:51:52 --> Session: Class initialized using 'CodeIgniter\Session\Handlers\FileHandler' driver.
INFO - 2024-07-03 09:51:58 --> Session: Class initialized using 'CodeIgniter\Session\Handlers\FileHandler' driver.
INFO - 2024-07-03 09:52:14 --> Session: Class initialized using 'CodeIgniter\Session\Handlers\FileHandler' driver.
INFO - 2024-07-03 09:52:35 --> Session: Class initialized using 'CodeIgniter\Session\Handlers\FileHandler' driver.
INFO - 2024-07-03 09:52:59 --> Session: Class initialized using 'CodeIgniter\Session\Handlers\FileHandler' driver.
INFO - 2024-07-03 09:53:47 --> Session: Class initialized using 'CodeIgniter\Session\Handlers\FileHandler' driver.
INFO - 2024-07-03 09:54:10 --> Session: Class initialized using 'CodeIgniter\Session\Handlers\FileHandler' driver.
INFO - 2024-07-03 09:54:20 --> Session: Class initialized using 'CodeIgniter\Session\Handlers\FileHandler' driver.
INFO - 2024-07-03 09:55:00 --> Session: Class initialized using 'CodeIgniter\Session\Handlers\FileHandler' driver.
INFO - 2024-07-03 09:55:04 --> Session: Class initialized using 'CodeIgniter\Session\Handlers\FileHandler' driver.
INFO - 2024-07-03 09:55:33 --> Session: Class initialized using 'CodeIgniter\Session\Handlers\FileHandler' driver.
INFO - 2024-07-03 09:56:46 --> Session: Class initialized using 'CodeIgniter\Session\Handlers\FileHandler' driver.
INFO - 2024-07-03 09:57:50 --> Session: Class initialized using 'CodeIgniter\Session\Handlers\FileHandler' driver.
INFO - 2024-07-03 09:57:54 --> Session: Class initialized using 'CodeIgniter\Session\Handlers\FileHandler' driver.
INFO - 2024-07-03 09:58:03 --> Session: Class initialized using 'CodeIgniter\Session\Handlers\FileHandler' driver.
INFO - 2024-07-03 09:58:39 --> Session: Class initialized using 'CodeIgniter\Session\Handlers\FileHandler' driver.
INFO - 2024-07-03 09:59:16 --> Session: Class initialized using 'CodeIgniter\Session\Handlers\FileHandler' driver.
INFO - 2024-07-03 10:32:49 --> Session: Class initialized using 'CodeIgniter\Session\Handlers\FileHandler' driver.
CRITICAL - 2024-07-03 10:32:49 --> syntax error, unexpected variable "$email"
in APPPATH\Controllers\LoginController.php on line 27.
 1 SYSTEMPATH\Autoloader\Autoloader.php(256): CodeIgniter\Autoloader\Autoloader->includeFile('C:\\xampp\\htdocs\\login_php\\vendor\\composer/../../app/Controllers/LoginController.php')
 2 [internal function]: CodeIgniter\Autoloader\Autoloader->loadClassmap('App\\Controllers\\LoginController')
 3 SYSTEMPATH\CodeIgniter.php(900): class_exists('\\App\\Controllers\\LoginController', true)
 4 SYSTEMPATH\CodeIgniter.php(489): CodeIgniter\CodeIgniter->startController()
 5 SYSTEMPATH\CodeIgniter.php(361): CodeIgniter\CodeIgniter->handleRequest(null, Object(Config\Cache), false)
 6 FCPATH\index.php(79): CodeIgniter\CodeIgniter->run()
INFO - 2024-07-03 10:34:53 --> Session: Class initialized using 'CodeIgniter\Session\Handlers\FileHandler' driver.
CRITICAL - 2024-07-03 10:34:53 --> syntax error, unexpected variable "$email"
in APPPATH\Controllers\LoginController.php on line 27.
 1 SYSTEMPATH\Autoloader\Autoloader.php(256): CodeIgniter\Autoloader\Autoloader->includeFile('C:\\xampp\\htdocs\\login_php\\vendor\\composer/../../app/Controllers/LoginController.php')
 2 [internal function]: CodeIgniter\Autoloader\Autoloader->loadClassmap('App\\Controllers\\LoginController')
 3 SYSTEMPATH\CodeIgniter.php(900): class_exists('\\App\\Controllers\\LoginController', true)
 4 SYSTEMPATH\CodeIgniter.php(489): CodeIgniter\CodeIgniter->startController()
 5 SYSTEMPATH\CodeIgniter.php(361): CodeIgniter\CodeIgniter->handleRequest(null, Object(Config\Cache), false)
 6 FCPATH\index.php(79): CodeIgniter\CodeIgniter->run()
INFO - 2024-07-03 10:34:55 --> Session: Class initialized using 'CodeIgniter\Session\Handlers\FileHandler' driver.
CRITICAL - 2024-07-03 10:34:55 --> syntax error, unexpected variable "$email"
in APPPATH\Controllers\LoginController.php on line 27.
 1 SYSTEMPATH\Autoloader\Autoloader.php(256): CodeIgniter\Autoloader\Autoloader->includeFile('C:\\xampp\\htdocs\\login_php\\vendor\\composer/../../app/Controllers/LoginController.php')
 2 [internal function]: CodeIgniter\Autoloader\Autoloader->loadClassmap('App\\Controllers\\LoginController')
 3 SYSTEMPATH\CodeIgniter.php(900): class_exists('\\App\\Controllers\\LoginController', true)
 4 SYSTEMPATH\CodeIgniter.php(489): CodeIgniter\CodeIgniter->startController()
 5 SYSTEMPATH\CodeIgniter.php(361): CodeIgniter\CodeIgniter->handleRequest(null, Object(Config\Cache), false)
 6 FCPATH\index.php(79): CodeIgniter\CodeIgniter->run()
INFO - 2024-07-03 10:34:58 --> Session: Class initialized using 'CodeIgniter\Session\Handlers\FileHandler' driver.
CRITICAL - 2024-07-03 10:34:58 --> syntax error, unexpected variable "$email"
in APPPATH\Controllers\LoginController.php on line 27.
 1 SYSTEMPATH\Autoloader\Autoloader.php(256): CodeIgniter\Autoloader\Autoloader->includeFile('C:\\xampp\\htdocs\\login_php\\vendor\\composer/../../app/Controllers/LoginController.php')
 2 [internal function]: CodeIgniter\Autoloader\Autoloader->loadClassmap('App\\Controllers\\LoginController')
 3 SYSTEMPATH\CodeIgniter.php(900): class_exists('\\App\\Controllers\\LoginController', true)
 4 SYSTEMPATH\CodeIgniter.php(489): CodeIgniter\CodeIgniter->startController()
 5 SYSTEMPATH\CodeIgniter.php(361): CodeIgniter\CodeIgniter->handleRequest(null, Object(Config\Cache), false)
 6 FCPATH\index.php(79): CodeIgniter\CodeIgniter->run()
INFO - 2024-07-03 10:35:00 --> Session: Class initialized using 'CodeIgniter\Session\Handlers\FileHandler' driver.
CRITICAL - 2024-07-03 10:35:00 --> syntax error, unexpected variable "$email"
in APPPATH\Controllers\LoginController.php on line 27.
 1 SYSTEMPATH\Autoloader\Autoloader.php(256): CodeIgniter\Autoloader\Autoloader->includeFile('C:\\xampp\\htdocs\\login_php\\vendor\\composer/../../app/Controllers/LoginController.php')
 2 [internal function]: CodeIgniter\Autoloader\Autoloader->loadClassmap('App\\Controllers\\LoginController')
 3 SYSTEMPATH\CodeIgniter.php(900): class_exists('\\App\\Controllers\\LoginController', true)
 4 SYSTEMPATH\CodeIgniter.php(489): CodeIgniter\CodeIgniter->startController()
 5 SYSTEMPATH\CodeIgniter.php(361): CodeIgniter\CodeIgniter->handleRequest(null, Object(Config\Cache), false)
 6 FCPATH\index.php(79): CodeIgniter\CodeIgniter->run()
INFO - 2024-07-03 10:35:02 --> Session: Class initialized using 'CodeIgniter\Session\Handlers\FileHandler' driver.
CRITICAL - 2024-07-03 10:35:02 --> syntax error, unexpected variable "$email"
in APPPATH\Controllers\LoginController.php on line 27.
 1 SYSTEMPATH\Autoloader\Autoloader.php(256): CodeIgniter\Autoloader\Autoloader->includeFile('C:\\xampp\\htdocs\\login_php\\vendor\\composer/../../app/Controllers/LoginController.php')
 2 [internal function]: CodeIgniter\Autoloader\Autoloader->loadClassmap('App\\Controllers\\LoginController')
 3 SYSTEMPATH\CodeIgniter.php(900): class_exists('\\App\\Controllers\\LoginController', true)
 4 SYSTEMPATH\CodeIgniter.php(489): CodeIgniter\CodeIgniter->startController()
 5 SYSTEMPATH\CodeIgniter.php(361): CodeIgniter\CodeIgniter->handleRequest(null, Object(Config\Cache), false)
 6 FCPATH\index.php(79): CodeIgniter\CodeIgniter->run()
INFO - 2024-07-03 10:36:02 --> Session: Class initialized using 'CodeIgniter\Session\Handlers\FileHandler' driver.
CRITICAL - 2024-07-03 10:36:02 --> syntax error, unexpected variable "$email"
in APPPATH\Controllers\LoginController.php on line 27.
 1 SYSTEMPATH\Autoloader\Autoloader.php(256): CodeIgniter\Autoloader\Autoloader->includeFile('C:\\xampp\\htdocs\\login_php\\vendor\\composer/../../app/Controllers/LoginController.php')
 2 [internal function]: CodeIgniter\Autoloader\Autoloader->loadClassmap('App\\Controllers\\LoginController')
 3 SYSTEMPATH\CodeIgniter.php(900): class_exists('\\App\\Controllers\\LoginController', true)
 4 SYSTEMPATH\CodeIgniter.php(489): CodeIgniter\CodeIgniter->startController()
 5 SYSTEMPATH\CodeIgniter.php(361): CodeIgniter\CodeIgniter->handleRequest(null, Object(Config\Cache), false)
 6 FCPATH\index.php(79): CodeIgniter\CodeIgniter->run()
INFO - 2024-07-03 10:36:03 --> Session: Class initialized using 'CodeIgniter\Session\Handlers\FileHandler' driver.
CRITICAL - 2024-07-03 10:36:03 --> syntax error, unexpected variable "$email"
in APPPATH\Controllers\LoginController.php on line 27.
 1 SYSTEMPATH\Autoloader\Autoloader.php(256): CodeIgniter\Autoloader\Autoloader->includeFile('C:\\xampp\\htdocs\\login_php\\vendor\\composer/../../app/Controllers/LoginController.php')
 2 [internal function]: CodeIgniter\Autoloader\Autoloader->loadClassmap('App\\Controllers\\LoginController')
 3 SYSTEMPATH\CodeIgniter.php(900): class_exists('\\App\\Controllers\\LoginController', true)
 4 SYSTEMPATH\CodeIgniter.php(489): CodeIgniter\CodeIgniter->startController()
 5 SYSTEMPATH\CodeIgniter.php(361): CodeIgniter\CodeIgniter->handleRequest(null, Object(Config\Cache), false)
 6 FCPATH\index.php(79): CodeIgniter\CodeIgniter->run()
INFO - 2024-07-03 10:36:57 --> Session: Class initialized using 'CodeIgniter\Session\Handlers\FileHandler' driver.
CRITICAL - 2024-07-03 10:36:57 --> syntax error, unexpected variable "$email"
in APPPATH\Controllers\LoginController.php on line 27.
 1 SYSTEMPATH\Autoloader\Autoloader.php(256): CodeIgniter\Autoloader\Autoloader->includeFile('C:\\xampp\\htdocs\\login_php\\vendor\\composer/../../app/Controllers/LoginController.php')
 2 [internal function]: CodeIgniter\Autoloader\Autoloader->loadClassmap('App\\Controllers\\LoginController')
 3 SYSTEMPATH\CodeIgniter.php(900): class_exists('\\App\\Controllers\\LoginController', true)
 4 SYSTEMPATH\CodeIgniter.php(489): CodeIgniter\CodeIgniter->startController()
 5 SYSTEMPATH\CodeIgniter.php(361): CodeIgniter\CodeIgniter->handleRequest(null, Object(Config\Cache), false)
 6 FCPATH\index.php(79): CodeIgniter\CodeIgniter->run()
INFO - 2024-07-03 10:36:58 --> Session: Class initialized using 'CodeIgniter\Session\Handlers\FileHandler' driver.
CRITICAL - 2024-07-03 10:36:58 --> syntax error, unexpected variable "$email"
in APPPATH\Controllers\LoginController.php on line 27.
 1 SYSTEMPATH\Autoloader\Autoloader.php(256): CodeIgniter\Autoloader\Autoloader->includeFile('C:\\xampp\\htdocs\\login_php\\vendor\\composer/../../app/Controllers/LoginController.php')
 2 [internal function]: CodeIgniter\Autoloader\Autoloader->loadClassmap('App\\Controllers\\LoginController')
 3 SYSTEMPATH\CodeIgniter.php(900): class_exists('\\App\\Controllers\\LoginController', true)
 4 SYSTEMPATH\CodeIgniter.php(489): CodeIgniter\CodeIgniter->startController()
 5 SYSTEMPATH\CodeIgniter.php(361): CodeIgniter\CodeIgniter->handleRequest(null, Object(Config\Cache), false)
 6 FCPATH\index.php(79): CodeIgniter\CodeIgniter->run()
INFO - 2024-07-03 10:36:59 --> Session: Class initialized using 'CodeIgniter\Session\Handlers\FileHandler' driver.
CRITICAL - 2024-07-03 10:36:59 --> syntax error, unexpected variable "$email"
in APPPATH\Controllers\LoginController.php on line 27.
 1 SYSTEMPATH\Autoloader\Autoloader.php(256): CodeIgniter\Autoloader\Autoloader->includeFile('C:\\xampp\\htdocs\\login_php\\vendor\\composer/../../app/Controllers/LoginController.php')
 2 [internal function]: CodeIgniter\Autoloader\Autoloader->loadClassmap('App\\Controllers\\LoginController')
 3 SYSTEMPATH\CodeIgniter.php(900): class_exists('\\App\\Controllers\\LoginController', true)
 4 SYSTEMPATH\CodeIgniter.php(489): CodeIgniter\CodeIgniter->startController()
 5 SYSTEMPATH\CodeIgniter.php(361): CodeIgniter\CodeIgniter->handleRequest(null, Object(Config\Cache), false)
 6 FCPATH\index.php(79): CodeIgniter\CodeIgniter->run()
INFO - 2024-07-03 10:37:00 --> Session: Class initialized using 'CodeIgniter\Session\Handlers\FileHandler' driver.
CRITICAL - 2024-07-03 10:37:00 --> syntax error, unexpected variable "$email"
in APPPATH\Controllers\LoginController.php on line 27.
 1 SYSTEMPATH\Autoloader\Autoloader.php(256): CodeIgniter\Autoloader\Autoloader->includeFile('C:\\xampp\\htdocs\\login_php\\vendor\\composer/../../app/Controllers/LoginController.php')
 2 [internal function]: CodeIgniter\Autoloader\Autoloader->loadClassmap('App\\Controllers\\LoginController')
 3 SYSTEMPATH\CodeIgniter.php(900): class_exists('\\App\\Controllers\\LoginController', true)
 4 SYSTEMPATH\CodeIgniter.php(489): CodeIgniter\CodeIgniter->startController()
 5 SYSTEMPATH\CodeIgniter.php(361): CodeIgniter\CodeIgniter->handleRequest(null, Object(Config\Cache), false)
 6 FCPATH\index.php(79): CodeIgniter\CodeIgniter->run()
INFO - 2024-07-03 10:37:22 --> Session: Class initialized using 'CodeIgniter\Session\Handlers\FileHandler' driver.
CRITICAL - 2024-07-03 10:37:22 --> syntax error, unexpected variable "$email"
in APPPATH\Controllers\LoginController.php on line 27.
 1 SYSTEMPATH\Autoloader\Autoloader.php(256): CodeIgniter\Autoloader\Autoloader->includeFile('C:\\xampp\\htdocs\\login_php\\vendor\\composer/../../app/Controllers/LoginController.php')
 2 [internal function]: CodeIgniter\Autoloader\Autoloader->loadClassmap('App\\Controllers\\LoginController')
 3 SYSTEMPATH\CodeIgniter.php(900): class_exists('\\App\\Controllers\\LoginController', true)
 4 SYSTEMPATH\CodeIgniter.php(489): CodeIgniter\CodeIgniter->startController()
 5 SYSTEMPATH\CodeIgniter.php(361): CodeIgniter\CodeIgniter->handleRequest(null, Object(Config\Cache), false)
 6 FCPATH\index.php(79): CodeIgniter\CodeIgniter->run()
INFO - 2024-07-03 10:37:23 --> Session: Class initialized using 'CodeIgniter\Session\Handlers\FileHandler' driver.
CRITICAL - 2024-07-03 10:37:23 --> syntax error, unexpected variable "$email"
in APPPATH\Controllers\LoginController.php on line 27.
 1 SYSTEMPATH\Autoloader\Autoloader.php(256): CodeIgniter\Autoloader\Autoloader->includeFile('C:\\xampp\\htdocs\\login_php\\vendor\\composer/../../app/Controllers/LoginController.php')
 2 [internal function]: CodeIgniter\Autoloader\Autoloader->loadClassmap('App\\Controllers\\LoginController')
 3 SYSTEMPATH\CodeIgniter.php(900): class_exists('\\App\\Controllers\\LoginController', true)
 4 SYSTEMPATH\CodeIgniter.php(489): CodeIgniter\CodeIgniter->startController()
 5 SYSTEMPATH\CodeIgniter.php(361): CodeIgniter\CodeIgniter->handleRequest(null, Object(Config\Cache), false)
 6 FCPATH\index.php(79): CodeIgniter\CodeIgniter->run()
INFO - 2024-07-03 10:37:33 --> Session: Class initialized using 'CodeIgniter\Session\Handlers\FileHandler' driver.
CRITICAL - 2024-07-03 10:37:33 --> syntax error, unexpected variable "$email"
in APPPATH\Controllers\LoginController.php on line 27.
 1 SYSTEMPATH\Autoloader\Autoloader.php(256): CodeIgniter\Autoloader\Autoloader->includeFile('C:\\xampp\\htdocs\\login_php\\vendor\\composer/../../app/Controllers/LoginController.php')
 2 [internal function]: CodeIgniter\Autoloader\Autoloader->loadClassmap('App\\Controllers\\LoginController')
 3 SYSTEMPATH\CodeIgniter.php(900): class_exists('\\App\\Controllers\\LoginController', true)
 4 SYSTEMPATH\CodeIgniter.php(489): CodeIgniter\CodeIgniter->startController()
 5 SYSTEMPATH\CodeIgniter.php(361): CodeIgniter\CodeIgniter->handleRequest(null, Object(Config\Cache), false)
 6 FCPATH\index.php(79): CodeIgniter\CodeIgniter->run()
INFO - 2024-07-03 10:37:34 --> Session: Class initialized using 'CodeIgniter\Session\Handlers\FileHandler' driver.
CRITICAL - 2024-07-03 10:37:34 --> syntax error, unexpected variable "$email"
in APPPATH\Controllers\LoginController.php on line 27.
 1 SYSTEMPATH\Autoloader\Autoloader.php(256): CodeIgniter\Autoloader\Autoloader->includeFile('C:\\xampp\\htdocs\\login_php\\vendor\\composer/../../app/Controllers/LoginController.php')
 2 [internal function]: CodeIgniter\Autoloader\Autoloader->loadClassmap('App\\Controllers\\LoginController')
 3 SYSTEMPATH\CodeIgniter.php(900): class_exists('\\App\\Controllers\\LoginController', true)
 4 SYSTEMPATH\CodeIgniter.php(489): CodeIgniter\CodeIgniter->startController()
 5 SYSTEMPATH\CodeIgniter.php(361): CodeIgniter\CodeIgniter->handleRequest(null, Object(Config\Cache), false)
 6 FCPATH\index.php(79): CodeIgniter\CodeIgniter->run()
INFO - 2024-07-03 10:41:03 --> Session: Class initialized using 'CodeIgniter\Session\Handlers\FileHandler' driver.
CRITICAL - 2024-07-03 10:41:03 --> syntax error, unexpected variable "$email"
in APPPATH\Controllers\LoginController.php on line 27.
 1 SYSTEMPATH\Autoloader\Autoloader.php(256): CodeIgniter\Autoloader\Autoloader->includeFile('C:\\xampp\\htdocs\\login_php\\vendor\\composer/../../app/Controllers/LoginController.php')
 2 [internal function]: CodeIgniter\Autoloader\Autoloader->loadClassmap('App\\Controllers\\LoginController')
 3 SYSTEMPATH\CodeIgniter.php(900): class_exists('\\App\\Controllers\\LoginController', true)
 4 SYSTEMPATH\CodeIgniter.php(489): CodeIgniter\CodeIgniter->startController()
 5 SYSTEMPATH\CodeIgniter.php(361): CodeIgniter\CodeIgniter->handleRequest(null, Object(Config\Cache), false)
 6 FCPATH\index.php(79): CodeIgniter\CodeIgniter->run()
INFO - 2024-07-03 10:41:04 --> Session: Class initialized using 'CodeIgniter\Session\Handlers\FileHandler' driver.
CRITICAL - 2024-07-03 10:41:04 --> syntax error, unexpected variable "$email"
in APPPATH\Controllers\LoginController.php on line 27.
 1 SYSTEMPATH\Autoloader\Autoloader.php(256): CodeIgniter\Autoloader\Autoloader->includeFile('C:\\xampp\\htdocs\\login_php\\vendor\\composer/../../app/Controllers/LoginController.php')
 2 [internal function]: CodeIgniter\Autoloader\Autoloader->loadClassmap('App\\Controllers\\LoginController')
 3 SYSTEMPATH\CodeIgniter.php(900): class_exists('\\App\\Controllers\\LoginController', true)
 4 SYSTEMPATH\CodeIgniter.php(489): CodeIgniter\CodeIgniter->startController()
 5 SYSTEMPATH\CodeIgniter.php(361): CodeIgniter\CodeIgniter->handleRequest(null, Object(Config\Cache), false)
 6 FCPATH\index.php(79): CodeIgniter\CodeIgniter->run()
INFO - 2024-07-03 10:41:07 --> Session: Class initialized using 'CodeIgniter\Session\Handlers\FileHandler' driver.
CRITICAL - 2024-07-03 10:41:07 --> syntax error, unexpected variable "$email"
in APPPATH\Controllers\LoginController.php on line 27.
 1 SYSTEMPATH\Autoloader\Autoloader.php(256): CodeIgniter\Autoloader\Autoloader->includeFile('C:\\xampp\\htdocs\\login_php\\vendor\\composer/../../app/Controllers/LoginController.php')
 2 [internal function]: CodeIgniter\Autoloader\Autoloader->loadClassmap('App\\Controllers\\LoginController')
 3 SYSTEMPATH\CodeIgniter.php(900): class_exists('\\App\\Controllers\\LoginController', true)
 4 SYSTEMPATH\CodeIgniter.php(489): CodeIgniter\CodeIgniter->startController()
 5 SYSTEMPATH\CodeIgniter.php(361): CodeIgniter\CodeIgniter->handleRequest(null, Object(Config\Cache), false)
 6 FCPATH\index.php(79): CodeIgniter\CodeIgniter->run()
INFO - 2024-07-03 10:41:11 --> Session: Class initialized using 'CodeIgniter\Session\Handlers\FileHandler' driver.
CRITICAL - 2024-07-03 10:41:11 --> syntax error, unexpected variable "$email"
in APPPATH\Controllers\LoginController.php on line 27.
 1 SYSTEMPATH\Autoloader\Autoloader.php(256): CodeIgniter\Autoloader\Autoloader->includeFile('C:\\xampp\\htdocs\\login_php\\vendor\\composer/../../app/Controllers/LoginController.php')
 2 [internal function]: CodeIgniter\Autoloader\Autoloader->loadClassmap('App\\Controllers\\LoginController')
 3 SYSTEMPATH\CodeIgniter.php(900): class_exists('\\App\\Controllers\\LoginController', true)
 4 SYSTEMPATH\CodeIgniter.php(489): CodeIgniter\CodeIgniter->startController()
 5 SYSTEMPATH\CodeIgniter.php(361): CodeIgniter\CodeIgniter->handleRequest(null, Object(Config\Cache), false)
 6 FCPATH\index.php(79): CodeIgniter\CodeIgniter->run()
INFO - 2024-07-03 10:41:11 --> Session: Class initialized using 'CodeIgniter\Session\Handlers\FileHandler' driver.
CRITICAL - 2024-07-03 10:41:11 --> syntax error, unexpected variable "$email"
in APPPATH\Controllers\LoginController.php on line 27.
 1 SYSTEMPATH\Autoloader\Autoloader.php(256): CodeIgniter\Autoloader\Autoloader->includeFile('C:\\xampp\\htdocs\\login_php\\vendor\\composer/../../app/Controllers/LoginController.php')
 2 [internal function]: CodeIgniter\Autoloader\Autoloader->loadClassmap('App\\Controllers\\LoginController')
 3 SYSTEMPATH\CodeIgniter.php(900): class_exists('\\App\\Controllers\\LoginController', true)
 4 SYSTEMPATH\CodeIgniter.php(489): CodeIgniter\CodeIgniter->startController()
 5 SYSTEMPATH\CodeIgniter.php(361): CodeIgniter\CodeIgniter->handleRequest(null, Object(Config\Cache), false)
 6 FCPATH\index.php(79): CodeIgniter\CodeIgniter->run()
INFO - 2024-07-03 10:41:43 --> Session: Class initialized using 'CodeIgniter\Session\Handlers\FileHandler' driver.
CRITICAL - 2024-07-03 10:41:43 --> syntax error, unexpected variable "$email"
in APPPATH\Controllers\LoginController.php on line 27.
 1 SYSTEMPATH\Autoloader\Autoloader.php(256): CodeIgniter\Autoloader\Autoloader->includeFile('C:\\xampp\\htdocs\\login_php\\vendor\\composer/../../app/Controllers/LoginController.php')
 2 [internal function]: CodeIgniter\Autoloader\Autoloader->loadClassmap('App\\Controllers\\LoginController')
 3 SYSTEMPATH\CodeIgniter.php(900): class_exists('\\App\\Controllers\\LoginController', true)
 4 SYSTEMPATH\CodeIgniter.php(489): CodeIgniter\CodeIgniter->startController()
 5 SYSTEMPATH\CodeIgniter.php(361): CodeIgniter\CodeIgniter->handleRequest(null, Object(Config\Cache), false)
 6 FCPATH\index.php(79): CodeIgniter\CodeIgniter->run()
INFO - 2024-07-03 10:41:45 --> Session: Class initialized using 'CodeIgniter\Session\Handlers\FileHandler' driver.
CRITICAL - 2024-07-03 10:41:45 --> syntax error, unexpected variable "$email"
in APPPATH\Controllers\LoginController.php on line 27.
 1 SYSTEMPATH\Autoloader\Autoloader.php(256): CodeIgniter\Autoloader\Autoloader->includeFile('C:\\xampp\\htdocs\\login_php\\vendor\\composer/../../app/Controllers/LoginController.php')
 2 [internal function]: CodeIgniter\Autoloader\Autoloader->loadClassmap('App\\Controllers\\LoginController')
 3 SYSTEMPATH\CodeIgniter.php(900): class_exists('\\App\\Controllers\\LoginController', true)
 4 SYSTEMPATH\CodeIgniter.php(489): CodeIgniter\CodeIgniter->startController()
 5 SYSTEMPATH\CodeIgniter.php(361): CodeIgniter\CodeIgniter->handleRequest(null, Object(Config\Cache), false)
 6 FCPATH\index.php(79): CodeIgniter\CodeIgniter->run()
INFO - 2024-07-03 10:43:09 --> Session: Class initialized using 'CodeIgniter\Session\Handlers\FileHandler' driver.
CRITICAL - 2024-07-03 10:43:09 --> syntax error, unexpected variable "$email"
in APPPATH\Controllers\LoginController.php on line 27.
 1 SYSTEMPATH\Autoloader\Autoloader.php(256): CodeIgniter\Autoloader\Autoloader->includeFile('C:\\xampp\\htdocs\\login_php\\vendor\\composer/../../app/Controllers/LoginController.php')
 2 [internal function]: CodeIgniter\Autoloader\Autoloader->loadClassmap('App\\Controllers\\LoginController')
 3 SYSTEMPATH\CodeIgniter.php(900): class_exists('\\App\\Controllers\\LoginController', true)
 4 SYSTEMPATH\CodeIgniter.php(489): CodeIgniter\CodeIgniter->startController()
 5 SYSTEMPATH\CodeIgniter.php(361): CodeIgniter\CodeIgniter->handleRequest(null, Object(Config\Cache), false)
 6 FCPATH\index.php(79): CodeIgniter\CodeIgniter->run()
INFO - 2024-07-03 10:43:10 --> Session: Class initialized using 'CodeIgniter\Session\Handlers\FileHandler' driver.
CRITICAL - 2024-07-03 10:43:10 --> syntax error, unexpected variable "$email"
in APPPATH\Controllers\LoginController.php on line 27.
 1 SYSTEMPATH\Autoloader\Autoloader.php(256): CodeIgniter\Autoloader\Autoloader->includeFile('C:\\xampp\\htdocs\\login_php\\vendor\\composer/../../app/Controllers/LoginController.php')
 2 [internal function]: CodeIgniter\Autoloader\Autoloader->loadClassmap('App\\Controllers\\LoginController')
 3 SYSTEMPATH\CodeIgniter.php(900): class_exists('\\App\\Controllers\\LoginController', true)
 4 SYSTEMPATH\CodeIgniter.php(489): CodeIgniter\CodeIgniter->startController()
 5 SYSTEMPATH\CodeIgniter.php(361): CodeIgniter\CodeIgniter->handleRequest(null, Object(Config\Cache), false)
 6 FCPATH\index.php(79): CodeIgniter\CodeIgniter->run()
INFO - 2024-07-03 10:45:00 --> Session: Class initialized using 'CodeIgniter\Session\Handlers\FileHandler' driver.
CRITICAL - 2024-07-03 10:45:00 --> syntax error, unexpected variable "$email"
in APPPATH\Controllers\LoginController.php on line 27.
 1 SYSTEMPATH\Autoloader\Autoloader.php(256): CodeIgniter\Autoloader\Autoloader->includeFile('C:\\xampp\\htdocs\\login_php\\vendor\\composer/../../app/Controllers/LoginController.php')
 2 [internal function]: CodeIgniter\Autoloader\Autoloader->loadClassmap('App\\Controllers\\LoginController')
 3 SYSTEMPATH\CodeIgniter.php(900): class_exists('\\App\\Controllers\\LoginController', true)
 4 SYSTEMPATH\CodeIgniter.php(489): CodeIgniter\CodeIgniter->startController()
 5 SYSTEMPATH\CodeIgniter.php(361): CodeIgniter\CodeIgniter->handleRequest(null, Object(Config\Cache), false)
 6 FCPATH\index.php(79): CodeIgniter\CodeIgniter->run()
INFO - 2024-07-03 10:45:01 --> Session: Class initialized using 'CodeIgniter\Session\Handlers\FileHandler' driver.
CRITICAL - 2024-07-03 10:45:01 --> syntax error, unexpected variable "$email"
in APPPATH\Controllers\LoginController.php on line 27.
 1 SYSTEMPATH\Autoloader\Autoloader.php(256): CodeIgniter\Autoloader\Autoloader->includeFile('C:\\xampp\\htdocs\\login_php\\vendor\\composer/../../app/Controllers/LoginController.php')
 2 [internal function]: CodeIgniter\Autoloader\Autoloader->loadClassmap('App\\Controllers\\LoginController')
 3 SYSTEMPATH\CodeIgniter.php(900): class_exists('\\App\\Controllers\\LoginController', true)
 4 SYSTEMPATH\CodeIgniter.php(489): CodeIgniter\CodeIgniter->startController()
 5 SYSTEMPATH\CodeIgniter.php(361): CodeIgniter\CodeIgniter->handleRequest(null, Object(Config\Cache), false)
 6 FCPATH\index.php(79): CodeIgniter\CodeIgniter->run()
INFO - 2024-07-03 10:46:12 --> Session: Class initialized using 'CodeIgniter\Session\Handlers\FileHandler' driver.
CRITICAL - 2024-07-03 10:46:12 --> syntax error, unexpected variable "$email"
in APPPATH\Controllers\LoginController.php on line 27.
 1 SYSTEMPATH\Autoloader\Autoloader.php(256): CodeIgniter\Autoloader\Autoloader->includeFile('C:\\xampp\\htdocs\\login_php\\vendor\\composer/../../app/Controllers/LoginController.php')
 2 [internal function]: CodeIgniter\Autoloader\Autoloader->loadClassmap('App\\Controllers\\LoginController')
 3 SYSTEMPATH\CodeIgniter.php(900): class_exists('\\App\\Controllers\\LoginController', true)
 4 SYSTEMPATH\CodeIgniter.php(489): CodeIgniter\CodeIgniter->startController()
 5 SYSTEMPATH\CodeIgniter.php(361): CodeIgniter\CodeIgniter->handleRequest(null, Object(Config\Cache), false)
 6 FCPATH\index.php(79): CodeIgniter\CodeIgniter->run()
INFO - 2024-07-03 10:48:16 --> Session: Class initialized using 'CodeIgniter\Session\Handlers\FileHandler' driver.
CRITICAL - 2024-07-03 10:48:16 --> syntax error, unexpected variable "$email"
in APPPATH\Controllers\LoginController.php on line 27.
 1 SYSTEMPATH\Autoloader\Autoloader.php(256): CodeIgniter\Autoloader\Autoloader->includeFile('C:\\xampp\\htdocs\\login_php\\vendor\\composer/../../app/Controllers/LoginController.php')
 2 [internal function]: CodeIgniter\Autoloader\Autoloader->loadClassmap('App\\Controllers\\LoginController')
 3 SYSTEMPATH\CodeIgniter.php(900): class_exists('\\App\\Controllers\\LoginController', true)
 4 SYSTEMPATH\CodeIgniter.php(489): CodeIgniter\CodeIgniter->startController()
 5 SYSTEMPATH\CodeIgniter.php(361): CodeIgniter\CodeIgniter->handleRequest(null, Object(Config\Cache), false)
 6 FCPATH\index.php(79): CodeIgniter\CodeIgniter->run()
INFO - 2024-07-03 10:48:17 --> Session: Class initialized using 'CodeIgniter\Session\Handlers\FileHandler' driver.
CRITICAL - 2024-07-03 10:48:17 --> syntax error, unexpected variable "$email"
in APPPATH\Controllers\LoginController.php on line 27.
 1 SYSTEMPATH\Autoloader\Autoloader.php(256): CodeIgniter\Autoloader\Autoloader->includeFile('C:\\xampp\\htdocs\\login_php\\vendor\\composer/../../app/Controllers/LoginController.php')
 2 [internal function]: CodeIgniter\Autoloader\Autoloader->loadClassmap('App\\Controllers\\LoginController')
 3 SYSTEMPATH\CodeIgniter.php(900): class_exists('\\App\\Controllers\\LoginController', true)
 4 SYSTEMPATH\CodeIgniter.php(489): CodeIgniter\CodeIgniter->startController()
 5 SYSTEMPATH\CodeIgniter.php(361): CodeIgniter\CodeIgniter->handleRequest(null, Object(Config\Cache), false)
 6 FCPATH\index.php(79): CodeIgniter\CodeIgniter->run()
INFO - 2024-07-03 10:48:18 --> Session: Class initialized using 'CodeIgniter\Session\Handlers\FileHandler' driver.
CRITICAL - 2024-07-03 10:48:18 --> syntax error, unexpected variable "$email"
in APPPATH\Controllers\LoginController.php on line 27.
 1 SYSTEMPATH\Autoloader\Autoloader.php(256): CodeIgniter\Autoloader\Autoloader->includeFile('C:\\xampp\\htdocs\\login_php\\vendor\\composer/../../app/Controllers/LoginController.php')
 2 [internal function]: CodeIgniter\Autoloader\Autoloader->loadClassmap('App\\Controllers\\LoginController')
 3 SYSTEMPATH\CodeIgniter.php(900): class_exists('\\App\\Controllers\\LoginController', true)
 4 SYSTEMPATH\CodeIgniter.php(489): CodeIgniter\CodeIgniter->startController()
 5 SYSTEMPATH\CodeIgniter.php(361): CodeIgniter\CodeIgniter->handleRequest(null, Object(Config\Cache), false)
 6 FCPATH\index.php(79): CodeIgniter\CodeIgniter->run()
INFO - 2024-07-03 11:03:16 --> Session: Class initialized using 'CodeIgniter\Session\Handlers\FileHandler' driver.
CRITICAL - 2024-07-03 11:03:16 --> syntax error, unexpected variable "$email"
in APPPATH\Controllers\LoginController.php on line 27.
 1 SYSTEMPATH\Autoloader\Autoloader.php(256): CodeIgniter\Autoloader\Autoloader->includeFile('C:\\xampp\\htdocs\\login_php\\vendor\\composer/../../app/Controllers/LoginController.php')
 2 [internal function]: CodeIgniter\Autoloader\Autoloader->loadClassmap('App\\Controllers\\LoginController')
 3 SYSTEMPATH\CodeIgniter.php(900): class_exists('\\App\\Controllers\\LoginController', true)
 4 SYSTEMPATH\CodeIgniter.php(489): CodeIgniter\CodeIgniter->startController()
 5 SYSTEMPATH\CodeIgniter.php(361): CodeIgniter\CodeIgniter->handleRequest(null, Object(Config\Cache), false)
 6 FCPATH\index.php(79): CodeIgniter\CodeIgniter->run()
INFO - 2024-07-03 11:03:19 --> Session: Class initialized using 'CodeIgniter\Session\Handlers\FileHandler' driver.
CRITICAL - 2024-07-03 11:03:19 --> syntax error, unexpected variable "$email"
in APPPATH\Controllers\LoginController.php on line 27.
 1 SYSTEMPATH\Autoloader\Autoloader.php(256): CodeIgniter\Autoloader\Autoloader->includeFile('C:\\xampp\\htdocs\\login_php\\vendor\\composer/../../app/Controllers/LoginController.php')
 2 [internal function]: CodeIgniter\Autoloader\Autoloader->loadClassmap('App\\Controllers\\LoginController')
 3 SYSTEMPATH\CodeIgniter.php(900): class_exists('\\App\\Controllers\\LoginController', true)
 4 SYSTEMPATH\CodeIgniter.php(489): CodeIgniter\CodeIgniter->startController()
 5 SYSTEMPATH\CodeIgniter.php(361): CodeIgniter\CodeIgniter->handleRequest(null, Object(Config\Cache), false)
 6 FCPATH\index.php(79): CodeIgniter\CodeIgniter->run()
INFO - 2024-07-03 11:03:24 --> Session: Class initialized using 'CodeIgniter\Session\Handlers\FileHandler' driver.
CRITICAL - 2024-07-03 11:03:24 --> syntax error, unexpected variable "$email"
in APPPATH\Controllers\LoginController.php on line 27.
 1 SYSTEMPATH\Autoloader\Autoloader.php(256): CodeIgniter\Autoloader\Autoloader->includeFile('C:\\xampp\\htdocs\\login_php\\vendor\\composer/../../app/Controllers/LoginController.php')
 2 [internal function]: CodeIgniter\Autoloader\Autoloader->loadClassmap('App\\Controllers\\LoginController')
 3 SYSTEMPATH\CodeIgniter.php(900): class_exists('\\App\\Controllers\\LoginController', true)
 4 SYSTEMPATH\CodeIgniter.php(489): CodeIgniter\CodeIgniter->startController()
 5 SYSTEMPATH\CodeIgniter.php(361): CodeIgniter\CodeIgniter->handleRequest(null, Object(Config\Cache), false)
 6 FCPATH\index.php(79): CodeIgniter\CodeIgniter->run()
INFO - 2024-07-03 11:03:25 --> Session: Class initialized using 'CodeIgniter\Session\Handlers\FileHandler' driver.
CRITICAL - 2024-07-03 11:03:25 --> syntax error, unexpected variable "$email"
in APPPATH\Controllers\LoginController.php on line 27.
 1 SYSTEMPATH\Autoloader\Autoloader.php(256): CodeIgniter\Autoloader\Autoloader->includeFile('C:\\xampp\\htdocs\\login_php\\vendor\\composer/../../app/Controllers/LoginController.php')
 2 [internal function]: CodeIgniter\Autoloader\Autoloader->loadClassmap('App\\Controllers\\LoginController')
 3 SYSTEMPATH\CodeIgniter.php(900): class_exists('\\App\\Controllers\\LoginController', true)
 4 SYSTEMPATH\CodeIgniter.php(489): CodeIgniter\CodeIgniter->startController()
 5 SYSTEMPATH\CodeIgniter.php(361): CodeIgniter\CodeIgniter->handleRequest(null, Object(Config\Cache), false)
 6 FCPATH\index.php(79): CodeIgniter\CodeIgniter->run()
INFO - 2024-07-03 11:04:31 --> Session: Class initialized using 'CodeIgniter\Session\Handlers\FileHandler' driver.
CRITICAL - 2024-07-03 11:04:31 --> syntax error, unexpected variable "$email"
in APPPATH\Controllers\LoginController.php on line 27.
 1 SYSTEMPATH\Autoloader\Autoloader.php(256): CodeIgniter\Autoloader\Autoloader->includeFile('C:\\xampp\\htdocs\\login_php\\vendor\\composer/../../app/Controllers/LoginController.php')
 2 [internal function]: CodeIgniter\Autoloader\Autoloader->loadClassmap('App\\Controllers\\LoginController')
 3 SYSTEMPATH\CodeIgniter.php(900): class_exists('\\App\\Controllers\\LoginController', true)
 4 SYSTEMPATH\CodeIgniter.php(489): CodeIgniter\CodeIgniter->startController()
 5 SYSTEMPATH\CodeIgniter.php(361): CodeIgniter\CodeIgniter->handleRequest(null, Object(Config\Cache), false)
 6 FCPATH\index.php(79): CodeIgniter\CodeIgniter->run()
INFO - 2024-07-03 11:04:32 --> Session: Class initialized using 'CodeIgniter\Session\Handlers\FileHandler' driver.
CRITICAL - 2024-07-03 11:04:32 --> syntax error, unexpected variable "$email"
in APPPATH\Controllers\LoginController.php on line 27.
 1 SYSTEMPATH\Autoloader\Autoloader.php(256): CodeIgniter\Autoloader\Autoloader->includeFile('C:\\xampp\\htdocs\\login_php\\vendor\\composer/../../app/Controllers/LoginController.php')
 2 [internal function]: CodeIgniter\Autoloader\Autoloader->loadClassmap('App\\Controllers\\LoginController')
 3 SYSTEMPATH\CodeIgniter.php(900): class_exists('\\App\\Controllers\\LoginController', true)
 4 SYSTEMPATH\CodeIgniter.php(489): CodeIgniter\CodeIgniter->startController()
 5 SYSTEMPATH\CodeIgniter.php(361): CodeIgniter\CodeIgniter->handleRequest(null, Object(Config\Cache), false)
 6 FCPATH\index.php(79): CodeIgniter\CodeIgniter->run()
INFO - 2024-07-03 11:04:35 --> Session: Class initialized using 'CodeIgniter\Session\Handlers\FileHandler' driver.
CRITICAL - 2024-07-03 11:04:35 --> syntax error, unexpected variable "$email"
in APPPATH\Controllers\LoginController.php on line 27.
 1 SYSTEMPATH\Autoloader\Autoloader.php(256): CodeIgniter\Autoloader\Autoloader->includeFile('C:\\xampp\\htdocs\\login_php\\vendor\\composer/../../app/Controllers/LoginController.php')
 2 [internal function]: CodeIgniter\Autoloader\Autoloader->loadClassmap('App\\Controllers\\LoginController')
 3 SYSTEMPATH\CodeIgniter.php(900): class_exists('\\App\\Controllers\\LoginController', true)
 4 SYSTEMPATH\CodeIgniter.php(489): CodeIgniter\CodeIgniter->startController()
 5 SYSTEMPATH\CodeIgniter.php(361): CodeIgniter\CodeIgniter->handleRequest(null, Object(Config\Cache), false)
 6 FCPATH\index.php(79): CodeIgniter\CodeIgniter->run()
INFO - 2024-07-03 11:06:31 --> Session: Class initialized using 'CodeIgniter\Session\Handlers\FileHandler' driver.
CRITICAL - 2024-07-03 11:06:31 --> syntax error, unexpected variable "$email"
in APPPATH\Controllers\LoginController.php on line 27.
 1 SYSTEMPATH\Autoloader\Autoloader.php(256): CodeIgniter\Autoloader\Autoloader->includeFile('C:\\xampp\\htdocs\\login_php\\vendor\\composer/../../app/Controllers/LoginController.php')
 2 [internal function]: CodeIgniter\Autoloader\Autoloader->loadClassmap('App\\Controllers\\LoginController')
 3 SYSTEMPATH\CodeIgniter.php(900): class_exists('\\App\\Controllers\\LoginController', true)
 4 SYSTEMPATH\CodeIgniter.php(489): CodeIgniter\CodeIgniter->startController()
 5 SYSTEMPATH\CodeIgniter.php(361): CodeIgniter\CodeIgniter->handleRequest(null, Object(Config\Cache), false)
 6 FCPATH\index.php(79): CodeIgniter\CodeIgniter->run()
INFO - 2024-07-03 11:07:39 --> Session: Class initialized using 'CodeIgniter\Session\Handlers\FileHandler' driver.
CRITICAL - 2024-07-03 11:07:39 --> syntax error, unexpected variable "$email"
in APPPATH\Controllers\LoginController.php on line 27.
 1 SYSTEMPATH\Autoloader\Autoloader.php(256): CodeIgniter\Autoloader\Autoloader->includeFile('C:\\xampp\\htdocs\\login_php\\vendor\\composer/../../app/Controllers/LoginController.php')
 2 [internal function]: CodeIgniter\Autoloader\Autoloader->loadClassmap('App\\Controllers\\LoginController')
 3 SYSTEMPATH\CodeIgniter.php(900): class_exists('\\App\\Controllers\\LoginController', true)
 4 SYSTEMPATH\CodeIgniter.php(489): CodeIgniter\CodeIgniter->startController()
 5 SYSTEMPATH\CodeIgniter.php(361): CodeIgniter\CodeIgniter->handleRequest(null, Object(Config\Cache), false)
 6 FCPATH\index.php(79): CodeIgniter\CodeIgniter->run()
INFO - 2024-07-03 11:07:40 --> Session: Class initialized using 'CodeIgniter\Session\Handlers\FileHandler' driver.
CRITICAL - 2024-07-03 11:07:40 --> syntax error, unexpected variable "$email"
in APPPATH\Controllers\LoginController.php on line 27.
 1 SYSTEMPATH\Autoloader\Autoloader.php(256): CodeIgniter\Autoloader\Autoloader->includeFile('C:\\xampp\\htdocs\\login_php\\vendor\\composer/../../app/Controllers/LoginController.php')
 2 [internal function]: CodeIgniter\Autoloader\Autoloader->loadClassmap('App\\Controllers\\LoginController')
 3 SYSTEMPATH\CodeIgniter.php(900): class_exists('\\App\\Controllers\\LoginController', true)
 4 SYSTEMPATH\CodeIgniter.php(489): CodeIgniter\CodeIgniter->startController()
 5 SYSTEMPATH\CodeIgniter.php(361): CodeIgniter\CodeIgniter->handleRequest(null, Object(Config\Cache), false)
 6 FCPATH\index.php(79): CodeIgniter\CodeIgniter->run()
INFO - 2024-07-03 11:07:41 --> Session: Class initialized using 'CodeIgniter\Session\Handlers\FileHandler' driver.
CRITICAL - 2024-07-03 11:07:41 --> syntax error, unexpected variable "$email"
in APPPATH\Controllers\LoginController.php on line 27.
 1 SYSTEMPATH\Autoloader\Autoloader.php(256): CodeIgniter\Autoloader\Autoloader->includeFile('C:\\xampp\\htdocs\\login_php\\vendor\\composer/../../app/Controllers/LoginController.php')
 2 [internal function]: CodeIgniter\Autoloader\Autoloader->loadClassmap('App\\Controllers\\LoginController')
 3 SYSTEMPATH\CodeIgniter.php(900): class_exists('\\App\\Controllers\\LoginController', true)
 4 SYSTEMPATH\CodeIgniter.php(489): CodeIgniter\CodeIgniter->startController()
 5 SYSTEMPATH\CodeIgniter.php(361): CodeIgniter\CodeIgniter->handleRequest(null, Object(Config\Cache), false)
 6 FCPATH\index.php(79): CodeIgniter\CodeIgniter->run()
INFO - 2024-07-03 11:08:16 --> Session: Class initialized using 'CodeIgniter\Session\Handlers\FileHandler' driver.
CRITICAL - 2024-07-03 11:08:16 --> syntax error, unexpected variable "$email"
in APPPATH\Controllers\LoginController.php on line 27.
 1 SYSTEMPATH\Autoloader\Autoloader.php(256): CodeIgniter\Autoloader\Autoloader->includeFile('C:\\xampp\\htdocs\\login_php\\vendor\\composer/../../app/Controllers/LoginController.php')
 2 [internal function]: CodeIgniter\Autoloader\Autoloader->loadClassmap('App\\Controllers\\LoginController')
 3 SYSTEMPATH\CodeIgniter.php(900): class_exists('\\App\\Controllers\\LoginController', true)
 4 SYSTEMPATH\CodeIgniter.php(489): CodeIgniter\CodeIgniter->startController()
 5 SYSTEMPATH\CodeIgniter.php(361): CodeIgniter\CodeIgniter->handleRequest(null, Object(Config\Cache), false)
 6 FCPATH\index.php(79): CodeIgniter\CodeIgniter->run()
INFO - 2024-07-03 11:10:20 --> Session: Class initialized using 'CodeIgniter\Session\Handlers\FileHandler' driver.
CRITICAL - 2024-07-03 11:10:20 --> syntax error, unexpected variable "$Password"
in APPPATH\Controllers\LoginController.php on line 28.
 1 SYSTEMPATH\Autoloader\Autoloader.php(256): CodeIgniter\Autoloader\Autoloader->includeFile('C:\\xampp\\htdocs\\login_php\\vendor\\composer/../../app/Controllers/LoginController.php')
 2 [internal function]: CodeIgniter\Autoloader\Autoloader->loadClassmap('App\\Controllers\\LoginController')
 3 SYSTEMPATH\CodeIgniter.php(900): class_exists('\\App\\Controllers\\LoginController', true)
 4 SYSTEMPATH\CodeIgniter.php(489): CodeIgniter\CodeIgniter->startController()
 5 SYSTEMPATH\CodeIgniter.php(361): CodeIgniter\CodeIgniter->handleRequest(null, Object(Config\Cache), false)
 6 FCPATH\index.php(79): CodeIgniter\CodeIgniter->run()
INFO - 2024-07-03 11:12:08 --> Session: Class initialized using 'CodeIgniter\Session\Handlers\FileHandler' driver.
CRITICAL - 2024-07-03 11:12:08 --> syntax error, unexpected variable "$Password"
in APPPATH\Controllers\LoginController.php on line 28.
 1 SYSTEMPATH\Autoloader\Autoloader.php(256): CodeIgniter\Autoloader\Autoloader->includeFile('C:\\xampp\\htdocs\\login_php\\vendor\\composer/../../app/Controllers/LoginController.php')
 2 [internal function]: CodeIgniter\Autoloader\Autoloader->loadClassmap('App\\Controllers\\LoginController')
 3 SYSTEMPATH\CodeIgniter.php(900): class_exists('\\App\\Controllers\\LoginController', true)
 4 SYSTEMPATH\CodeIgniter.php(489): CodeIgniter\CodeIgniter->startController()
 5 SYSTEMPATH\CodeIgniter.php(361): CodeIgniter\CodeIgniter->handleRequest(null, Object(Config\Cache), false)
 6 FCPATH\index.php(79): CodeIgniter\CodeIgniter->run()
