INFO - 2024-02-09 09:35:03 --> Session: Class initialized using 'CodeIgniter\Session\Handlers\FileHandler' driver.
INFO - 2024-02-09 09:35:21 --> Session: Class initialized using 'CodeIgniter\Session\Handlers\FileHandler' driver.
INFO - 2024-02-09 09:35:22 --> Session: Class initialized using 'CodeIgniter\Session\Handlers\FileHandler' driver.
INFO - 2024-02-09 10:19:57 --> Session: Class initialized using 'CodeIgniter\Session\Handlers\FileHandler' driver.
INFO - 2024-02-09 10:25:10 --> Session: Class initialized using 'CodeIgniter\Session\Handlers\FileHandler' driver.
INFO - 2024-02-09 10:25:47 --> Session: Class initialized using 'CodeIgniter\Session\Handlers\FileHandler' driver.
INFO - 2024-02-09 10:26:34 --> Session: Class initialized using 'CodeIgniter\Session\Handlers\FileHandler' driver.
INFO - 2024-02-09 10:27:04 --> Session: Class initialized using 'CodeIgniter\Session\Handlers\FileHandler' driver.
INFO - 2024-02-09 10:40:27 --> Session: Class initialized using 'CodeIgniter\Session\Handlers\FileHandler' driver.
INFO - 2024-02-09 10:41:55 --> Session: Class initialized using 'CodeIgniter\Session\Handlers\FileHandler' driver.
INFO - 2024-02-09 10:58:00 --> Session: Class initialized using 'CodeIgniter\Session\Handlers\FileHandler' driver.
INFO - 2024-02-09 10:58:06 --> Session: Class initialized using 'CodeIgniter\Session\Handlers\FileHandler' driver.
CRITICAL - 2024-02-09 10:58:06 --> Undefined variable $doctors
in APPPATH\Views\dashboard.php on line 427.
 1 APPPATH\Views\dashboard.php(427): CodeIgniter\Debug\Exceptions->errorHandler(2, 'Undefined variable $doctors', 'C:\\xampp\\htdocs\\HMS_RegexByte\\app\\Views\\dashboard.php', 427)
 2 SYSTEMPATH\View\View.php(228): include('C:\\xampp\\htdocs\\HMS_RegexByte\\app\\Views\\dashboard.php')
 3 SYSTEMPATH\View\View.php(231): CodeIgniter\View\View->CodeIgniter\View\{closure}()
 4 SYSTEMPATH\Common.php(1190): CodeIgniter\View\View->render('dashboard.php', [], true)
 5 APPPATH\Controllers\LoginController.php(35): view('dashboard.php', [...])
 6 SYSTEMPATH\CodeIgniter.php(942): App\Controllers\LoginController->dashboard()
 7 SYSTEMPATH\CodeIgniter.php(502): CodeIgniter\CodeIgniter->runController(Object(App\Controllers\LoginController))
 8 SYSTEMPATH\CodeIgniter.php(361): CodeIgniter\CodeIgniter->handleRequest(null, Object(Config\Cache), false)
 9 FCPATH\index.php(79): CodeIgniter\CodeIgniter->run()
INFO - 2024-02-09 11:00:54 --> Session: Class initialized using 'CodeIgniter\Session\Handlers\FileHandler' driver.
INFO - 2024-02-09 11:02:51 --> Session: Class initialized using 'CodeIgniter\Session\Handlers\FileHandler' driver.
INFO - 2024-02-09 11:13:57 --> Session: Class initialized using 'CodeIgniter\Session\Handlers\FileHandler' driver.
CRITICAL - 2024-02-09 11:13:57 --> Undefined variable $doctorDetails
in APPPATH\Views\dashboard.php on line 427.
 1 APPPATH\Views\dashboard.php(427): CodeIgniter\Debug\Exceptions->errorHandler(2, 'Undefined variable $doctorDetails', 'C:\\xampp\\htdocs\\HMS_RegexByte\\app\\Views\\dashboard.php', 427)
 2 SYSTEMPATH\View\View.php(228): include('C:\\xampp\\htdocs\\HMS_RegexByte\\app\\Views\\dashboard.php')
 3 SYSTEMPATH\View\View.php(231): CodeIgniter\View\View->CodeIgniter\View\{closure}()
 4 SYSTEMPATH\Common.php(1190): CodeIgniter\View\View->render('dashboard.php', [], true)
 5 APPPATH\Controllers\LoginController.php(35): view('dashboard.php', [...])
 6 SYSTEMPATH\CodeIgniter.php(942): App\Controllers\LoginController->dashboard()
 7 SYSTEMPATH\CodeIgniter.php(502): CodeIgniter\CodeIgniter->runController(Object(App\Controllers\LoginController))
 8 SYSTEMPATH\CodeIgniter.php(361): CodeIgniter\CodeIgniter->handleRequest(null, Object(Config\Cache), false)
 9 FCPATH\index.php(79): CodeIgniter\CodeIgniter->run()
INFO - 2024-02-09 11:14:10 --> Session: Class initialized using 'CodeIgniter\Session\Handlers\FileHandler' driver.
CRITICAL - 2024-02-09 11:14:10 --> Undefined variable $doctorDetails
in APPPATH\Views\dashboard.php on line 427.
 1 APPPATH\Views\dashboard.php(427): CodeIgniter\Debug\Exceptions->errorHandler(2, 'Undefined variable $doctorDetails', 'C:\\xampp\\htdocs\\HMS_RegexByte\\app\\Views\\dashboard.php', 427)
 2 SYSTEMPATH\View\View.php(228): include('C:\\xampp\\htdocs\\HMS_RegexByte\\app\\Views\\dashboard.php')
 3 SYSTEMPATH\View\View.php(231): CodeIgniter\View\View->CodeIgniter\View\{closure}()
 4 SYSTEMPATH\Common.php(1190): CodeIgniter\View\View->render('dashboard.php', [], true)
 5 APPPATH\Controllers\LoginController.php(35): view('dashboard.php', [...])
 6 SYSTEMPATH\CodeIgniter.php(942): App\Controllers\LoginController->dashboard()
 7 SYSTEMPATH\CodeIgniter.php(502): CodeIgniter\CodeIgniter->runController(Object(App\Controllers\LoginController))
 8 SYSTEMPATH\CodeIgniter.php(361): CodeIgniter\CodeIgniter->handleRequest(null, Object(Config\Cache), false)
 9 FCPATH\index.php(79): CodeIgniter\CodeIgniter->run()
INFO - 2024-02-09 11:15:47 --> Session: Class initialized using 'CodeIgniter\Session\Handlers\FileHandler' driver.
CRITICAL - 2024-02-09 11:15:47 --> Undefined variable $doctorDetails
in APPPATH\Views\dashboard.php on line 427.
 1 APPPATH\Views\dashboard.php(427): CodeIgniter\Debug\Exceptions->errorHandler(2, 'Undefined variable $doctorDetails', 'C:\\xampp\\htdocs\\HMS_RegexByte\\app\\Views\\dashboard.php', 427)
 2 SYSTEMPATH\View\View.php(228): include('C:\\xampp\\htdocs\\HMS_RegexByte\\app\\Views\\dashboard.php')
 3 SYSTEMPATH\View\View.php(231): CodeIgniter\View\View->CodeIgniter\View\{closure}()
 4 SYSTEMPATH\Common.php(1190): CodeIgniter\View\View->render('dashboard.php', [], true)
 5 APPPATH\Controllers\LoginController.php(35): view('dashboard.php', [...])
 6 SYSTEMPATH\CodeIgniter.php(942): App\Controllers\LoginController->dashboard()
 7 SYSTEMPATH\CodeIgniter.php(502): CodeIgniter\CodeIgniter->runController(Object(App\Controllers\LoginController))
 8 SYSTEMPATH\CodeIgniter.php(361): CodeIgniter\CodeIgniter->handleRequest(null, Object(Config\Cache), false)
 9 FCPATH\index.php(79): CodeIgniter\CodeIgniter->run()
INFO - 2024-02-09 11:18:00 --> Session: Class initialized using 'CodeIgniter\Session\Handlers\FileHandler' driver.
CRITICAL - 2024-02-09 11:18:00 --> Undefined variable $doctorDetails
in APPPATH\Views\dashboard.php on line 437.
 1 APPPATH\Views\dashboard.php(437): CodeIgniter\Debug\Exceptions->errorHandler(2, 'Undefined variable $doctorDetails', 'C:\\xampp\\htdocs\\HMS_RegexByte\\app\\Views\\dashboard.php', 437)
 2 SYSTEMPATH\View\View.php(228): include('C:\\xampp\\htdocs\\HMS_RegexByte\\app\\Views\\dashboard.php')
 3 SYSTEMPATH\View\View.php(231): CodeIgniter\View\View->CodeIgniter\View\{closure}()
 4 SYSTEMPATH\Common.php(1190): CodeIgniter\View\View->render('dashboard.php', [], true)
 5 APPPATH\Controllers\LoginController.php(35): view('dashboard.php', [...])
 6 SYSTEMPATH\CodeIgniter.php(942): App\Controllers\LoginController->dashboard()
 7 SYSTEMPATH\CodeIgniter.php(502): CodeIgniter\CodeIgniter->runController(Object(App\Controllers\LoginController))
 8 SYSTEMPATH\CodeIgniter.php(361): CodeIgniter\CodeIgniter->handleRequest(null, Object(Config\Cache), false)
 9 FCPATH\index.php(79): CodeIgniter\CodeIgniter->run()
INFO - 2024-02-09 11:22:04 --> Session: Class initialized using 'CodeIgniter\Session\Handlers\FileHandler' driver.
CRITICAL - 2024-02-09 11:22:04 --> Undefined variable $doctorDetails
in APPPATH\Views\dashboard.php on line 427.
 1 APPPATH\Views\dashboard.php(427): CodeIgniter\Debug\Exceptions->errorHandler(2, 'Undefined variable $doctorDetails', 'C:\\xampp\\htdocs\\HMS_RegexByte\\app\\Views\\dashboard.php', 427)
 2 SYSTEMPATH\View\View.php(228): include('C:\\xampp\\htdocs\\HMS_RegexByte\\app\\Views\\dashboard.php')
 3 SYSTEMPATH\View\View.php(231): CodeIgniter\View\View->CodeIgniter\View\{closure}()
 4 SYSTEMPATH\Common.php(1190): CodeIgniter\View\View->render('dashboard.php', [], true)
 5 APPPATH\Controllers\LoginController.php(35): view('dashboard.php', [...])
 6 SYSTEMPATH\CodeIgniter.php(942): App\Controllers\LoginController->dashboard()
 7 SYSTEMPATH\CodeIgniter.php(502): CodeIgniter\CodeIgniter->runController(Object(App\Controllers\LoginController))
 8 SYSTEMPATH\CodeIgniter.php(361): CodeIgniter\CodeIgniter->handleRequest(null, Object(Config\Cache), false)
 9 FCPATH\index.php(79): CodeIgniter\CodeIgniter->run()
INFO - 2024-02-09 11:24:06 --> Session: Class initialized using 'CodeIgniter\Session\Handlers\FileHandler' driver.
CRITICAL - 2024-02-09 11:24:06 --> Undefined variable $doctorDetail
in APPPATH\Views\dashboard.php on line 427.
 1 APPPATH\Views\dashboard.php(427): CodeIgniter\Debug\Exceptions->errorHandler(2, 'Undefined variable $doctorDetail', 'C:\\xampp\\htdocs\\HMS_RegexByte\\app\\Views\\dashboard.php', 427)
 2 SYSTEMPATH\View\View.php(228): include('C:\\xampp\\htdocs\\HMS_RegexByte\\app\\Views\\dashboard.php')
 3 SYSTEMPATH\View\View.php(231): CodeIgniter\View\View->CodeIgniter\View\{closure}()
 4 SYSTEMPATH\Common.php(1190): CodeIgniter\View\View->render('dashboard.php', [], true)
 5 APPPATH\Controllers\LoginController.php(35): view('dashboard.php', [...])
 6 SYSTEMPATH\CodeIgniter.php(942): App\Controllers\LoginController->dashboard()
 7 SYSTEMPATH\CodeIgniter.php(502): CodeIgniter\CodeIgniter->runController(Object(App\Controllers\LoginController))
 8 SYSTEMPATH\CodeIgniter.php(361): CodeIgniter\CodeIgniter->handleRequest(null, Object(Config\Cache), false)
 9 FCPATH\index.php(79): CodeIgniter\CodeIgniter->run()
INFO - 2024-02-09 11:31:32 --> Session: Class initialized using 'CodeIgniter\Session\Handlers\FileHandler' driver.
CRITICAL - 2024-02-09 11:31:32 --> Undefined variable $doctorDetail
in APPPATH\Views\dashboard.php on line 427.
 1 APPPATH\Views\dashboard.php(427): CodeIgniter\Debug\Exceptions->errorHandler(2, 'Undefined variable $doctorDetail', 'C:\\xampp\\htdocs\\HMS_RegexByte\\app\\Views\\dashboard.php', 427)
 2 SYSTEMPATH\View\View.php(228): include('C:\\xampp\\htdocs\\HMS_RegexByte\\app\\Views\\dashboard.php')
 3 SYSTEMPATH\View\View.php(231): CodeIgniter\View\View->CodeIgniter\View\{closure}()
 4 SYSTEMPATH\Common.php(1190): CodeIgniter\View\View->render('dashboard.php', [], true)
 5 APPPATH\Controllers\LoginController.php(35): view('dashboard.php', [...])
 6 SYSTEMPATH\CodeIgniter.php(942): App\Controllers\LoginController->dashboard()
 7 SYSTEMPATH\CodeIgniter.php(502): CodeIgniter\CodeIgniter->runController(Object(App\Controllers\LoginController))
 8 SYSTEMPATH\CodeIgniter.php(361): CodeIgniter\CodeIgniter->handleRequest(null, Object(Config\Cache), false)
 9 FCPATH\index.php(79): CodeIgniter\CodeIgniter->run()
INFO - 2024-02-09 11:34:32 --> Session: Class initialized using 'CodeIgniter\Session\Handlers\FileHandler' driver.
INFO - 2024-02-09 11:35:24 --> Session: Class initialized using 'CodeIgniter\Session\Handlers\FileHandler' driver.
INFO - 2024-02-09 11:35:28 --> Session: Class initialized using 'CodeIgniter\Session\Handlers\FileHandler' driver.
INFO - 2024-02-09 11:40:47 --> Session: Class initialized using 'CodeIgniter\Session\Handlers\FileHandler' driver.
CRITICAL - 2024-02-09 11:40:47 --> Undefined variable $doctorDetails
in APPPATH\Views\dashboard.php on line 437.
 1 APPPATH\Views\dashboard.php(437): CodeIgniter\Debug\Exceptions->errorHandler(2, 'Undefined variable $doctorDetails', 'C:\\xampp\\htdocs\\HMS_RegexByte\\app\\Views\\dashboard.php', 437)
 2 SYSTEMPATH\View\View.php(228): include('C:\\xampp\\htdocs\\HMS_RegexByte\\app\\Views\\dashboard.php')
 3 SYSTEMPATH\View\View.php(231): CodeIgniter\View\View->CodeIgniter\View\{closure}()
 4 SYSTEMPATH\Common.php(1190): CodeIgniter\View\View->render('dashboard.php', [], true)
 5 APPPATH\Controllers\LoginController.php(35): view('dashboard.php', [...])
 6 SYSTEMPATH\CodeIgniter.php(942): App\Controllers\LoginController->dashboard()
 7 SYSTEMPATH\CodeIgniter.php(502): CodeIgniter\CodeIgniter->runController(Object(App\Controllers\LoginController))
 8 SYSTEMPATH\CodeIgniter.php(361): CodeIgniter\CodeIgniter->handleRequest(null, Object(Config\Cache), false)
 9 FCPATH\index.php(79): CodeIgniter\CodeIgniter->run()
INFO - 2024-02-09 11:44:14 --> Session: Class initialized using 'CodeIgniter\Session\Handlers\FileHandler' driver.
CRITICAL - 2024-02-09 11:44:14 --> Undefined variable $doctorDetails
in APPPATH\Views\dashboard.php on line 437.
 1 APPPATH\Views\dashboard.php(437): CodeIgniter\Debug\Exceptions->errorHandler(2, 'Undefined variable $doctorDetails', 'C:\\xampp\\htdocs\\HMS_RegexByte\\app\\Views\\dashboard.php', 437)
 2 SYSTEMPATH\View\View.php(228): include('C:\\xampp\\htdocs\\HMS_RegexByte\\app\\Views\\dashboard.php')
 3 SYSTEMPATH\View\View.php(231): CodeIgniter\View\View->CodeIgniter\View\{closure}()
 4 SYSTEMPATH\Common.php(1190): CodeIgniter\View\View->render('dashboard.php', [], true)
 5 APPPATH\Controllers\LoginController.php(35): view('dashboard.php', [...])
 6 SYSTEMPATH\CodeIgniter.php(942): App\Controllers\LoginController->dashboard()
 7 SYSTEMPATH\CodeIgniter.php(502): CodeIgniter\CodeIgniter->runController(Object(App\Controllers\LoginController))
 8 SYSTEMPATH\CodeIgniter.php(361): CodeIgniter\CodeIgniter->handleRequest(null, Object(Config\Cache), false)
 9 FCPATH\index.php(79): CodeIgniter\CodeIgniter->run()
INFO - 2024-02-09 11:54:13 --> Session: Class initialized using 'CodeIgniter\Session\Handlers\FileHandler' driver.
INFO - 2024-02-09 12:15:55 --> Session: Class initialized using 'CodeIgniter\Session\Handlers\FileHandler' driver.
CRITICAL - 2024-02-09 12:15:55 --> Undefined variable $doctorDetails
in APPPATH\Views\dashboard.php on line 437.
 1 APPPATH\Views\dashboard.php(437): CodeIgniter\Debug\Exceptions->errorHandler(2, 'Undefined variable $doctorDetails', 'C:\\xampp\\htdocs\\HMS_RegexByte\\app\\Views\\dashboard.php', 437)
 2 SYSTEMPATH\View\View.php(228): include('C:\\xampp\\htdocs\\HMS_RegexByte\\app\\Views\\dashboard.php')
 3 SYSTEMPATH\View\View.php(231): CodeIgniter\View\View->CodeIgniter\View\{closure}()
 4 SYSTEMPATH\Common.php(1190): CodeIgniter\View\View->render('dashboard.php', [], true)
 5 APPPATH\Controllers\LoginController.php(46): view('dashboard.php', [...])
 6 SYSTEMPATH\CodeIgniter.php(942): App\Controllers\LoginController->dashboard()
 7 SYSTEMPATH\CodeIgniter.php(502): CodeIgniter\CodeIgniter->runController(Object(App\Controllers\LoginController))
 8 SYSTEMPATH\CodeIgniter.php(361): CodeIgniter\CodeIgniter->handleRequest(null, Object(Config\Cache), false)
 9 FCPATH\index.php(79): CodeIgniter\CodeIgniter->run()
INFO - 2024-02-09 12:17:32 --> Session: Class initialized using 'CodeIgniter\Session\Handlers\FileHandler' driver.
INFO - 2024-02-09 12:18:42 --> Session: Class initialized using 'CodeIgniter\Session\Handlers\FileHandler' driver.
CRITICAL - 2024-02-09 12:18:42 --> Undefined variable $doctorDetail
in APPPATH\Views\dashboard.php on line 410.
 1 APPPATH\Views\dashboard.php(410): CodeIgniter\Debug\Exceptions->errorHandler(2, 'Undefined variable $doctorDetail', 'C:\\xampp\\htdocs\\HMS_RegexByte\\app\\Views\\dashboard.php', 410)
 2 SYSTEMPATH\View\View.php(228): include('C:\\xampp\\htdocs\\HMS_RegexByte\\app\\Views\\dashboard.php')
 3 SYSTEMPATH\View\View.php(231): CodeIgniter\View\View->CodeIgniter\View\{closure}()
 4 SYSTEMPATH\Common.php(1190): CodeIgniter\View\View->render('dashboard.php', [], true)
 5 APPPATH\Controllers\LoginController.php(37): view('dashboard.php', [...])
 6 SYSTEMPATH\CodeIgniter.php(942): App\Controllers\LoginController->dashboard()
 7 SYSTEMPATH\CodeIgniter.php(502): CodeIgniter\CodeIgniter->runController(Object(App\Controllers\LoginController))
 8 SYSTEMPATH\CodeIgniter.php(361): CodeIgniter\CodeIgniter->handleRequest(null, Object(Config\Cache), false)
 9 FCPATH\index.php(79): CodeIgniter\CodeIgniter->run()
INFO - 2024-02-09 12:18:52 --> Session: Class initialized using 'CodeIgniter\Session\Handlers\FileHandler' driver.
CRITICAL - 2024-02-09 12:18:52 --> Undefined variable $doctorDetail
in APPPATH\Views\dashboard.php on line 410.
 1 APPPATH\Views\dashboard.php(410): CodeIgniter\Debug\Exceptions->errorHandler(2, 'Undefined variable $doctorDetail', 'C:\\xampp\\htdocs\\HMS_RegexByte\\app\\Views\\dashboard.php', 410)
 2 SYSTEMPATH\View\View.php(228): include('C:\\xampp\\htdocs\\HMS_RegexByte\\app\\Views\\dashboard.php')
 3 SYSTEMPATH\View\View.php(231): CodeIgniter\View\View->CodeIgniter\View\{closure}()
 4 SYSTEMPATH\Common.php(1190): CodeIgniter\View\View->render('dashboard.php', [], true)
 5 APPPATH\Controllers\LoginController.php(37): view('dashboard.php', [...])
 6 SYSTEMPATH\CodeIgniter.php(942): App\Controllers\LoginController->dashboard()
 7 SYSTEMPATH\CodeIgniter.php(502): CodeIgniter\CodeIgniter->runController(Object(App\Controllers\LoginController))
 8 SYSTEMPATH\CodeIgniter.php(361): CodeIgniter\CodeIgniter->handleRequest(null, Object(Config\Cache), false)
 9 FCPATH\index.php(79): CodeIgniter\CodeIgniter->run()
INFO - 2024-02-09 12:19:05 --> Session: Class initialized using 'CodeIgniter\Session\Handlers\FileHandler' driver.
CRITICAL - 2024-02-09 12:19:05 --> Undefined array key "Image"
in APPPATH\Views\dashboard.php on line 424.
 1 APPPATH\Views\dashboard.php(424): CodeIgniter\Debug\Exceptions->errorHandler(2, 'Undefined array key "Image"', 'C:\\xampp\\htdocs\\HMS_RegexByte\\app\\Views\\dashboard.php', 424)
 2 SYSTEMPATH\View\View.php(228): include('C:\\xampp\\htdocs\\HMS_RegexByte\\app\\Views\\dashboard.php')
 3 SYSTEMPATH\View\View.php(231): CodeIgniter\View\View->CodeIgniter\View\{closure}()
 4 SYSTEMPATH\Common.php(1190): CodeIgniter\View\View->render('dashboard.php', [], true)
 5 APPPATH\Controllers\LoginController.php(37): view('dashboard.php', [...])
 6 SYSTEMPATH\CodeIgniter.php(942): App\Controllers\LoginController->dashboard()
 7 SYSTEMPATH\CodeIgniter.php(502): CodeIgniter\CodeIgniter->runController(Object(App\Controllers\LoginController))
 8 SYSTEMPATH\CodeIgniter.php(361): CodeIgniter\CodeIgniter->handleRequest(null, Object(Config\Cache), false)
 9 FCPATH\index.php(79): CodeIgniter\CodeIgniter->run()
INFO - 2024-02-09 12:19:50 --> Session: Class initialized using 'CodeIgniter\Session\Handlers\FileHandler' driver.
INFO - 2024-02-09 12:22:47 --> Session: Class initialized using 'CodeIgniter\Session\Handlers\FileHandler' driver.
CRITICAL - 2024-02-09 12:22:47 --> Undefined array key "TotalAppointments"
in APPPATH\Views\dashboard.php on line 455.
 1 APPPATH\Views\dashboard.php(455): CodeIgniter\Debug\Exceptions->errorHandler(2, 'Undefined array key "TotalAppointments"', 'C:\\xampp\\htdocs\\HMS_RegexByte\\app\\Views\\dashboard.php', 455)
 2 SYSTEMPATH\View\View.php(228): include('C:\\xampp\\htdocs\\HMS_RegexByte\\app\\Views\\dashboard.php')
 3 SYSTEMPATH\View\View.php(231): CodeIgniter\View\View->CodeIgniter\View\{closure}()
 4 SYSTEMPATH\Common.php(1190): CodeIgniter\View\View->render('dashboard.php', [], true)
 5 APPPATH\Controllers\LoginController.php(37): view('dashboard.php', [...])
 6 SYSTEMPATH\CodeIgniter.php(942): App\Controllers\LoginController->dashboard()
 7 SYSTEMPATH\CodeIgniter.php(502): CodeIgniter\CodeIgniter->runController(Object(App\Controllers\LoginController))
 8 SYSTEMPATH\CodeIgniter.php(361): CodeIgniter\CodeIgniter->handleRequest(null, Object(Config\Cache), false)
 9 FCPATH\index.php(79): CodeIgniter\CodeIgniter->run()
INFO - 2024-02-09 12:23:03 --> Session: Class initialized using 'CodeIgniter\Session\Handlers\FileHandler' driver.
INFO - 2024-02-09 12:24:02 --> Session: Class initialized using 'CodeIgniter\Session\Handlers\FileHandler' driver.
CRITICAL - 2024-02-09 12:25:31 --> Call to undefined method App\Models\DoctorModel::getdoctor
in SYSTEMPATH\Model.php on line 873.
 1 APPPATH\Controllers\LoginController.php(27): CodeIgniter\Model->__call('getdoctor', [])
 2 SYSTEMPATH\CodeIgniter.php(942): App\Controllers\LoginController->dashboard()
 3 SYSTEMPATH\CodeIgniter.php(502): CodeIgniter\CodeIgniter->runController(Object(App\Controllers\LoginController))
 4 SYSTEMPATH\CodeIgniter.php(361): CodeIgniter\CodeIgniter->handleRequest(null, Object(Config\Cache), false)
 5 FCPATH\index.php(79): CodeIgniter\CodeIgniter->run()
INFO - 2024-02-09 12:26:05 --> Session: Class initialized using 'CodeIgniter\Session\Handlers\FileHandler' driver.
INFO - 2024-02-09 12:27:51 --> Session: Class initialized using 'CodeIgniter\Session\Handlers\FileHandler' driver.
ERROR - 2024-02-09 12:36:57 --> mysqli_sql_exception: Unknown column 'doctorprofile.DocterID' in 'order clause' in C:\xampp\htdocs\HMS_RegexByte\system\Database\MySQLi\Connection.php:306
Stack trace:
#0 C:\xampp\htdocs\HMS_RegexByte\system\Database\MySQLi\Connection.php(306): mysqli->query('SELECT *\nFROM `...', 0)
#1 C:\xampp\htdocs\HMS_RegexByte\system\Database\BaseConnection.php(693): CodeIgniter\Database\MySQLi\Connection->execute('SELECT *\nFROM `...')
#2 C:\xampp\htdocs\HMS_RegexByte\system\Database\BaseConnection.php(607): CodeIgniter\Database\BaseConnection->simpleQuery('SELECT *\nFROM `...')
#3 C:\xampp\htdocs\HMS_RegexByte\system\Database\BaseBuilder.php(1615): CodeIgniter\Database\BaseConnection->query('SELECT *\nFROM `...', Array, false)
#4 C:\xampp\htdocs\HMS_RegexByte\app\Models\DoctorModel.php(41): CodeIgniter\Database\BaseBuilder->get()
#5 C:\xampp\htdocs\HMS_RegexByte\app\Controllers\LoginController.php(27): App\Models\DoctorModel->getdoctor()
#6 C:\xampp\htdocs\HMS_RegexByte\system\CodeIgniter.php(942): App\Controllers\LoginController->dashboard()
#7 C:\xampp\htdocs\HMS_RegexByte\system\CodeIgniter.php(502): CodeIgniter\CodeIgniter->runController(Object(App\Controllers\LoginController))
#8 C:\xampp\htdocs\HMS_RegexByte\system\CodeIgniter.php(361): CodeIgniter\CodeIgniter->handleRequest(NULL, Object(Config\Cache), false)
#9 C:\xampp\htdocs\HMS_RegexByte\index.php(79): CodeIgniter\CodeIgniter->run()
#10 {main}
CRITICAL - 2024-02-09 12:36:57 --> Unknown column 'doctorprofile.DocterID' in 'order clause'
in SYSTEMPATH\Database\BaseConnection.php on line 647.
 1 SYSTEMPATH\Database\BaseBuilder.php(1615): CodeIgniter\Database\BaseConnection->query('SELECT *
FROM `doctorprofile`
JOIN `specialization` ON `specialization`.`s_id` = `doctorprofile`.`Specialization`
ORDER BY `doctorprofile`.`DocterID` DESC
 LIMIT 5', [], false)
 2 APPPATH\Models\DoctorModel.php(41): CodeIgniter\Database\BaseBuilder->get()
 3 APPPATH\Controllers\LoginController.php(27): App\Models\DoctorModel->getdoctor()
 4 SYSTEMPATH\CodeIgniter.php(942): App\Controllers\LoginController->dashboard()
 5 SYSTEMPATH\CodeIgniter.php(502): CodeIgniter\CodeIgniter->runController(Object(App\Controllers\LoginController))
 6 SYSTEMPATH\CodeIgniter.php(361): CodeIgniter\CodeIgniter->handleRequest(null, Object(Config\Cache), false)
 7 FCPATH\index.php(79): CodeIgniter\CodeIgniter->run()
ERROR - 2024-02-09 12:38:22 --> mysqli_sql_exception: Unknown column 'doctorprofile.DocterID' in 'order clause' in C:\xampp\htdocs\HMS_RegexByte\system\Database\MySQLi\Connection.php:306
Stack trace:
#0 C:\xampp\htdocs\HMS_RegexByte\system\Database\MySQLi\Connection.php(306): mysqli->query('SELECT *\nFROM `...', 0)
#1 C:\xampp\htdocs\HMS_RegexByte\system\Database\BaseConnection.php(693): CodeIgniter\Database\MySQLi\Connection->execute('SELECT *\nFROM `...')
#2 C:\xampp\htdocs\HMS_RegexByte\system\Database\BaseConnection.php(607): CodeIgniter\Database\BaseConnection->simpleQuery('SELECT *\nFROM `...')
#3 C:\xampp\htdocs\HMS_RegexByte\system\Database\BaseBuilder.php(1615): CodeIgniter\Database\BaseConnection->query('SELECT *\nFROM `...', Array, false)
#4 C:\xampp\htdocs\HMS_RegexByte\app\Models\DoctorModel.php(41): CodeIgniter\Database\BaseBuilder->get()
#5 C:\xampp\htdocs\HMS_RegexByte\app\Controllers\LoginController.php(27): App\Models\DoctorModel->getdoctor()
#6 C:\xampp\htdocs\HMS_RegexByte\system\CodeIgniter.php(942): App\Controllers\LoginController->dashboard()
#7 C:\xampp\htdocs\HMS_RegexByte\system\CodeIgniter.php(502): CodeIgniter\CodeIgniter->runController(Object(App\Controllers\LoginController))
#8 C:\xampp\htdocs\HMS_RegexByte\system\CodeIgniter.php(361): CodeIgniter\CodeIgniter->handleRequest(NULL, Object(Config\Cache), false)
#9 C:\xampp\htdocs\HMS_RegexByte\index.php(79): CodeIgniter\CodeIgniter->run()
#10 {main}
CRITICAL - 2024-02-09 12:38:22 --> Unknown column 'doctorprofile.DocterID' in 'order clause'
in SYSTEMPATH\Database\BaseConnection.php on line 647.
 1 SYSTEMPATH\Database\BaseBuilder.php(1615): CodeIgniter\Database\BaseConnection->query('SELECT *
FROM `doctorprofile`
JOIN `specialization` ON `specialization`.`s_id` = `doctorprofile`.`Specialization`
ORDER BY `doctorprofile`.`DocterID` DESC
 LIMIT 5', [], false)
 2 APPPATH\Models\DoctorModel.php(41): CodeIgniter\Database\BaseBuilder->get()
 3 APPPATH\Controllers\LoginController.php(27): App\Models\DoctorModel->getdoctor()
 4 SYSTEMPATH\CodeIgniter.php(942): App\Controllers\LoginController->dashboard()
 5 SYSTEMPATH\CodeIgniter.php(502): CodeIgniter\CodeIgniter->runController(Object(App\Controllers\LoginController))
 6 SYSTEMPATH\CodeIgniter.php(361): CodeIgniter\CodeIgniter->handleRequest(null, Object(Config\Cache), false)
 7 FCPATH\index.php(79): CodeIgniter\CodeIgniter->run()
INFO - 2024-02-09 12:38:55 --> Session: Class initialized using 'CodeIgniter\Session\Handlers\FileHandler' driver.
INFO - 2024-02-09 12:42:43 --> Session: Class initialized using 'CodeIgniter\Session\Handlers\FileHandler' driver.
INFO - 2024-02-09 12:43:41 --> Session: Class initialized using 'CodeIgniter\Session\Handlers\FileHandler' driver.
INFO - 2024-02-09 12:43:42 --> Session: Class initialized using 'CodeIgniter\Session\Handlers\FileHandler' driver.
INFO - 2024-02-09 12:43:55 --> Session: Class initialized using 'CodeIgniter\Session\Handlers\FileHandler' driver.
INFO - 2024-02-09 12:44:39 --> Session: Class initialized using 'CodeIgniter\Session\Handlers\FileHandler' driver.
INFO - 2024-02-09 14:53:49 --> Session: Class initialized using 'CodeIgniter\Session\Handlers\FileHandler' driver.
INFO - 2024-02-09 14:53:50 --> Session: Class initialized using 'CodeIgniter\Session\Handlers\FileHandler' driver.
INFO - 2024-02-09 14:55:56 --> Session: Class initialized using 'CodeIgniter\Session\Handlers\FileHandler' driver.
INFO - 2024-02-09 14:56:22 --> Session: Class initialized using 'CodeIgniter\Session\Handlers\FileHandler' driver.
INFO - 2024-02-09 14:56:39 --> Session: Class initialized using 'CodeIgniter\Session\Handlers\FileHandler' driver.
INFO - 2024-02-09 14:57:58 --> Session: Class initialized using 'CodeIgniter\Session\Handlers\FileHandler' driver.
INFO - 2024-02-09 14:59:24 --> Session: Class initialized using 'CodeIgniter\Session\Handlers\FileHandler' driver.
INFO - 2024-02-09 14:59:39 --> Session: Class initialized using 'CodeIgniter\Session\Handlers\FileHandler' driver.
INFO - 2024-02-09 14:59:40 --> Session: Class initialized using 'CodeIgniter\Session\Handlers\FileHandler' driver.
ERROR - 2024-02-09 14:59:40 --> mysqli_sql_exception: Table 'dashboard.doctors' doesn't exist in C:\xampp\htdocs\HMS_RegexByte\system\Database\MySQLi\Connection.php:306
Stack trace:
#0 C:\xampp\htdocs\HMS_RegexByte\system\Database\MySQLi\Connection.php(306): mysqli->query('SELECT COUNT(*)...', 0)
#1 C:\xampp\htdocs\HMS_RegexByte\system\Database\BaseConnection.php(693): CodeIgniter\Database\MySQLi\Connection->execute('SELECT COUNT(*)...')
#2 C:\xampp\htdocs\HMS_RegexByte\system\Database\BaseConnection.php(607): CodeIgniter\Database\BaseConnection->simpleQuery('SELECT COUNT(*)...')
#3 C:\xampp\htdocs\HMS_RegexByte\system\Database\BaseBuilder.php(1699): CodeIgniter\Database\BaseConnection->query('SELECT COUNT(*)...', Array, false)
#4 C:\xampp\htdocs\HMS_RegexByte\app\Models\DoctorModel.php(48): CodeIgniter\Database\BaseBuilder->countAllResults()
#5 C:\xampp\htdocs\HMS_RegexByte\app\Controllers\LoginController.php(29): App\Models\DoctorModel->countDoctorsByBusinessID('39')
#6 C:\xampp\htdocs\HMS_RegexByte\system\CodeIgniter.php(942): App\Controllers\LoginController->dashboard()
#7 C:\xampp\htdocs\HMS_RegexByte\system\CodeIgniter.php(502): CodeIgniter\CodeIgniter->runController(Object(App\Controllers\LoginController))
#8 C:\xampp\htdocs\HMS_RegexByte\system\CodeIgniter.php(361): CodeIgniter\CodeIgniter->handleRequest(NULL, Object(Config\Cache), false)
#9 C:\xampp\htdocs\HMS_RegexByte\index.php(79): CodeIgniter\CodeIgniter->run()
#10 {main}
CRITICAL - 2024-02-09 14:59:40 --> Table 'dashboard.doctors' doesn't exist
in SYSTEMPATH\Database\BaseConnection.php on line 647.
 1 SYSTEMPATH\Database\BaseBuilder.php(1699): CodeIgniter\Database\BaseConnection->query('SELECT COUNT(*) AS `numrows`
FROM `doctors`
WHERE `BusinessID` = :BusinessID:', [...], false)
 2 APPPATH\Models\DoctorModel.php(48): CodeIgniter\Database\BaseBuilder->countAllResults()
 3 APPPATH\Controllers\LoginController.php(29): App\Models\DoctorModel->countDoctorsByBusinessID('39')
 4 SYSTEMPATH\CodeIgniter.php(942): App\Controllers\LoginController->dashboard()
 5 SYSTEMPATH\CodeIgniter.php(502): CodeIgniter\CodeIgniter->runController(Object(App\Controllers\LoginController))
 6 SYSTEMPATH\CodeIgniter.php(361): CodeIgniter\CodeIgniter->handleRequest(null, Object(Config\Cache), false)
 7 FCPATH\index.php(79): CodeIgniter\CodeIgniter->run()
INFO - 2024-02-09 15:01:17 --> Session: Class initialized using 'CodeIgniter\Session\Handlers\FileHandler' driver.
INFO - 2024-02-09 15:04:09 --> Session: Class initialized using 'CodeIgniter\Session\Handlers\FileHandler' driver.
INFO - 2024-02-09 15:05:06 --> Session: Class initialized using 'CodeIgniter\Session\Handlers\FileHandler' driver.
INFO - 2024-02-09 15:05:07 --> Session: Class initialized using 'CodeIgniter\Session\Handlers\FileHandler' driver.
INFO - 2024-02-09 15:05:21 --> Session: Class initialized using 'CodeIgniter\Session\Handlers\FileHandler' driver.
INFO - 2024-02-09 15:06:03 --> Session: Class initialized using 'CodeIgniter\Session\Handlers\FileHandler' driver.
INFO - 2024-02-09 15:07:42 --> Session: Class initialized using 'CodeIgniter\Session\Handlers\FileHandler' driver.
INFO - 2024-02-09 15:19:04 --> Session: Class initialized using 'CodeIgniter\Session\Handlers\FileHandler' driver.
INFO - 2024-02-09 15:19:26 --> Session: Class initialized using 'CodeIgniter\Session\Handlers\FileHandler' driver.
INFO - 2024-02-09 15:23:13 --> Session: Class initialized using 'CodeIgniter\Session\Handlers\FileHandler' driver.
INFO - 2024-02-09 15:25:28 --> Session: Class initialized using 'CodeIgniter\Session\Handlers\FileHandler' driver.
INFO - 2024-02-09 15:25:35 --> Session: Class initialized using 'CodeIgniter\Session\Handlers\FileHandler' driver.
CRITICAL - 2024-02-09 15:25:35 --> Call to undefined method App\Models\ClientModel::countClientsByBusinessID
in SYSTEMPATH\Model.php on line 873.
 1 APPPATH\Controllers\LoginController.php(30): CodeIgniter\Model->__call('countClientsByBusinessID', [...])
 2 SYSTEMPATH\CodeIgniter.php(942): App\Controllers\LoginController->dashboard()
 3 SYSTEMPATH\CodeIgniter.php(502): CodeIgniter\CodeIgniter->runController(Object(App\Controllers\LoginController))
 4 SYSTEMPATH\CodeIgniter.php(361): CodeIgniter\CodeIgniter->handleRequest(null, Object(Config\Cache), false)
 5 FCPATH\index.php(79): CodeIgniter\CodeIgniter->run()
INFO - 2024-02-09 15:27:17 --> Session: Class initialized using 'CodeIgniter\Session\Handlers\FileHandler' driver.
CRITICAL - 2024-02-09 15:27:17 --> Call to undefined method App\Models\ClientModel::getdoctor
in SYSTEMPATH\Model.php on line 873.
 1 APPPATH\Controllers\LoginController.php(33): CodeIgniter\Model->__call('getdoctor', [])
 2 SYSTEMPATH\CodeIgniter.php(942): App\Controllers\LoginController->dashboard()
 3 SYSTEMPATH\CodeIgniter.php(502): CodeIgniter\CodeIgniter->runController(Object(App\Controllers\LoginController))
 4 SYSTEMPATH\CodeIgniter.php(361): CodeIgniter\CodeIgniter->handleRequest(null, Object(Config\Cache), false)
 5 FCPATH\index.php(79): CodeIgniter\CodeIgniter->run()
INFO - 2024-02-09 15:29:05 --> Session: Class initialized using 'CodeIgniter\Session\Handlers\FileHandler' driver.
INFO - 2024-02-09 15:57:39 --> Session: Class initialized using 'CodeIgniter\Session\Handlers\FileHandler' driver.
CRITICAL - 2024-02-09 15:57:39 --> Undefined array key "totalAppointments"
in APPPATH\Views\dashboard.php on line 455.
 1 APPPATH\Views\dashboard.php(455): CodeIgniter\Debug\Exceptions->errorHandler(2, 'Undefined array key "totalAppointments"', 'C:\\xampp\\htdocs\\HMS_RegexByte\\app\\Views\\dashboard.php', 455)
 2 SYSTEMPATH\View\View.php(228): include('C:\\xampp\\htdocs\\HMS_RegexByte\\app\\Views\\dashboard.php')
 3 SYSTEMPATH\View\View.php(231): CodeIgniter\View\View->CodeIgniter\View\{closure}()
 4 SYSTEMPATH\Common.php(1190): CodeIgniter\View\View->render('dashboard.php', [], true)
 5 APPPATH\Controllers\LoginController.php(46): view('dashboard.php', [...])
 6 SYSTEMPATH\CodeIgniter.php(942): App\Controllers\LoginController->dashboard()
 7 SYSTEMPATH\CodeIgniter.php(502): CodeIgniter\CodeIgniter->runController(Object(App\Controllers\LoginController))
 8 SYSTEMPATH\CodeIgniter.php(361): CodeIgniter\CodeIgniter->handleRequest(null, Object(Config\Cache), false)
 9 FCPATH\index.php(79): CodeIgniter\CodeIgniter->run()
INFO - 2024-02-09 16:00:42 --> Session: Class initialized using 'CodeIgniter\Session\Handlers\FileHandler' driver.
ERROR - 2024-02-09 16:00:42 --> mysqli_sql_exception: Unknown column 'specialization.specialization_name' in 'field list' in C:\xampp\htdocs\HMS_RegexByte\system\Database\MySQLi\Connection.php:306
Stack trace:
#0 C:\xampp\htdocs\HMS_RegexByte\system\Database\MySQLi\Connection.php(306): mysqli->query('SELECT `doctorp...', 0)
#1 C:\xampp\htdocs\HMS_RegexByte\system\Database\BaseConnection.php(693): CodeIgniter\Database\MySQLi\Connection->execute('SELECT `doctorp...')
#2 C:\xampp\htdocs\HMS_RegexByte\system\Database\BaseConnection.php(607): CodeIgniter\Database\BaseConnection->simpleQuery('SELECT `doctorp...')
#3 C:\xampp\htdocs\HMS_RegexByte\system\Database\BaseBuilder.php(1615): CodeIgniter\Database\BaseConnection->query('SELECT `doctorp...', Array, false)
#4 C:\xampp\htdocs\HMS_RegexByte\app\Models\DoctorModel.php(45): CodeIgniter\Database\BaseBuilder->get()
#5 C:\xampp\htdocs\HMS_RegexByte\app\Controllers\LoginController.php(32): App\Models\DoctorModel->getdoctor()
#6 C:\xampp\htdocs\HMS_RegexByte\system\CodeIgniter.php(942): App\Controllers\LoginController->dashboard()
#7 C:\xampp\htdocs\HMS_RegexByte\system\CodeIgniter.php(502): CodeIgniter\CodeIgniter->runController(Object(App\Controllers\LoginController))
#8 C:\xampp\htdocs\HMS_RegexByte\system\CodeIgniter.php(361): CodeIgniter\CodeIgniter->handleRequest(NULL, Object(Config\Cache), false)
#9 C:\xampp\htdocs\HMS_RegexByte\index.php(79): CodeIgniter\CodeIgniter->run()
#10 {main}
CRITICAL - 2024-02-09 16:00:42 --> Unknown column 'specialization.specialization_name' in 'field list'
in SYSTEMPATH\Database\BaseConnection.php on line 647.
 1 SYSTEMPATH\Database\BaseBuilder.php(1615): CodeIgniter\Database\BaseConnection->query('SELECT `doctorprofile`.*, `specialization`.`specialization_name`, COUNT(appointment.appointmentID) as totalAppointments
FROM `doctorprofile`
JOIN `specialization` ON `specialization`.`s_id` = `doctorprofile`.`Specialization`
LEFT JOIN `appointment` ON `appointment`.`DoctorID` = `doctorprofile`.`DoctorID`
GROUP BY `doctorprofile`.`DoctorID`
ORDER BY `doctorprofile`.`DoctorID` DESC
 LIMIT 5', [], false)
 2 APPPATH\Models\DoctorModel.php(45): CodeIgniter\Database\BaseBuilder->get()
 3 APPPATH\Controllers\LoginController.php(32): App\Models\DoctorModel->getdoctor()
 4 SYSTEMPATH\CodeIgniter.php(942): App\Controllers\LoginController->dashboard()
 5 SYSTEMPATH\CodeIgniter.php(502): CodeIgniter\CodeIgniter->runController(Object(App\Controllers\LoginController))
 6 SYSTEMPATH\CodeIgniter.php(361): CodeIgniter\CodeIgniter->handleRequest(null, Object(Config\Cache), false)
 7 FCPATH\index.php(79): CodeIgniter\CodeIgniter->run()
INFO - 2024-02-09 16:03:40 --> Session: Class initialized using 'CodeIgniter\Session\Handlers\FileHandler' driver.
