INFO - 2024-02-03 06:17:16 --> Session: Class initialized using 'CodeIgniter\Session\Handlers\FileHandler' driver.
INFO - 2024-02-03 06:17:30 --> Session: Class initialized using 'CodeIgniter\Session\Handlers\FileHandler' driver.
INFO - 2024-02-03 06:17:33 --> Session: Class initialized using 'CodeIgniter\Session\Handlers\FileHandler' driver.
INFO - 2024-02-03 06:17:45 --> Session: Class initialized using 'CodeIgniter\Session\Handlers\FileHandler' driver.
INFO - 2024-02-03 06:17:47 --> Client ID: 2
INFO - 2024-02-03 06:17:51 --> Client ID: 3
INFO - 2024-02-03 06:17:57 --> Client ID: 4
INFO - 2024-02-03 06:17:59 --> Client ID: 2
INFO - 2024-02-03 06:18:01 --> Client ID: 3
INFO - 2024-02-03 06:19:02 --> Session: Class initialized using 'CodeIgniter\Session\Handlers\FileHandler' driver.
INFO - 2024-02-03 06:19:04 --> Client ID: 2
INFO - 2024-02-03 06:19:56 --> Session: Class initialized using 'CodeIgniter\Session\Handlers\FileHandler' driver.
INFO - 2024-02-03 06:19:58 --> Client ID: 2
INFO - 2024-02-03 06:22:44 --> Session: Class initialized using 'CodeIgniter\Session\Handlers\FileHandler' driver.
INFO - 2024-02-03 06:22:46 --> Client ID: 2
INFO - 2024-02-03 06:25:26 --> Session: Class initialized using 'CodeIgniter\Session\Handlers\FileHandler' driver.
INFO - 2024-02-03 06:25:29 --> Client ID: 2
INFO - 2024-02-03 06:25:52 --> Session: Class initialized using 'CodeIgniter\Session\Handlers\FileHandler' driver.
INFO - 2024-02-03 06:25:55 --> Client ID: 2
INFO - 2024-02-03 06:26:15 --> Session: Class initialized using 'CodeIgniter\Session\Handlers\FileHandler' driver.
INFO - 2024-02-03 06:26:17 --> Client ID: 2
INFO - 2024-02-03 06:27:53 --> Session: Class initialized using 'CodeIgniter\Session\Handlers\FileHandler' driver.
INFO - 2024-02-03 06:27:55 --> Client ID: 2
INFO - 2024-02-03 06:30:41 --> Session: Class initialized using 'CodeIgniter\Session\Handlers\FileHandler' driver.
INFO - 2024-02-03 06:37:30 --> Session: Class initialized using 'CodeIgniter\Session\Handlers\FileHandler' driver.
INFO - 2024-02-03 06:37:32 --> Client ID: 2
INFO - 2024-02-03 06:37:37 --> Session: Class initialized using 'CodeIgniter\Session\Handlers\FileHandler' driver.
ERROR - 2024-02-03 06:37:37 --> Error retrieving data: Undefined array key "testTypeID"
INFO - 2024-02-03 06:38:49 --> Session: Class initialized using 'CodeIgniter\Session\Handlers\FileHandler' driver.
INFO - 2024-02-03 06:38:53 --> Client ID: 2
INFO - 2024-02-03 06:38:58 --> Client ID: 3
INFO - 2024-02-03 06:39:05 --> Session: Class initialized using 'CodeIgniter\Session\Handlers\FileHandler' driver.
ERROR - 2024-02-03 06:39:05 --> Error retrieving data: Undefined array key "testTypeID"
INFO - 2024-02-03 06:40:05 --> Session: Class initialized using 'CodeIgniter\Session\Handlers\FileHandler' driver.
INFO - 2024-02-03 06:40:09 --> Client ID: 2
INFO - 2024-02-03 06:40:11 --> Client ID: 3
INFO - 2024-02-03 06:40:17 --> Session: Class initialized using 'CodeIgniter\Session\Handlers\FileHandler' driver.
ERROR - 2024-02-03 06:40:17 --> Error retrieving data: Undefined array key "testTypeID"
INFO - 2024-02-03 06:43:45 --> Session: Class initialized using 'CodeIgniter\Session\Handlers\FileHandler' driver.
INFO - 2024-02-03 06:43:50 --> Client ID: 2
INFO - 2024-02-03 06:43:52 --> Client ID: 3
INFO - 2024-02-03 06:43:56 --> Session: Class initialized using 'CodeIgniter\Session\Handlers\FileHandler' driver.
<<<<<<< HEAD
INFO - 2024-02-03 08:20:10 --> Session: Class initialized using 'CodeIgniter\Session\Handlers\FileHandler' driver.
INFO - 2024-02-03 08:20:20 --> Session: Class initialized using 'CodeIgniter\Session\Handlers\FileHandler' driver.
INFO - 2024-02-03 08:20:21 --> Session: Class initialized using 'CodeIgniter\Session\Handlers\FileHandler' driver.
INFO - 2024-02-03 08:20:31 --> Session: Class initialized using 'CodeIgniter\Session\Handlers\FileHandler' driver.
INFO - 2024-02-03 08:20:32 --> Client ID: 2
INFO - 2024-02-03 08:20:35 --> Client ID: 3
INFO - 2024-02-03 08:21:32 --> Session: Class initialized using 'CodeIgniter\Session\Handlers\FileHandler' driver.
INFO - 2024-02-03 08:21:41 --> Session: Class initialized using 'CodeIgniter\Session\Handlers\FileHandler' driver.
INFO - 2024-02-03 08:22:00 --> Session: Class initialized using 'CodeIgniter\Session\Handlers\FileHandler' driver.
INFO - 2024-02-03 08:22:00 --> Session: Class initialized using 'CodeIgniter\Session\Handlers\FileHandler' driver.
INFO - 2024-02-03 08:25:03 --> Session: Class initialized using 'CodeIgniter\Session\Handlers\FileHandler' driver.
INFO - 2024-02-03 08:27:22 --> Session: Class initialized using 'CodeIgniter\Session\Handlers\FileHandler' driver.
INFO - 2024-02-03 08:28:22 --> Session: Class initialized using 'CodeIgniter\Session\Handlers\FileHandler' driver.
INFO - 2024-02-03 08:28:53 --> Session: Class initialized using 'CodeIgniter\Session\Handlers\FileHandler' driver.
INFO - 2024-02-03 08:29:50 --> Session: Class initialized using 'CodeIgniter\Session\Handlers\FileHandler' driver.
INFO - 2024-02-03 08:30:25 --> Session: Class initialized using 'CodeIgniter\Session\Handlers\FileHandler' driver.
INFO - 2024-02-03 08:30:29 --> Session: Class initialized using 'CodeIgniter\Session\Handlers\FileHandler' driver.
INFO - 2024-02-03 08:30:47 --> Session: Class initialized using 'CodeIgniter\Session\Handlers\FileHandler' driver.
INFO - 2024-02-03 08:31:09 --> Session: Class initialized using 'CodeIgniter\Session\Handlers\FileHandler' driver.
INFO - 2024-02-03 08:31:15 --> Session: Class initialized using 'CodeIgniter\Session\Handlers\FileHandler' driver.
INFO - 2024-02-03 08:31:16 --> Session: Class initialized using 'CodeIgniter\Session\Handlers\FileHandler' driver.
INFO - 2024-02-03 08:31:24 --> Session: Class initialized using 'CodeIgniter\Session\Handlers\FileHandler' driver.
INFO - 2024-02-03 08:31:25 --> Session: Class initialized using 'CodeIgniter\Session\Handlers\FileHandler' driver.
INFO - 2024-02-03 08:31:31 --> Session: Class initialized using 'CodeIgniter\Session\Handlers\FileHandler' driver.
INFO - 2024-02-03 08:31:52 --> Session: Class initialized using 'CodeIgniter\Session\Handlers\FileHandler' driver.
INFO - 2024-02-03 08:32:10 --> Session: Class initialized using 'CodeIgniter\Session\Handlers\FileHandler' driver.
INFO - 2024-02-03 08:32:50 --> Session: Class initialized using 'CodeIgniter\Session\Handlers\FileHandler' driver.
INFO - 2024-02-03 09:38:26 --> Session: Class initialized using 'CodeIgniter\Session\Handlers\FileHandler' driver.
INFO - 2024-02-03 09:38:58 --> Session: Class initialized using 'CodeIgniter\Session\Handlers\FileHandler' driver.
INFO - 2024-02-03 09:39:01 --> Session: Class initialized using 'CodeIgniter\Session\Handlers\FileHandler' driver.
INFO - 2024-02-03 09:39:06 --> Session: Class initialized using 'CodeIgniter\Session\Handlers\FileHandler' driver.
INFO - 2024-02-03 09:39:18 --> Session: Class initialized using 'CodeIgniter\Session\Handlers\FileHandler' driver.
INFO - 2024-02-03 09:39:34 --> Session: Class initialized using 'CodeIgniter\Session\Handlers\FileHandler' driver.
INFO - 2024-02-03 09:39:54 --> Session: Class initialized using 'CodeIgniter\Session\Handlers\FileHandler' driver.
INFO - 2024-02-03 09:40:03 --> Session: Class initialized using 'CodeIgniter\Session\Handlers\FileHandler' driver.
INFO - 2024-02-03 09:40:05 --> Session: Class initialized using 'CodeIgniter\Session\Handlers\FileHandler' driver.
INFO - 2024-02-03 09:40:17 --> Session: Class initialized using 'CodeIgniter\Session\Handlers\FileHandler' driver.
INFO - 2024-02-03 09:40:30 --> Session: Class initialized using 'CodeIgniter\Session\Handlers\FileHandler' driver.
INFO - 2024-02-03 09:43:54 --> Session: Class initialized using 'CodeIgniter\Session\Handlers\FileHandler' driver.
INFO - 2024-02-03 09:44:54 --> Session: Class initialized using 'CodeIgniter\Session\Handlers\FileHandler' driver.
INFO - 2024-02-03 09:47:57 --> Session: Class initialized using 'CodeIgniter\Session\Handlers\FileHandler' driver.
INFO - 2024-02-03 09:52:35 --> Session: Class initialized using 'CodeIgniter\Session\Handlers\FileHandler' driver.
INFO - 2024-02-03 09:52:39 --> Session: Class initialized using 'CodeIgniter\Session\Handlers\FileHandler' driver.
INFO - 2024-02-03 09:52:40 --> Client ID: 2
INFO - 2024-02-03 09:52:44 --> Client ID: 3
INFO - 2024-02-03 09:58:43 --> Session: Class initialized using 'CodeIgniter\Session\Handlers\FileHandler' driver.
INFO - 2024-02-03 09:58:43 --> Client ID: 2
INFO - 2024-02-03 09:58:54 --> Session: Class initialized using 'CodeIgniter\Session\Handlers\FileHandler' driver.
INFO - 2024-02-03 09:58:55 --> Client ID: 2
INFO - 2024-02-03 09:58:57 --> Client ID: 3
INFO - 2024-02-03 09:59:14 --> Client ID: 2
INFO - 2024-02-03 09:59:47 --> Session: Class initialized using 'CodeIgniter\Session\Handlers\FileHandler' driver.
ERROR - 2024-02-03 09:59:47 --> Error retrieving data: Undefined array key "testTypeID"
INFO - 2024-02-03 10:02:50 --> Session: Class initialized using 'CodeIgniter\Session\Handlers\FileHandler' driver.
INFO - 2024-02-03 10:02:51 --> Client ID: 2
INFO - 2024-02-03 10:02:59 --> Session: Class initialized using 'CodeIgniter\Session\Handlers\FileHandler' driver.
INFO - 2024-02-03 10:03:01 --> Client ID: 2
INFO - 2024-02-03 10:03:02 --> Client ID: 3
INFO - 2024-02-03 10:03:09 --> Session: Class initialized using 'CodeIgniter\Session\Handlers\FileHandler' driver.
ERROR - 2024-02-03 10:03:09 --> mysqli_sql_exception: Cannot add or update a child row: a foreign key constraint fails (`dashboard`.`labtest`, CONSTRAINT `fk_testType` FOREIGN KEY (`testTypeId`) REFERENCES `test_type` (`testTypeId`)) in C:\xampp\htdocs\HMS_RegexByte\system\Database\MySQLi\Connection.php:306
=======
INFO - 2024-02-03 07:28:24 --> Session: Class initialized using 'CodeIgniter\Session\Handlers\FileHandler' driver.
INFO - 2024-02-03 07:30:47 --> Session: Class initialized using 'CodeIgniter\Session\Handlers\FileHandler' driver.
INFO - 2024-02-03 07:30:54 --> Client ID: 2
INFO - 2024-02-03 07:30:58 --> Client ID: 3
INFO - 2024-02-03 07:31:06 --> Client ID: 4
INFO - 2024-02-03 07:55:14 --> Client ID: 3
INFO - 2024-02-03 07:58:18 --> Session: Class initialized using 'CodeIgniter\Session\Handlers\FileHandler' driver.
INFO - 2024-02-03 07:58:24 --> Client ID: 2
INFO - 2024-02-03 07:58:28 --> Client ID: 3
INFO - 2024-02-03 08:00:18 --> Session: Class initialized using 'CodeIgniter\Session\Handlers\FileHandler' driver.
INFO - 2024-02-03 08:00:23 --> Client ID: 2
INFO - 2024-02-03 08:00:51 --> Client ID: 3
INFO - 2024-02-03 08:00:57 --> Session: Class initialized using 'CodeIgniter\Session\Handlers\FileHandler' driver.
INFO - 2024-02-03 08:02:03 --> Client ID: 4
INFO - 2024-02-03 08:02:08 --> Session: Class initialized using 'CodeIgniter\Session\Handlers\FileHandler' driver.
INFO - 2024-02-03 08:06:56 --> Client ID: 3
INFO - 2024-02-03 08:07:00 --> Session: Class initialized using 'CodeIgniter\Session\Handlers\FileHandler' driver.
INFO - 2024-02-03 08:08:53 --> Session: Class initialized using 'CodeIgniter\Session\Handlers\FileHandler' driver.
INFO - 2024-02-03 08:09:02 --> Session: Class initialized using 'CodeIgniter\Session\Handlers\FileHandler' driver.
INFO - 2024-02-03 08:09:05 --> Client ID: 2
INFO - 2024-02-03 08:09:21 --> Session: Class initialized using 'CodeIgniter\Session\Handlers\FileHandler' driver.
INFO - 2024-02-03 08:09:36 --> Session: Class initialized using 'CodeIgniter\Session\Handlers\FileHandler' driver.
INFO - 2024-02-03 08:10:39 --> Session: Class initialized using 'CodeIgniter\Session\Handlers\FileHandler' driver.
INFO - 2024-02-03 08:10:44 --> Session: Class initialized using 'CodeIgniter\Session\Handlers\FileHandler' driver.
INFO - 2024-02-03 08:12:02 --> Session: Class initialized using 'CodeIgniter\Session\Handlers\FileHandler' driver.
INFO - 2024-02-03 08:12:19 --> Session: Class initialized using 'CodeIgniter\Session\Handlers\FileHandler' driver.
ERROR - 2024-02-03 08:12:19 --> mysqli_sql_exception: Unknown column 'created_at' in 'field list' in C:\xampp\htdocs\HMS_RegexByte\system\Database\MySQLi\Connection.php:306
Stack trace:
#0 C:\xampp\htdocs\HMS_RegexByte\system\Database\MySQLi\Connection.php(306): mysqli->query('INSERT INTO `te...', 0)
#1 C:\xampp\htdocs\HMS_RegexByte\system\Database\BaseConnection.php(693): CodeIgniter\Database\MySQLi\Connection->execute('INSERT INTO `te...')
#2 C:\xampp\htdocs\HMS_RegexByte\system\Database\BaseConnection.php(607): CodeIgniter\Database\BaseConnection->simpleQuery('INSERT INTO `te...')
#3 C:\xampp\htdocs\HMS_RegexByte\system\Database\BaseBuilder.php(2308): CodeIgniter\Database\BaseConnection->query('INSERT INTO `te...', Array, false)
#4 C:\xampp\htdocs\HMS_RegexByte\system\Model.php(319): CodeIgniter\Database\BaseBuilder->insert()
#5 C:\xampp\htdocs\HMS_RegexByte\system\BaseModel.php(788): CodeIgniter\Model->doInsert(Array)
#6 C:\xampp\htdocs\HMS_RegexByte\system\Model.php(715): CodeIgniter\BaseModel->insert(Array, true)
#7 C:\xampp\htdocs\HMS_RegexByte\app\Models\LabModel.php(17): CodeIgniter\Model->insert(Array)
#8 C:\xampp\htdocs\HMS_RegexByte\app\Controllers\LabController.php(60): App\Models\LabModel->saveLabService(Array)
#9 C:\xampp\htdocs\HMS_RegexByte\system\CodeIgniter.php(942): App\Controllers\LabController->saveLabService()
#10 C:\xampp\htdocs\HMS_RegexByte\system\CodeIgniter.php(502): CodeIgniter\CodeIgniter->runController(Object(App\Controllers\LabController))
#11 C:\xampp\htdocs\HMS_RegexByte\system\CodeIgniter.php(361): CodeIgniter\CodeIgniter->handleRequest(NULL, Object(Config\Cache), false)
#12 C:\xampp\htdocs\HMS_RegexByte\index.php(79): CodeIgniter\CodeIgniter->run()
#13 {main}
CRITICAL - 2024-02-03 08:12:19 --> Unknown column 'created_at' in 'field list'
in SYSTEMPATH\Database\BaseConnection.php on line 647.
 1 SYSTEMPATH\Database\BaseBuilder.php(2308): CodeIgniter\Database\BaseConnection->query('INSERT INTO `test_type` (`title`, `description`, `test_fee`, `userID`, `businessID`, `created_at`, `updated_at`) VALUES (:title:, :description:, :test_fee:, :userID:, :businessID:, :created_at:, :updated_at:)', [...], false)
 2 SYSTEMPATH\Model.php(319): CodeIgniter\Database\BaseBuilder->insert()
 3 SYSTEMPATH\BaseModel.php(788): CodeIgniter\Model->doInsert([...])
 4 SYSTEMPATH\Model.php(715): CodeIgniter\BaseModel->insert([...], true)
 5 APPPATH\Models\LabModel.php(17): CodeIgniter\Model->insert([...])
 6 APPPATH\Controllers\LabController.php(60): App\Models\LabModel->saveLabService([...])
 7 SYSTEMPATH\CodeIgniter.php(942): App\Controllers\LabController->saveLabService()
 8 SYSTEMPATH\CodeIgniter.php(502): CodeIgniter\CodeIgniter->runController(Object(App\Controllers\LabController))
 9 SYSTEMPATH\CodeIgniter.php(361): CodeIgniter\CodeIgniter->handleRequest(null, Object(Config\Cache), false)
10 FCPATH\index.php(79): CodeIgniter\CodeIgniter->run()
INFO - 2024-02-03 08:13:49 --> Session: Class initialized using 'CodeIgniter\Session\Handlers\FileHandler' driver.
INFO - 2024-02-03 08:13:54 --> Session: Class initialized using 'CodeIgniter\Session\Handlers\FileHandler' driver.
ERROR - 2024-02-03 08:13:54 --> mysqli_sql_exception: Unknown column 'created_at' in 'field list' in C:\xampp\htdocs\HMS_RegexByte\system\Database\MySQLi\Connection.php:306
Stack trace:
#0 C:\xampp\htdocs\HMS_RegexByte\system\Database\MySQLi\Connection.php(306): mysqli->query('INSERT INTO `te...', 0)
#1 C:\xampp\htdocs\HMS_RegexByte\system\Database\BaseConnection.php(693): CodeIgniter\Database\MySQLi\Connection->execute('INSERT INTO `te...')
#2 C:\xampp\htdocs\HMS_RegexByte\system\Database\BaseConnection.php(607): CodeIgniter\Database\BaseConnection->simpleQuery('INSERT INTO `te...')
#3 C:\xampp\htdocs\HMS_RegexByte\system\Database\BaseBuilder.php(2308): CodeIgniter\Database\BaseConnection->query('INSERT INTO `te...', Array, false)
#4 C:\xampp\htdocs\HMS_RegexByte\system\Model.php(319): CodeIgniter\Database\BaseBuilder->insert()
#5 C:\xampp\htdocs\HMS_RegexByte\system\BaseModel.php(788): CodeIgniter\Model->doInsert(Array)
#6 C:\xampp\htdocs\HMS_RegexByte\system\Model.php(715): CodeIgniter\BaseModel->insert(Array, true)
#7 C:\xampp\htdocs\HMS_RegexByte\app\Models\LabModel.php(17): CodeIgniter\Model->insert(Array)
#8 C:\xampp\htdocs\HMS_RegexByte\app\Controllers\LabController.php(60): App\Models\LabModel->saveLabService(Array)
#9 C:\xampp\htdocs\HMS_RegexByte\system\CodeIgniter.php(942): App\Controllers\LabController->saveLabService()
#10 C:\xampp\htdocs\HMS_RegexByte\system\CodeIgniter.php(502): CodeIgniter\CodeIgniter->runController(Object(App\Controllers\LabController))
#11 C:\xampp\htdocs\HMS_RegexByte\system\CodeIgniter.php(361): CodeIgniter\CodeIgniter->handleRequest(NULL, Object(Config\Cache), false)
#12 C:\xampp\htdocs\HMS_RegexByte\index.php(79): CodeIgniter\CodeIgniter->run()
#13 {main}
CRITICAL - 2024-02-03 08:13:54 --> Unknown column 'created_at' in 'field list'
in SYSTEMPATH\Database\BaseConnection.php on line 647.
 1 SYSTEMPATH\Database\BaseBuilder.php(2308): CodeIgniter\Database\BaseConnection->query('INSERT INTO `test_type` (`title`, `description`, `test_fee`, `userID`, `businessID`, `created_at`, `updated_at`) VALUES (:title:, :description:, :test_fee:, :userID:, :businessID:, :created_at:, :updated_at:)', [...], false)
 2 SYSTEMPATH\Model.php(319): CodeIgniter\Database\BaseBuilder->insert()
 3 SYSTEMPATH\BaseModel.php(788): CodeIgniter\Model->doInsert([...])
 4 SYSTEMPATH\Model.php(715): CodeIgniter\BaseModel->insert([...], true)
 5 APPPATH\Models\LabModel.php(17): CodeIgniter\Model->insert([...])
 6 APPPATH\Controllers\LabController.php(60): App\Models\LabModel->saveLabService([...])
 7 SYSTEMPATH\CodeIgniter.php(942): App\Controllers\LabController->saveLabService()
 8 SYSTEMPATH\CodeIgniter.php(502): CodeIgniter\CodeIgniter->runController(Object(App\Controllers\LabController))
 9 SYSTEMPATH\CodeIgniter.php(361): CodeIgniter\CodeIgniter->handleRequest(null, Object(Config\Cache), false)
10 FCPATH\index.php(79): CodeIgniter\CodeIgniter->run()
INFO - 2024-02-03 08:15:35 --> Session: Class initialized using 'CodeIgniter\Session\Handlers\FileHandler' driver.
ERROR - 2024-02-03 08:15:35 --> mysqli_sql_exception: Unknown column 'created_at' in 'field list' in C:\xampp\htdocs\HMS_RegexByte\system\Database\MySQLi\Connection.php:306
Stack trace:
#0 C:\xampp\htdocs\HMS_RegexByte\system\Database\MySQLi\Connection.php(306): mysqli->query('INSERT INTO `te...', 0)
#1 C:\xampp\htdocs\HMS_RegexByte\system\Database\BaseConnection.php(693): CodeIgniter\Database\MySQLi\Connection->execute('INSERT INTO `te...')
#2 C:\xampp\htdocs\HMS_RegexByte\system\Database\BaseConnection.php(607): CodeIgniter\Database\BaseConnection->simpleQuery('INSERT INTO `te...')
#3 C:\xampp\htdocs\HMS_RegexByte\system\Database\BaseBuilder.php(2308): CodeIgniter\Database\BaseConnection->query('INSERT INTO `te...', Array, false)
#4 C:\xampp\htdocs\HMS_RegexByte\system\Model.php(319): CodeIgniter\Database\BaseBuilder->insert()
#5 C:\xampp\htdocs\HMS_RegexByte\system\BaseModel.php(788): CodeIgniter\Model->doInsert(Array)
#6 C:\xampp\htdocs\HMS_RegexByte\system\Model.php(715): CodeIgniter\BaseModel->insert(Array, true)
#7 C:\xampp\htdocs\HMS_RegexByte\app\Models\LabModel.php(17): CodeIgniter\Model->insert(Array)
#8 C:\xampp\htdocs\HMS_RegexByte\app\Controllers\LabController.php(60): App\Models\LabModel->saveLabService(Array)
#9 C:\xampp\htdocs\HMS_RegexByte\system\CodeIgniter.php(942): App\Controllers\LabController->saveLabService()
#10 C:\xampp\htdocs\HMS_RegexByte\system\CodeIgniter.php(502): CodeIgniter\CodeIgniter->runController(Object(App\Controllers\LabController))
#11 C:\xampp\htdocs\HMS_RegexByte\system\CodeIgniter.php(361): CodeIgniter\CodeIgniter->handleRequest(NULL, Object(Config\Cache), false)
#12 C:\xampp\htdocs\HMS_RegexByte\index.php(79): CodeIgniter\CodeIgniter->run()
#13 {main}
CRITICAL - 2024-02-03 08:15:35 --> Unknown column 'created_at' in 'field list'
in SYSTEMPATH\Database\BaseConnection.php on line 647.
 1 SYSTEMPATH\Database\BaseBuilder.php(2308): CodeIgniter\Database\BaseConnection->query('INSERT INTO `test_type` (`title`, `description`, `test_fee`, `userID`, `businessID`, `created_at`, `updated_at`) VALUES (:title:, :description:, :test_fee:, :userID:, :businessID:, :created_at:, :updated_at:)', [...], false)
 2 SYSTEMPATH\Model.php(319): CodeIgniter\Database\BaseBuilder->insert()
 3 SYSTEMPATH\BaseModel.php(788): CodeIgniter\Model->doInsert([...])
 4 SYSTEMPATH\Model.php(715): CodeIgniter\BaseModel->insert([...], true)
 5 APPPATH\Models\LabModel.php(17): CodeIgniter\Model->insert([...])
 6 APPPATH\Controllers\LabController.php(60): App\Models\LabModel->saveLabService([...])
 7 SYSTEMPATH\CodeIgniter.php(942): App\Controllers\LabController->saveLabService()
 8 SYSTEMPATH\CodeIgniter.php(502): CodeIgniter\CodeIgniter->runController(Object(App\Controllers\LabController))
 9 SYSTEMPATH\CodeIgniter.php(361): CodeIgniter\CodeIgniter->handleRequest(null, Object(Config\Cache), false)
10 FCPATH\index.php(79): CodeIgniter\CodeIgniter->run()
INFO - 2024-02-03 08:19:40 --> Session: Class initialized using 'CodeIgniter\Session\Handlers\FileHandler' driver.
INFO - 2024-02-03 08:19:45 --> Session: Class initialized using 'CodeIgniter\Session\Handlers\FileHandler' driver.
INFO - 2024-02-03 08:19:45 --> Session: Class initialized using 'CodeIgniter\Session\Handlers\FileHandler' driver.
INFO - 2024-02-03 08:20:16 --> Session: Class initialized using 'CodeIgniter\Session\Handlers\FileHandler' driver.
INFO - 2024-02-03 08:20:17 --> Session: Class initialized using 'CodeIgniter\Session\Handlers\FileHandler' driver.
INFO - 2024-02-03 08:20:30 --> Session: Class initialized using 'CodeIgniter\Session\Handlers\FileHandler' driver.
INFO - 2024-02-03 08:20:33 --> Client ID: 2
INFO - 2024-02-03 08:21:14 --> Session: Class initialized using 'CodeIgniter\Session\Handlers\FileHandler' driver.
INFO - 2024-02-03 08:21:35 --> Session: Class initialized using 'CodeIgniter\Session\Handlers\FileHandler' driver.
INFO - 2024-02-03 08:21:38 --> Client ID: 2
INFO - 2024-02-03 08:21:41 --> Client ID: 3
INFO - 2024-02-03 08:21:46 --> Session: Class initialized using 'CodeIgniter\Session\Handlers\FileHandler' driver.
INFO - 2024-02-03 08:24:35 --> Session: Class initialized using 'CodeIgniter\Session\Handlers\FileHandler' driver.
INFO - 2024-02-03 08:24:38 --> Client ID: 2
INFO - 2024-02-03 08:28:58 --> Session: Class initialized using 'CodeIgniter\Session\Handlers\FileHandler' driver.
INFO - 2024-02-03 08:29:09 --> Session: Class initialized using 'CodeIgniter\Session\Handlers\FileHandler' driver.
INFO - 2024-02-03 09:43:09 --> Session: Class initialized using 'CodeIgniter\Session\Handlers\FileHandler' driver.
INFO - 2024-02-03 09:43:12 --> Client ID: 2
INFO - 2024-02-03 09:43:15 --> Client ID: 3
INFO - 2024-02-03 09:43:20 --> Session: Class initialized using 'CodeIgniter\Session\Handlers\FileHandler' driver.
CRITICAL - 2024-02-03 09:43:20 --> Undefined variable $db
in APPPATH\Controllers\LabController.php on line 270.
 1 APPPATH\Controllers\LabController.php(270): CodeIgniter\Debug\Exceptions->errorHandler(2, 'Undefined variable $db', 'C:\\xampp\\htdocs\\HMS_RegexByte\\app\\Controllers\\LabController.php', 270)
 2 SYSTEMPATH\CodeIgniter.php(942): App\Controllers\LabController->submitTests()
 3 SYSTEMPATH\CodeIgniter.php(502): CodeIgniter\CodeIgniter->runController(Object(App\Controllers\LabController))
 4 SYSTEMPATH\CodeIgniter.php(361): CodeIgniter\CodeIgniter->handleRequest(null, Object(Config\Cache), false)
 5 FCPATH\index.php(79): CodeIgniter\CodeIgniter->run()
INFO - 2024-02-03 09:45:24 --> Session: Class initialized using 'CodeIgniter\Session\Handlers\FileHandler' driver.
INFO - 2024-02-03 09:45:27 --> Client ID: 2
INFO - 2024-02-03 09:45:30 --> Client ID: 3
INFO - 2024-02-03 09:45:35 --> Session: Class initialized using 'CodeIgniter\Session\Handlers\FileHandler' driver.
ERROR - 2024-02-03 09:45:35 --> mysqli_sql_exception: Cannot add or update a child row: a foreign key constraint fails (`dashboard`.`labtest`, CONSTRAINT `fk_testType` FOREIGN KEY (`testTypeId`) REFERENCES `test_type` (`testTypeId`)) in C:\xampp\htdocs\HMS_RegexByte\system\Database\MySQLi\Connection.php:306
>>>>>>> 56a0ee710ee3693dc2ffd9d7669b844c91634c0f
Stack trace:
#0 C:\xampp\htdocs\HMS_RegexByte\system\Database\MySQLi\Connection.php(306): mysqli->query('INSERT INTO `la...', 0)
#1 C:\xampp\htdocs\HMS_RegexByte\system\Database\BaseConnection.php(693): CodeIgniter\Database\MySQLi\Connection->execute('INSERT INTO `la...')
#2 C:\xampp\htdocs\HMS_RegexByte\system\Database\BaseConnection.php(607): CodeIgniter\Database\BaseConnection->simpleQuery('INSERT INTO `la...')
#3 C:\xampp\htdocs\HMS_RegexByte\system\Database\BaseBuilder.php(2308): CodeIgniter\Database\BaseConnection->query('INSERT INTO `la...', Array, false)
#4 C:\xampp\htdocs\HMS_RegexByte\system\Model.php(319): CodeIgniter\Database\BaseBuilder->insert()
#5 C:\xampp\htdocs\HMS_RegexByte\system\BaseModel.php(788): CodeIgniter\Model->doInsert(Array)
#6 C:\xampp\htdocs\HMS_RegexByte\system\Model.php(715): CodeIgniter\BaseModel->insert(Array, true)
#7 C:\xampp\htdocs\HMS_RegexByte\app\Models\TestModel.php(20): CodeIgniter\Model->insert(Array)
<<<<<<< HEAD
#8 C:\xampp\htdocs\HMS_RegexByte\app\Controllers\LabController.php(299): App\Models\TestModel->saveTest(Array)
=======
#8 C:\xampp\htdocs\HMS_RegexByte\app\Controllers\LabController.php(311): App\Models\TestModel->saveTest(Array)
>>>>>>> 56a0ee710ee3693dc2ffd9d7669b844c91634c0f
#9 C:\xampp\htdocs\HMS_RegexByte\system\CodeIgniter.php(942): App\Controllers\LabController->submitTests()
#10 C:\xampp\htdocs\HMS_RegexByte\system\CodeIgniter.php(502): CodeIgniter\CodeIgniter->runController(Object(App\Controllers\LabController))
#11 C:\xampp\htdocs\HMS_RegexByte\system\CodeIgniter.php(361): CodeIgniter\CodeIgniter->handleRequest(NULL, Object(Config\Cache), false)
#12 C:\xampp\htdocs\HMS_RegexByte\index.php(79): CodeIgniter\CodeIgniter->run()
#13 {main}
<<<<<<< HEAD
CRITICAL - 2024-02-03 10:03:09 --> Cannot add or update a child row: a foreign key constraint fails (`dashboard`.`labtest`, CONSTRAINT `fk_testType` FOREIGN KEY (`testTypeId`) REFERENCES `test_type` (`testTypeId`))
in SYSTEMPATH\Database\BaseConnection.php on line 647.
 1 SYSTEMPATH\Database\BaseBuilder.php(2308): CodeIgniter\Database\BaseConnection->query('INSERT INTO `labtest` (`testTypeId`, `fee`, `userId`, `businessId`, `hospitalCharges`, `clientId`, `appointmentId`) VALUES (:testTypeId:, :fee:, :userId:, :businessId:, :hospitalCharges:, :clientId:, :appointmentId:)', [...], false)
 2 SYSTEMPATH\Model.php(319): CodeIgniter\Database\BaseBuilder->insert()
 3 SYSTEMPATH\BaseModel.php(788): CodeIgniter\Model->doInsert([...])
 4 SYSTEMPATH\Model.php(715): CodeIgniter\BaseModel->insert([...], true)
 5 APPPATH\Models\TestModel.php(20): CodeIgniter\Model->insert([...])
 6 APPPATH\Controllers\LabController.php(299): App\Models\TestModel->saveTest([...])
 7 SYSTEMPATH\CodeIgniter.php(942): App\Controllers\LabController->submitTests()
 8 SYSTEMPATH\CodeIgniter.php(502): CodeIgniter\CodeIgniter->runController(Object(App\Controllers\LabController))
 9 SYSTEMPATH\CodeIgniter.php(361): CodeIgniter\CodeIgniter->handleRequest(null, Object(Config\Cache), false)
10 FCPATH\index.php(79): CodeIgniter\CodeIgniter->run()
INFO - 2024-02-03 10:05:13 --> Session: Class initialized using 'CodeIgniter\Session\Handlers\FileHandler' driver.
INFO - 2024-02-03 10:05:16 --> Client ID: 2
INFO - 2024-02-03 10:05:20 --> Session: Class initialized using 'CodeIgniter\Session\Handlers\FileHandler' driver.
INFO - 2024-02-03 10:05:21 --> Client ID: 2
INFO - 2024-02-03 10:05:23 --> Client ID: 3
INFO - 2024-02-03 10:05:28 --> Session: Class initialized using 'CodeIgniter\Session\Handlers\FileHandler' driver.
ERROR - 2024-02-03 10:05:28 --> mysqli_sql_exception: Cannot add or update a child row: a foreign key constraint fails (`dashboard`.`labtest`, CONSTRAINT `fk_testType` FOREIGN KEY (`testTypeId`) REFERENCES `test_type` (`testTypeId`)) in C:\xampp\htdocs\HMS_RegexByte\system\Database\MySQLi\Connection.php:306
=======
INFO - 2024-02-03 09:47:27 --> Session: Class initialized using 'CodeIgniter\Session\Handlers\FileHandler' driver.
ERROR - 2024-02-03 09:47:27 --> mysqli_sql_exception: Cannot add or update a child row: a foreign key constraint fails (`dashboard`.`labtest`, CONSTRAINT `fk_testType` FOREIGN KEY (`testTypeId`) REFERENCES `test_type` (`testTypeId`)) in C:\xampp\htdocs\HMS_RegexByte\system\Database\MySQLi\Connection.php:306
>>>>>>> 56a0ee710ee3693dc2ffd9d7669b844c91634c0f
Stack trace:
#0 C:\xampp\htdocs\HMS_RegexByte\system\Database\MySQLi\Connection.php(306): mysqli->query('INSERT INTO `la...', 0)
#1 C:\xampp\htdocs\HMS_RegexByte\system\Database\BaseConnection.php(693): CodeIgniter\Database\MySQLi\Connection->execute('INSERT INTO `la...')
#2 C:\xampp\htdocs\HMS_RegexByte\system\Database\BaseConnection.php(607): CodeIgniter\Database\BaseConnection->simpleQuery('INSERT INTO `la...')
#3 C:\xampp\htdocs\HMS_RegexByte\system\Database\BaseBuilder.php(2308): CodeIgniter\Database\BaseConnection->query('INSERT INTO `la...', Array, false)
#4 C:\xampp\htdocs\HMS_RegexByte\system\Model.php(319): CodeIgniter\Database\BaseBuilder->insert()
#5 C:\xampp\htdocs\HMS_RegexByte\system\BaseModel.php(788): CodeIgniter\Model->doInsert(Array)
#6 C:\xampp\htdocs\HMS_RegexByte\system\Model.php(715): CodeIgniter\BaseModel->insert(Array, true)
#7 C:\xampp\htdocs\HMS_RegexByte\app\Models\TestModel.php(20): CodeIgniter\Model->insert(Array)
<<<<<<< HEAD
#8 C:\xampp\htdocs\HMS_RegexByte\app\Controllers\LabController.php(299): App\Models\TestModel->saveTest(Array)
=======
#8 C:\xampp\htdocs\HMS_RegexByte\app\Controllers\LabController.php(256): App\Models\TestModel->saveTest(Array)
>>>>>>> 56a0ee710ee3693dc2ffd9d7669b844c91634c0f
#9 C:\xampp\htdocs\HMS_RegexByte\system\CodeIgniter.php(942): App\Controllers\LabController->submitTests()
#10 C:\xampp\htdocs\HMS_RegexByte\system\CodeIgniter.php(502): CodeIgniter\CodeIgniter->runController(Object(App\Controllers\LabController))
#11 C:\xampp\htdocs\HMS_RegexByte\system\CodeIgniter.php(361): CodeIgniter\CodeIgniter->handleRequest(NULL, Object(Config\Cache), false)
#12 C:\xampp\htdocs\HMS_RegexByte\index.php(79): CodeIgniter\CodeIgniter->run()
#13 {main}
<<<<<<< HEAD
CRITICAL - 2024-02-03 10:05:28 --> Cannot add or update a child row: a foreign key constraint fails (`dashboard`.`labtest`, CONSTRAINT `fk_testType` FOREIGN KEY (`testTypeId`) REFERENCES `test_type` (`testTypeId`))
=======
CRITICAL - 2024-02-03 09:47:27 --> Cannot add or update a child row: a foreign key constraint fails (`dashboard`.`labtest`, CONSTRAINT `fk_testType` FOREIGN KEY (`testTypeId`) REFERENCES `test_type` (`testTypeId`))
>>>>>>> 56a0ee710ee3693dc2ffd9d7669b844c91634c0f
in SYSTEMPATH\Database\BaseConnection.php on line 647.
 1 SYSTEMPATH\Database\BaseBuilder.php(2308): CodeIgniter\Database\BaseConnection->query('INSERT INTO `labtest` (`testTypeId`, `fee`, `userId`, `businessId`, `hospitalCharges`, `clientId`, `appointmentId`) VALUES (:testTypeId:, :fee:, :userId:, :businessId:, :hospitalCharges:, :clientId:, :appointmentId:)', [...], false)
 2 SYSTEMPATH\Model.php(319): CodeIgniter\Database\BaseBuilder->insert()
 3 SYSTEMPATH\BaseModel.php(788): CodeIgniter\Model->doInsert([...])
 4 SYSTEMPATH\Model.php(715): CodeIgniter\BaseModel->insert([...], true)
 5 APPPATH\Models\TestModel.php(20): CodeIgniter\Model->insert([...])
<<<<<<< HEAD
 6 APPPATH\Controllers\LabController.php(299): App\Models\TestModel->saveTest([...])
=======
 6 APPPATH\Controllers\LabController.php(256): App\Models\TestModel->saveTest([...])
>>>>>>> 56a0ee710ee3693dc2ffd9d7669b844c91634c0f
 7 SYSTEMPATH\CodeIgniter.php(942): App\Controllers\LabController->submitTests()
 8 SYSTEMPATH\CodeIgniter.php(502): CodeIgniter\CodeIgniter->runController(Object(App\Controllers\LabController))
 9 SYSTEMPATH\CodeIgniter.php(361): CodeIgniter\CodeIgniter->handleRequest(null, Object(Config\Cache), false)
10 FCPATH\index.php(79): CodeIgniter\CodeIgniter->run()
<<<<<<< HEAD
INFO - 2024-02-03 10:06:54 --> Session: Class initialized using 'CodeIgniter\Session\Handlers\FileHandler' driver.
INFO - 2024-02-03 10:07:17 --> Session: Class initialized using 'CodeIgniter\Session\Handlers\FileHandler' driver.
INFO - 2024-02-03 10:07:21 --> Session: Class initialized using 'CodeIgniter\Session\Handlers\FileHandler' driver.
INFO - 2024-02-03 10:07:33 --> Session: Class initialized using 'CodeIgniter\Session\Handlers\FileHandler' driver.
INFO - 2024-02-03 10:07:53 --> Session: Class initialized using 'CodeIgniter\Session\Handlers\FileHandler' driver.
INFO - 2024-02-03 10:08:00 --> Session: Class initialized using 'CodeIgniter\Session\Handlers\FileHandler' driver.
INFO - 2024-02-03 10:09:01 --> Session: Class initialized using 'CodeIgniter\Session\Handlers\FileHandler' driver.
INFO - 2024-02-03 10:09:02 --> Client ID: 2
INFO - 2024-02-03 10:09:06 --> Session: Class initialized using 'CodeIgniter\Session\Handlers\FileHandler' driver.
INFO - 2024-02-03 10:09:07 --> Client ID: 2
INFO - 2024-02-03 10:09:17 --> Client ID: 3
INFO - 2024-02-03 10:09:23 --> Session: Class initialized using 'CodeIgniter\Session\Handlers\FileHandler' driver.
INFO - 2024-02-03 10:10:09 --> Session: Class initialized using 'CodeIgniter\Session\Handlers\FileHandler' driver.
INFO - 2024-02-03 10:10:10 --> Client ID: 2
INFO - 2024-02-03 10:10:43 --> Session: Class initialized using 'CodeIgniter\Session\Handlers\FileHandler' driver.
INFO - 2024-02-03 10:10:43 --> Client ID: 2
INFO - 2024-02-03 10:10:47 --> Session: Class initialized using 'CodeIgniter\Session\Handlers\FileHandler' driver.
ERROR - 2024-02-03 10:10:47 --> mysqli_sql_exception: Cannot add or update a child row: a foreign key constraint fails (`dashboard`.`labtest`, CONSTRAINT `fk_testType` FOREIGN KEY (`testTypeId`) REFERENCES `test_type` (`testTypeId`)) in C:\xampp\htdocs\HMS_RegexByte\system\Database\MySQLi\Connection.php:306
=======
INFO - 2024-02-03 09:47:29 --> Session: Class initialized using 'CodeIgniter\Session\Handlers\FileHandler' driver.
ERROR - 2024-02-03 09:47:29 --> mysqli_sql_exception: Cannot add or update a child row: a foreign key constraint fails (`dashboard`.`labtest`, CONSTRAINT `fk_testType` FOREIGN KEY (`testTypeId`) REFERENCES `test_type` (`testTypeId`)) in C:\xampp\htdocs\HMS_RegexByte\system\Database\MySQLi\Connection.php:306
>>>>>>> 56a0ee710ee3693dc2ffd9d7669b844c91634c0f
Stack trace:
#0 C:\xampp\htdocs\HMS_RegexByte\system\Database\MySQLi\Connection.php(306): mysqli->query('INSERT INTO `la...', 0)
#1 C:\xampp\htdocs\HMS_RegexByte\system\Database\BaseConnection.php(693): CodeIgniter\Database\MySQLi\Connection->execute('INSERT INTO `la...')
#2 C:\xampp\htdocs\HMS_RegexByte\system\Database\BaseConnection.php(607): CodeIgniter\Database\BaseConnection->simpleQuery('INSERT INTO `la...')
#3 C:\xampp\htdocs\HMS_RegexByte\system\Database\BaseBuilder.php(2308): CodeIgniter\Database\BaseConnection->query('INSERT INTO `la...', Array, false)
#4 C:\xampp\htdocs\HMS_RegexByte\system\Model.php(319): CodeIgniter\Database\BaseBuilder->insert()
#5 C:\xampp\htdocs\HMS_RegexByte\system\BaseModel.php(788): CodeIgniter\Model->doInsert(Array)
#6 C:\xampp\htdocs\HMS_RegexByte\system\Model.php(715): CodeIgniter\BaseModel->insert(Array, true)
#7 C:\xampp\htdocs\HMS_RegexByte\app\Models\TestModel.php(20): CodeIgniter\Model->insert(Array)
<<<<<<< HEAD
#8 C:\xampp\htdocs\HMS_RegexByte\app\Controllers\LabController.php(249): App\Models\TestModel->saveTest(Array)
=======
#8 C:\xampp\htdocs\HMS_RegexByte\app\Controllers\LabController.php(256): App\Models\TestModel->saveTest(Array)
>>>>>>> 56a0ee710ee3693dc2ffd9d7669b844c91634c0f
#9 C:\xampp\htdocs\HMS_RegexByte\system\CodeIgniter.php(942): App\Controllers\LabController->submitTests()
#10 C:\xampp\htdocs\HMS_RegexByte\system\CodeIgniter.php(502): CodeIgniter\CodeIgniter->runController(Object(App\Controllers\LabController))
#11 C:\xampp\htdocs\HMS_RegexByte\system\CodeIgniter.php(361): CodeIgniter\CodeIgniter->handleRequest(NULL, Object(Config\Cache), false)
#12 C:\xampp\htdocs\HMS_RegexByte\index.php(79): CodeIgniter\CodeIgniter->run()
#13 {main}
<<<<<<< HEAD
CRITICAL - 2024-02-03 10:10:47 --> Cannot add or update a child row: a foreign key constraint fails (`dashboard`.`labtest`, CONSTRAINT `fk_testType` FOREIGN KEY (`testTypeId`) REFERENCES `test_type` (`testTypeId`))
=======
CRITICAL - 2024-02-03 09:47:29 --> Cannot add or update a child row: a foreign key constraint fails (`dashboard`.`labtest`, CONSTRAINT `fk_testType` FOREIGN KEY (`testTypeId`) REFERENCES `test_type` (`testTypeId`))
>>>>>>> 56a0ee710ee3693dc2ffd9d7669b844c91634c0f
in SYSTEMPATH\Database\BaseConnection.php on line 647.
 1 SYSTEMPATH\Database\BaseBuilder.php(2308): CodeIgniter\Database\BaseConnection->query('INSERT INTO `labtest` (`testTypeId`, `fee`, `userId`, `businessId`, `hospitalCharges`, `clientId`, `appointmentId`) VALUES (:testTypeId:, :fee:, :userId:, :businessId:, :hospitalCharges:, :clientId:, :appointmentId:)', [...], false)
 2 SYSTEMPATH\Model.php(319): CodeIgniter\Database\BaseBuilder->insert()
 3 SYSTEMPATH\BaseModel.php(788): CodeIgniter\Model->doInsert([...])
 4 SYSTEMPATH\Model.php(715): CodeIgniter\BaseModel->insert([...], true)
 5 APPPATH\Models\TestModel.php(20): CodeIgniter\Model->insert([...])
<<<<<<< HEAD
 6 APPPATH\Controllers\LabController.php(249): App\Models\TestModel->saveTest([...])
=======
 6 APPPATH\Controllers\LabController.php(256): App\Models\TestModel->saveTest([...])
>>>>>>> 56a0ee710ee3693dc2ffd9d7669b844c91634c0f
 7 SYSTEMPATH\CodeIgniter.php(942): App\Controllers\LabController->submitTests()
 8 SYSTEMPATH\CodeIgniter.php(502): CodeIgniter\CodeIgniter->runController(Object(App\Controllers\LabController))
 9 SYSTEMPATH\CodeIgniter.php(361): CodeIgniter\CodeIgniter->handleRequest(null, Object(Config\Cache), false)
10 FCPATH\index.php(79): CodeIgniter\CodeIgniter->run()
<<<<<<< HEAD
INFO - 2024-02-03 10:10:50 --> Session: Class initialized using 'CodeIgniter\Session\Handlers\FileHandler' driver.
ERROR - 2024-02-03 10:10:50 --> mysqli_sql_exception: Cannot add or update a child row: a foreign key constraint fails (`dashboard`.`labtest`, CONSTRAINT `fk_testType` FOREIGN KEY (`testTypeId`) REFERENCES `test_type` (`testTypeId`)) in C:\xampp\htdocs\HMS_RegexByte\system\Database\MySQLi\Connection.php:306
=======
INFO - 2024-02-03 09:48:10 --> Session: Class initialized using 'CodeIgniter\Session\Handlers\FileHandler' driver.
INFO - 2024-02-03 09:48:13 --> Client ID: 2
INFO - 2024-02-03 09:48:18 --> Session: Class initialized using 'CodeIgniter\Session\Handlers\FileHandler' driver.
ERROR - 2024-02-03 09:48:18 --> mysqli_sql_exception: Cannot add or update a child row: a foreign key constraint fails (`dashboard`.`labtest`, CONSTRAINT `fk_testType` FOREIGN KEY (`testTypeId`) REFERENCES `test_type` (`testTypeId`)) in C:\xampp\htdocs\HMS_RegexByte\system\Database\MySQLi\Connection.php:306
>>>>>>> 56a0ee710ee3693dc2ffd9d7669b844c91634c0f
Stack trace:
#0 C:\xampp\htdocs\HMS_RegexByte\system\Database\MySQLi\Connection.php(306): mysqli->query('INSERT INTO `la...', 0)
#1 C:\xampp\htdocs\HMS_RegexByte\system\Database\BaseConnection.php(693): CodeIgniter\Database\MySQLi\Connection->execute('INSERT INTO `la...')
#2 C:\xampp\htdocs\HMS_RegexByte\system\Database\BaseConnection.php(607): CodeIgniter\Database\BaseConnection->simpleQuery('INSERT INTO `la...')
#3 C:\xampp\htdocs\HMS_RegexByte\system\Database\BaseBuilder.php(2308): CodeIgniter\Database\BaseConnection->query('INSERT INTO `la...', Array, false)
#4 C:\xampp\htdocs\HMS_RegexByte\system\Model.php(319): CodeIgniter\Database\BaseBuilder->insert()
#5 C:\xampp\htdocs\HMS_RegexByte\system\BaseModel.php(788): CodeIgniter\Model->doInsert(Array)
#6 C:\xampp\htdocs\HMS_RegexByte\system\Model.php(715): CodeIgniter\BaseModel->insert(Array, true)
#7 C:\xampp\htdocs\HMS_RegexByte\app\Models\TestModel.php(20): CodeIgniter\Model->insert(Array)
<<<<<<< HEAD
#8 C:\xampp\htdocs\HMS_RegexByte\app\Controllers\LabController.php(249): App\Models\TestModel->saveTest(Array)
=======
#8 C:\xampp\htdocs\HMS_RegexByte\app\Controllers\LabController.php(309): App\Models\TestModel->saveTest(Array)
>>>>>>> 56a0ee710ee3693dc2ffd9d7669b844c91634c0f
#9 C:\xampp\htdocs\HMS_RegexByte\system\CodeIgniter.php(942): App\Controllers\LabController->submitTests()
#10 C:\xampp\htdocs\HMS_RegexByte\system\CodeIgniter.php(502): CodeIgniter\CodeIgniter->runController(Object(App\Controllers\LabController))
#11 C:\xampp\htdocs\HMS_RegexByte\system\CodeIgniter.php(361): CodeIgniter\CodeIgniter->handleRequest(NULL, Object(Config\Cache), false)
#12 C:\xampp\htdocs\HMS_RegexByte\index.php(79): CodeIgniter\CodeIgniter->run()
#13 {main}
<<<<<<< HEAD
CRITICAL - 2024-02-03 10:10:50 --> Cannot add or update a child row: a foreign key constraint fails (`dashboard`.`labtest`, CONSTRAINT `fk_testType` FOREIGN KEY (`testTypeId`) REFERENCES `test_type` (`testTypeId`))
=======
CRITICAL - 2024-02-03 09:48:18 --> Cannot add or update a child row: a foreign key constraint fails (`dashboard`.`labtest`, CONSTRAINT `fk_testType` FOREIGN KEY (`testTypeId`) REFERENCES `test_type` (`testTypeId`))
>>>>>>> 56a0ee710ee3693dc2ffd9d7669b844c91634c0f
in SYSTEMPATH\Database\BaseConnection.php on line 647.
 1 SYSTEMPATH\Database\BaseBuilder.php(2308): CodeIgniter\Database\BaseConnection->query('INSERT INTO `labtest` (`testTypeId`, `fee`, `userId`, `businessId`, `hospitalCharges`, `clientId`, `appointmentId`) VALUES (:testTypeId:, :fee:, :userId:, :businessId:, :hospitalCharges:, :clientId:, :appointmentId:)', [...], false)
 2 SYSTEMPATH\Model.php(319): CodeIgniter\Database\BaseBuilder->insert()
 3 SYSTEMPATH\BaseModel.php(788): CodeIgniter\Model->doInsert([...])
 4 SYSTEMPATH\Model.php(715): CodeIgniter\BaseModel->insert([...], true)
 5 APPPATH\Models\TestModel.php(20): CodeIgniter\Model->insert([...])
<<<<<<< HEAD
 6 APPPATH\Controllers\LabController.php(249): App\Models\TestModel->saveTest([...])
=======
 6 APPPATH\Controllers\LabController.php(309): App\Models\TestModel->saveTest([...])
>>>>>>> 56a0ee710ee3693dc2ffd9d7669b844c91634c0f
 7 SYSTEMPATH\CodeIgniter.php(942): App\Controllers\LabController->submitTests()
 8 SYSTEMPATH\CodeIgniter.php(502): CodeIgniter\CodeIgniter->runController(Object(App\Controllers\LabController))
 9 SYSTEMPATH\CodeIgniter.php(361): CodeIgniter\CodeIgniter->handleRequest(null, Object(Config\Cache), false)
10 FCPATH\index.php(79): CodeIgniter\CodeIgniter->run()
<<<<<<< HEAD
INFO - 2024-02-03 10:13:19 --> Session: Class initialized using 'CodeIgniter\Session\Handlers\FileHandler' driver.
INFO - 2024-02-03 10:13:20 --> Client ID: 2
INFO - 2024-02-03 10:13:23 --> Client ID: 3
INFO - 2024-02-03 10:13:32 --> Session: Class initialized using 'CodeIgniter\Session\Handlers\FileHandler' driver.
ERROR - 2024-02-03 10:13:32 --> mysqli_sql_exception: Cannot add or update a child row: a foreign key constraint fails (`dashboard`.`labtest`, CONSTRAINT `fk_testType` FOREIGN KEY (`testTypeId`) REFERENCES `test_type` (`testTypeId`)) in C:\xampp\htdocs\HMS_RegexByte\system\Database\MySQLi\Connection.php:306
=======
INFO - 2024-02-03 09:48:20 --> Session: Class initialized using 'CodeIgniter\Session\Handlers\FileHandler' driver.
ERROR - 2024-02-03 09:48:20 --> mysqli_sql_exception: Cannot add or update a child row: a foreign key constraint fails (`dashboard`.`labtest`, CONSTRAINT `fk_testType` FOREIGN KEY (`testTypeId`) REFERENCES `test_type` (`testTypeId`)) in C:\xampp\htdocs\HMS_RegexByte\system\Database\MySQLi\Connection.php:306
>>>>>>> 56a0ee710ee3693dc2ffd9d7669b844c91634c0f
Stack trace:
#0 C:\xampp\htdocs\HMS_RegexByte\system\Database\MySQLi\Connection.php(306): mysqli->query('INSERT INTO `la...', 0)
#1 C:\xampp\htdocs\HMS_RegexByte\system\Database\BaseConnection.php(693): CodeIgniter\Database\MySQLi\Connection->execute('INSERT INTO `la...')
#2 C:\xampp\htdocs\HMS_RegexByte\system\Database\BaseConnection.php(607): CodeIgniter\Database\BaseConnection->simpleQuery('INSERT INTO `la...')
#3 C:\xampp\htdocs\HMS_RegexByte\system\Database\BaseBuilder.php(2308): CodeIgniter\Database\BaseConnection->query('INSERT INTO `la...', Array, false)
#4 C:\xampp\htdocs\HMS_RegexByte\system\Model.php(319): CodeIgniter\Database\BaseBuilder->insert()
#5 C:\xampp\htdocs\HMS_RegexByte\system\BaseModel.php(788): CodeIgniter\Model->doInsert(Array)
#6 C:\xampp\htdocs\HMS_RegexByte\system\Model.php(715): CodeIgniter\BaseModel->insert(Array, true)
#7 C:\xampp\htdocs\HMS_RegexByte\app\Models\TestModel.php(20): CodeIgniter\Model->insert(Array)
<<<<<<< HEAD
#8 C:\xampp\htdocs\HMS_RegexByte\app\Controllers\LabController.php(249): App\Models\TestModel->saveTest(Array)
=======
#8 C:\xampp\htdocs\HMS_RegexByte\app\Controllers\LabController.php(309): App\Models\TestModel->saveTest(Array)
>>>>>>> 56a0ee710ee3693dc2ffd9d7669b844c91634c0f
#9 C:\xampp\htdocs\HMS_RegexByte\system\CodeIgniter.php(942): App\Controllers\LabController->submitTests()
#10 C:\xampp\htdocs\HMS_RegexByte\system\CodeIgniter.php(502): CodeIgniter\CodeIgniter->runController(Object(App\Controllers\LabController))
#11 C:\xampp\htdocs\HMS_RegexByte\system\CodeIgniter.php(361): CodeIgniter\CodeIgniter->handleRequest(NULL, Object(Config\Cache), false)
#12 C:\xampp\htdocs\HMS_RegexByte\index.php(79): CodeIgniter\CodeIgniter->run()
#13 {main}
<<<<<<< HEAD
CRITICAL - 2024-02-03 10:13:32 --> Cannot add or update a child row: a foreign key constraint fails (`dashboard`.`labtest`, CONSTRAINT `fk_testType` FOREIGN KEY (`testTypeId`) REFERENCES `test_type` (`testTypeId`))
=======
CRITICAL - 2024-02-03 09:48:20 --> Cannot add or update a child row: a foreign key constraint fails (`dashboard`.`labtest`, CONSTRAINT `fk_testType` FOREIGN KEY (`testTypeId`) REFERENCES `test_type` (`testTypeId`))
>>>>>>> 56a0ee710ee3693dc2ffd9d7669b844c91634c0f
in SYSTEMPATH\Database\BaseConnection.php on line 647.
 1 SYSTEMPATH\Database\BaseBuilder.php(2308): CodeIgniter\Database\BaseConnection->query('INSERT INTO `labtest` (`testTypeId`, `fee`, `userId`, `businessId`, `hospitalCharges`, `clientId`, `appointmentId`) VALUES (:testTypeId:, :fee:, :userId:, :businessId:, :hospitalCharges:, :clientId:, :appointmentId:)', [...], false)
 2 SYSTEMPATH\Model.php(319): CodeIgniter\Database\BaseBuilder->insert()
 3 SYSTEMPATH\BaseModel.php(788): CodeIgniter\Model->doInsert([...])
 4 SYSTEMPATH\Model.php(715): CodeIgniter\BaseModel->insert([...], true)
 5 APPPATH\Models\TestModel.php(20): CodeIgniter\Model->insert([...])
<<<<<<< HEAD
 6 APPPATH\Controllers\LabController.php(249): App\Models\TestModel->saveTest([...])
=======
 6 APPPATH\Controllers\LabController.php(309): App\Models\TestModel->saveTest([...])
>>>>>>> 56a0ee710ee3693dc2ffd9d7669b844c91634c0f
 7 SYSTEMPATH\CodeIgniter.php(942): App\Controllers\LabController->submitTests()
 8 SYSTEMPATH\CodeIgniter.php(502): CodeIgniter\CodeIgniter->runController(Object(App\Controllers\LabController))
 9 SYSTEMPATH\CodeIgniter.php(361): CodeIgniter\CodeIgniter->handleRequest(null, Object(Config\Cache), false)
10 FCPATH\index.php(79): CodeIgniter\CodeIgniter->run()
<<<<<<< HEAD
INFO - 2024-02-03 10:14:04 --> Session: Class initialized using 'CodeIgniter\Session\Handlers\FileHandler' driver.
INFO - 2024-02-03 10:14:06 --> Client ID: 2
INFO - 2024-02-03 10:14:13 --> Session: Class initialized using 'CodeIgniter\Session\Handlers\FileHandler' driver.
INFO - 2024-02-03 10:14:14 --> Client ID: 2
INFO - 2024-02-03 10:14:17 --> Session: Class initialized using 'CodeIgniter\Session\Handlers\FileHandler' driver.
INFO - 2024-02-03 10:14:34 --> Session: Class initialized using 'CodeIgniter\Session\Handlers\FileHandler' driver.
INFO - 2024-02-03 10:14:36 --> Client ID: 2
INFO - 2024-02-03 10:15:01 --> Session: Class initialized using 'CodeIgniter\Session\Handlers\FileHandler' driver.
INFO - 2024-02-03 10:15:02 --> Client ID: 2
INFO - 2024-02-03 10:15:06 --> Session: Class initialized using 'CodeIgniter\Session\Handlers\FileHandler' driver.
INFO - 2024-02-03 10:17:05 --> Session: Class initialized using 'CodeIgniter\Session\Handlers\FileHandler' driver.
CRITICAL - 2024-02-03 10:22:19 --> syntax error, unexpected variable "$data", expecting "function" or "const"
in APPPATH\Controllers\LabController.php on line 287.
 1 SYSTEMPATH\Autoloader\Autoloader.php(291): CodeIgniter\Autoloader\Autoloader->includeFile('C:\\xampp\\htdocs\\HMS_RegexByte\\app\\Controllers\\LabController.php')
 2 SYSTEMPATH\Autoloader\Autoloader.php(269): CodeIgniter\Autoloader\Autoloader->loadInNamespace('App\\Controllers\\LabController')
 3 [internal function]: CodeIgniter\Autoloader\Autoloader->loadClass('App\\Controllers\\LabController')
 4 SYSTEMPATH\CodeIgniter.php(900): class_exists('\\App\\Controllers\\LabController', true)
 5 SYSTEMPATH\CodeIgniter.php(489): CodeIgniter\CodeIgniter->startController()
 6 SYSTEMPATH\CodeIgniter.php(361): CodeIgniter\CodeIgniter->handleRequest(null, Object(Config\Cache), false)
 7 FCPATH\index.php(79): CodeIgniter\CodeIgniter->run()
INFO - 2024-02-03 10:24:54 --> Session: Class initialized using 'CodeIgniter\Session\Handlers\FileHandler' driver.
INFO - 2024-02-03 10:24:58 --> Session: Class initialized using 'CodeIgniter\Session\Handlers\FileHandler' driver.
INFO - 2024-02-03 10:25:08 --> Session: Class initialized using 'CodeIgniter\Session\Handlers\FileHandler' driver.
INFO - 2024-02-03 10:25:13 --> Session: Class initialized using 'CodeIgniter\Session\Handlers\FileHandler' driver.
INFO - 2024-02-03 10:25:14 --> Client ID: 2
INFO - 2024-02-03 10:25:20 --> Session: Class initialized using 'CodeIgniter\Session\Handlers\FileHandler' driver.
ERROR - 2024-02-03 10:25:20 --> Error retrieving data: Undefined array key "testTypeID"
INFO - 2024-02-03 10:32:31 --> Session: Class initialized using 'CodeIgniter\Session\Handlers\FileHandler' driver.
INFO - 2024-02-03 10:32:32 --> Client ID: 2
INFO - 2024-02-03 10:32:36 --> Session: Class initialized using 'CodeIgniter\Session\Handlers\FileHandler' driver.
INFO - 2024-02-03 10:32:37 --> Client ID: 2
INFO - 2024-02-03 10:32:40 --> Client ID: 3
INFO - 2024-02-03 10:32:45 --> Session: Class initialized using 'CodeIgniter\Session\Handlers\FileHandler' driver.
ERROR - 2024-02-03 10:32:45 --> Error retrieving data: Undefined array key "testTypeID"
INFO - 2024-02-03 10:36:33 --> Client ID: 2
INFO - 2024-02-03 10:37:15 --> Session: Class initialized using 'CodeIgniter\Session\Handlers\FileHandler' driver.
INFO - 2024-02-03 10:37:15 --> Client ID: 2
INFO - 2024-02-03 10:37:17 --> Client ID: 3
INFO - 2024-02-03 10:37:22 --> Session: Class initialized using 'CodeIgniter\Session\Handlers\FileHandler' driver.
ERROR - 2024-02-03 10:37:22 --> Error retrieving data: Undefined array key "testTypeID"
INFO - 2024-02-03 10:38:37 --> Session: Class initialized using 'CodeIgniter\Session\Handlers\FileHandler' driver.
INFO - 2024-02-03 10:38:39 --> Client ID: 2
INFO - 2024-02-03 10:38:43 --> Session: Class initialized using 'CodeIgniter\Session\Handlers\FileHandler' driver.
INFO - 2024-02-03 10:38:44 --> Client ID: 2
INFO - 2024-02-03 10:38:46 --> Client ID: 3
INFO - 2024-02-03 10:38:53 --> Session: Class initialized using 'CodeIgniter\Session\Handlers\FileHandler' driver.
ERROR - 2024-02-03 10:38:53 --> Error retrieving data: Undefined array key "testTypeID"
INFO - 2024-02-03 10:40:03 --> Session: Class initialized using 'CodeIgniter\Session\Handlers\FileHandler' driver.
INFO - 2024-02-03 10:40:05 --> Client ID: 2
INFO - 2024-02-03 10:40:16 --> Session: Class initialized using 'CodeIgniter\Session\Handlers\FileHandler' driver.
INFO - 2024-02-03 10:40:17 --> Client ID: 2
INFO - 2024-02-03 10:40:19 --> Client ID: 3
INFO - 2024-02-03 10:40:23 --> Session: Class initialized using 'CodeIgniter\Session\Handlers\FileHandler' driver.
ERROR - 2024-02-03 10:40:23 --> Error retrieving data: Undefined array key "testTypeID"
INFO - 2024-02-03 10:41:56 --> Session: Class initialized using 'CodeIgniter\Session\Handlers\FileHandler' driver.
INFO - 2024-02-03 10:41:59 --> Client ID: 2
INFO - 2024-02-03 10:42:03 --> Session: Class initialized using 'CodeIgniter\Session\Handlers\FileHandler' driver.
INFO - 2024-02-03 10:42:04 --> Client ID: 2
INFO - 2024-02-03 10:42:06 --> Client ID: 3
INFO - 2024-02-03 10:42:11 --> Session: Class initialized using 'CodeIgniter\Session\Handlers\FileHandler' driver.
INFO - 2024-02-03 12:04:52 --> Session: Class initialized using 'CodeIgniter\Session\Handlers\FileHandler' driver.
INFO - 2024-02-03 12:04:53 --> Client ID: 3
INFO - 2024-02-03 12:04:54 --> Session: Class initialized using 'CodeIgniter\Session\Handlers\FileHandler' driver.
INFO - 2024-02-03 12:04:55 --> Client ID: 2
INFO - 2024-02-03 12:05:09 --> Session: Class initialized using 'CodeIgniter\Session\Handlers\FileHandler' driver.
INFO - 2024-02-03 12:05:16 --> Session: Class initialized using 'CodeIgniter\Session\Handlers\FileHandler' driver.
INFO - 2024-02-03 12:05:30 --> Session: Class initialized using 'CodeIgniter\Session\Handlers\FileHandler' driver.
=======
INFO - 2024-02-03 09:48:21 --> Session: Class initialized using 'CodeIgniter\Session\Handlers\FileHandler' driver.
ERROR - 2024-02-03 09:48:21 --> mysqli_sql_exception: Cannot add or update a child row: a foreign key constraint fails (`dashboard`.`labtest`, CONSTRAINT `fk_testType` FOREIGN KEY (`testTypeId`) REFERENCES `test_type` (`testTypeId`)) in C:\xampp\htdocs\HMS_RegexByte\system\Database\MySQLi\Connection.php:306
Stack trace:
#0 C:\xampp\htdocs\HMS_RegexByte\system\Database\MySQLi\Connection.php(306): mysqli->query('INSERT INTO `la...', 0)
#1 C:\xampp\htdocs\HMS_RegexByte\system\Database\BaseConnection.php(693): CodeIgniter\Database\MySQLi\Connection->execute('INSERT INTO `la...')
#2 C:\xampp\htdocs\HMS_RegexByte\system\Database\BaseConnection.php(607): CodeIgniter\Database\BaseConnection->simpleQuery('INSERT INTO `la...')
#3 C:\xampp\htdocs\HMS_RegexByte\system\Database\BaseBuilder.php(2308): CodeIgniter\Database\BaseConnection->query('INSERT INTO `la...', Array, false)
#4 C:\xampp\htdocs\HMS_RegexByte\system\Model.php(319): CodeIgniter\Database\BaseBuilder->insert()
#5 C:\xampp\htdocs\HMS_RegexByte\system\BaseModel.php(788): CodeIgniter\Model->doInsert(Array)
#6 C:\xampp\htdocs\HMS_RegexByte\system\Model.php(715): CodeIgniter\BaseModel->insert(Array, true)
#7 C:\xampp\htdocs\HMS_RegexByte\app\Models\TestModel.php(20): CodeIgniter\Model->insert(Array)
#8 C:\xampp\htdocs\HMS_RegexByte\app\Controllers\LabController.php(309): App\Models\TestModel->saveTest(Array)
#9 C:\xampp\htdocs\HMS_RegexByte\system\CodeIgniter.php(942): App\Controllers\LabController->submitTests()
#10 C:\xampp\htdocs\HMS_RegexByte\system\CodeIgniter.php(502): CodeIgniter\CodeIgniter->runController(Object(App\Controllers\LabController))
#11 C:\xampp\htdocs\HMS_RegexByte\system\CodeIgniter.php(361): CodeIgniter\CodeIgniter->handleRequest(NULL, Object(Config\Cache), false)
#12 C:\xampp\htdocs\HMS_RegexByte\index.php(79): CodeIgniter\CodeIgniter->run()
#13 {main}
CRITICAL - 2024-02-03 09:48:21 --> Cannot add or update a child row: a foreign key constraint fails (`dashboard`.`labtest`, CONSTRAINT `fk_testType` FOREIGN KEY (`testTypeId`) REFERENCES `test_type` (`testTypeId`))
in SYSTEMPATH\Database\BaseConnection.php on line 647.
 1 SYSTEMPATH\Database\BaseBuilder.php(2308): CodeIgniter\Database\BaseConnection->query('INSERT INTO `labtest` (`testTypeId`, `fee`, `userId`, `businessId`, `hospitalCharges`, `clientId`, `appointmentId`) VALUES (:testTypeId:, :fee:, :userId:, :businessId:, :hospitalCharges:, :clientId:, :appointmentId:)', [...], false)
 2 SYSTEMPATH\Model.php(319): CodeIgniter\Database\BaseBuilder->insert()
 3 SYSTEMPATH\BaseModel.php(788): CodeIgniter\Model->doInsert([...])
 4 SYSTEMPATH\Model.php(715): CodeIgniter\BaseModel->insert([...], true)
 5 APPPATH\Models\TestModel.php(20): CodeIgniter\Model->insert([...])
 6 APPPATH\Controllers\LabController.php(309): App\Models\TestModel->saveTest([...])
 7 SYSTEMPATH\CodeIgniter.php(942): App\Controllers\LabController->submitTests()
 8 SYSTEMPATH\CodeIgniter.php(502): CodeIgniter\CodeIgniter->runController(Object(App\Controllers\LabController))
 9 SYSTEMPATH\CodeIgniter.php(361): CodeIgniter\CodeIgniter->handleRequest(null, Object(Config\Cache), false)
10 FCPATH\index.php(79): CodeIgniter\CodeIgniter->run()
INFO - 2024-02-03 09:50:15 --> Session: Class initialized using 'CodeIgniter\Session\Handlers\FileHandler' driver.
ERROR - 2024-02-03 09:50:15 --> mysqli_sql_exception: Cannot add or update a child row: a foreign key constraint fails (`dashboard`.`labtest`, CONSTRAINT `fk_testType` FOREIGN KEY (`testTypeId`) REFERENCES `test_type` (`testTypeId`)) in C:\xampp\htdocs\HMS_RegexByte\system\Database\MySQLi\Connection.php:306
Stack trace:
#0 C:\xampp\htdocs\HMS_RegexByte\system\Database\MySQLi\Connection.php(306): mysqli->query('INSERT INTO `la...', 0)
#1 C:\xampp\htdocs\HMS_RegexByte\system\Database\BaseConnection.php(693): CodeIgniter\Database\MySQLi\Connection->execute('INSERT INTO `la...')
#2 C:\xampp\htdocs\HMS_RegexByte\system\Database\BaseConnection.php(607): CodeIgniter\Database\BaseConnection->simpleQuery('INSERT INTO `la...')
#3 C:\xampp\htdocs\HMS_RegexByte\system\Database\BaseBuilder.php(2308): CodeIgniter\Database\BaseConnection->query('INSERT INTO `la...', Array, false)
#4 C:\xampp\htdocs\HMS_RegexByte\system\Model.php(319): CodeIgniter\Database\BaseBuilder->insert()
#5 C:\xampp\htdocs\HMS_RegexByte\system\BaseModel.php(788): CodeIgniter\Model->doInsert(Array)
#6 C:\xampp\htdocs\HMS_RegexByte\system\Model.php(715): CodeIgniter\BaseModel->insert(Array, true)
#7 C:\xampp\htdocs\HMS_RegexByte\app\Models\TestModel.php(20): CodeIgniter\Model->insert(Array)
#8 C:\xampp\htdocs\HMS_RegexByte\app\Controllers\LabController.php(309): App\Models\TestModel->saveTest(Array)
#9 C:\xampp\htdocs\HMS_RegexByte\system\CodeIgniter.php(942): App\Controllers\LabController->submitTests()
#10 C:\xampp\htdocs\HMS_RegexByte\system\CodeIgniter.php(502): CodeIgniter\CodeIgniter->runController(Object(App\Controllers\LabController))
#11 C:\xampp\htdocs\HMS_RegexByte\system\CodeIgniter.php(361): CodeIgniter\CodeIgniter->handleRequest(NULL, Object(Config\Cache), false)
#12 C:\xampp\htdocs\HMS_RegexByte\index.php(79): CodeIgniter\CodeIgniter->run()
#13 {main}
CRITICAL - 2024-02-03 09:50:15 --> Cannot add or update a child row: a foreign key constraint fails (`dashboard`.`labtest`, CONSTRAINT `fk_testType` FOREIGN KEY (`testTypeId`) REFERENCES `test_type` (`testTypeId`))
in SYSTEMPATH\Database\BaseConnection.php on line 647.
 1 SYSTEMPATH\Database\BaseBuilder.php(2308): CodeIgniter\Database\BaseConnection->query('INSERT INTO `labtest` (`testTypeId`, `fee`, `userId`, `businessId`, `hospitalCharges`, `clientId`, `appointmentId`) VALUES (:testTypeId:, :fee:, :userId:, :businessId:, :hospitalCharges:, :clientId:, :appointmentId:)', [...], false)
 2 SYSTEMPATH\Model.php(319): CodeIgniter\Database\BaseBuilder->insert()
 3 SYSTEMPATH\BaseModel.php(788): CodeIgniter\Model->doInsert([...])
 4 SYSTEMPATH\Model.php(715): CodeIgniter\BaseModel->insert([...], true)
 5 APPPATH\Models\TestModel.php(20): CodeIgniter\Model->insert([...])
 6 APPPATH\Controllers\LabController.php(309): App\Models\TestModel->saveTest([...])
 7 SYSTEMPATH\CodeIgniter.php(942): App\Controllers\LabController->submitTests()
 8 SYSTEMPATH\CodeIgniter.php(502): CodeIgniter\CodeIgniter->runController(Object(App\Controllers\LabController))
 9 SYSTEMPATH\CodeIgniter.php(361): CodeIgniter\CodeIgniter->handleRequest(null, Object(Config\Cache), false)
10 FCPATH\index.php(79): CodeIgniter\CodeIgniter->run()
INFO - 2024-02-03 09:50:58 --> Session: Class initialized using 'CodeIgniter\Session\Handlers\FileHandler' driver.
INFO - 2024-02-03 09:51:04 --> Client ID: 2
INFO - 2024-02-03 09:51:08 --> Session: Class initialized using 'CodeIgniter\Session\Handlers\FileHandler' driver.
INFO - 2024-02-03 10:04:58 --> Session: Class initialized using 'CodeIgniter\Session\Handlers\FileHandler' driver.
INFO - 2024-02-03 10:05:05 --> Client ID: 2
INFO - 2024-02-03 10:05:09 --> Session: Class initialized using 'CodeIgniter\Session\Handlers\FileHandler' driver.
INFO - 2024-02-03 10:05:40 --> Session: Class initialized using 'CodeIgniter\Session\Handlers\FileHandler' driver.
INFO - 2024-02-03 10:20:51 --> Session: Class initialized using 'CodeIgniter\Session\Handlers\FileHandler' driver.
INFO - 2024-02-03 10:20:54 --> Client ID: 2
INFO - 2024-02-03 10:23:14 --> Session: Class initialized using 'CodeIgniter\Session\Handlers\FileHandler' driver.
INFO - 2024-02-03 10:23:15 --> Client ID: 2
INFO - 2024-02-03 10:23:18 --> Client ID: 3
INFO - 2024-02-03 10:25:11 --> Session: Class initialized using 'CodeIgniter\Session\Handlers\FileHandler' driver.
INFO - 2024-02-03 10:25:13 --> Client ID: 2
INFO - 2024-02-03 10:25:25 --> Session: Class initialized using 'CodeIgniter\Session\Handlers\FileHandler' driver.
INFO - 2024-02-03 10:25:27 --> Client ID: 2
INFO - 2024-02-03 10:26:07 --> Session: Class initialized using 'CodeIgniter\Session\Handlers\FileHandler' driver.
INFO - 2024-02-03 10:26:09 --> Client ID: 2
INFO - 2024-02-03 10:26:36 --> Session: Class initialized using 'CodeIgniter\Session\Handlers\FileHandler' driver.
INFO - 2024-02-03 10:26:43 --> Session: Class initialized using 'CodeIgniter\Session\Handlers\FileHandler' driver.
INFO - 2024-02-03 10:27:27 --> Session: Class initialized using 'CodeIgniter\Session\Handlers\FileHandler' driver.
INFO - 2024-02-03 10:27:27 --> Session: Class initialized using 'CodeIgniter\Session\Handlers\FileHandler' driver.
INFO - 2024-02-03 10:27:35 --> Session: Class initialized using 'CodeIgniter\Session\Handlers\FileHandler' driver.
INFO - 2024-02-03 10:27:37 --> Client ID: 2
INFO - 2024-02-03 10:27:39 --> Client ID: 5
INFO - 2024-02-03 10:27:50 --> Client ID: 3
INFO - 2024-02-03 10:27:53 --> Client ID: 5
INFO - 2024-02-03 10:27:56 --> Client ID: 2
INFO - 2024-02-03 10:28:01 --> Client ID: 3
INFO - 2024-02-03 10:28:06 --> Client ID: 4
INFO - 2024-02-03 10:28:10 --> Client ID: 5
INFO - 2024-02-03 10:31:09 --> Session: Class initialized using 'CodeIgniter\Session\Handlers\FileHandler' driver.
INFO - 2024-02-03 10:31:11 --> Client ID: 2
INFO - 2024-02-03 10:31:14 --> Client ID: 3
INFO - 2024-02-03 10:31:16 --> Client ID: 4
INFO - 2024-02-03 10:31:18 --> Client ID: 5
INFO - 2024-02-03 10:31:25 --> Client ID: 3
INFO - 2024-02-03 10:31:27 --> Client ID: 4
INFO - 2024-02-03 10:31:29 --> Client ID: 2
INFO - 2024-02-03 10:31:32 --> Client ID: 4
INFO - 2024-02-03 10:31:33 --> Client ID: 5
INFO - 2024-02-03 10:31:35 --> Client ID: 2
INFO - 2024-02-03 10:31:39 --> Client ID: 3
INFO - 2024-02-03 10:31:40 --> Client ID: 4
INFO - 2024-02-03 10:31:44 --> Client ID: 5
INFO - 2024-02-03 10:34:35 --> Session: Class initialized using 'CodeIgniter\Session\Handlers\FileHandler' driver.
INFO - 2024-02-03 10:34:37 --> Client ID: 2
INFO - 2024-02-03 10:34:39 --> Client ID: 3
INFO - 2024-02-03 10:34:44 --> Session: Class initialized using 'CodeIgniter\Session\Handlers\FileHandler' driver.
INFO - 2024-02-03 10:35:05 --> Session: Class initialized using 'CodeIgniter\Session\Handlers\FileHandler' driver.
INFO - 2024-02-03 10:36:16 --> Session: Class initialized using 'CodeIgniter\Session\Handlers\FileHandler' driver.
INFO - 2024-02-03 10:36:18 --> Client ID: 2
INFO - 2024-02-03 10:36:22 --> Client ID: 3
INFO - 2024-02-03 10:36:25 --> Session: Class initialized using 'CodeIgniter\Session\Handlers\FileHandler' driver.
INFO - 2024-02-03 10:46:48 --> Session: Class initialized using 'CodeIgniter\Session\Handlers\FileHandler' driver.
INFO - 2024-02-03 10:48:19 --> Session: Class initialized using 'CodeIgniter\Session\Handlers\FileHandler' driver.
INFO - 2024-02-03 10:53:44 --> Session: Class initialized using 'CodeIgniter\Session\Handlers\FileHandler' driver.
INFO - 2024-02-03 10:54:19 --> Session: Class initialized using 'CodeIgniter\Session\Handlers\FileHandler' driver.
INFO - 2024-02-03 10:54:26 --> Session: Class initialized using 'CodeIgniter\Session\Handlers\FileHandler' driver.
CRITICAL - 2024-02-03 10:54:26 --> Undefined variable $Appointments
in APPPATH\Views\labtest_table.php on line 229.
 1 APPPATH\Views\labtest_table.php(229): CodeIgniter\Debug\Exceptions->errorHandler(2, 'Undefined variable $Appointments', 'C:\\xampp\\htdocs\\HMS_RegexByte\\app\\Views\\labtest_table.php', 229)
 2 SYSTEMPATH\View\View.php(228): include('C:\\xampp\\htdocs\\HMS_RegexByte\\app\\Views\\labtest_table.php')
 3 SYSTEMPATH\View\View.php(231): CodeIgniter\View\View->CodeIgniter\View\{closure}()
 4 SYSTEMPATH\Common.php(1190): CodeIgniter\View\View->render('labtest_table.php', [], true)
 5 APPPATH\Controllers\LabController.php(30): view('labtest_table.php')
 6 SYSTEMPATH\CodeIgniter.php(942): App\Controllers\LabController->labtest_table()
 7 SYSTEMPATH\CodeIgniter.php(502): CodeIgniter\CodeIgniter->runController(Object(App\Controllers\LabController))
 8 SYSTEMPATH\CodeIgniter.php(361): CodeIgniter\CodeIgniter->handleRequest(null, Object(Config\Cache), false)
 9 FCPATH\index.php(79): CodeIgniter\CodeIgniter->run()
INFO - 2024-02-03 10:58:30 --> Session: Class initialized using 'CodeIgniter\Session\Handlers\FileHandler' driver.
CRITICAL - 2024-02-03 10:58:30 --> Undefined variable $Appointments
in APPPATH\Views\labtest_table.php on line 227.
 1 APPPATH\Views\labtest_table.php(227): CodeIgniter\Debug\Exceptions->errorHandler(2, 'Undefined variable $Appointments', 'C:\\xampp\\htdocs\\HMS_RegexByte\\app\\Views\\labtest_table.php', 227)
 2 SYSTEMPATH\View\View.php(228): include('C:\\xampp\\htdocs\\HMS_RegexByte\\app\\Views\\labtest_table.php')
 3 SYSTEMPATH\View\View.php(231): CodeIgniter\View\View->CodeIgniter\View\{closure}()
 4 SYSTEMPATH\Common.php(1190): CodeIgniter\View\View->render('labtest_table.php', [], true)
 5 APPPATH\Controllers\LabController.php(30): view('labtest_table.php')
 6 SYSTEMPATH\CodeIgniter.php(942): App\Controllers\LabController->labtest_table()
 7 SYSTEMPATH\CodeIgniter.php(502): CodeIgniter\CodeIgniter->runController(Object(App\Controllers\LabController))
 8 SYSTEMPATH\CodeIgniter.php(361): CodeIgniter\CodeIgniter->handleRequest(null, Object(Config\Cache), false)
 9 FCPATH\index.php(79): CodeIgniter\CodeIgniter->run()
INFO - 2024-02-03 10:59:12 --> Session: Class initialized using 'CodeIgniter\Session\Handlers\FileHandler' driver.
INFO - 2024-02-03 11:01:50 --> Session: Class initialized using 'CodeIgniter\Session\Handlers\FileHandler' driver.
CRITICAL - 2024-02-03 11:01:50 --> Undefined variable $Appointments
in APPPATH\Views\labtest_table.php on line 227.
 1 APPPATH\Views\labtest_table.php(227): CodeIgniter\Debug\Exceptions->errorHandler(2, 'Undefined variable $Appointments', 'C:\\xampp\\htdocs\\HMS_RegexByte\\app\\Views\\labtest_table.php', 227)
 2 SYSTEMPATH\View\View.php(228): include('C:\\xampp\\htdocs\\HMS_RegexByte\\app\\Views\\labtest_table.php')
 3 SYSTEMPATH\View\View.php(231): CodeIgniter\View\View->CodeIgniter\View\{closure}()
 4 SYSTEMPATH\Common.php(1190): CodeIgniter\View\View->render('labtest_table.php', [], true)
 5 APPPATH\Controllers\LabController.php(30): view('labtest_table.php')
 6 SYSTEMPATH\CodeIgniter.php(942): App\Controllers\LabController->labtest_table()
 7 SYSTEMPATH\CodeIgniter.php(502): CodeIgniter\CodeIgniter->runController(Object(App\Controllers\LabController))
 8 SYSTEMPATH\CodeIgniter.php(361): CodeIgniter\CodeIgniter->handleRequest(null, Object(Config\Cache), false)
 9 FCPATH\index.php(79): CodeIgniter\CodeIgniter->run()
INFO - 2024-02-03 11:05:10 --> Session: Class initialized using 'CodeIgniter\Session\Handlers\FileHandler' driver.
INFO - 2024-02-03 11:08:07 --> Session: Class initialized using 'CodeIgniter\Session\Handlers\FileHandler' driver.
INFO - 2024-02-03 11:15:32 --> Session: Class initialized using 'CodeIgniter\Session\Handlers\FileHandler' driver.
CRITICAL - 2024-02-03 11:15:40 --> Call to undefined method App\Models\AppointmentModel::getTests
in SYSTEMPATH\Model.php on line 873.
 1 APPPATH\Controllers\LabController.php(31): CodeIgniter\Model->__call('getTests', [])
 2 SYSTEMPATH\CodeIgniter.php(942): App\Controllers\LabController->labtest_table()
 3 SYSTEMPATH\CodeIgniter.php(502): CodeIgniter\CodeIgniter->runController(Object(App\Controllers\LabController))
 4 SYSTEMPATH\CodeIgniter.php(361): CodeIgniter\CodeIgniter->handleRequest(null, Object(Config\Cache), false)
 5 FCPATH\index.php(79): CodeIgniter\CodeIgniter->run()
INFO - 2024-02-03 11:16:17 --> Session: Class initialized using 'CodeIgniter\Session\Handlers\FileHandler' driver.
INFO - 2024-02-03 11:16:23 --> Session: Class initialized using 'CodeIgniter\Session\Handlers\FileHandler' driver.
CRITICAL - 2024-02-03 11:16:23 --> Undefined array key "clientName"
in APPPATH\Views\labtest_table.php on line 229.
 1 APPPATH\Views\labtest_table.php(229): CodeIgniter\Debug\Exceptions->errorHandler(2, 'Undefined array key "clientName"', 'C:\\xampp\\htdocs\\HMS_RegexByte\\app\\Views\\labtest_table.php', 229)
 2 SYSTEMPATH\View\View.php(228): include('C:\\xampp\\htdocs\\HMS_RegexByte\\app\\Views\\labtest_table.php')
 3 SYSTEMPATH\View\View.php(231): CodeIgniter\View\View->CodeIgniter\View\{closure}()
 4 SYSTEMPATH\Common.php(1190): CodeIgniter\View\View->render('labtest_table.php', [], true)
 5 APPPATH\Controllers\LabController.php(32): view('labtest_table.php', [...])
 6 SYSTEMPATH\CodeIgniter.php(942): App\Controllers\LabController->labtest_table()
 7 SYSTEMPATH\CodeIgniter.php(502): CodeIgniter\CodeIgniter->runController(Object(App\Controllers\LabController))
 8 SYSTEMPATH\CodeIgniter.php(361): CodeIgniter\CodeIgniter->handleRequest(null, Object(Config\Cache), false)
 9 FCPATH\index.php(79): CodeIgniter\CodeIgniter->run()
INFO - 2024-02-03 11:17:09 --> Session: Class initialized using 'CodeIgniter\Session\Handlers\FileHandler' driver.
CRITICAL - 2024-02-03 11:17:09 --> Undefined array key "clientId"
in APPPATH\Views\labtest_table.php on line 229.
 1 APPPATH\Views\labtest_table.php(229): CodeIgniter\Debug\Exceptions->errorHandler(2, 'Undefined array key "clientId"', 'C:\\xampp\\htdocs\\HMS_RegexByte\\app\\Views\\labtest_table.php', 229)
 2 SYSTEMPATH\View\View.php(228): include('C:\\xampp\\htdocs\\HMS_RegexByte\\app\\Views\\labtest_table.php')
 3 SYSTEMPATH\View\View.php(231): CodeIgniter\View\View->CodeIgniter\View\{closure}()
 4 SYSTEMPATH\Common.php(1190): CodeIgniter\View\View->render('labtest_table.php', [], true)
 5 APPPATH\Controllers\LabController.php(32): view('labtest_table.php', [...])
 6 SYSTEMPATH\CodeIgniter.php(942): App\Controllers\LabController->labtest_table()
 7 SYSTEMPATH\CodeIgniter.php(502): CodeIgniter\CodeIgniter->runController(Object(App\Controllers\LabController))
 8 SYSTEMPATH\CodeIgniter.php(361): CodeIgniter\CodeIgniter->handleRequest(null, Object(Config\Cache), false)
 9 FCPATH\index.php(79): CodeIgniter\CodeIgniter->run()
INFO - 2024-02-03 11:17:53 --> Session: Class initialized using 'CodeIgniter\Session\Handlers\FileHandler' driver.
CRITICAL - 2024-02-03 11:17:53 --> Undefined array key "fee"
in APPPATH\Views\labtest_table.php on line 230.
 1 APPPATH\Views\labtest_table.php(230): CodeIgniter\Debug\Exceptions->errorHandler(2, 'Undefined array key "fee"', 'C:\\xampp\\htdocs\\HMS_RegexByte\\app\\Views\\labtest_table.php', 230)
 2 SYSTEMPATH\View\View.php(228): include('C:\\xampp\\htdocs\\HMS_RegexByte\\app\\Views\\labtest_table.php')
 3 SYSTEMPATH\View\View.php(231): CodeIgniter\View\View->CodeIgniter\View\{closure}()
 4 SYSTEMPATH\Common.php(1190): CodeIgniter\View\View->render('labtest_table.php', [], true)
 5 APPPATH\Controllers\LabController.php(32): view('labtest_table.php', [...])
 6 SYSTEMPATH\CodeIgniter.php(942): App\Controllers\LabController->labtest_table()
 7 SYSTEMPATH\CodeIgniter.php(502): CodeIgniter\CodeIgniter->runController(Object(App\Controllers\LabController))
 8 SYSTEMPATH\CodeIgniter.php(361): CodeIgniter\CodeIgniter->handleRequest(null, Object(Config\Cache), false)
 9 FCPATH\index.php(79): CodeIgniter\CodeIgniter->run()
INFO - 2024-02-03 11:24:49 --> Session: Class initialized using 'CodeIgniter\Session\Handlers\FileHandler' driver.
CRITICAL - 2024-02-03 11:24:49 --> Undefined array key "clientId"
in APPPATH\Views\labtest_table.php on line 229.
 1 APPPATH\Views\labtest_table.php(229): CodeIgniter\Debug\Exceptions->errorHandler(2, 'Undefined array key "clientId"', 'C:\\xampp\\htdocs\\HMS_RegexByte\\app\\Views\\labtest_table.php', 229)
 2 SYSTEMPATH\View\View.php(228): include('C:\\xampp\\htdocs\\HMS_RegexByte\\app\\Views\\labtest_table.php')
 3 SYSTEMPATH\View\View.php(231): CodeIgniter\View\View->CodeIgniter\View\{closure}()
 4 SYSTEMPATH\Common.php(1190): CodeIgniter\View\View->render('labtest_table.php', [], true)
 5 APPPATH\Controllers\LabController.php(32): view('labtest_table.php', [...])
 6 SYSTEMPATH\CodeIgniter.php(942): App\Controllers\LabController->labtest_table()
 7 SYSTEMPATH\CodeIgniter.php(502): CodeIgniter\CodeIgniter->runController(Object(App\Controllers\LabController))
 8 SYSTEMPATH\CodeIgniter.php(361): CodeIgniter\CodeIgniter->handleRequest(null, Object(Config\Cache), false)
 9 FCPATH\index.php(79): CodeIgniter\CodeIgniter->run()
INFO - 2024-02-03 11:30:25 --> Session: Class initialized using 'CodeIgniter\Session\Handlers\FileHandler' driver.
INFO - 2024-02-03 11:37:44 --> Session: Class initialized using 'CodeIgniter\Session\Handlers\FileHandler' driver.
INFO - 2024-02-03 11:38:05 --> Session: Class initialized using 'CodeIgniter\Session\Handlers\FileHandler' driver.
INFO - 2024-02-03 11:38:08 --> Client ID: 2
INFO - 2024-02-03 11:38:11 --> Client ID: 5
INFO - 2024-02-03 11:38:15 --> Session: Class initialized using 'CodeIgniter\Session\Handlers\FileHandler' driver.
INFO - 2024-02-03 11:38:35 --> Session: Class initialized using 'CodeIgniter\Session\Handlers\FileHandler' driver.
INFO - 2024-02-03 11:38:57 --> Session: Class initialized using 'CodeIgniter\Session\Handlers\FileHandler' driver.
INFO - 2024-02-03 11:47:03 --> Session: Class initialized using 'CodeIgniter\Session\Handlers\FileHandler' driver.
CRITICAL - 2024-02-03 11:47:08 --> Call to undefined method App\Models\LabModel::getTestDetails
in SYSTEMPATH\Model.php on line 873.
 1 APPPATH\Controllers\LabController.php(38): CodeIgniter\Model->__call('getTestDetails', [...])
 2 SYSTEMPATH\CodeIgniter.php(942): App\Controllers\LabController->viewTestDetails('86')
 3 SYSTEMPATH\CodeIgniter.php(502): CodeIgniter\CodeIgniter->runController(Object(App\Controllers\LabController))
 4 SYSTEMPATH\CodeIgniter.php(361): CodeIgniter\CodeIgniter->handleRequest(null, Object(Config\Cache), false)
 5 FCPATH\index.php(79): CodeIgniter\CodeIgniter->run()
INFO - 2024-02-03 11:48:29 --> Session: Class initialized using 'CodeIgniter\Session\Handlers\FileHandler' driver.
ERROR - 2024-02-03 11:48:34 --> mysqli_sql_exception: Table 'dashboard.labtest_details' doesn't exist in C:\xampp\htdocs\HMS_RegexByte\system\Database\MySQLi\Connection.php:306
Stack trace:
#0 C:\xampp\htdocs\HMS_RegexByte\system\Database\MySQLi\Connection.php(306): mysqli->query('SELECT *\nFROM `...', 0)
#1 C:\xampp\htdocs\HMS_RegexByte\system\Database\BaseConnection.php(693): CodeIgniter\Database\MySQLi\Connection->execute('SELECT *\nFROM `...')
#2 C:\xampp\htdocs\HMS_RegexByte\system\Database\BaseConnection.php(607): CodeIgniter\Database\BaseConnection->simpleQuery('SELECT *\nFROM `...')
#3 C:\xampp\htdocs\HMS_RegexByte\system\Database\BaseBuilder.php(1615): CodeIgniter\Database\BaseConnection->query('SELECT *\nFROM `...', Array, false)
#4 C:\xampp\htdocs\HMS_RegexByte\app\Models\LabtestdetailsModel.php(22): CodeIgniter\Database\BaseBuilder->get()
#5 C:\xampp\htdocs\HMS_RegexByte\app\Controllers\LabController.php(38): App\Models\LabtestdetailsModel->getTestDetails('86')
#6 C:\xampp\htdocs\HMS_RegexByte\system\CodeIgniter.php(942): App\Controllers\LabController->viewTestDetails('86')
#7 C:\xampp\htdocs\HMS_RegexByte\system\CodeIgniter.php(502): CodeIgniter\CodeIgniter->runController(Object(App\Controllers\LabController))
#8 C:\xampp\htdocs\HMS_RegexByte\system\CodeIgniter.php(361): CodeIgniter\CodeIgniter->handleRequest(NULL, Object(Config\Cache), false)
#9 C:\xampp\htdocs\HMS_RegexByte\index.php(79): CodeIgniter\CodeIgniter->run()
#10 {main}
CRITICAL - 2024-02-03 11:48:34 --> Table 'dashboard.labtest_details' doesn't exist
in SYSTEMPATH\Database\BaseConnection.php on line 647.
 1 SYSTEMPATH\Database\BaseBuilder.php(1615): CodeIgniter\Database\BaseConnection->query('SELECT *
FROM `labtest_details`
WHERE `test_id` = :test_id:', [...], false)
 2 APPPATH\Models\LabtestdetailsModel.php(22): CodeIgniter\Database\BaseBuilder->get()
 3 APPPATH\Controllers\LabController.php(38): App\Models\LabtestdetailsModel->getTestDetails('86')
 4 SYSTEMPATH\CodeIgniter.php(942): App\Controllers\LabController->viewTestDetails('86')
 5 SYSTEMPATH\CodeIgniter.php(502): CodeIgniter\CodeIgniter->runController(Object(App\Controllers\LabController))
 6 SYSTEMPATH\CodeIgniter.php(361): CodeIgniter\CodeIgniter->handleRequest(null, Object(Config\Cache), false)
 7 FCPATH\index.php(79): CodeIgniter\CodeIgniter->run()
INFO - 2024-02-03 11:49:43 --> Session: Class initialized using 'CodeIgniter\Session\Handlers\FileHandler' driver.
INFO - 2024-02-03 11:49:46 --> Session: Class initialized using 'CodeIgniter\Session\Handlers\FileHandler' driver.
CRITICAL - 2024-02-03 11:49:46 --> Undefined variable $Tests
in APPPATH\Views\test_details.php on line 227.
 1 APPPATH\Views\test_details.php(227): CodeIgniter\Debug\Exceptions->errorHandler(2, 'Undefined variable $Tests', 'C:\\xampp\\htdocs\\HMS_RegexByte\\app\\Views\\test_details.php', 227)
 2 SYSTEMPATH\View\View.php(228): include('C:\\xampp\\htdocs\\HMS_RegexByte\\app\\Views\\test_details.php')
 3 SYSTEMPATH\View\View.php(231): CodeIgniter\View\View->CodeIgniter\View\{closure}()
 4 SYSTEMPATH\Common.php(1190): CodeIgniter\View\View->render('test_details', [], true)
 5 APPPATH\Controllers\LabController.php(39): view('test_details', [...])
 6 SYSTEMPATH\CodeIgniter.php(942): App\Controllers\LabController->viewTestDetails('86')
 7 SYSTEMPATH\CodeIgniter.php(502): CodeIgniter\CodeIgniter->runController(Object(App\Controllers\LabController))
 8 SYSTEMPATH\CodeIgniter.php(361): CodeIgniter\CodeIgniter->handleRequest(null, Object(Config\Cache), false)
 9 FCPATH\index.php(79): CodeIgniter\CodeIgniter->run()
INFO - 2024-02-03 11:51:52 --> Session: Class initialized using 'CodeIgniter\Session\Handlers\FileHandler' driver.
INFO - 2024-02-03 11:51:56 --> Session: Class initialized using 'CodeIgniter\Session\Handlers\FileHandler' driver.
INFO - 2024-02-03 12:01:04 --> Session: Class initialized using 'CodeIgniter\Session\Handlers\FileHandler' driver.
INFO - 2024-02-03 12:01:14 --> Session: Class initialized using 'CodeIgniter\Session\Handlers\FileHandler' driver.
INFO - 2024-02-03 12:01:18 --> Session: Class initialized using 'CodeIgniter\Session\Handlers\FileHandler' driver.
INFO - 2024-02-03 12:03:29 --> Session: Class initialized using 'CodeIgniter\Session\Handlers\FileHandler' driver.
INFO - 2024-02-03 12:03:32 --> Session: Class initialized using 'CodeIgniter\Session\Handlers\FileHandler' driver.
INFO - 2024-02-03 12:09:51 --> Session: Class initialized using 'CodeIgniter\Session\Handlers\FileHandler' driver.
INFO - 2024-02-03 12:09:56 --> Session: Class initialized using 'CodeIgniter\Session\Handlers\FileHandler' driver.
INFO - 2024-02-03 12:11:23 --> Session: Class initialized using 'CodeIgniter\Session\Handlers\FileHandler' driver.
CRITICAL - 2024-02-03 12:11:23 --> Undefined array key "createdAt"
in APPPATH\Views\test_details.php on line 226.
 1 APPPATH\Views\test_details.php(226): CodeIgniter\Debug\Exceptions->errorHandler(2, 'Undefined array key "createdAt"', 'C:\\xampp\\htdocs\\HMS_RegexByte\\app\\Views\\test_details.php', 226)
 2 SYSTEMPATH\View\View.php(228): include('C:\\xampp\\htdocs\\HMS_RegexByte\\app\\Views\\test_details.php')
 3 SYSTEMPATH\View\View.php(231): CodeIgniter\View\View->CodeIgniter\View\{closure}()
 4 SYSTEMPATH\Common.php(1190): CodeIgniter\View\View->render('test_details', [], true)
 5 APPPATH\Controllers\LabController.php(39): view('test_details', [...])
 6 SYSTEMPATH\CodeIgniter.php(942): App\Controllers\LabController->viewTestDetails('87')
 7 SYSTEMPATH\CodeIgniter.php(502): CodeIgniter\CodeIgniter->runController(Object(App\Controllers\LabController))
 8 SYSTEMPATH\CodeIgniter.php(361): CodeIgniter\CodeIgniter->handleRequest(null, Object(Config\Cache), false)
 9 FCPATH\index.php(79): CodeIgniter\CodeIgniter->run()
INFO - 2024-02-03 12:12:04 --> Session: Class initialized using 'CodeIgniter\Session\Handlers\FileHandler' driver.
INFO - 2024-02-03 12:13:01 --> Session: Class initialized using 'CodeIgniter\Session\Handlers\FileHandler' driver.
>>>>>>> 56a0ee710ee3693dc2ffd9d7669b844c91634c0f
INFO - 2024-02-03 12:38:31 --> Session: Class initialized using 'CodeIgniter\Session\Handlers\FileHandler' driver.
INFO - 2024-02-03 12:39:20 --> Session: Class initialized using 'CodeIgniter\Session\Handlers\FileHandler' driver.
INFO - 2024-02-03 12:39:25 --> Session: Class initialized using 'CodeIgniter\Session\Handlers\FileHandler' driver.
INFO - 2024-02-03 12:39:36 --> Session: Class initialized using 'CodeIgniter\Session\Handlers\FileHandler' driver.
INFO - 2024-02-03 12:39:48 --> Session: Class initialized using 'CodeIgniter\Session\Handlers\FileHandler' driver.
CRITICAL - 2024-02-03 12:39:55 --> Cannot redeclare App\Controllers\LabController::submitTests()
in APPPATH\Controllers\LabController.php on line 408.
 1 [internal function]: CodeIgniter\Debug\Exceptions->shutdownHandler()
INFO - 2024-02-03 12:40:05 --> Session: Class initialized using 'CodeIgniter\Session\Handlers\FileHandler' driver.
CRITICAL - 2024-02-03 12:40:12 --> Cannot redeclare App\Controllers\LabController::submitTests()
in APPPATH\Controllers\LabController.php on line 408.
 1 [internal function]: CodeIgniter\Debug\Exceptions->shutdownHandler()
INFO - 2024-02-03 12:40:16 --> Session: Class initialized using 'CodeIgniter\Session\Handlers\FileHandler' driver.
CRITICAL - 2024-02-03 12:40:28 --> Cannot redeclare App\Controllers\LabController::submitTests()
in APPPATH\Controllers\LabController.php on line 408.
 1 [internal function]: CodeIgniter\Debug\Exceptions->shutdownHandler()
INFO - 2024-02-03 12:41:26 --> Session: Class initialized using 'CodeIgniter\Session\Handlers\FileHandler' driver.
INFO - 2024-02-03 12:41:29 --> Session: Class initialized using 'CodeIgniter\Session\Handlers\FileHandler' driver.
INFO - 2024-02-03 12:41:38 --> Session: Class initialized using 'CodeIgniter\Session\Handlers\FileHandler' driver.
INFO - 2024-02-03 12:41:39 --> Client ID: 2
INFO - 2024-02-03 12:41:43 --> Client ID: 3
INFO - 2024-02-03 12:41:49 --> Session: Class initialized using 'CodeIgniter\Session\Handlers\FileHandler' driver.
INFO - 2024-02-03 12:51:56 --> Session: Class initialized using 'CodeIgniter\Session\Handlers\FileHandler' driver.
INFO - 2024-02-03 12:51:57 --> Client ID: 3
INFO - 2024-02-03 12:51:59 --> Session: Class initialized using 'CodeIgniter\Session\Handlers\FileHandler' driver.
INFO - 2024-02-03 12:52:01 --> Client ID: 2
INFO - 2024-02-03 12:52:08 --> Session: Class initialized using 'CodeIgniter\Session\Handlers\FileHandler' driver.
INFO - 2024-02-03 12:52:13 --> Session: Class initialized using 'CodeIgniter\Session\Handlers\FileHandler' driver.
INFO - 2024-02-03 12:52:22 --> Session: Class initialized using 'CodeIgniter\Session\Handlers\FileHandler' driver.
INFO - 2024-02-03 12:52:37 --> Session: Class initialized using 'CodeIgniter\Session\Handlers\FileHandler' driver.
INFO - 2024-02-03 12:52:38 --> Session: Class initialized using 'CodeIgniter\Session\Handlers\FileHandler' driver.
INFO - 2024-02-03 12:52:42 --> Session: Class initialized using 'CodeIgniter\Session\Handlers\FileHandler' driver.
INFO - 2024-02-03 12:52:43 --> Client ID: 2
INFO - 2024-02-03 12:52:55 --> Client ID: 3
INFO - 2024-02-03 12:53:00 --> Session: Class initialized using 'CodeIgniter\Session\Handlers\FileHandler' driver.
INFO - 2024-02-03 12:53:06 --> Session: Class initialized using 'CodeIgniter\Session\Handlers\FileHandler' driver.
INFO - 2024-02-03 12:53:06 --> Client ID: 3
INFO - 2024-02-03 12:53:13 --> Session: Class initialized using 'CodeIgniter\Session\Handlers\FileHandler' driver.
INFO - 2024-02-03 12:53:19 --> Session: Class initialized using 'CodeIgniter\Session\Handlers\FileHandler' driver.
INFO - 2024-02-03 12:53:25 --> Session: Class initialized using 'CodeIgniter\Session\Handlers\FileHandler' driver.
INFO - 2024-02-03 12:53:40 --> Session: Class initialized using 'CodeIgniter\Session\Handlers\FileHandler' driver.
INFO - 2024-02-03 12:53:47 --> Session: Class initialized using 'CodeIgniter\Session\Handlers\FileHandler' driver.
INFO - 2024-02-03 12:59:10 --> Session: Class initialized using 'CodeIgniter\Session\Handlers\FileHandler' driver.
INFO - 2024-02-03 13:00:26 --> Session: Class initialized using 'CodeIgniter\Session\Handlers\FileHandler' driver.
INFO - 2024-02-03 13:00:33 --> Session: Class initialized using 'CodeIgniter\Session\Handlers\FileHandler' driver.
INFO - 2024-02-03 13:00:38 --> Session: Class initialized using 'CodeIgniter\Session\Handlers\FileHandler' driver.
INFO - 2024-02-03 13:00:40 --> Client ID: 2
INFO - 2024-02-03 13:00:42 --> Client ID: 3
INFO - 2024-02-03 13:00:48 --> Session: Class initialized using 'CodeIgniter\Session\Handlers\FileHandler' driver.
INFO - 2024-02-03 13:01:26 --> Session: Class initialized using 'CodeIgniter\Session\Handlers\FileHandler' driver.
INFO - 2024-02-03 13:01:27 --> Client ID: 3
INFO - 2024-02-03 13:01:31 --> Client ID: 2
INFO - 2024-02-03 13:01:37 --> Session: Class initialized using 'CodeIgniter\Session\Handlers\FileHandler' driver.
